[2023-03-01 12:39:20,931] {taskinstance.py:877} INFO - Dependencies all met for <TaskInstance: with_python_operator.get_name 2022-11-03T10:05:00+00:00 [queued]>
[2023-03-01 12:39:21,174] {taskinstance.py:877} INFO - Dependencies all met for <TaskInstance: with_python_operator.get_name 2022-11-03T10:05:00+00:00 [queued]>
[2023-03-01 12:39:21,188] {taskinstance.py:1068} INFO - 
--------------------------------------------------------------------------------
[2023-03-01 12:39:21,190] {taskinstance.py:1069} INFO - Starting attempt 1 of 2
[2023-03-01 12:39:21,196] {taskinstance.py:1070} INFO - 
--------------------------------------------------------------------------------
[2023-03-01 12:39:21,498] {taskinstance.py:1089} INFO - Executing <Task(PythonOperator): get_name> on 2022-11-03T10:05:00+00:00
[2023-03-01 12:39:21,530] {standard_task_runner.py:76} INFO - Running: ['airflow', 'tasks', 'run', 'with_python_operator', 'get_name', '2022-11-03T10:05:00+00:00', '--job-id', '2364', '--pool', 'default_pool', '--raw', '--subdir', 'DAGS_FOLDER/02_python_operator.py', '--cfg-path', '/tmp/tmpbg9m92ez', '--error-file', '/tmp/tmptimspsmh']
[2023-03-01 12:39:21,533] {standard_task_runner.py:77} INFO - Job 2364: Subtask get_name
[2023-03-01 12:39:21,521] {standard_task_runner.py:52} INFO - Started process 10289 to run task
[2023-03-01 12:39:22,229] {logging_mixin.py:104} INFO - Running <TaskInstance: with_python_operator.get_name 2022-11-03T10:05:00+00:00 [running]> on host abe4c4997ef7
[2023-03-01 12:39:22,747] {taskinstance.py:1283} INFO - Exporting the following env vars:
AIRFLOW_CTX_DAG_OWNER=dataheroes
AIRFLOW_CTX_DAG_ID=with_python_operator
AIRFLOW_CTX_TASK_ID=get_name
AIRFLOW_CTX_EXECUTION_DATE=2022-11-03T10:05:00+00:00
AIRFLOW_CTX_DAG_RUN_ID=scheduled__2022-11-03T10:05:00+00:00
[2023-03-01 12:39:22,927] {python.py:118} INFO - Done. Returned value was: None
[2023-03-01 12:39:23,095] {taskinstance.py:1192} INFO - Marking task as SUCCESS. dag_id=with_python_operator, task_id=get_name, execution_date=20221103T100500, start_date=20230301T123920, end_date=20230301T123923
[2023-03-01 12:39:23,599] {taskinstance.py:1246} INFO - 1 downstream tasks scheduled from follow-on schedule check
[2023-03-01 12:39:23,748] {local_task_job.py:146} INFO - Task exited with return code 0
