[2023-03-01 12:48:47,418] {taskinstance.py:877} INFO - Dependencies all met for <TaskInstance: with_python_operator.greet 2022-11-13T19:05:00+00:00 [queued]>
[2023-03-01 12:48:47,709] {taskinstance.py:877} INFO - Dependencies all met for <TaskInstance: with_python_operator.greet 2022-11-13T19:05:00+00:00 [queued]>
[2023-03-01 12:48:47,713] {taskinstance.py:1068} INFO - 
--------------------------------------------------------------------------------
[2023-03-01 12:48:47,719] {taskinstance.py:1069} INFO - Starting attempt 1 of 2
[2023-03-01 12:48:47,728] {taskinstance.py:1070} INFO - 
--------------------------------------------------------------------------------
[2023-03-01 12:48:47,847] {taskinstance.py:1089} INFO - Executing <Task(PythonOperator): greet> on 2022-11-13T19:05:00+00:00
[2023-03-01 12:48:47,867] {standard_task_runner.py:52} INFO - Started process 13333 to run task
[2023-03-01 12:48:47,935] {standard_task_runner.py:76} INFO - Running: ['airflow', 'tasks', 'run', 'with_python_operator', 'greet', '2022-11-13T19:05:00+00:00', '--job-id', '3124', '--pool', 'default_pool', '--raw', '--subdir', 'DAGS_FOLDER/02_python_operator.py', '--cfg-path', '/tmp/tmpyc32v746', '--error-file', '/tmp/tmp8h09ic7w']
[2023-03-01 12:48:47,946] {standard_task_runner.py:77} INFO - Job 3124: Subtask greet
[2023-03-01 12:48:48,393] {logging_mixin.py:104} INFO - Running <TaskInstance: with_python_operator.greet 2022-11-13T19:05:00+00:00 [running]> on host abe4c4997ef7
[2023-03-01 12:48:48,981] {taskinstance.py:1283} INFO - Exporting the following env vars:
AIRFLOW_CTX_DAG_OWNER=dataheroes
AIRFLOW_CTX_DAG_ID=with_python_operator
AIRFLOW_CTX_TASK_ID=greet
AIRFLOW_CTX_EXECUTION_DATE=2022-11-13T19:05:00+00:00
AIRFLOW_CTX_DAG_RUN_ID=scheduled__2022-11-13T19:05:00+00:00
[2023-03-01 12:48:48,990] {logging_mixin.py:104} INFO - some dict:  {'a': 1, 'b': 2}
[2023-03-01 12:48:49,170] {logging_mixin.py:104} INFO - Hello World! My name is Reza Primasatya, and I am 17 years old!
[2023-03-01 12:48:49,179] {python.py:118} INFO - Done. Returned value was: None
[2023-03-01 12:48:49,316] {taskinstance.py:1192} INFO - Marking task as SUCCESS. dag_id=with_python_operator, task_id=greet, execution_date=20221113T190500, start_date=20230301T124847, end_date=20230301T124849
[2023-03-01 12:48:49,634] {taskinstance.py:1246} INFO - 0 downstream tasks scheduled from follow-on schedule check
[2023-03-01 12:48:49,744] {local_task_job.py:146} INFO - Task exited with return code 0
