[2023-03-01 13:02:22,871] {taskinstance.py:877} INFO - Dependencies all met for <TaskInstance: with_python_operator.get_name 2022-11-29T16:05:00+00:00 [queued]>
[2023-03-01 13:02:23,131] {taskinstance.py:877} INFO - Dependencies all met for <TaskInstance: with_python_operator.get_name 2022-11-29T16:05:00+00:00 [queued]>
[2023-03-01 13:02:23,151] {taskinstance.py:1068} INFO - 
--------------------------------------------------------------------------------
[2023-03-01 13:02:23,152] {taskinstance.py:1069} INFO - Starting attempt 1 of 2
[2023-03-01 13:02:23,153] {taskinstance.py:1070} INFO - 
--------------------------------------------------------------------------------
[2023-03-01 13:02:23,368] {taskinstance.py:1089} INFO - Executing <Task(PythonOperator): get_name> on 2022-11-29T16:05:00+00:00
[2023-03-01 13:02:23,388] {standard_task_runner.py:52} INFO - Started process 17874 to run task
[2023-03-01 13:02:23,465] {standard_task_runner.py:76} INFO - Running: ['airflow', 'tasks', 'run', 'with_python_operator', 'get_name', '2022-11-29T16:05:00+00:00', '--job-id', '4257', '--pool', 'default_pool', '--raw', '--subdir', 'DAGS_FOLDER/02_python_operator.py', '--cfg-path', '/tmp/tmpp6bxmdp8', '--error-file', '/tmp/tmp8wntehgm']
[2023-03-01 13:02:23,467] {standard_task_runner.py:77} INFO - Job 4257: Subtask get_name
[2023-03-01 13:02:23,987] {logging_mixin.py:104} INFO - Running <TaskInstance: with_python_operator.get_name 2022-11-29T16:05:00+00:00 [running]> on host abe4c4997ef7
[2023-03-01 13:02:24,751] {taskinstance.py:1283} INFO - Exporting the following env vars:
AIRFLOW_CTX_DAG_OWNER=dataheroes
AIRFLOW_CTX_DAG_ID=with_python_operator
AIRFLOW_CTX_TASK_ID=get_name
AIRFLOW_CTX_EXECUTION_DATE=2022-11-29T16:05:00+00:00
AIRFLOW_CTX_DAG_RUN_ID=scheduled__2022-11-29T16:05:00+00:00
[2023-03-01 13:02:24,986] {python.py:118} INFO - Done. Returned value was: None
[2023-03-01 13:02:25,184] {taskinstance.py:1192} INFO - Marking task as SUCCESS. dag_id=with_python_operator, task_id=get_name, execution_date=20221129T160500, start_date=20230301T130222, end_date=20230301T130225
[2023-03-01 13:02:25,671] {taskinstance.py:1246} INFO - 1 downstream tasks scheduled from follow-on schedule check
[2023-03-01 13:02:25,752] {local_task_job.py:146} INFO - Task exited with return code 0
