[2023-03-01 12:56:24,563] {taskinstance.py:877} INFO - Dependencies all met for <TaskInstance: with_python_operator.get_name 2022-11-22T20:05:00+00:00 [queued]>
[2023-03-01 12:56:24,678] {taskinstance.py:877} INFO - Dependencies all met for <TaskInstance: with_python_operator.get_name 2022-11-22T20:05:00+00:00 [queued]>
[2023-03-01 12:56:24,679] {taskinstance.py:1068} INFO - 
--------------------------------------------------------------------------------
[2023-03-01 12:56:24,680] {taskinstance.py:1069} INFO - Starting attempt 1 of 2
[2023-03-01 12:56:24,681] {taskinstance.py:1070} INFO - 
--------------------------------------------------------------------------------
[2023-03-01 12:56:24,748] {taskinstance.py:1089} INFO - Executing <Task(PythonOperator): get_name> on 2022-11-22T20:05:00+00:00
[2023-03-01 12:56:24,862] {standard_task_runner.py:76} INFO - Running: ['airflow', 'tasks', 'run', 'with_python_operator', 'get_name', '2022-11-22T20:05:00+00:00', '--job-id', '3755', '--pool', 'default_pool', '--raw', '--subdir', 'DAGS_FOLDER/02_python_operator.py', '--cfg-path', '/tmp/tmph4bkw9pf', '--error-file', '/tmp/tmp0o5pnstm']
[2023-03-01 12:56:24,875] {standard_task_runner.py:77} INFO - Job 3755: Subtask get_name
[2023-03-01 12:56:24,780] {standard_task_runner.py:52} INFO - Started process 15851 to run task
[2023-03-01 12:56:25,611] {logging_mixin.py:104} INFO - Running <TaskInstance: with_python_operator.get_name 2022-11-22T20:05:00+00:00 [running]> on host abe4c4997ef7
[2023-03-01 12:56:26,080] {taskinstance.py:1283} INFO - Exporting the following env vars:
AIRFLOW_CTX_DAG_OWNER=dataheroes
AIRFLOW_CTX_DAG_ID=with_python_operator
AIRFLOW_CTX_TASK_ID=get_name
AIRFLOW_CTX_EXECUTION_DATE=2022-11-22T20:05:00+00:00
AIRFLOW_CTX_DAG_RUN_ID=scheduled__2022-11-22T20:05:00+00:00
[2023-03-01 12:56:26,345] {python.py:118} INFO - Done. Returned value was: None
[2023-03-01 12:56:26,450] {taskinstance.py:1192} INFO - Marking task as SUCCESS. dag_id=with_python_operator, task_id=get_name, execution_date=20221122T200500, start_date=20230301T125624, end_date=20230301T125626
[2023-03-01 12:56:27,011] {taskinstance.py:1246} INFO - 0 downstream tasks scheduled from follow-on schedule check
[2023-03-01 12:56:27,082] {local_task_job.py:146} INFO - Task exited with return code 0
