[2023-03-01 12:52:13,974] {taskinstance.py:877} INFO - Dependencies all met for <TaskInstance: with_python_operator.get_name 2022-11-17T23:05:00+00:00 [queued]>
[2023-03-01 12:52:14,346] {taskinstance.py:877} INFO - Dependencies all met for <TaskInstance: with_python_operator.get_name 2022-11-17T23:05:00+00:00 [queued]>
[2023-03-01 12:52:14,355] {taskinstance.py:1068} INFO - 
--------------------------------------------------------------------------------
[2023-03-01 12:52:14,359] {taskinstance.py:1069} INFO - Starting attempt 1 of 2
[2023-03-01 12:52:14,363] {taskinstance.py:1070} INFO - 
--------------------------------------------------------------------------------
[2023-03-01 12:52:14,476] {taskinstance.py:1089} INFO - Executing <Task(PythonOperator): get_name> on 2022-11-17T23:05:00+00:00
[2023-03-01 12:52:14,483] {standard_task_runner.py:52} INFO - Started process 14459 to run task
[2023-03-01 12:52:14,556] {standard_task_runner.py:76} INFO - Running: ['airflow', 'tasks', 'run', 'with_python_operator', 'get_name', '2022-11-17T23:05:00+00:00', '--job-id', '3405', '--pool', 'default_pool', '--raw', '--subdir', 'DAGS_FOLDER/02_python_operator.py', '--cfg-path', '/tmp/tmp9303xiyi', '--error-file', '/tmp/tmpwe1f930o']
[2023-03-01 12:52:14,571] {standard_task_runner.py:77} INFO - Job 3405: Subtask get_name
[2023-03-01 12:52:15,280] {logging_mixin.py:104} INFO - Running <TaskInstance: with_python_operator.get_name 2022-11-17T23:05:00+00:00 [running]> on host abe4c4997ef7
[2023-03-01 12:52:15,764] {taskinstance.py:1283} INFO - Exporting the following env vars:
AIRFLOW_CTX_DAG_OWNER=dataheroes
AIRFLOW_CTX_DAG_ID=with_python_operator
AIRFLOW_CTX_TASK_ID=get_name
AIRFLOW_CTX_EXECUTION_DATE=2022-11-17T23:05:00+00:00
AIRFLOW_CTX_DAG_RUN_ID=scheduled__2022-11-17T23:05:00+00:00
[2023-03-01 12:52:15,913] {python.py:118} INFO - Done. Returned value was: None
[2023-03-01 12:52:15,985] {taskinstance.py:1192} INFO - Marking task as SUCCESS. dag_id=with_python_operator, task_id=get_name, execution_date=20221117T230500, start_date=20230301T125214, end_date=20230301T125215
[2023-03-01 12:52:16,410] {taskinstance.py:1246} INFO - 0 downstream tasks scheduled from follow-on schedule check
[2023-03-01 12:52:16,566] {local_task_job.py:146} INFO - Task exited with return code 0
