[2023-03-01 12:24:07,441] {taskinstance.py:877} INFO - Dependencies all met for <TaskInstance: with_python_operator.get_age 2022-10-18T01:05:00+00:00 [queued]>
[2023-03-01 12:24:07,717] {taskinstance.py:877} INFO - Dependencies all met for <TaskInstance: with_python_operator.get_age 2022-10-18T01:05:00+00:00 [queued]>
[2023-03-01 12:24:07,720] {taskinstance.py:1068} INFO - 
--------------------------------------------------------------------------------
[2023-03-01 12:24:07,724] {taskinstance.py:1069} INFO - Starting attempt 1 of 2
[2023-03-01 12:24:07,735] {taskinstance.py:1070} INFO - 
--------------------------------------------------------------------------------
[2023-03-01 12:24:07,981] {taskinstance.py:1089} INFO - Executing <Task(PythonOperator): get_age> on 2022-10-18T01:05:00+00:00
[2023-03-01 12:24:08,061] {standard_task_runner.py:76} INFO - Running: ['airflow', 'tasks', 'run', 'with_python_operator', 'get_age', '2022-10-18T01:05:00+00:00', '--job-id', '1180', '--pool', 'default_pool', '--raw', '--subdir', 'DAGS_FOLDER/02_python_operator.py', '--cfg-path', '/tmp/tmp53wlufeb', '--error-file', '/tmp/tmp1u9uc6pj']
[2023-03-01 12:24:08,076] {standard_task_runner.py:77} INFO - Job 1180: Subtask get_age
[2023-03-01 12:24:08,032] {standard_task_runner.py:52} INFO - Started process 5555 to run task
[2023-03-01 12:24:08,818] {logging_mixin.py:104} INFO - Running <TaskInstance: with_python_operator.get_age 2022-10-18T01:05:00+00:00 [running]> on host abe4c4997ef7
[2023-03-01 12:24:09,405] {taskinstance.py:1283} INFO - Exporting the following env vars:
AIRFLOW_CTX_DAG_OWNER=dataheroes
AIRFLOW_CTX_DAG_ID=with_python_operator
AIRFLOW_CTX_TASK_ID=get_age
AIRFLOW_CTX_EXECUTION_DATE=2022-10-18T01:05:00+00:00
AIRFLOW_CTX_DAG_RUN_ID=scheduled__2022-10-18T01:05:00+00:00
[2023-03-01 12:24:09,477] {python.py:118} INFO - Done. Returned value was: None
[2023-03-01 12:24:09,589] {taskinstance.py:1192} INFO - Marking task as SUCCESS. dag_id=with_python_operator, task_id=get_age, execution_date=20221018T010500, start_date=20230301T122407, end_date=20230301T122409
[2023-03-01 12:24:09,893] {taskinstance.py:1246} INFO - 1 downstream tasks scheduled from follow-on schedule check
[2023-03-01 12:24:09,990] {local_task_job.py:146} INFO - Task exited with return code 0
