[2023-03-01 12:50:01,946] {taskinstance.py:877} INFO - Dependencies all met for <TaskInstance: with_python_operator.get_name 2022-11-15T14:05:00+00:00 [queued]>
[2023-03-01 12:50:02,250] {taskinstance.py:877} INFO - Dependencies all met for <TaskInstance: with_python_operator.get_name 2022-11-15T14:05:00+00:00 [queued]>
[2023-03-01 12:50:02,255] {taskinstance.py:1068} INFO - 
--------------------------------------------------------------------------------
[2023-03-01 12:50:02,256] {taskinstance.py:1069} INFO - Starting attempt 1 of 2
[2023-03-01 12:50:02,263] {taskinstance.py:1070} INFO - 
--------------------------------------------------------------------------------
[2023-03-01 12:50:02,442] {taskinstance.py:1089} INFO - Executing <Task(PythonOperator): get_name> on 2022-11-15T14:05:00+00:00
[2023-03-01 12:50:02,492] {standard_task_runner.py:52} INFO - Started process 13765 to run task
[2023-03-01 12:50:02,553] {standard_task_runner.py:76} INFO - Running: ['airflow', 'tasks', 'run', 'with_python_operator', 'get_name', '2022-11-15T14:05:00+00:00', '--job-id', '3232', '--pool', 'default_pool', '--raw', '--subdir', 'DAGS_FOLDER/02_python_operator.py', '--cfg-path', '/tmp/tmpj104r74m', '--error-file', '/tmp/tmpsjenxzzs']
[2023-03-01 12:50:02,574] {standard_task_runner.py:77} INFO - Job 3232: Subtask get_name
[2023-03-01 12:50:03,294] {logging_mixin.py:104} INFO - Running <TaskInstance: with_python_operator.get_name 2022-11-15T14:05:00+00:00 [running]> on host abe4c4997ef7
[2023-03-01 12:50:03,882] {taskinstance.py:1283} INFO - Exporting the following env vars:
AIRFLOW_CTX_DAG_OWNER=dataheroes
AIRFLOW_CTX_DAG_ID=with_python_operator
AIRFLOW_CTX_TASK_ID=get_name
AIRFLOW_CTX_EXECUTION_DATE=2022-11-15T14:05:00+00:00
AIRFLOW_CTX_DAG_RUN_ID=scheduled__2022-11-15T14:05:00+00:00
[2023-03-01 12:50:04,022] {python.py:118} INFO - Done. Returned value was: None
[2023-03-01 12:50:04,060] {taskinstance.py:1192} INFO - Marking task as SUCCESS. dag_id=with_python_operator, task_id=get_name, execution_date=20221115T140500, start_date=20230301T125002, end_date=20230301T125004
[2023-03-01 12:50:04,450] {taskinstance.py:1246} INFO - 1 downstream tasks scheduled from follow-on schedule check
[2023-03-01 12:50:04,598] {local_task_job.py:146} INFO - Task exited with return code 0
