[2023-03-01 12:37:08,941] {taskinstance.py:877} INFO - Dependencies all met for <TaskInstance: with_python_operator.get_age 2022-10-31T20:05:00+00:00 [queued]>
[2023-03-01 12:37:09,105] {taskinstance.py:877} INFO - Dependencies all met for <TaskInstance: with_python_operator.get_age 2022-10-31T20:05:00+00:00 [queued]>
[2023-03-01 12:37:09,108] {taskinstance.py:1068} INFO - 
--------------------------------------------------------------------------------
[2023-03-01 12:37:09,109] {taskinstance.py:1069} INFO - Starting attempt 1 of 2
[2023-03-01 12:37:09,110] {taskinstance.py:1070} INFO - 
--------------------------------------------------------------------------------
[2023-03-01 12:37:09,164] {taskinstance.py:1089} INFO - Executing <Task(PythonOperator): get_age> on 2022-10-31T20:05:00+00:00
[2023-03-01 12:37:09,171] {standard_task_runner.py:52} INFO - Started process 9543 to run task
[2023-03-01 12:37:09,190] {standard_task_runner.py:76} INFO - Running: ['airflow', 'tasks', 'run', 'with_python_operator', 'get_age', '2022-10-31T20:05:00+00:00', '--job-id', '2179', '--pool', 'default_pool', '--raw', '--subdir', 'DAGS_FOLDER/02_python_operator.py', '--cfg-path', '/tmp/tmplprujzcc', '--error-file', '/tmp/tmpza7t8wrn']
[2023-03-01 12:37:09,192] {standard_task_runner.py:77} INFO - Job 2179: Subtask get_age
[2023-03-01 12:37:09,331] {logging_mixin.py:104} INFO - Running <TaskInstance: with_python_operator.get_age 2022-10-31T20:05:00+00:00 [running]> on host abe4c4997ef7
[2023-03-01 12:37:09,654] {taskinstance.py:1283} INFO - Exporting the following env vars:
AIRFLOW_CTX_DAG_OWNER=dataheroes
AIRFLOW_CTX_DAG_ID=with_python_operator
AIRFLOW_CTX_TASK_ID=get_age
AIRFLOW_CTX_EXECUTION_DATE=2022-10-31T20:05:00+00:00
AIRFLOW_CTX_DAG_RUN_ID=scheduled__2022-10-31T20:05:00+00:00
[2023-03-01 12:37:09,715] {python.py:118} INFO - Done. Returned value was: None
[2023-03-01 12:37:09,773] {taskinstance.py:1192} INFO - Marking task as SUCCESS. dag_id=with_python_operator, task_id=get_age, execution_date=20221031T200500, start_date=20230301T123708, end_date=20230301T123709
[2023-03-01 12:37:10,043] {taskinstance.py:1246} INFO - 0 downstream tasks scheduled from follow-on schedule check
[2023-03-01 12:37:10,135] {local_task_job.py:146} INFO - Task exited with return code 0
