[2023-03-01 12:41:40,607] {taskinstance.py:877} INFO - Dependencies all met for <TaskInstance: with_python_operator.get_age 2022-11-06T06:05:00+00:00 [queued]>
[2023-03-01 12:41:40,915] {taskinstance.py:877} INFO - Dependencies all met for <TaskInstance: with_python_operator.get_age 2022-11-06T06:05:00+00:00 [queued]>
[2023-03-01 12:41:40,920] {taskinstance.py:1068} INFO - 
--------------------------------------------------------------------------------
[2023-03-01 12:41:40,926] {taskinstance.py:1069} INFO - Starting attempt 1 of 2
[2023-03-01 12:41:40,927] {taskinstance.py:1070} INFO - 
--------------------------------------------------------------------------------
[2023-03-01 12:41:41,112] {taskinstance.py:1089} INFO - Executing <Task(PythonOperator): get_age> on 2022-11-06T06:05:00+00:00
[2023-03-01 12:41:41,155] {standard_task_runner.py:52} INFO - Started process 11095 to run task
[2023-03-01 12:41:41,237] {standard_task_runner.py:76} INFO - Running: ['airflow', 'tasks', 'run', 'with_python_operator', 'get_age', '2022-11-06T06:05:00+00:00', '--job-id', '2564', '--pool', 'default_pool', '--raw', '--subdir', 'DAGS_FOLDER/02_python_operator.py', '--cfg-path', '/tmp/tmprqoyow6d', '--error-file', '/tmp/tmpox19csq3']
[2023-03-01 12:41:41,253] {standard_task_runner.py:77} INFO - Job 2564: Subtask get_age
[2023-03-01 12:41:41,963] {logging_mixin.py:104} INFO - Running <TaskInstance: with_python_operator.get_age 2022-11-06T06:05:00+00:00 [running]> on host abe4c4997ef7
[2023-03-01 12:41:42,746] {taskinstance.py:1283} INFO - Exporting the following env vars:
AIRFLOW_CTX_DAG_OWNER=dataheroes
AIRFLOW_CTX_DAG_ID=with_python_operator
AIRFLOW_CTX_TASK_ID=get_age
AIRFLOW_CTX_EXECUTION_DATE=2022-11-06T06:05:00+00:00
AIRFLOW_CTX_DAG_RUN_ID=scheduled__2022-11-06T06:05:00+00:00
[2023-03-01 12:41:42,978] {python.py:118} INFO - Done. Returned value was: None
[2023-03-01 12:41:43,150] {taskinstance.py:1192} INFO - Marking task as SUCCESS. dag_id=with_python_operator, task_id=get_age, execution_date=20221106T060500, start_date=20230301T124140, end_date=20230301T124143
[2023-03-01 12:41:43,618] {taskinstance.py:1246} INFO - 1 downstream tasks scheduled from follow-on schedule check
[2023-03-01 12:41:43,753] {local_task_job.py:146} INFO - Task exited with return code 0
