[2023-03-01 12:33:17,211] {taskinstance.py:877} INFO - Dependencies all met for <TaskInstance: with_python_operator.get_age 2022-10-27T14:05:00+00:00 [queued]>
[2023-03-01 12:33:17,589] {taskinstance.py:877} INFO - Dependencies all met for <TaskInstance: with_python_operator.get_age 2022-10-27T14:05:00+00:00 [queued]>
[2023-03-01 12:33:17,596] {taskinstance.py:1068} INFO - 
--------------------------------------------------------------------------------
[2023-03-01 12:33:17,599] {taskinstance.py:1069} INFO - Starting attempt 1 of 2
[2023-03-01 12:33:17,600] {taskinstance.py:1070} INFO - 
--------------------------------------------------------------------------------
[2023-03-01 12:33:17,814] {taskinstance.py:1089} INFO - Executing <Task(PythonOperator): get_age> on 2022-10-27T14:05:00+00:00
[2023-03-01 12:33:17,871] {standard_task_runner.py:76} INFO - Running: ['airflow', 'tasks', 'run', 'with_python_operator', 'get_age', '2022-10-27T14:05:00+00:00', '--job-id', '1871', '--pool', 'default_pool', '--raw', '--subdir', 'DAGS_FOLDER/02_python_operator.py', '--cfg-path', '/tmp/tmpd4x4f086', '--error-file', '/tmp/tmpi7uy5pxi']
[2023-03-01 12:33:17,878] {standard_task_runner.py:77} INFO - Job 1871: Subtask get_age
[2023-03-01 12:33:17,849] {standard_task_runner.py:52} INFO - Started process 8317 to run task
[2023-03-01 12:33:18,397] {logging_mixin.py:104} INFO - Running <TaskInstance: with_python_operator.get_age 2022-10-27T14:05:00+00:00 [running]> on host abe4c4997ef7
[2023-03-01 12:33:19,043] {taskinstance.py:1283} INFO - Exporting the following env vars:
AIRFLOW_CTX_DAG_OWNER=dataheroes
AIRFLOW_CTX_DAG_ID=with_python_operator
AIRFLOW_CTX_TASK_ID=get_age
AIRFLOW_CTX_EXECUTION_DATE=2022-10-27T14:05:00+00:00
AIRFLOW_CTX_DAG_RUN_ID=scheduled__2022-10-27T14:05:00+00:00
[2023-03-01 12:33:19,426] {python.py:118} INFO - Done. Returned value was: None
[2023-03-01 12:33:19,542] {taskinstance.py:1192} INFO - Marking task as SUCCESS. dag_id=with_python_operator, task_id=get_age, execution_date=20221027T140500, start_date=20230301T123317, end_date=20230301T123319
[2023-03-01 12:33:20,291] {taskinstance.py:1246} INFO - 1 downstream tasks scheduled from follow-on schedule check
[2023-03-01 12:33:20,424] {local_task_job.py:146} INFO - Task exited with return code 0
