[2023-03-01 13:10:27,354] {taskinstance.py:877} INFO - Dependencies all met for <TaskInstance: with_python_operator.greet 2022-12-08T22:05:00+00:00 [queued]>
[2023-03-01 13:10:27,596] {taskinstance.py:877} INFO - Dependencies all met for <TaskInstance: with_python_operator.greet 2022-12-08T22:05:00+00:00 [queued]>
[2023-03-01 13:10:27,598] {taskinstance.py:1068} INFO - 
--------------------------------------------------------------------------------
[2023-03-01 13:10:27,599] {taskinstance.py:1069} INFO - Starting attempt 1 of 2
[2023-03-01 13:10:27,603] {taskinstance.py:1070} INFO - 
--------------------------------------------------------------------------------
[2023-03-01 13:10:27,803] {taskinstance.py:1089} INFO - Executing <Task(PythonOperator): greet> on 2022-12-08T22:05:00+00:00
[2023-03-01 13:10:27,828] {standard_task_runner.py:52} INFO - Started process 20623 to run task
[2023-03-01 13:10:27,900] {standard_task_runner.py:76} INFO - Running: ['airflow', 'tasks', 'run', 'with_python_operator', 'greet', '2022-12-08T22:05:00+00:00', '--job-id', '4942', '--pool', 'default_pool', '--raw', '--subdir', 'DAGS_FOLDER/02_python_operator.py', '--cfg-path', '/tmp/tmp3fcwbj4l', '--error-file', '/tmp/tmp0d_o9iy2']
[2023-03-01 13:10:27,925] {standard_task_runner.py:77} INFO - Job 4942: Subtask greet
[2023-03-01 13:10:28,441] {logging_mixin.py:104} INFO - Running <TaskInstance: with_python_operator.greet 2022-12-08T22:05:00+00:00 [running]> on host abe4c4997ef7
[2023-03-01 13:10:29,031] {taskinstance.py:1283} INFO - Exporting the following env vars:
AIRFLOW_CTX_DAG_OWNER=dataheroes
AIRFLOW_CTX_DAG_ID=with_python_operator
AIRFLOW_CTX_TASK_ID=greet
AIRFLOW_CTX_EXECUTION_DATE=2022-12-08T22:05:00+00:00
AIRFLOW_CTX_DAG_RUN_ID=scheduled__2022-12-08T22:05:00+00:00
[2023-03-01 13:10:29,054] {logging_mixin.py:104} INFO - some dict:  {'a': 1, 'b': 2}
[2023-03-01 13:10:29,343] {logging_mixin.py:104} INFO - Hello World! My name is Reza Primasatya, and I am 17 years old!
[2023-03-01 13:10:29,355] {python.py:118} INFO - Done. Returned value was: None
[2023-03-01 13:10:29,470] {taskinstance.py:1192} INFO - Marking task as SUCCESS. dag_id=with_python_operator, task_id=greet, execution_date=20221208T220500, start_date=20230301T131027, end_date=20230301T131029
[2023-03-01 13:10:30,103] {taskinstance.py:1246} INFO - 0 downstream tasks scheduled from follow-on schedule check
[2023-03-01 13:10:30,242] {local_task_job.py:146} INFO - Task exited with return code 0
