[2023-03-01 13:02:24,413] {taskinstance.py:877} INFO - Dependencies all met for <TaskInstance: with_python_operator.get_name 2022-11-29T17:05:00+00:00 [queued]>
[2023-03-01 13:02:24,666] {taskinstance.py:877} INFO - Dependencies all met for <TaskInstance: with_python_operator.get_name 2022-11-29T17:05:00+00:00 [queued]>
[2023-03-01 13:02:24,668] {taskinstance.py:1068} INFO - 
--------------------------------------------------------------------------------
[2023-03-01 13:02:24,671] {taskinstance.py:1069} INFO - Starting attempt 1 of 2
[2023-03-01 13:02:24,673] {taskinstance.py:1070} INFO - 
--------------------------------------------------------------------------------
[2023-03-01 13:02:24,824] {taskinstance.py:1089} INFO - Executing <Task(PythonOperator): get_name> on 2022-11-29T17:05:00+00:00
[2023-03-01 13:02:24,896] {standard_task_runner.py:76} INFO - Running: ['airflow', 'tasks', 'run', 'with_python_operator', 'get_name', '2022-11-29T17:05:00+00:00', '--job-id', '4259', '--pool', 'default_pool', '--raw', '--subdir', 'DAGS_FOLDER/02_python_operator.py', '--cfg-path', '/tmp/tmpq6tvgmn_', '--error-file', '/tmp/tmpu3a2c_4z']
[2023-03-01 13:02:24,920] {standard_task_runner.py:77} INFO - Job 4259: Subtask get_name
[2023-03-01 13:02:24,850] {standard_task_runner.py:52} INFO - Started process 17882 to run task
[2023-03-01 13:02:25,605] {logging_mixin.py:104} INFO - Running <TaskInstance: with_python_operator.get_name 2022-11-29T17:05:00+00:00 [running]> on host abe4c4997ef7
[2023-03-01 13:02:26,177] {taskinstance.py:1283} INFO - Exporting the following env vars:
AIRFLOW_CTX_DAG_OWNER=dataheroes
AIRFLOW_CTX_DAG_ID=with_python_operator
AIRFLOW_CTX_TASK_ID=get_name
AIRFLOW_CTX_EXECUTION_DATE=2022-11-29T17:05:00+00:00
AIRFLOW_CTX_DAG_RUN_ID=scheduled__2022-11-29T17:05:00+00:00
[2023-03-01 13:02:26,404] {python.py:118} INFO - Done. Returned value was: None
[2023-03-01 13:02:26,574] {taskinstance.py:1192} INFO - Marking task as SUCCESS. dag_id=with_python_operator, task_id=get_name, execution_date=20221129T170500, start_date=20230301T130224, end_date=20230301T130226
[2023-03-01 13:02:27,227] {taskinstance.py:1246} INFO - 0 downstream tasks scheduled from follow-on schedule check
[2023-03-01 13:02:27,387] {local_task_job.py:146} INFO - Task exited with return code 0
