[2023-03-01 12:27:44,549] {taskinstance.py:877} INFO - Dependencies all met for <TaskInstance: with_python_operator.greet 2022-10-21T10:05:00+00:00 [queued]>
[2023-03-01 12:27:44,700] {taskinstance.py:877} INFO - Dependencies all met for <TaskInstance: with_python_operator.greet 2022-10-21T10:05:00+00:00 [queued]>
[2023-03-01 12:27:44,701] {taskinstance.py:1068} INFO - 
--------------------------------------------------------------------------------
[2023-03-01 12:27:44,702] {taskinstance.py:1069} INFO - Starting attempt 1 of 2
[2023-03-01 12:27:44,703] {taskinstance.py:1070} INFO - 
--------------------------------------------------------------------------------
[2023-03-01 12:27:44,856] {taskinstance.py:1089} INFO - Executing <Task(PythonOperator): greet> on 2022-10-21T10:05:00+00:00
[2023-03-01 12:27:44,898] {standard_task_runner.py:76} INFO - Running: ['airflow', 'tasks', 'run', 'with_python_operator', 'greet', '2022-10-21T10:05:00+00:00', '--job-id', '1438', '--pool', 'default_pool', '--raw', '--subdir', 'DAGS_FOLDER/02_python_operator.py', '--cfg-path', '/tmp/tmp_ktklqxh', '--error-file', '/tmp/tmp95rvyd5e']
[2023-03-01 12:27:44,901] {standard_task_runner.py:77} INFO - Job 1438: Subtask greet
[2023-03-01 12:27:44,874] {standard_task_runner.py:52} INFO - Started process 6579 to run task
[2023-03-01 12:27:45,676] {logging_mixin.py:104} INFO - Running <TaskInstance: with_python_operator.greet 2022-10-21T10:05:00+00:00 [running]> on host abe4c4997ef7
[2023-03-01 12:27:46,061] {taskinstance.py:1283} INFO - Exporting the following env vars:
AIRFLOW_CTX_DAG_OWNER=dataheroes
AIRFLOW_CTX_DAG_ID=with_python_operator
AIRFLOW_CTX_TASK_ID=greet
AIRFLOW_CTX_EXECUTION_DATE=2022-10-21T10:05:00+00:00
AIRFLOW_CTX_DAG_RUN_ID=scheduled__2022-10-21T10:05:00+00:00
[2023-03-01 12:27:46,066] {logging_mixin.py:104} INFO - some dict:  {'a': 1, 'b': 2}
[2023-03-01 12:27:46,229] {logging_mixin.py:104} INFO - Hello World! My name is Reza Primasatya, and I am 17 years old!
[2023-03-01 12:27:46,235] {python.py:118} INFO - Done. Returned value was: None
[2023-03-01 12:27:46,334] {taskinstance.py:1192} INFO - Marking task as SUCCESS. dag_id=with_python_operator, task_id=greet, execution_date=20221021T100500, start_date=20230301T122744, end_date=20230301T122746
[2023-03-01 12:27:46,496] {taskinstance.py:1246} INFO - 0 downstream tasks scheduled from follow-on schedule check
[2023-03-01 12:27:46,571] {local_task_job.py:146} INFO - Task exited with return code 0
