[2023-03-01 12:58:00,935] {taskinstance.py:877} INFO - Dependencies all met for <TaskInstance: with_python_operator.get_name 2022-11-24T16:05:00+00:00 [queued]>
[2023-03-01 12:58:01,152] {taskinstance.py:877} INFO - Dependencies all met for <TaskInstance: with_python_operator.get_name 2022-11-24T16:05:00+00:00 [queued]>
[2023-03-01 12:58:01,162] {taskinstance.py:1068} INFO - 
--------------------------------------------------------------------------------
[2023-03-01 12:58:01,176] {taskinstance.py:1069} INFO - Starting attempt 1 of 2
[2023-03-01 12:58:01,178] {taskinstance.py:1070} INFO - 
--------------------------------------------------------------------------------
[2023-03-01 12:58:01,356] {taskinstance.py:1089} INFO - Executing <Task(PythonOperator): get_name> on 2022-11-24T16:05:00+00:00
[2023-03-01 12:58:01,381] {standard_task_runner.py:52} INFO - Started process 16407 to run task
[2023-03-01 12:58:01,496] {standard_task_runner.py:76} INFO - Running: ['airflow', 'tasks', 'run', 'with_python_operator', 'get_name', '2022-11-24T16:05:00+00:00', '--job-id', '3894', '--pool', 'default_pool', '--raw', '--subdir', 'DAGS_FOLDER/02_python_operator.py', '--cfg-path', '/tmp/tmpzroz2x5w', '--error-file', '/tmp/tmp4gjado8i']
[2023-03-01 12:58:01,515] {standard_task_runner.py:77} INFO - Job 3894: Subtask get_name
[2023-03-01 12:58:02,110] {logging_mixin.py:104} INFO - Running <TaskInstance: with_python_operator.get_name 2022-11-24T16:05:00+00:00 [running]> on host abe4c4997ef7
[2023-03-01 12:58:02,633] {taskinstance.py:1283} INFO - Exporting the following env vars:
AIRFLOW_CTX_DAG_OWNER=dataheroes
AIRFLOW_CTX_DAG_ID=with_python_operator
AIRFLOW_CTX_TASK_ID=get_name
AIRFLOW_CTX_EXECUTION_DATE=2022-11-24T16:05:00+00:00
AIRFLOW_CTX_DAG_RUN_ID=scheduled__2022-11-24T16:05:00+00:00
[2023-03-01 12:58:02,808] {python.py:118} INFO - Done. Returned value was: None
[2023-03-01 12:58:02,928] {taskinstance.py:1192} INFO - Marking task as SUCCESS. dag_id=with_python_operator, task_id=get_name, execution_date=20221124T160500, start_date=20230301T125800, end_date=20230301T125802
[2023-03-01 12:58:03,502] {taskinstance.py:1246} INFO - 0 downstream tasks scheduled from follow-on schedule check
[2023-03-01 12:58:03,581] {local_task_job.py:146} INFO - Task exited with return code 0
