[2023-03-01 12:25:10,287] {taskinstance.py:877} INFO - Dependencies all met for <TaskInstance: with_python_operator.get_name 2022-10-19T03:05:00+00:00 [queued]>
[2023-03-01 12:25:10,583] {taskinstance.py:877} INFO - Dependencies all met for <TaskInstance: with_python_operator.get_name 2022-10-19T03:05:00+00:00 [queued]>
[2023-03-01 12:25:10,587] {taskinstance.py:1068} INFO - 
--------------------------------------------------------------------------------
[2023-03-01 12:25:10,594] {taskinstance.py:1069} INFO - Starting attempt 1 of 2
[2023-03-01 12:25:10,601] {taskinstance.py:1070} INFO - 
--------------------------------------------------------------------------------
[2023-03-01 12:25:10,841] {taskinstance.py:1089} INFO - Executing <Task(PythonOperator): get_name> on 2022-10-19T03:05:00+00:00
[2023-03-01 12:25:10,862] {standard_task_runner.py:52} INFO - Started process 5875 to run task
[2023-03-01 12:25:10,942] {standard_task_runner.py:76} INFO - Running: ['airflow', 'tasks', 'run', 'with_python_operator', 'get_name', '2022-10-19T03:05:00+00:00', '--job-id', '1259', '--pool', 'default_pool', '--raw', '--subdir', 'DAGS_FOLDER/02_python_operator.py', '--cfg-path', '/tmp/tmp7is37s3t', '--error-file', '/tmp/tmpzmmbl0c3']
[2023-03-01 12:25:10,947] {standard_task_runner.py:77} INFO - Job 1259: Subtask get_name
[2023-03-01 12:25:11,468] {logging_mixin.py:104} INFO - Running <TaskInstance: with_python_operator.get_name 2022-10-19T03:05:00+00:00 [running]> on host abe4c4997ef7
[2023-03-01 12:25:11,898] {taskinstance.py:1283} INFO - Exporting the following env vars:
AIRFLOW_CTX_DAG_OWNER=dataheroes
AIRFLOW_CTX_DAG_ID=with_python_operator
AIRFLOW_CTX_TASK_ID=get_name
AIRFLOW_CTX_EXECUTION_DATE=2022-10-19T03:05:00+00:00
AIRFLOW_CTX_DAG_RUN_ID=scheduled__2022-10-19T03:05:00+00:00
[2023-03-01 12:25:12,091] {python.py:118} INFO - Done. Returned value was: None
[2023-03-01 12:25:12,198] {taskinstance.py:1192} INFO - Marking task as SUCCESS. dag_id=with_python_operator, task_id=get_name, execution_date=20221019T030500, start_date=20230301T122510, end_date=20230301T122512
[2023-03-01 12:25:12,566] {taskinstance.py:1246} INFO - 1 downstream tasks scheduled from follow-on schedule check
[2023-03-01 12:25:12,656] {local_task_job.py:146} INFO - Task exited with return code 0
