[2023-03-01 07:20:36,497] {taskinstance.py:877} INFO - Dependencies all met for <TaskInstance: docker_operator_dag.print_current_date 2023-03-01T07:16:38.664796+00:00 [queued]>
[2023-03-01 07:20:36,528] {taskinstance.py:877} INFO - Dependencies all met for <TaskInstance: docker_operator_dag.print_current_date 2023-03-01T07:16:38.664796+00:00 [queued]>
[2023-03-01 07:20:36,529] {taskinstance.py:1068} INFO - 
--------------------------------------------------------------------------------
[2023-03-01 07:20:36,530] {taskinstance.py:1069} INFO - Starting attempt 1 of 2
[2023-03-01 07:20:36,531] {taskinstance.py:1070} INFO - 
--------------------------------------------------------------------------------
[2023-03-01 07:20:36,563] {taskinstance.py:1089} INFO - Executing <Task(BashOperator): print_current_date> on 2023-03-01T07:16:38.664796+00:00
[2023-03-01 07:20:36,569] {standard_task_runner.py:52} INFO - Started process 106 to run task
[2023-03-01 07:20:36,581] {standard_task_runner.py:76} INFO - Running: ['airflow', 'tasks', 'run', 'docker_operator_dag', 'print_current_date', '2023-03-01T07:16:38.664796+00:00', '--job-id', '3', '--pool', 'default_pool', '--raw', '--subdir', 'DAGS_FOLDER/helloairflow/hello.py', '--cfg-path', '/tmp/tmpsmldgo57', '--error-file', '/tmp/tmpyznoqyj2']
[2023-03-01 07:20:36,583] {standard_task_runner.py:77} INFO - Job 3: Subtask print_current_date
[2023-03-01 07:20:36,716] {logging_mixin.py:104} INFO - Running <TaskInstance: docker_operator_dag.print_current_date 2023-03-01T07:16:38.664796+00:00 [running]> on host dc56e153d71f
[2023-03-01 07:20:36,819] {taskinstance.py:1283} INFO - Exporting the following env vars:
AIRFLOW_CTX_DAG_OWNER=Nama Masing Masing
AIRFLOW_CTX_DAG_ID=docker_operator_dag
AIRFLOW_CTX_TASK_ID=print_current_date
AIRFLOW_CTX_EXECUTION_DATE=2023-03-01T07:16:38.664796+00:00
AIRFLOW_CTX_DAG_RUN_ID=manual__2023-03-01T07:16:38.664796+00:00
[2023-03-01 07:20:36,821] {bash.py:135} INFO - Tmp dir root location: 
 /tmp
[2023-03-01 07:20:36,824] {bash.py:158} INFO - Running command: date
[2023-03-01 07:20:36,850] {bash.py:169} INFO - Output:
[2023-03-01 07:20:36,920] {bash.py:173} INFO - Wed Mar  1 07:20:36 UTC 2023
[2023-03-01 07:20:36,922] {bash.py:177} INFO - Command exited with return code 0
[2023-03-01 07:20:36,988] {taskinstance.py:1192} INFO - Marking task as SUCCESS. dag_id=docker_operator_dag, task_id=print_current_date, execution_date=20230301T071638, start_date=20230301T072036, end_date=20230301T072036
[2023-03-01 07:20:37,102] {taskinstance.py:1246} INFO - 2 downstream tasks scheduled from follow-on schedule check
[2023-03-01 07:20:37,167] {local_task_job.py:146} INFO - Task exited with return code 0
