[2023-03-01 12:58:31,400] {taskinstance.py:877} INFO - Dependencies all met for <TaskInstance: with_python_operator.greet 2022-11-25T07:05:00+00:00 [queued]>
[2023-03-01 12:58:31,462] {taskinstance.py:877} INFO - Dependencies all met for <TaskInstance: with_python_operator.greet 2022-11-25T07:05:00+00:00 [queued]>
[2023-03-01 12:58:31,468] {taskinstance.py:1068} INFO - 
--------------------------------------------------------------------------------
[2023-03-01 12:58:31,469] {taskinstance.py:1069} INFO - Starting attempt 1 of 2
[2023-03-01 12:58:31,470] {taskinstance.py:1070} INFO - 
--------------------------------------------------------------------------------
[2023-03-01 12:58:31,533] {taskinstance.py:1089} INFO - Executing <Task(PythonOperator): greet> on 2022-11-25T07:05:00+00:00
[2023-03-01 12:58:31,540] {standard_task_runner.py:52} INFO - Started process 16599 to run task
[2023-03-01 12:58:31,565] {standard_task_runner.py:76} INFO - Running: ['airflow', 'tasks', 'run', 'with_python_operator', 'greet', '2022-11-25T07:05:00+00:00', '--job-id', '3946', '--pool', 'default_pool', '--raw', '--subdir', 'DAGS_FOLDER/02_python_operator.py', '--cfg-path', '/tmp/tmpiu184tak', '--error-file', '/tmp/tmptmeg015q']
[2023-03-01 12:58:31,569] {standard_task_runner.py:77} INFO - Job 3946: Subtask greet
[2023-03-01 12:58:31,815] {logging_mixin.py:104} INFO - Running <TaskInstance: with_python_operator.greet 2022-11-25T07:05:00+00:00 [running]> on host abe4c4997ef7
[2023-03-01 12:58:31,964] {taskinstance.py:1283} INFO - Exporting the following env vars:
AIRFLOW_CTX_DAG_OWNER=dataheroes
AIRFLOW_CTX_DAG_ID=with_python_operator
AIRFLOW_CTX_TASK_ID=greet
AIRFLOW_CTX_EXECUTION_DATE=2022-11-25T07:05:00+00:00
AIRFLOW_CTX_DAG_RUN_ID=scheduled__2022-11-25T07:05:00+00:00
[2023-03-01 12:58:31,968] {logging_mixin.py:104} INFO - some dict:  {'a': 1, 'b': 2}
[2023-03-01 12:58:32,025] {logging_mixin.py:104} INFO - Hello World! My name is Reza Primasatya, and I am 17 years old!
[2023-03-01 12:58:32,027] {python.py:118} INFO - Done. Returned value was: None
[2023-03-01 12:58:32,060] {taskinstance.py:1192} INFO - Marking task as SUCCESS. dag_id=with_python_operator, task_id=greet, execution_date=20221125T070500, start_date=20230301T125831, end_date=20230301T125832
[2023-03-01 12:58:32,130] {taskinstance.py:1246} INFO - 0 downstream tasks scheduled from follow-on schedule check
[2023-03-01 12:58:32,150] {local_task_job.py:146} INFO - Task exited with return code 0
