[2023-03-01 12:47:00,861] {taskinstance.py:877} INFO - Dependencies all met for <TaskInstance: with_python_operator.get_name 2022-11-12T06:05:00+00:00 [queued]>
[2023-03-01 12:47:01,031] {taskinstance.py:877} INFO - Dependencies all met for <TaskInstance: with_python_operator.get_name 2022-11-12T06:05:00+00:00 [queued]>
[2023-03-01 12:47:01,036] {taskinstance.py:1068} INFO - 
--------------------------------------------------------------------------------
[2023-03-01 12:47:01,037] {taskinstance.py:1069} INFO - Starting attempt 1 of 2
[2023-03-01 12:47:01,038] {taskinstance.py:1070} INFO - 
--------------------------------------------------------------------------------
[2023-03-01 12:47:01,166] {taskinstance.py:1089} INFO - Executing <Task(PythonOperator): get_name> on 2022-11-12T06:05:00+00:00
[2023-03-01 12:47:01,189] {standard_task_runner.py:52} INFO - Started process 12789 to run task
[2023-03-01 12:47:01,287] {standard_task_runner.py:76} INFO - Running: ['airflow', 'tasks', 'run', 'with_python_operator', 'get_name', '2022-11-12T06:05:00+00:00', '--job-id', '2989', '--pool', 'default_pool', '--raw', '--subdir', 'DAGS_FOLDER/02_python_operator.py', '--cfg-path', '/tmp/tmpw51x90vw', '--error-file', '/tmp/tmpsi2k9x9i']
[2023-03-01 12:47:01,294] {standard_task_runner.py:77} INFO - Job 2989: Subtask get_name
[2023-03-01 12:47:01,761] {logging_mixin.py:104} INFO - Running <TaskInstance: with_python_operator.get_name 2022-11-12T06:05:00+00:00 [running]> on host abe4c4997ef7
[2023-03-01 12:47:02,332] {taskinstance.py:1283} INFO - Exporting the following env vars:
AIRFLOW_CTX_DAG_OWNER=dataheroes
AIRFLOW_CTX_DAG_ID=with_python_operator
AIRFLOW_CTX_TASK_ID=get_name
AIRFLOW_CTX_EXECUTION_DATE=2022-11-12T06:05:00+00:00
AIRFLOW_CTX_DAG_RUN_ID=scheduled__2022-11-12T06:05:00+00:00
[2023-03-01 12:47:02,623] {python.py:118} INFO - Done. Returned value was: None
[2023-03-01 12:47:02,756] {taskinstance.py:1192} INFO - Marking task as SUCCESS. dag_id=with_python_operator, task_id=get_name, execution_date=20221112T060500, start_date=20230301T124700, end_date=20230301T124702
[2023-03-01 12:47:03,287] {taskinstance.py:1246} INFO - 0 downstream tasks scheduled from follow-on schedule check
[2023-03-01 12:47:03,419] {local_task_job.py:146} INFO - Task exited with return code 0
