[2023-03-01 13:06:33,830] {taskinstance.py:877} INFO - Dependencies all met for <TaskInstance: with_python_operator.greet 2022-12-04T18:05:00+00:00 [queued]>
[2023-03-01 13:06:34,343] {taskinstance.py:877} INFO - Dependencies all met for <TaskInstance: with_python_operator.greet 2022-12-04T18:05:00+00:00 [queued]>
[2023-03-01 13:06:34,349] {taskinstance.py:1068} INFO - 
--------------------------------------------------------------------------------
[2023-03-01 13:06:34,351] {taskinstance.py:1069} INFO - Starting attempt 1 of 2
[2023-03-01 13:06:34,360] {taskinstance.py:1070} INFO - 
--------------------------------------------------------------------------------
[2023-03-01 13:06:34,679] {taskinstance.py:1089} INFO - Executing <Task(PythonOperator): greet> on 2022-12-04T18:05:00+00:00
[2023-03-01 13:06:34,727] {standard_task_runner.py:52} INFO - Started process 19453 to run task
[2023-03-01 13:06:34,822] {standard_task_runner.py:76} INFO - Running: ['airflow', 'tasks', 'run', 'with_python_operator', 'greet', '2022-12-04T18:05:00+00:00', '--job-id', '4650', '--pool', 'default_pool', '--raw', '--subdir', 'DAGS_FOLDER/02_python_operator.py', '--cfg-path', '/tmp/tmpxkf0vjwt', '--error-file', '/tmp/tmpctp6jw8r']
[2023-03-01 13:06:34,833] {standard_task_runner.py:77} INFO - Job 4650: Subtask greet
[2023-03-01 13:06:35,562] {logging_mixin.py:104} INFO - Running <TaskInstance: with_python_operator.greet 2022-12-04T18:05:00+00:00 [running]> on host abe4c4997ef7
[2023-03-01 13:06:35,906] {taskinstance.py:1283} INFO - Exporting the following env vars:
AIRFLOW_CTX_DAG_OWNER=dataheroes
AIRFLOW_CTX_DAG_ID=with_python_operator
AIRFLOW_CTX_TASK_ID=greet
AIRFLOW_CTX_EXECUTION_DATE=2022-12-04T18:05:00+00:00
AIRFLOW_CTX_DAG_RUN_ID=scheduled__2022-12-04T18:05:00+00:00
[2023-03-01 13:06:35,911] {logging_mixin.py:104} INFO - some dict:  {'a': 1, 'b': 2}
[2023-03-01 13:06:36,083] {logging_mixin.py:104} INFO - Hello World! My name is Reza Primasatya, and I am 17 years old!
[2023-03-01 13:06:36,091] {python.py:118} INFO - Done. Returned value was: None
[2023-03-01 13:06:36,216] {taskinstance.py:1192} INFO - Marking task as SUCCESS. dag_id=with_python_operator, task_id=greet, execution_date=20221204T180500, start_date=20230301T130634, end_date=20230301T130636
[2023-03-01 13:06:36,953] {taskinstance.py:1246} INFO - 0 downstream tasks scheduled from follow-on schedule check
[2023-03-01 13:06:37,050] {local_task_job.py:146} INFO - Task exited with return code 0
