[2023-03-01 13:11:49,424] {taskinstance.py:877} INFO - Dependencies all met for <TaskInstance: with_python_operator.get_age 2022-12-10T21:05:00+00:00 [queued]>
[2023-03-01 13:11:49,593] {taskinstance.py:877} INFO - Dependencies all met for <TaskInstance: with_python_operator.get_age 2022-12-10T21:05:00+00:00 [queued]>
[2023-03-01 13:11:49,597] {taskinstance.py:1068} INFO - 
--------------------------------------------------------------------------------
[2023-03-01 13:11:49,601] {taskinstance.py:1069} INFO - Starting attempt 1 of 2
[2023-03-01 13:11:49,603] {taskinstance.py:1070} INFO - 
--------------------------------------------------------------------------------
[2023-03-01 13:11:49,750] {taskinstance.py:1089} INFO - Executing <Task(PythonOperator): get_age> on 2022-12-10T21:05:00+00:00
[2023-03-01 13:11:49,825] {standard_task_runner.py:76} INFO - Running: ['airflow', 'tasks', 'run', 'with_python_operator', 'get_age', '2022-12-10T21:05:00+00:00', '--job-id', '5061', '--pool', 'default_pool', '--raw', '--subdir', 'DAGS_FOLDER/02_python_operator.py', '--cfg-path', '/tmp/tmpd3noxdi3', '--error-file', '/tmp/tmp44adgb4j']
[2023-03-01 13:11:49,845] {standard_task_runner.py:77} INFO - Job 5061: Subtask get_age
[2023-03-01 13:11:49,816] {standard_task_runner.py:52} INFO - Started process 21093 to run task
[2023-03-01 13:11:50,131] {logging_mixin.py:104} INFO - Running <TaskInstance: with_python_operator.get_age 2022-12-10T21:05:00+00:00 [running]> on host abe4c4997ef7
[2023-03-01 13:11:50,685] {taskinstance.py:1283} INFO - Exporting the following env vars:
AIRFLOW_CTX_DAG_OWNER=dataheroes
AIRFLOW_CTX_DAG_ID=with_python_operator
AIRFLOW_CTX_TASK_ID=get_age
AIRFLOW_CTX_EXECUTION_DATE=2022-12-10T21:05:00+00:00
AIRFLOW_CTX_DAG_RUN_ID=scheduled__2022-12-10T21:05:00+00:00
[2023-03-01 13:11:50,769] {python.py:118} INFO - Done. Returned value was: None
[2023-03-01 13:11:50,834] {taskinstance.py:1192} INFO - Marking task as SUCCESS. dag_id=with_python_operator, task_id=get_age, execution_date=20221210T210500, start_date=20230301T131149, end_date=20230301T131150
[2023-03-01 13:11:51,165] {taskinstance.py:1246} INFO - 1 downstream tasks scheduled from follow-on schedule check
[2023-03-01 13:11:51,276] {local_task_job.py:146} INFO - Task exited with return code 0
