[2023-03-01 12:33:24,649] {taskinstance.py:877} INFO - Dependencies all met for <TaskInstance: with_python_operator.get_name 2022-10-27T18:05:00+00:00 [queued]>
[2023-03-01 12:33:24,842] {taskinstance.py:877} INFO - Dependencies all met for <TaskInstance: with_python_operator.get_name 2022-10-27T18:05:00+00:00 [queued]>
[2023-03-01 12:33:24,844] {taskinstance.py:1068} INFO - 
--------------------------------------------------------------------------------
[2023-03-01 12:33:24,845] {taskinstance.py:1069} INFO - Starting attempt 1 of 2
[2023-03-01 12:33:24,846] {taskinstance.py:1070} INFO - 
--------------------------------------------------------------------------------
[2023-03-01 12:33:25,044] {taskinstance.py:1089} INFO - Executing <Task(PythonOperator): get_name> on 2022-10-27T18:05:00+00:00
[2023-03-01 12:33:25,074] {standard_task_runner.py:52} INFO - Started process 8355 to run task
[2023-03-01 12:33:25,166] {standard_task_runner.py:76} INFO - Running: ['airflow', 'tasks', 'run', 'with_python_operator', 'get_name', '2022-10-27T18:05:00+00:00', '--job-id', '1880', '--pool', 'default_pool', '--raw', '--subdir', 'DAGS_FOLDER/02_python_operator.py', '--cfg-path', '/tmp/tmpa33ri3d0', '--error-file', '/tmp/tmp9vwhuwrf']
[2023-03-01 12:33:25,186] {standard_task_runner.py:77} INFO - Job 1880: Subtask get_name
[2023-03-01 12:33:26,611] {logging_mixin.py:104} INFO - Running <TaskInstance: with_python_operator.get_name 2022-10-27T18:05:00+00:00 [running]> on host abe4c4997ef7
[2023-03-01 12:33:27,547] {taskinstance.py:1283} INFO - Exporting the following env vars:
AIRFLOW_CTX_DAG_OWNER=dataheroes
AIRFLOW_CTX_DAG_ID=with_python_operator
AIRFLOW_CTX_TASK_ID=get_name
AIRFLOW_CTX_EXECUTION_DATE=2022-10-27T18:05:00+00:00
AIRFLOW_CTX_DAG_RUN_ID=scheduled__2022-10-27T18:05:00+00:00
[2023-03-01 12:33:27,696] {python.py:118} INFO - Done. Returned value was: None
[2023-03-01 12:33:27,850] {taskinstance.py:1192} INFO - Marking task as SUCCESS. dag_id=with_python_operator, task_id=get_name, execution_date=20221027T180500, start_date=20230301T123324, end_date=20230301T123327
[2023-03-01 12:33:28,740] {taskinstance.py:1246} INFO - 0 downstream tasks scheduled from follow-on schedule check
[2023-03-01 12:33:28,853] {local_task_job.py:146} INFO - Task exited with return code 0
