[2023-03-01 13:10:39,535] {taskinstance.py:877} INFO - Dependencies all met for <TaskInstance: with_python_operator.greet 2022-12-09T03:05:00+00:00 [queued]>
[2023-03-01 13:10:39,778] {taskinstance.py:877} INFO - Dependencies all met for <TaskInstance: with_python_operator.greet 2022-12-09T03:05:00+00:00 [queued]>
[2023-03-01 13:10:39,781] {taskinstance.py:1068} INFO - 
--------------------------------------------------------------------------------
[2023-03-01 13:10:39,782] {taskinstance.py:1069} INFO - Starting attempt 1 of 2
[2023-03-01 13:10:39,789] {taskinstance.py:1070} INFO - 
--------------------------------------------------------------------------------
[2023-03-01 13:10:40,026] {taskinstance.py:1089} INFO - Executing <Task(PythonOperator): greet> on 2022-12-09T03:05:00+00:00
[2023-03-01 13:10:40,057] {standard_task_runner.py:52} INFO - Started process 20703 to run task
[2023-03-01 13:10:40,186] {standard_task_runner.py:76} INFO - Running: ['airflow', 'tasks', 'run', 'with_python_operator', 'greet', '2022-12-09T03:05:00+00:00', '--job-id', '4962', '--pool', 'default_pool', '--raw', '--subdir', 'DAGS_FOLDER/02_python_operator.py', '--cfg-path', '/tmp/tmpl29tfrpw', '--error-file', '/tmp/tmpyz8jglhq']
[2023-03-01 13:10:40,200] {standard_task_runner.py:77} INFO - Job 4962: Subtask greet
[2023-03-01 13:10:41,260] {logging_mixin.py:104} INFO - Running <TaskInstance: with_python_operator.greet 2022-12-09T03:05:00+00:00 [running]> on host abe4c4997ef7
[2023-03-01 13:10:42,122] {taskinstance.py:1283} INFO - Exporting the following env vars:
AIRFLOW_CTX_DAG_OWNER=dataheroes
AIRFLOW_CTX_DAG_ID=with_python_operator
AIRFLOW_CTX_TASK_ID=greet
AIRFLOW_CTX_EXECUTION_DATE=2022-12-09T03:05:00+00:00
AIRFLOW_CTX_DAG_RUN_ID=scheduled__2022-12-09T03:05:00+00:00
[2023-03-01 13:10:42,146] {logging_mixin.py:104} INFO - some dict:  {'a': 1, 'b': 2}
[2023-03-01 13:10:42,326] {logging_mixin.py:104} INFO - Hello World! My name is Reza Primasatya, and I am 17 years old!
[2023-03-01 13:10:42,331] {python.py:118} INFO - Done. Returned value was: None
[2023-03-01 13:10:42,492] {taskinstance.py:1192} INFO - Marking task as SUCCESS. dag_id=with_python_operator, task_id=greet, execution_date=20221209T030500, start_date=20230301T131039, end_date=20230301T131042
[2023-03-01 13:10:42,947] {taskinstance.py:1246} INFO - 0 downstream tasks scheduled from follow-on schedule check
[2023-03-01 13:10:43,170] {local_task_job.py:146} INFO - Task exited with return code 0
