[2023-03-01 12:18:05,486] {taskinstance.py:877} INFO - Dependencies all met for <TaskInstance: with_python_operator.greet 2022-10-11T10:05:00+00:00 [queued]>
[2023-03-01 12:18:05,636] {taskinstance.py:877} INFO - Dependencies all met for <TaskInstance: with_python_operator.greet 2022-10-11T10:05:00+00:00 [queued]>
[2023-03-01 12:18:05,637] {taskinstance.py:1068} INFO - 
--------------------------------------------------------------------------------
[2023-03-01 12:18:05,637] {taskinstance.py:1069} INFO - Starting attempt 1 of 2
[2023-03-01 12:18:05,638] {taskinstance.py:1070} INFO - 
--------------------------------------------------------------------------------
[2023-03-01 12:18:05,696] {taskinstance.py:1089} INFO - Executing <Task(PythonOperator): greet> on 2022-10-11T10:05:00+00:00
[2023-03-01 12:18:05,702] {standard_task_runner.py:52} INFO - Started process 3749 to run task
[2023-03-01 12:18:05,749] {standard_task_runner.py:76} INFO - Running: ['airflow', 'tasks', 'run', 'with_python_operator', 'greet', '2022-10-11T10:05:00+00:00', '--job-id', '730', '--pool', 'default_pool', '--raw', '--subdir', 'DAGS_FOLDER/02_python_operator.py', '--cfg-path', '/tmp/tmp8ricyiyy', '--error-file', '/tmp/tmpnsk1amhe']
[2023-03-01 12:18:05,759] {standard_task_runner.py:77} INFO - Job 730: Subtask greet
[2023-03-01 12:18:06,356] {logging_mixin.py:104} INFO - Running <TaskInstance: with_python_operator.greet 2022-10-11T10:05:00+00:00 [running]> on host abe4c4997ef7
[2023-03-01 12:18:06,644] {taskinstance.py:1283} INFO - Exporting the following env vars:
AIRFLOW_CTX_DAG_OWNER=dataheroes
AIRFLOW_CTX_DAG_ID=with_python_operator
AIRFLOW_CTX_TASK_ID=greet
AIRFLOW_CTX_EXECUTION_DATE=2022-10-11T10:05:00+00:00
AIRFLOW_CTX_DAG_RUN_ID=scheduled__2022-10-11T10:05:00+00:00
[2023-03-01 12:18:06,656] {logging_mixin.py:104} INFO - some dict:  {'a': 1, 'b': 2}
[2023-03-01 12:18:06,814] {logging_mixin.py:104} INFO - Hello World! My name is Reza Primasatya, and I am 17 years old!
[2023-03-01 12:18:06,815] {python.py:118} INFO - Done. Returned value was: None
[2023-03-01 12:18:06,887] {taskinstance.py:1192} INFO - Marking task as SUCCESS. dag_id=with_python_operator, task_id=greet, execution_date=20221011T100500, start_date=20230301T121805, end_date=20230301T121806
[2023-03-01 12:18:07,053] {taskinstance.py:1246} INFO - 0 downstream tasks scheduled from follow-on schedule check
[2023-03-01 12:18:07,114] {local_task_job.py:146} INFO - Task exited with return code 0
