[2023-03-01 12:19:47,840] {taskinstance.py:877} INFO - Dependencies all met for <TaskInstance: with_python_operator.get_age 2022-10-13T14:05:00+00:00 [queued]>
[2023-03-01 12:19:48,054] {taskinstance.py:877} INFO - Dependencies all met for <TaskInstance: with_python_operator.get_age 2022-10-13T14:05:00+00:00 [queued]>
[2023-03-01 12:19:48,060] {taskinstance.py:1068} INFO - 
--------------------------------------------------------------------------------
[2023-03-01 12:19:48,063] {taskinstance.py:1069} INFO - Starting attempt 1 of 2
[2023-03-01 12:19:48,065] {taskinstance.py:1070} INFO - 
--------------------------------------------------------------------------------
[2023-03-01 12:19:48,202] {taskinstance.py:1089} INFO - Executing <Task(PythonOperator): get_age> on 2022-10-13T14:05:00+00:00
[2023-03-01 12:19:48,236] {standard_task_runner.py:52} INFO - Started process 4277 to run task
[2023-03-01 12:19:48,335] {standard_task_runner.py:76} INFO - Running: ['airflow', 'tasks', 'run', 'with_python_operator', 'get_age', '2022-10-13T14:05:00+00:00', '--job-id', '861', '--pool', 'default_pool', '--raw', '--subdir', 'DAGS_FOLDER/02_python_operator.py', '--cfg-path', '/tmp/tmpdat_f5m3', '--error-file', '/tmp/tmp58ecp2w2']
[2023-03-01 12:19:48,368] {standard_task_runner.py:77} INFO - Job 861: Subtask get_age
[2023-03-01 12:19:48,969] {logging_mixin.py:104} INFO - Running <TaskInstance: with_python_operator.get_age 2022-10-13T14:05:00+00:00 [running]> on host abe4c4997ef7
[2023-03-01 12:19:49,496] {taskinstance.py:1283} INFO - Exporting the following env vars:
AIRFLOW_CTX_DAG_OWNER=dataheroes
AIRFLOW_CTX_DAG_ID=with_python_operator
AIRFLOW_CTX_TASK_ID=get_age
AIRFLOW_CTX_EXECUTION_DATE=2022-10-13T14:05:00+00:00
AIRFLOW_CTX_DAG_RUN_ID=scheduled__2022-10-13T14:05:00+00:00
[2023-03-01 12:19:49,711] {python.py:118} INFO - Done. Returned value was: None
[2023-03-01 12:19:49,846] {taskinstance.py:1192} INFO - Marking task as SUCCESS. dag_id=with_python_operator, task_id=get_age, execution_date=20221013T140500, start_date=20230301T121947, end_date=20230301T121949
[2023-03-01 12:19:50,528] {taskinstance.py:1246} INFO - 0 downstream tasks scheduled from follow-on schedule check
[2023-03-01 12:19:50,611] {local_task_job.py:146} INFO - Task exited with return code 0
