[2023-03-01 13:09:04,526] {taskinstance.py:877} INFO - Dependencies all met for <TaskInstance: with_python_operator.greet 2022-12-07T12:05:00+00:00 [queued]>
[2023-03-01 13:09:04,708] {taskinstance.py:877} INFO - Dependencies all met for <TaskInstance: with_python_operator.greet 2022-12-07T12:05:00+00:00 [queued]>
[2023-03-01 13:09:04,711] {taskinstance.py:1068} INFO - 
--------------------------------------------------------------------------------
[2023-03-01 13:09:04,714] {taskinstance.py:1069} INFO - Starting attempt 1 of 2
[2023-03-01 13:09:04,716] {taskinstance.py:1070} INFO - 
--------------------------------------------------------------------------------
[2023-03-01 13:09:04,816] {taskinstance.py:1089} INFO - Executing <Task(PythonOperator): greet> on 2022-12-07T12:05:00+00:00
[2023-03-01 13:09:04,851] {standard_task_runner.py:52} INFO - Started process 20177 to run task
[2023-03-01 13:09:04,921] {standard_task_runner.py:76} INFO - Running: ['airflow', 'tasks', 'run', 'with_python_operator', 'greet', '2022-12-07T12:05:00+00:00', '--job-id', '4833', '--pool', 'default_pool', '--raw', '--subdir', 'DAGS_FOLDER/02_python_operator.py', '--cfg-path', '/tmp/tmpf0585e3g', '--error-file', '/tmp/tmphmyakjhy']
[2023-03-01 13:09:04,940] {standard_task_runner.py:77} INFO - Job 4833: Subtask greet
[2023-03-01 13:09:05,431] {logging_mixin.py:104} INFO - Running <TaskInstance: with_python_operator.greet 2022-12-07T12:05:00+00:00 [running]> on host abe4c4997ef7
[2023-03-01 13:09:05,836] {taskinstance.py:1283} INFO - Exporting the following env vars:
AIRFLOW_CTX_DAG_OWNER=dataheroes
AIRFLOW_CTX_DAG_ID=with_python_operator
AIRFLOW_CTX_TASK_ID=greet
AIRFLOW_CTX_EXECUTION_DATE=2022-12-07T12:05:00+00:00
AIRFLOW_CTX_DAG_RUN_ID=scheduled__2022-12-07T12:05:00+00:00
[2023-03-01 13:09:05,850] {logging_mixin.py:104} INFO - some dict:  {'a': 1, 'b': 2}
[2023-03-01 13:09:06,000] {logging_mixin.py:104} INFO - Hello World! My name is Reza Primasatya, and I am 17 years old!
[2023-03-01 13:09:06,003] {python.py:118} INFO - Done. Returned value was: None
[2023-03-01 13:09:06,147] {taskinstance.py:1192} INFO - Marking task as SUCCESS. dag_id=with_python_operator, task_id=greet, execution_date=20221207T120500, start_date=20230301T130904, end_date=20230301T130906
[2023-03-01 13:09:06,447] {taskinstance.py:1246} INFO - 0 downstream tasks scheduled from follow-on schedule check
[2023-03-01 13:09:06,553] {local_task_job.py:146} INFO - Task exited with return code 0
