[2023-03-01 13:14:23,226] {taskinstance.py:877} INFO - Dependencies all met for <TaskInstance: with_python_operator.get_age 2022-12-13T23:05:00+00:00 [queued]>
[2023-03-01 13:14:23,457] {taskinstance.py:877} INFO - Dependencies all met for <TaskInstance: with_python_operator.get_age 2022-12-13T23:05:00+00:00 [queued]>
[2023-03-01 13:14:23,466] {taskinstance.py:1068} INFO - 
--------------------------------------------------------------------------------
[2023-03-01 13:14:23,467] {taskinstance.py:1069} INFO - Starting attempt 1 of 2
[2023-03-01 13:14:23,469] {taskinstance.py:1070} INFO - 
--------------------------------------------------------------------------------
[2023-03-01 13:14:23,644] {taskinstance.py:1089} INFO - Executing <Task(PythonOperator): get_age> on 2022-12-13T23:05:00+00:00
[2023-03-01 13:14:23,689] {standard_task_runner.py:76} INFO - Running: ['airflow', 'tasks', 'run', 'with_python_operator', 'get_age', '2022-12-13T23:05:00+00:00', '--job-id', '5289', '--pool', 'default_pool', '--raw', '--subdir', 'DAGS_FOLDER/02_python_operator.py', '--cfg-path', '/tmp/tmprm2dtwtv', '--error-file', '/tmp/tmpoj4rsrt8']
[2023-03-01 13:14:23,702] {standard_task_runner.py:77} INFO - Job 5289: Subtask get_age
[2023-03-01 13:14:23,649] {standard_task_runner.py:52} INFO - Started process 22007 to run task
[2023-03-01 13:14:23,866] {logging_mixin.py:104} INFO - Running <TaskInstance: with_python_operator.get_age 2022-12-13T23:05:00+00:00 [running]> on host abe4c4997ef7
[2023-03-01 13:14:24,259] {taskinstance.py:1283} INFO - Exporting the following env vars:
AIRFLOW_CTX_DAG_OWNER=dataheroes
AIRFLOW_CTX_DAG_ID=with_python_operator
AIRFLOW_CTX_TASK_ID=get_age
AIRFLOW_CTX_EXECUTION_DATE=2022-12-13T23:05:00+00:00
AIRFLOW_CTX_DAG_RUN_ID=scheduled__2022-12-13T23:05:00+00:00
[2023-03-01 13:14:24,402] {python.py:118} INFO - Done. Returned value was: None
[2023-03-01 13:14:24,565] {taskinstance.py:1192} INFO - Marking task as SUCCESS. dag_id=with_python_operator, task_id=get_age, execution_date=20221213T230500, start_date=20230301T131423, end_date=20230301T131424
[2023-03-01 13:14:24,936] {taskinstance.py:1246} INFO - 0 downstream tasks scheduled from follow-on schedule check
[2023-03-01 13:14:25,034] {local_task_job.py:146} INFO - Task exited with return code 0
