[2023-03-01 12:39:44,628] {taskinstance.py:877} INFO - Dependencies all met for <TaskInstance: with_python_operator.get_age 2022-11-04T03:05:00+00:00 [queued]>
[2023-03-01 12:39:44,894] {taskinstance.py:877} INFO - Dependencies all met for <TaskInstance: with_python_operator.get_age 2022-11-04T03:05:00+00:00 [queued]>
[2023-03-01 12:39:44,898] {taskinstance.py:1068} INFO - 
--------------------------------------------------------------------------------
[2023-03-01 12:39:44,902] {taskinstance.py:1069} INFO - Starting attempt 1 of 2
[2023-03-01 12:39:44,909] {taskinstance.py:1070} INFO - 
--------------------------------------------------------------------------------
[2023-03-01 12:39:45,053] {taskinstance.py:1089} INFO - Executing <Task(PythonOperator): get_age> on 2022-11-04T03:05:00+00:00
[2023-03-01 12:39:45,066] {standard_task_runner.py:52} INFO - Started process 10469 to run task
[2023-03-01 12:39:45,192] {standard_task_runner.py:76} INFO - Running: ['airflow', 'tasks', 'run', 'with_python_operator', 'get_age', '2022-11-04T03:05:00+00:00', '--job-id', '2408', '--pool', 'default_pool', '--raw', '--subdir', 'DAGS_FOLDER/02_python_operator.py', '--cfg-path', '/tmp/tmp99hg8x2_', '--error-file', '/tmp/tmphyhomg6i']
[2023-03-01 12:39:45,195] {standard_task_runner.py:77} INFO - Job 2408: Subtask get_age
[2023-03-01 12:39:45,940] {logging_mixin.py:104} INFO - Running <TaskInstance: with_python_operator.get_age 2022-11-04T03:05:00+00:00 [running]> on host abe4c4997ef7
[2023-03-01 12:39:46,456] {taskinstance.py:1283} INFO - Exporting the following env vars:
AIRFLOW_CTX_DAG_OWNER=dataheroes
AIRFLOW_CTX_DAG_ID=with_python_operator
AIRFLOW_CTX_TASK_ID=get_age
AIRFLOW_CTX_EXECUTION_DATE=2022-11-04T03:05:00+00:00
AIRFLOW_CTX_DAG_RUN_ID=scheduled__2022-11-04T03:05:00+00:00
[2023-03-01 12:39:46,534] {python.py:118} INFO - Done. Returned value was: None
[2023-03-01 12:39:46,625] {taskinstance.py:1192} INFO - Marking task as SUCCESS. dag_id=with_python_operator, task_id=get_age, execution_date=20221104T030500, start_date=20230301T123944, end_date=20230301T123946
[2023-03-01 12:39:47,319] {taskinstance.py:1246} INFO - 1 downstream tasks scheduled from follow-on schedule check
[2023-03-01 12:39:47,454] {local_task_job.py:146} INFO - Task exited with return code 0
