[2023-03-01 12:48:51,458] {taskinstance.py:877} INFO - Dependencies all met for <TaskInstance: with_python_operator.greet 2022-11-13T21:05:00+00:00 [queued]>
[2023-03-01 12:48:51,587] {taskinstance.py:877} INFO - Dependencies all met for <TaskInstance: with_python_operator.greet 2022-11-13T21:05:00+00:00 [queued]>
[2023-03-01 12:48:51,594] {taskinstance.py:1068} INFO - 
--------------------------------------------------------------------------------
[2023-03-01 12:48:51,595] {taskinstance.py:1069} INFO - Starting attempt 1 of 2
[2023-03-01 12:48:51,596] {taskinstance.py:1070} INFO - 
--------------------------------------------------------------------------------
[2023-03-01 12:48:51,672] {taskinstance.py:1089} INFO - Executing <Task(PythonOperator): greet> on 2022-11-13T21:05:00+00:00
[2023-03-01 12:48:51,680] {standard_task_runner.py:52} INFO - Started process 13365 to run task
[2023-03-01 12:48:51,752] {standard_task_runner.py:76} INFO - Running: ['airflow', 'tasks', 'run', 'with_python_operator', 'greet', '2022-11-13T21:05:00+00:00', '--job-id', '3132', '--pool', 'default_pool', '--raw', '--subdir', 'DAGS_FOLDER/02_python_operator.py', '--cfg-path', '/tmp/tmpl88u211i', '--error-file', '/tmp/tmpb5nath9u']
[2023-03-01 12:48:51,777] {standard_task_runner.py:77} INFO - Job 3132: Subtask greet
[2023-03-01 12:48:52,144] {logging_mixin.py:104} INFO - Running <TaskInstance: with_python_operator.greet 2022-11-13T21:05:00+00:00 [running]> on host abe4c4997ef7
[2023-03-01 12:48:52,553] {taskinstance.py:1283} INFO - Exporting the following env vars:
AIRFLOW_CTX_DAG_OWNER=dataheroes
AIRFLOW_CTX_DAG_ID=with_python_operator
AIRFLOW_CTX_TASK_ID=greet
AIRFLOW_CTX_EXECUTION_DATE=2022-11-13T21:05:00+00:00
AIRFLOW_CTX_DAG_RUN_ID=scheduled__2022-11-13T21:05:00+00:00
[2023-03-01 12:48:52,573] {logging_mixin.py:104} INFO - some dict:  {'a': 1, 'b': 2}
[2023-03-01 12:48:52,796] {logging_mixin.py:104} INFO - Hello World! My name is Reza Primasatya, and I am 17 years old!
[2023-03-01 12:48:52,805] {python.py:118} INFO - Done. Returned value was: None
[2023-03-01 12:48:52,917] {taskinstance.py:1192} INFO - Marking task as SUCCESS. dag_id=with_python_operator, task_id=greet, execution_date=20221113T210500, start_date=20230301T124851, end_date=20230301T124852
[2023-03-01 12:48:53,663] {taskinstance.py:1246} INFO - 0 downstream tasks scheduled from follow-on schedule check
[2023-03-01 12:48:53,840] {local_task_job.py:146} INFO - Task exited with return code 0
