[2023-03-01 12:56:46,742] {taskinstance.py:877} INFO - Dependencies all met for <TaskInstance: with_python_operator.get_name 2022-11-23T04:05:00+00:00 [queued]>
[2023-03-01 12:56:46,979] {taskinstance.py:877} INFO - Dependencies all met for <TaskInstance: with_python_operator.get_name 2022-11-23T04:05:00+00:00 [queued]>
[2023-03-01 12:56:46,983] {taskinstance.py:1068} INFO - 
--------------------------------------------------------------------------------
[2023-03-01 12:56:46,985] {taskinstance.py:1069} INFO - Starting attempt 1 of 2
[2023-03-01 12:56:46,990] {taskinstance.py:1070} INFO - 
--------------------------------------------------------------------------------
[2023-03-01 12:56:47,213] {taskinstance.py:1089} INFO - Executing <Task(PythonOperator): get_name> on 2022-11-23T04:05:00+00:00
[2023-03-01 12:56:47,251] {standard_task_runner.py:52} INFO - Started process 15973 to run task
[2023-03-01 12:56:47,324] {standard_task_runner.py:76} INFO - Running: ['airflow', 'tasks', 'run', 'with_python_operator', 'get_name', '2022-11-23T04:05:00+00:00', '--job-id', '3786', '--pool', 'default_pool', '--raw', '--subdir', 'DAGS_FOLDER/02_python_operator.py', '--cfg-path', '/tmp/tmpwivt5ear', '--error-file', '/tmp/tmptq1x990u']
[2023-03-01 12:56:47,326] {standard_task_runner.py:77} INFO - Job 3786: Subtask get_name
[2023-03-01 12:56:47,776] {logging_mixin.py:104} INFO - Running <TaskInstance: with_python_operator.get_name 2022-11-23T04:05:00+00:00 [running]> on host abe4c4997ef7
[2023-03-01 12:56:48,307] {taskinstance.py:1283} INFO - Exporting the following env vars:
AIRFLOW_CTX_DAG_OWNER=dataheroes
AIRFLOW_CTX_DAG_ID=with_python_operator
AIRFLOW_CTX_TASK_ID=get_name
AIRFLOW_CTX_EXECUTION_DATE=2022-11-23T04:05:00+00:00
AIRFLOW_CTX_DAG_RUN_ID=scheduled__2022-11-23T04:05:00+00:00
[2023-03-01 12:56:48,585] {python.py:118} INFO - Done. Returned value was: None
[2023-03-01 12:56:48,664] {taskinstance.py:1192} INFO - Marking task as SUCCESS. dag_id=with_python_operator, task_id=get_name, execution_date=20221123T040500, start_date=20230301T125646, end_date=20230301T125648
[2023-03-01 12:56:48,999] {taskinstance.py:1246} INFO - 0 downstream tasks scheduled from follow-on schedule check
[2023-03-01 12:56:49,096] {local_task_job.py:146} INFO - Task exited with return code 0
