[2023-03-01 13:07:36,207] {taskinstance.py:877} INFO - Dependencies all met for <TaskInstance: with_python_operator.greet 2022-12-06T01:05:00+00:00 [queued]>
[2023-03-01 13:07:36,432] {taskinstance.py:877} INFO - Dependencies all met for <TaskInstance: with_python_operator.greet 2022-12-06T01:05:00+00:00 [queued]>
[2023-03-01 13:07:36,441] {taskinstance.py:1068} INFO - 
--------------------------------------------------------------------------------
[2023-03-01 13:07:36,443] {taskinstance.py:1069} INFO - Starting attempt 1 of 2
[2023-03-01 13:07:36,446] {taskinstance.py:1070} INFO - 
--------------------------------------------------------------------------------
[2023-03-01 13:07:36,965] {taskinstance.py:1089} INFO - Executing <Task(PythonOperator): greet> on 2022-12-06T01:05:00+00:00
[2023-03-01 13:07:37,128] {standard_task_runner.py:76} INFO - Running: ['airflow', 'tasks', 'run', 'with_python_operator', 'greet', '2022-12-06T01:05:00+00:00', '--job-id', '4736', '--pool', 'default_pool', '--raw', '--subdir', 'DAGS_FOLDER/02_python_operator.py', '--cfg-path', '/tmp/tmpompu2pa5', '--error-file', '/tmp/tmprum33dre']
[2023-03-01 13:07:37,138] {standard_task_runner.py:77} INFO - Job 4736: Subtask greet
[2023-03-01 13:07:37,057] {standard_task_runner.py:52} INFO - Started process 19793 to run task
[2023-03-01 13:07:37,640] {logging_mixin.py:104} INFO - Running <TaskInstance: with_python_operator.greet 2022-12-06T01:05:00+00:00 [running]> on host abe4c4997ef7
[2023-03-01 13:07:38,396] {taskinstance.py:1283} INFO - Exporting the following env vars:
AIRFLOW_CTX_DAG_OWNER=dataheroes
AIRFLOW_CTX_DAG_ID=with_python_operator
AIRFLOW_CTX_TASK_ID=greet
AIRFLOW_CTX_EXECUTION_DATE=2022-12-06T01:05:00+00:00
AIRFLOW_CTX_DAG_RUN_ID=scheduled__2022-12-06T01:05:00+00:00
[2023-03-01 13:07:38,411] {logging_mixin.py:104} INFO - some dict:  {'a': 1, 'b': 2}
[2023-03-01 13:07:38,595] {logging_mixin.py:104} INFO - Hello World! My name is Reza Primasatya, and I am 17 years old!
[2023-03-01 13:07:38,597] {python.py:118} INFO - Done. Returned value was: None
[2023-03-01 13:07:38,688] {taskinstance.py:1192} INFO - Marking task as SUCCESS. dag_id=with_python_operator, task_id=greet, execution_date=20221206T010500, start_date=20230301T130736, end_date=20230301T130738
[2023-03-01 13:07:38,961] {taskinstance.py:1246} INFO - 0 downstream tasks scheduled from follow-on schedule check
[2023-03-01 13:07:39,055] {local_task_job.py:146} INFO - Task exited with return code 0
