[2023-03-01 12:40:17,954] {taskinstance.py:877} INFO - Dependencies all met for <TaskInstance: with_python_operator.get_name 2022-11-04T12:05:00+00:00 [queued]>
[2023-03-01 12:40:18,104] {taskinstance.py:877} INFO - Dependencies all met for <TaskInstance: with_python_operator.get_name 2022-11-04T12:05:00+00:00 [queued]>
[2023-03-01 12:40:18,105] {taskinstance.py:1068} INFO - 
--------------------------------------------------------------------------------
[2023-03-01 12:40:18,106] {taskinstance.py:1069} INFO - Starting attempt 1 of 2
[2023-03-01 12:40:18,107] {taskinstance.py:1070} INFO - 
--------------------------------------------------------------------------------
[2023-03-01 12:40:18,203] {taskinstance.py:1089} INFO - Executing <Task(PythonOperator): get_name> on 2022-11-04T12:05:00+00:00
[2023-03-01 12:40:18,210] {standard_task_runner.py:52} INFO - Started process 10602 to run task
[2023-03-01 12:40:18,268] {standard_task_runner.py:76} INFO - Running: ['airflow', 'tasks', 'run', 'with_python_operator', 'get_name', '2022-11-04T12:05:00+00:00', '--job-id', '2444', '--pool', 'default_pool', '--raw', '--subdir', 'DAGS_FOLDER/02_python_operator.py', '--cfg-path', '/tmp/tmpaeyxwxr2', '--error-file', '/tmp/tmprx0klp18']
[2023-03-01 12:40:18,286] {standard_task_runner.py:77} INFO - Job 2444: Subtask get_name
[2023-03-01 12:40:18,645] {logging_mixin.py:104} INFO - Running <TaskInstance: with_python_operator.get_name 2022-11-04T12:05:00+00:00 [running]> on host abe4c4997ef7
[2023-03-01 12:40:19,137] {taskinstance.py:1283} INFO - Exporting the following env vars:
AIRFLOW_CTX_DAG_OWNER=dataheroes
AIRFLOW_CTX_DAG_ID=with_python_operator
AIRFLOW_CTX_TASK_ID=get_name
AIRFLOW_CTX_EXECUTION_DATE=2022-11-04T12:05:00+00:00
AIRFLOW_CTX_DAG_RUN_ID=scheduled__2022-11-04T12:05:00+00:00
[2023-03-01 12:40:19,393] {python.py:118} INFO - Done. Returned value was: None
[2023-03-01 12:40:19,544] {taskinstance.py:1192} INFO - Marking task as SUCCESS. dag_id=with_python_operator, task_id=get_name, execution_date=20221104T120500, start_date=20230301T124017, end_date=20230301T124019
[2023-03-01 12:40:20,051] {taskinstance.py:1246} INFO - 0 downstream tasks scheduled from follow-on schedule check
[2023-03-01 12:40:20,179] {local_task_job.py:146} INFO - Task exited with return code 0
