[2023-03-01 12:54:11,755] {taskinstance.py:877} INFO - Dependencies all met for <TaskInstance: with_python_operator.get_name 2022-11-20T08:05:00+00:00 [queued]>
[2023-03-01 12:54:12,074] {taskinstance.py:877} INFO - Dependencies all met for <TaskInstance: with_python_operator.get_name 2022-11-20T08:05:00+00:00 [queued]>
[2023-03-01 12:54:12,075] {taskinstance.py:1068} INFO - 
--------------------------------------------------------------------------------
[2023-03-01 12:54:12,076] {taskinstance.py:1069} INFO - Starting attempt 1 of 2
[2023-03-01 12:54:12,077] {taskinstance.py:1070} INFO - 
--------------------------------------------------------------------------------
[2023-03-01 12:54:12,263] {taskinstance.py:1089} INFO - Executing <Task(PythonOperator): get_name> on 2022-11-20T08:05:00+00:00
[2023-03-01 12:54:12,302] {standard_task_runner.py:52} INFO - Started process 15131 to run task
[2023-03-01 12:54:12,369] {standard_task_runner.py:76} INFO - Running: ['airflow', 'tasks', 'run', 'with_python_operator', 'get_name', '2022-11-20T08:05:00+00:00', '--job-id', '3573', '--pool', 'default_pool', '--raw', '--subdir', 'DAGS_FOLDER/02_python_operator.py', '--cfg-path', '/tmp/tmpuoh29ws3', '--error-file', '/tmp/tmpjz4b_cdt']
[2023-03-01 12:54:12,378] {standard_task_runner.py:77} INFO - Job 3573: Subtask get_name
[2023-03-01 12:54:13,105] {logging_mixin.py:104} INFO - Running <TaskInstance: with_python_operator.get_name 2022-11-20T08:05:00+00:00 [running]> on host abe4c4997ef7
[2023-03-01 12:54:13,636] {taskinstance.py:1283} INFO - Exporting the following env vars:
AIRFLOW_CTX_DAG_OWNER=dataheroes
AIRFLOW_CTX_DAG_ID=with_python_operator
AIRFLOW_CTX_TASK_ID=get_name
AIRFLOW_CTX_EXECUTION_DATE=2022-11-20T08:05:00+00:00
AIRFLOW_CTX_DAG_RUN_ID=scheduled__2022-11-20T08:05:00+00:00
[2023-03-01 12:54:13,775] {python.py:118} INFO - Done. Returned value was: None
[2023-03-01 12:54:13,895] {taskinstance.py:1192} INFO - Marking task as SUCCESS. dag_id=with_python_operator, task_id=get_name, execution_date=20221120T080500, start_date=20230301T125411, end_date=20230301T125413
[2023-03-01 12:54:14,287] {taskinstance.py:1246} INFO - 0 downstream tasks scheduled from follow-on schedule check
[2023-03-01 12:54:14,396] {local_task_job.py:146} INFO - Task exited with return code 0
