[2023-03-01 13:28:09,733] {taskinstance.py:877} INFO - Dependencies all met for <TaskInstance: postgres_operator.create_postgres_table 2022-01-17T00:00:00+00:00 [queued]>
[2023-03-01 13:28:09,773] {taskinstance.py:877} INFO - Dependencies all met for <TaskInstance: postgres_operator.create_postgres_table 2022-01-17T00:00:00+00:00 [queued]>
[2023-03-01 13:28:09,774] {taskinstance.py:1068} INFO - 
--------------------------------------------------------------------------------
[2023-03-01 13:28:09,775] {taskinstance.py:1069} INFO - Starting attempt 1 of 6
[2023-03-01 13:28:09,780] {taskinstance.py:1070} INFO - 
--------------------------------------------------------------------------------
[2023-03-01 13:28:09,826] {taskinstance.py:1089} INFO - Executing <Task(PostgresOperator): create_postgres_table> on 2022-01-17T00:00:00+00:00
[2023-03-01 13:28:09,835] {standard_task_runner.py:52} INFO - Started process 23117 to run task
[2023-03-01 13:28:09,855] {standard_task_runner.py:76} INFO - Running: ['airflow', 'tasks', 'run', 'postgres_operator', 'create_postgres_table', '2022-01-17T00:00:00+00:00', '--job-id', '5570', '--pool', 'default_pool', '--raw', '--subdir', 'DAGS_FOLDER/06_postgres_operator.py', '--cfg-path', '/tmp/tmpe_aucube', '--error-file', '/tmp/tmp67ojy9a3']
[2023-03-01 13:28:09,857] {standard_task_runner.py:77} INFO - Job 5570: Subtask create_postgres_table
[2023-03-01 13:28:09,990] {logging_mixin.py:104} INFO - Running <TaskInstance: postgres_operator.create_postgres_table 2022-01-17T00:00:00+00:00 [running]> on host abe4c4997ef7
[2023-03-01 13:28:10,128] {taskinstance.py:1283} INFO - Exporting the following env vars:
AIRFLOW_CTX_DAG_OWNER=dataheroes
AIRFLOW_CTX_DAG_ID=postgres_operator
AIRFLOW_CTX_TASK_ID=create_postgres_table
AIRFLOW_CTX_EXECUTION_DATE=2022-01-17T00:00:00+00:00
AIRFLOW_CTX_DAG_RUN_ID=scheduled__2022-01-17T00:00:00+00:00
[2023-03-01 13:28:10,130] {postgres.py:69} INFO - Executing: 
            create table if not exists fellowship_member (
                id serial,
                name text not null,
                age  int  not null,
                address char(50),
                primary key (id)
            )
        
[2023-03-01 13:28:10,155] {base.py:78} INFO - Using connection to: id: fellowship_postgres. Host: 192.168.32.3, Port: 5432, Schema: fellowship9, Login: airflow, Password: XXXXXXXX, extra: None
[2023-03-01 13:28:10,166] {dbapi.py:180} INFO - Running statement: 
            create table if not exists fellowship_member (
                id serial,
                name text not null,
                age  int  not null,
                address char(50),
                primary key (id)
            )
        , parameters: None
[2023-03-01 13:28:10,172] {dbapi.py:186} INFO - Rows affected: -1
[2023-03-01 13:28:10,181] {postgres.py:73} INFO - NOTICE:  relation "fellowship_member" already exists, skipping

[2023-03-01 13:28:10,209] {taskinstance.py:1192} INFO - Marking task as SUCCESS. dag_id=postgres_operator, task_id=create_postgres_table, execution_date=20220117T000000, start_date=20230301T132809, end_date=20230301T132810
[2023-03-01 13:28:10,611] {taskinstance.py:1246} INFO - 1 downstream tasks scheduled from follow-on schedule check
[2023-03-01 13:28:10,640] {local_task_job.py:146} INFO - Task exited with return code 0
