[2023-03-01 12:39:13,041] {taskinstance.py:877} INFO - Dependencies all met for <TaskInstance: with_python_operator.get_age 2022-11-03T05:05:00+00:00 [queued]>
[2023-03-01 12:39:13,214] {taskinstance.py:877} INFO - Dependencies all met for <TaskInstance: with_python_operator.get_age 2022-11-03T05:05:00+00:00 [queued]>
[2023-03-01 12:39:13,215] {taskinstance.py:1068} INFO - 
--------------------------------------------------------------------------------
[2023-03-01 12:39:13,220] {taskinstance.py:1069} INFO - Starting attempt 1 of 2
[2023-03-01 12:39:13,221] {taskinstance.py:1070} INFO - 
--------------------------------------------------------------------------------
[2023-03-01 12:39:13,341] {taskinstance.py:1089} INFO - Executing <Task(PythonOperator): get_age> on 2022-11-03T05:05:00+00:00
[2023-03-01 12:39:13,353] {standard_task_runner.py:52} INFO - Started process 10225 to run task
[2023-03-01 12:39:13,410] {standard_task_runner.py:76} INFO - Running: ['airflow', 'tasks', 'run', 'with_python_operator', 'get_age', '2022-11-03T05:05:00+00:00', '--job-id', '2349', '--pool', 'default_pool', '--raw', '--subdir', 'DAGS_FOLDER/02_python_operator.py', '--cfg-path', '/tmp/tmpis3n362a', '--error-file', '/tmp/tmp71qullwf']
[2023-03-01 12:39:13,418] {standard_task_runner.py:77} INFO - Job 2349: Subtask get_age
[2023-03-01 12:39:13,956] {logging_mixin.py:104} INFO - Running <TaskInstance: with_python_operator.get_age 2022-11-03T05:05:00+00:00 [running]> on host abe4c4997ef7
[2023-03-01 12:39:14,405] {taskinstance.py:1283} INFO - Exporting the following env vars:
AIRFLOW_CTX_DAG_OWNER=dataheroes
AIRFLOW_CTX_DAG_ID=with_python_operator
AIRFLOW_CTX_TASK_ID=get_age
AIRFLOW_CTX_EXECUTION_DATE=2022-11-03T05:05:00+00:00
AIRFLOW_CTX_DAG_RUN_ID=scheduled__2022-11-03T05:05:00+00:00
[2023-03-01 12:39:14,532] {python.py:118} INFO - Done. Returned value was: None
[2023-03-01 12:39:14,681] {taskinstance.py:1192} INFO - Marking task as SUCCESS. dag_id=with_python_operator, task_id=get_age, execution_date=20221103T050500, start_date=20230301T123913, end_date=20230301T123914
[2023-03-01 12:39:15,134] {taskinstance.py:1246} INFO - 1 downstream tasks scheduled from follow-on schedule check
[2023-03-01 12:39:15,275] {local_task_job.py:146} INFO - Task exited with return code 0
