[2023-03-01 12:59:08,649] {taskinstance.py:877} INFO - Dependencies all met for <TaskInstance: with_python_operator.get_name 2022-11-26T02:05:00+00:00 [queued]>
[2023-03-01 12:59:08,822] {taskinstance.py:877} INFO - Dependencies all met for <TaskInstance: with_python_operator.get_name 2022-11-26T02:05:00+00:00 [queued]>
[2023-03-01 12:59:08,823] {taskinstance.py:1068} INFO - 
--------------------------------------------------------------------------------
[2023-03-01 12:59:08,824] {taskinstance.py:1069} INFO - Starting attempt 1 of 2
[2023-03-01 12:59:08,825] {taskinstance.py:1070} INFO - 
--------------------------------------------------------------------------------
[2023-03-01 12:59:09,073] {taskinstance.py:1089} INFO - Executing <Task(PythonOperator): get_name> on 2022-11-26T02:05:00+00:00
[2023-03-01 12:59:09,121] {standard_task_runner.py:52} INFO - Started process 16799 to run task
[2023-03-01 12:59:09,170] {standard_task_runner.py:76} INFO - Running: ['airflow', 'tasks', 'run', 'with_python_operator', 'get_name', '2022-11-26T02:05:00+00:00', '--job-id', '3992', '--pool', 'default_pool', '--raw', '--subdir', 'DAGS_FOLDER/02_python_operator.py', '--cfg-path', '/tmp/tmpzu7h26fa', '--error-file', '/tmp/tmpbq6z1wcm']
[2023-03-01 12:59:09,184] {standard_task_runner.py:77} INFO - Job 3992: Subtask get_name
[2023-03-01 12:59:09,812] {logging_mixin.py:104} INFO - Running <TaskInstance: with_python_operator.get_name 2022-11-26T02:05:00+00:00 [running]> on host abe4c4997ef7
[2023-03-01 12:59:10,249] {taskinstance.py:1283} INFO - Exporting the following env vars:
AIRFLOW_CTX_DAG_OWNER=dataheroes
AIRFLOW_CTX_DAG_ID=with_python_operator
AIRFLOW_CTX_TASK_ID=get_name
AIRFLOW_CTX_EXECUTION_DATE=2022-11-26T02:05:00+00:00
AIRFLOW_CTX_DAG_RUN_ID=scheduled__2022-11-26T02:05:00+00:00
[2023-03-01 12:59:10,382] {python.py:118} INFO - Done. Returned value was: None
[2023-03-01 12:59:10,511] {taskinstance.py:1192} INFO - Marking task as SUCCESS. dag_id=with_python_operator, task_id=get_name, execution_date=20221126T020500, start_date=20230301T125908, end_date=20230301T125910
[2023-03-01 12:59:11,021] {taskinstance.py:1246} INFO - 0 downstream tasks scheduled from follow-on schedule check
[2023-03-01 12:59:11,093] {local_task_job.py:146} INFO - Task exited with return code 0
