[2023-03-01 12:47:33,526] {taskinstance.py:877} INFO - Dependencies all met for <TaskInstance: with_python_operator.get_name 2022-11-12T13:05:00+00:00 [queued]>
[2023-03-01 12:47:33,724] {taskinstance.py:877} INFO - Dependencies all met for <TaskInstance: with_python_operator.get_name 2022-11-12T13:05:00+00:00 [queued]>
[2023-03-01 12:47:33,725] {taskinstance.py:1068} INFO - 
--------------------------------------------------------------------------------
[2023-03-01 12:47:33,726] {taskinstance.py:1069} INFO - Starting attempt 1 of 2
[2023-03-01 12:47:33,727] {taskinstance.py:1070} INFO - 
--------------------------------------------------------------------------------
[2023-03-01 12:47:33,826] {taskinstance.py:1089} INFO - Executing <Task(PythonOperator): get_name> on 2022-11-12T13:05:00+00:00
[2023-03-01 12:47:33,856] {standard_task_runner.py:52} INFO - Started process 12911 to run task
[2023-03-01 12:47:33,925] {standard_task_runner.py:76} INFO - Running: ['airflow', 'tasks', 'run', 'with_python_operator', 'get_name', '2022-11-12T13:05:00+00:00', '--job-id', '3020', '--pool', 'default_pool', '--raw', '--subdir', 'DAGS_FOLDER/02_python_operator.py', '--cfg-path', '/tmp/tmp54a54fcw', '--error-file', '/tmp/tmpnrcdnfoj']
[2023-03-01 12:47:33,930] {standard_task_runner.py:77} INFO - Job 3020: Subtask get_name
[2023-03-01 12:47:34,449] {logging_mixin.py:104} INFO - Running <TaskInstance: with_python_operator.get_name 2022-11-12T13:05:00+00:00 [running]> on host abe4c4997ef7
[2023-03-01 12:47:34,911] {taskinstance.py:1283} INFO - Exporting the following env vars:
AIRFLOW_CTX_DAG_OWNER=dataheroes
AIRFLOW_CTX_DAG_ID=with_python_operator
AIRFLOW_CTX_TASK_ID=get_name
AIRFLOW_CTX_EXECUTION_DATE=2022-11-12T13:05:00+00:00
AIRFLOW_CTX_DAG_RUN_ID=scheduled__2022-11-12T13:05:00+00:00
[2023-03-01 12:47:35,069] {python.py:118} INFO - Done. Returned value was: None
[2023-03-01 12:47:35,183] {taskinstance.py:1192} INFO - Marking task as SUCCESS. dag_id=with_python_operator, task_id=get_name, execution_date=20221112T130500, start_date=20230301T124733, end_date=20230301T124735
[2023-03-01 12:47:35,650] {taskinstance.py:1246} INFO - 0 downstream tasks scheduled from follow-on schedule check
[2023-03-01 12:47:35,763] {local_task_job.py:146} INFO - Task exited with return code 0
