[2023-03-01 12:14:54,490] {taskinstance.py:877} INFO - Dependencies all met for <TaskInstance: with_python_operator.greet 2022-10-08T03:05:00+00:00 [queued]>
[2023-03-01 12:14:54,625] {taskinstance.py:877} INFO - Dependencies all met for <TaskInstance: with_python_operator.greet 2022-10-08T03:05:00+00:00 [queued]>
[2023-03-01 12:14:54,630] {taskinstance.py:1068} INFO - 
--------------------------------------------------------------------------------
[2023-03-01 12:14:54,633] {taskinstance.py:1069} INFO - Starting attempt 1 of 2
[2023-03-01 12:14:54,635] {taskinstance.py:1070} INFO - 
--------------------------------------------------------------------------------
[2023-03-01 12:14:54,771] {taskinstance.py:1089} INFO - Executing <Task(PythonOperator): greet> on 2022-10-08T03:05:00+00:00
[2023-03-01 12:14:54,831] {standard_task_runner.py:76} INFO - Running: ['airflow', 'tasks', 'run', 'with_python_operator', 'greet', '2022-10-08T03:05:00+00:00', '--job-id', '426', '--pool', 'default_pool', '--raw', '--subdir', 'DAGS_FOLDER/02_python_operator.py', '--cfg-path', '/tmp/tmp7yptzkca', '--error-file', '/tmp/tmp5i0hz0z6']
[2023-03-01 12:14:54,834] {standard_task_runner.py:77} INFO - Job 426: Subtask greet
[2023-03-01 12:14:54,800] {standard_task_runner.py:52} INFO - Started process 2359 to run task
[2023-03-01 12:14:55,216] {logging_mixin.py:104} INFO - Running <TaskInstance: with_python_operator.greet 2022-10-08T03:05:00+00:00 [running]> on host abe4c4997ef7
[2023-03-01 12:14:55,487] {taskinstance.py:1283} INFO - Exporting the following env vars:
AIRFLOW_CTX_DAG_OWNER=dataheroes
AIRFLOW_CTX_DAG_ID=with_python_operator
AIRFLOW_CTX_TASK_ID=greet
AIRFLOW_CTX_EXECUTION_DATE=2022-10-08T03:05:00+00:00
AIRFLOW_CTX_DAG_RUN_ID=scheduled__2022-10-08T03:05:00+00:00
[2023-03-01 12:14:55,494] {logging_mixin.py:104} INFO - some dict:  {'a': 1, 'b': 2}
[2023-03-01 12:14:55,588] {logging_mixin.py:104} INFO - Hello World! My name is Reza Primasatya, and I am 17 years old!
[2023-03-01 12:14:55,589] {python.py:118} INFO - Done. Returned value was: None
[2023-03-01 12:14:55,638] {taskinstance.py:1192} INFO - Marking task as SUCCESS. dag_id=with_python_operator, task_id=greet, execution_date=20221008T030500, start_date=20230301T121454, end_date=20230301T121455
[2023-03-01 12:14:56,325] {taskinstance.py:1246} INFO - 0 downstream tasks scheduled from follow-on schedule check
[2023-03-01 12:14:56,433] {local_task_job.py:146} INFO - Task exited with return code 0
