[2023-03-01 12:19:43,831] {taskinstance.py:877} INFO - Dependencies all met for <TaskInstance: with_python_operator.get_name 2022-10-13T11:05:00+00:00 [queued]>
[2023-03-01 12:19:44,102] {taskinstance.py:877} INFO - Dependencies all met for <TaskInstance: with_python_operator.get_name 2022-10-13T11:05:00+00:00 [queued]>
[2023-03-01 12:19:44,113] {taskinstance.py:1068} INFO - 
--------------------------------------------------------------------------------
[2023-03-01 12:19:44,114] {taskinstance.py:1069} INFO - Starting attempt 1 of 2
[2023-03-01 12:19:44,115] {taskinstance.py:1070} INFO - 
--------------------------------------------------------------------------------
[2023-03-01 12:19:44,246] {taskinstance.py:1089} INFO - Executing <Task(PythonOperator): get_name> on 2022-10-13T11:05:00+00:00
[2023-03-01 12:19:44,266] {standard_task_runner.py:52} INFO - Started process 4249 to run task
[2023-03-01 12:19:44,347] {standard_task_runner.py:76} INFO - Running: ['airflow', 'tasks', 'run', 'with_python_operator', 'get_name', '2022-10-13T11:05:00+00:00', '--job-id', '854', '--pool', 'default_pool', '--raw', '--subdir', 'DAGS_FOLDER/02_python_operator.py', '--cfg-path', '/tmp/tmp4wg0dhrx', '--error-file', '/tmp/tmpqz0g6ncx']
[2023-03-01 12:19:44,363] {standard_task_runner.py:77} INFO - Job 854: Subtask get_name
[2023-03-01 12:19:45,075] {logging_mixin.py:104} INFO - Running <TaskInstance: with_python_operator.get_name 2022-10-13T11:05:00+00:00 [running]> on host abe4c4997ef7
[2023-03-01 12:19:45,677] {taskinstance.py:1283} INFO - Exporting the following env vars:
AIRFLOW_CTX_DAG_OWNER=dataheroes
AIRFLOW_CTX_DAG_ID=with_python_operator
AIRFLOW_CTX_TASK_ID=get_name
AIRFLOW_CTX_EXECUTION_DATE=2022-10-13T11:05:00+00:00
AIRFLOW_CTX_DAG_RUN_ID=scheduled__2022-10-13T11:05:00+00:00
[2023-03-01 12:19:45,816] {python.py:118} INFO - Done. Returned value was: None
[2023-03-01 12:19:45,858] {taskinstance.py:1192} INFO - Marking task as SUCCESS. dag_id=with_python_operator, task_id=get_name, execution_date=20221013T110500, start_date=20230301T121943, end_date=20230301T121945
[2023-03-01 12:19:46,102] {taskinstance.py:1246} INFO - 1 downstream tasks scheduled from follow-on schedule check
[2023-03-01 12:19:46,127] {local_task_job.py:146} INFO - Task exited with return code 0
