[2023-03-01 13:06:37,489] {taskinstance.py:877} INFO - Dependencies all met for <TaskInstance: with_python_operator.get_name 2022-12-05T06:05:00+00:00 [queued]>
[2023-03-01 13:06:37,863] {taskinstance.py:877} INFO - Dependencies all met for <TaskInstance: with_python_operator.get_name 2022-12-05T06:05:00+00:00 [queued]>
[2023-03-01 13:06:37,867] {taskinstance.py:1068} INFO - 
--------------------------------------------------------------------------------
[2023-03-01 13:06:37,867] {taskinstance.py:1069} INFO - Starting attempt 1 of 2
[2023-03-01 13:06:37,868] {taskinstance.py:1070} INFO - 
--------------------------------------------------------------------------------
[2023-03-01 13:06:38,076] {taskinstance.py:1089} INFO - Executing <Task(PythonOperator): get_name> on 2022-12-05T06:05:00+00:00
[2023-03-01 13:06:38,166] {standard_task_runner.py:76} INFO - Running: ['airflow', 'tasks', 'run', 'with_python_operator', 'get_name', '2022-12-05T06:05:00+00:00', '--job-id', '4655', '--pool', 'default_pool', '--raw', '--subdir', 'DAGS_FOLDER/02_python_operator.py', '--cfg-path', '/tmp/tmpwhj3x4em', '--error-file', '/tmp/tmpwdvitjja']
[2023-03-01 13:06:38,178] {standard_task_runner.py:77} INFO - Job 4655: Subtask get_name
[2023-03-01 13:06:38,141] {standard_task_runner.py:52} INFO - Started process 19475 to run task
[2023-03-01 13:06:38,475] {logging_mixin.py:104} INFO - Running <TaskInstance: with_python_operator.get_name 2022-12-05T06:05:00+00:00 [running]> on host abe4c4997ef7
[2023-03-01 13:06:39,081] {taskinstance.py:1283} INFO - Exporting the following env vars:
AIRFLOW_CTX_DAG_OWNER=dataheroes
AIRFLOW_CTX_DAG_ID=with_python_operator
AIRFLOW_CTX_TASK_ID=get_name
AIRFLOW_CTX_EXECUTION_DATE=2022-12-05T06:05:00+00:00
AIRFLOW_CTX_DAG_RUN_ID=scheduled__2022-12-05T06:05:00+00:00
[2023-03-01 13:06:39,276] {python.py:118} INFO - Done. Returned value was: None
[2023-03-01 13:06:39,375] {taskinstance.py:1192} INFO - Marking task as SUCCESS. dag_id=with_python_operator, task_id=get_name, execution_date=20221205T060500, start_date=20230301T130637, end_date=20230301T130639
[2023-03-01 13:06:39,743] {taskinstance.py:1246} INFO - 0 downstream tasks scheduled from follow-on schedule check
[2023-03-01 13:06:39,842] {local_task_job.py:146} INFO - Task exited with return code 0
