[2023-03-01 13:12:25,477] {taskinstance.py:877} INFO - Dependencies all met for <TaskInstance: with_python_operator.get_name 2022-12-11T11:05:00+00:00 [queued]>
[2023-03-01 13:12:25,677] {taskinstance.py:877} INFO - Dependencies all met for <TaskInstance: with_python_operator.get_name 2022-12-11T11:05:00+00:00 [queued]>
[2023-03-01 13:12:25,694] {taskinstance.py:1068} INFO - 
--------------------------------------------------------------------------------
[2023-03-01 13:12:25,702] {taskinstance.py:1069} INFO - Starting attempt 1 of 2
[2023-03-01 13:12:25,705] {taskinstance.py:1070} INFO - 
--------------------------------------------------------------------------------
[2023-03-01 13:12:25,844] {taskinstance.py:1089} INFO - Executing <Task(PythonOperator): get_name> on 2022-12-11T11:05:00+00:00
[2023-03-01 13:12:25,863] {standard_task_runner.py:52} INFO - Started process 21291 to run task
[2023-03-01 13:12:25,931] {standard_task_runner.py:76} INFO - Running: ['airflow', 'tasks', 'run', 'with_python_operator', 'get_name', '2022-12-11T11:05:00+00:00', '--job-id', '5109', '--pool', 'default_pool', '--raw', '--subdir', 'DAGS_FOLDER/02_python_operator.py', '--cfg-path', '/tmp/tmpxp7x6q8f', '--error-file', '/tmp/tmp5fxma9uc']
[2023-03-01 13:12:25,940] {standard_task_runner.py:77} INFO - Job 5109: Subtask get_name
[2023-03-01 13:12:26,552] {logging_mixin.py:104} INFO - Running <TaskInstance: with_python_operator.get_name 2022-12-11T11:05:00+00:00 [running]> on host abe4c4997ef7
[2023-03-01 13:12:27,294] {taskinstance.py:1283} INFO - Exporting the following env vars:
AIRFLOW_CTX_DAG_OWNER=dataheroes
AIRFLOW_CTX_DAG_ID=with_python_operator
AIRFLOW_CTX_TASK_ID=get_name
AIRFLOW_CTX_EXECUTION_DATE=2022-12-11T11:05:00+00:00
AIRFLOW_CTX_DAG_RUN_ID=scheduled__2022-12-11T11:05:00+00:00
[2023-03-01 13:12:27,453] {python.py:118} INFO - Done. Returned value was: None
[2023-03-01 13:12:27,565] {taskinstance.py:1192} INFO - Marking task as SUCCESS. dag_id=with_python_operator, task_id=get_name, execution_date=20221211T110500, start_date=20230301T131225, end_date=20230301T131227
[2023-03-01 13:12:28,030] {taskinstance.py:1246} INFO - 1 downstream tasks scheduled from follow-on schedule check
[2023-03-01 13:12:28,262] {local_task_job.py:146} INFO - Task exited with return code 0
