[2023-03-01 12:35:29,987] {taskinstance.py:877} INFO - Dependencies all met for <TaskInstance: with_python_operator.greet 2022-10-29T18:05:00+00:00 [queued]>
[2023-03-01 12:35:30,207] {taskinstance.py:877} INFO - Dependencies all met for <TaskInstance: with_python_operator.greet 2022-10-29T18:05:00+00:00 [queued]>
[2023-03-01 12:35:30,215] {taskinstance.py:1068} INFO - 
--------------------------------------------------------------------------------
[2023-03-01 12:35:30,223] {taskinstance.py:1069} INFO - Starting attempt 1 of 2
[2023-03-01 12:35:30,227] {taskinstance.py:1070} INFO - 
--------------------------------------------------------------------------------
[2023-03-01 12:35:30,425] {taskinstance.py:1089} INFO - Executing <Task(PythonOperator): greet> on 2022-10-29T18:05:00+00:00
[2023-03-01 12:35:30,483] {standard_task_runner.py:52} INFO - Started process 9021 to run task
[2023-03-01 12:35:30,556] {standard_task_runner.py:76} INFO - Running: ['airflow', 'tasks', 'run', 'with_python_operator', 'greet', '2022-10-29T18:05:00+00:00', '--job-id', '2047', '--pool', 'default_pool', '--raw', '--subdir', 'DAGS_FOLDER/02_python_operator.py', '--cfg-path', '/tmp/tmpjuqlx3c7', '--error-file', '/tmp/tmpqcnqiyoj']
[2023-03-01 12:35:30,566] {standard_task_runner.py:77} INFO - Job 2047: Subtask greet
[2023-03-01 12:35:31,326] {logging_mixin.py:104} INFO - Running <TaskInstance: with_python_operator.greet 2022-10-29T18:05:00+00:00 [running]> on host abe4c4997ef7
[2023-03-01 12:35:31,827] {taskinstance.py:1283} INFO - Exporting the following env vars:
AIRFLOW_CTX_DAG_OWNER=dataheroes
AIRFLOW_CTX_DAG_ID=with_python_operator
AIRFLOW_CTX_TASK_ID=greet
AIRFLOW_CTX_EXECUTION_DATE=2022-10-29T18:05:00+00:00
AIRFLOW_CTX_DAG_RUN_ID=scheduled__2022-10-29T18:05:00+00:00
[2023-03-01 12:35:31,831] {logging_mixin.py:104} INFO - some dict:  {'a': 1, 'b': 2}
[2023-03-01 12:35:31,944] {logging_mixin.py:104} INFO - Hello World! My name is Reza Primasatya, and I am 17 years old!
[2023-03-01 12:35:31,945] {python.py:118} INFO - Done. Returned value was: None
[2023-03-01 12:35:32,079] {taskinstance.py:1192} INFO - Marking task as SUCCESS. dag_id=with_python_operator, task_id=greet, execution_date=20221029T180500, start_date=20230301T123530, end_date=20230301T123532
[2023-03-01 12:35:32,491] {taskinstance.py:1246} INFO - 0 downstream tasks scheduled from follow-on schedule check
[2023-03-01 12:35:32,605] {local_task_job.py:146} INFO - Task exited with return code 0
