[2023-03-01 12:47:03,105] {taskinstance.py:877} INFO - Dependencies all met for <TaskInstance: with_python_operator.get_age 2022-11-12T06:05:00+00:00 [queued]>
[2023-03-01 12:47:03,256] {taskinstance.py:877} INFO - Dependencies all met for <TaskInstance: with_python_operator.get_age 2022-11-12T06:05:00+00:00 [queued]>
[2023-03-01 12:47:03,258] {taskinstance.py:1068} INFO - 
--------------------------------------------------------------------------------
[2023-03-01 12:47:03,272] {taskinstance.py:1069} INFO - Starting attempt 1 of 2
[2023-03-01 12:47:03,273] {taskinstance.py:1070} INFO - 
--------------------------------------------------------------------------------
[2023-03-01 12:47:03,440] {taskinstance.py:1089} INFO - Executing <Task(PythonOperator): get_age> on 2022-11-12T06:05:00+00:00
[2023-03-01 12:47:03,472] {standard_task_runner.py:52} INFO - Started process 12803 to run task
[2023-03-01 12:47:03,556] {standard_task_runner.py:76} INFO - Running: ['airflow', 'tasks', 'run', 'with_python_operator', 'get_age', '2022-11-12T06:05:00+00:00', '--job-id', '2991', '--pool', 'default_pool', '--raw', '--subdir', 'DAGS_FOLDER/02_python_operator.py', '--cfg-path', '/tmp/tmpslc_u8eb', '--error-file', '/tmp/tmpmmiz3r40']
[2023-03-01 12:47:03,558] {standard_task_runner.py:77} INFO - Job 2991: Subtask get_age
[2023-03-01 12:47:04,050] {logging_mixin.py:104} INFO - Running <TaskInstance: with_python_operator.get_age 2022-11-12T06:05:00+00:00 [running]> on host abe4c4997ef7
[2023-03-01 12:47:04,461] {taskinstance.py:1283} INFO - Exporting the following env vars:
AIRFLOW_CTX_DAG_OWNER=dataheroes
AIRFLOW_CTX_DAG_ID=with_python_operator
AIRFLOW_CTX_TASK_ID=get_age
AIRFLOW_CTX_EXECUTION_DATE=2022-11-12T06:05:00+00:00
AIRFLOW_CTX_DAG_RUN_ID=scheduled__2022-11-12T06:05:00+00:00
[2023-03-01 12:47:04,551] {python.py:118} INFO - Done. Returned value was: None
[2023-03-01 12:47:04,602] {taskinstance.py:1192} INFO - Marking task as SUCCESS. dag_id=with_python_operator, task_id=get_age, execution_date=20221112T060500, start_date=20230301T124703, end_date=20230301T124704
[2023-03-01 12:47:05,190] {taskinstance.py:1246} INFO - 0 downstream tasks scheduled from follow-on schedule check
[2023-03-01 12:47:05,522] {local_task_job.py:146} INFO - Task exited with return code 0
