[2023-03-01 12:37:33,578] {taskinstance.py:877} INFO - Dependencies all met for <TaskInstance: with_python_operator.greet 2022-11-01T06:05:00+00:00 [queued]>
[2023-03-01 12:37:33,678] {taskinstance.py:877} INFO - Dependencies all met for <TaskInstance: with_python_operator.greet 2022-11-01T06:05:00+00:00 [queued]>
[2023-03-01 12:37:33,680] {taskinstance.py:1068} INFO - 
--------------------------------------------------------------------------------
[2023-03-01 12:37:33,681] {taskinstance.py:1069} INFO - Starting attempt 1 of 2
[2023-03-01 12:37:33,683] {taskinstance.py:1070} INFO - 
--------------------------------------------------------------------------------
[2023-03-01 12:37:33,789] {taskinstance.py:1089} INFO - Executing <Task(PythonOperator): greet> on 2022-11-01T06:05:00+00:00
[2023-03-01 12:37:33,803] {standard_task_runner.py:52} INFO - Started process 9711 to run task
[2023-03-01 12:37:33,858] {standard_task_runner.py:76} INFO - Running: ['airflow', 'tasks', 'run', 'with_python_operator', 'greet', '2022-11-01T06:05:00+00:00', '--job-id', '2222', '--pool', 'default_pool', '--raw', '--subdir', 'DAGS_FOLDER/02_python_operator.py', '--cfg-path', '/tmp/tmpkqn6_qap', '--error-file', '/tmp/tmpmew1__l2']
[2023-03-01 12:37:33,878] {standard_task_runner.py:77} INFO - Job 2222: Subtask greet
[2023-03-01 12:37:34,494] {logging_mixin.py:104} INFO - Running <TaskInstance: with_python_operator.greet 2022-11-01T06:05:00+00:00 [running]> on host abe4c4997ef7
[2023-03-01 12:37:34,983] {taskinstance.py:1283} INFO - Exporting the following env vars:
AIRFLOW_CTX_DAG_OWNER=dataheroes
AIRFLOW_CTX_DAG_ID=with_python_operator
AIRFLOW_CTX_TASK_ID=greet
AIRFLOW_CTX_EXECUTION_DATE=2022-11-01T06:05:00+00:00
AIRFLOW_CTX_DAG_RUN_ID=scheduled__2022-11-01T06:05:00+00:00
[2023-03-01 12:37:34,993] {logging_mixin.py:104} INFO - some dict:  {'a': 1, 'b': 2}
[2023-03-01 12:37:35,223] {logging_mixin.py:104} INFO - Hello World! My name is Reza Primasatya, and I am 17 years old!
[2023-03-01 12:37:35,227] {python.py:118} INFO - Done. Returned value was: None
[2023-03-01 12:37:35,375] {taskinstance.py:1192} INFO - Marking task as SUCCESS. dag_id=with_python_operator, task_id=greet, execution_date=20221101T060500, start_date=20230301T123733, end_date=20230301T123735
[2023-03-01 12:37:35,738] {taskinstance.py:1246} INFO - 0 downstream tasks scheduled from follow-on schedule check
[2023-03-01 12:37:35,807] {local_task_job.py:146} INFO - Task exited with return code 0
