[2023-03-01 12:40:28,875] {taskinstance.py:877} INFO - Dependencies all met for <TaskInstance: with_python_operator.get_name 2022-11-04T19:05:00+00:00 [queued]>
[2023-03-01 12:40:29,137] {taskinstance.py:877} INFO - Dependencies all met for <TaskInstance: with_python_operator.get_name 2022-11-04T19:05:00+00:00 [queued]>
[2023-03-01 12:40:29,139] {taskinstance.py:1068} INFO - 
--------------------------------------------------------------------------------
[2023-03-01 12:40:29,139] {taskinstance.py:1069} INFO - Starting attempt 1 of 2
[2023-03-01 12:40:29,140] {taskinstance.py:1070} INFO - 
--------------------------------------------------------------------------------
[2023-03-01 12:40:29,416] {taskinstance.py:1089} INFO - Executing <Task(PythonOperator): get_name> on 2022-11-04T19:05:00+00:00
[2023-03-01 12:40:29,451] {standard_task_runner.py:52} INFO - Started process 10681 to run task
[2023-03-01 12:40:29,497] {standard_task_runner.py:76} INFO - Running: ['airflow', 'tasks', 'run', 'with_python_operator', 'get_name', '2022-11-04T19:05:00+00:00', '--job-id', '2461', '--pool', 'default_pool', '--raw', '--subdir', 'DAGS_FOLDER/02_python_operator.py', '--cfg-path', '/tmp/tmp8vz1qdl6', '--error-file', '/tmp/tmpga8_j4l7']
[2023-03-01 12:40:29,520] {standard_task_runner.py:77} INFO - Job 2461: Subtask get_name
[2023-03-01 12:40:29,986] {logging_mixin.py:104} INFO - Running <TaskInstance: with_python_operator.get_name 2022-11-04T19:05:00+00:00 [running]> on host abe4c4997ef7
[2023-03-01 12:40:30,854] {taskinstance.py:1283} INFO - Exporting the following env vars:
AIRFLOW_CTX_DAG_OWNER=dataheroes
AIRFLOW_CTX_DAG_ID=with_python_operator
AIRFLOW_CTX_TASK_ID=get_name
AIRFLOW_CTX_EXECUTION_DATE=2022-11-04T19:05:00+00:00
AIRFLOW_CTX_DAG_RUN_ID=scheduled__2022-11-04T19:05:00+00:00
[2023-03-01 12:40:31,152] {python.py:118} INFO - Done. Returned value was: None
[2023-03-01 12:40:31,326] {taskinstance.py:1192} INFO - Marking task as SUCCESS. dag_id=with_python_operator, task_id=get_name, execution_date=20221104T190500, start_date=20230301T124028, end_date=20230301T124031
[2023-03-01 12:40:32,003] {taskinstance.py:1246} INFO - 1 downstream tasks scheduled from follow-on schedule check
[2023-03-01 12:40:32,120] {local_task_job.py:146} INFO - Task exited with return code 0
