[2023-03-01 12:25:46,595] {taskinstance.py:877} INFO - Dependencies all met for <TaskInstance: with_python_operator.get_name 2022-10-19T13:05:00+00:00 [queued]>
[2023-03-01 12:25:46,825] {taskinstance.py:877} INFO - Dependencies all met for <TaskInstance: with_python_operator.get_name 2022-10-19T13:05:00+00:00 [queued]>
[2023-03-01 12:25:46,830] {taskinstance.py:1068} INFO - 
--------------------------------------------------------------------------------
[2023-03-01 12:25:46,832] {taskinstance.py:1069} INFO - Starting attempt 1 of 2
[2023-03-01 12:25:46,833] {taskinstance.py:1070} INFO - 
--------------------------------------------------------------------------------
[2023-03-01 12:25:46,953] {taskinstance.py:1089} INFO - Executing <Task(PythonOperator): get_name> on 2022-10-19T13:05:00+00:00
[2023-03-01 12:25:46,989] {standard_task_runner.py:76} INFO - Running: ['airflow', 'tasks', 'run', 'with_python_operator', 'get_name', '2022-10-19T13:05:00+00:00', '--job-id', '1293', '--pool', 'default_pool', '--raw', '--subdir', 'DAGS_FOLDER/02_python_operator.py', '--cfg-path', '/tmp/tmpvljx8iw6', '--error-file', '/tmp/tmpth847ve8']
[2023-03-01 12:25:46,993] {standard_task_runner.py:77} INFO - Job 1293: Subtask get_name
[2023-03-01 12:25:46,960] {standard_task_runner.py:52} INFO - Started process 6003 to run task
[2023-03-01 12:25:47,561] {logging_mixin.py:104} INFO - Running <TaskInstance: with_python_operator.get_name 2022-10-19T13:05:00+00:00 [running]> on host abe4c4997ef7
[2023-03-01 12:25:48,355] {taskinstance.py:1283} INFO - Exporting the following env vars:
AIRFLOW_CTX_DAG_OWNER=dataheroes
AIRFLOW_CTX_DAG_ID=with_python_operator
AIRFLOW_CTX_TASK_ID=get_name
AIRFLOW_CTX_EXECUTION_DATE=2022-10-19T13:05:00+00:00
AIRFLOW_CTX_DAG_RUN_ID=scheduled__2022-10-19T13:05:00+00:00
[2023-03-01 12:25:48,591] {python.py:118} INFO - Done. Returned value was: None
[2023-03-01 12:25:48,745] {taskinstance.py:1192} INFO - Marking task as SUCCESS. dag_id=with_python_operator, task_id=get_name, execution_date=20221019T130500, start_date=20230301T122546, end_date=20230301T122548
[2023-03-01 12:25:49,598] {taskinstance.py:1246} INFO - 0 downstream tasks scheduled from follow-on schedule check
[2023-03-01 12:25:49,767] {local_task_job.py:146} INFO - Task exited with return code 0
