[2023-03-01 12:48:36,725] {taskinstance.py:877} INFO - Dependencies all met for <TaskInstance: with_python_operator.get_name 2022-11-13T17:05:00+00:00 [queued]>
[2023-03-01 12:48:36,832] {taskinstance.py:877} INFO - Dependencies all met for <TaskInstance: with_python_operator.get_name 2022-11-13T17:05:00+00:00 [queued]>
[2023-03-01 12:48:36,834] {taskinstance.py:1068} INFO - 
--------------------------------------------------------------------------------
[2023-03-01 12:48:36,836] {taskinstance.py:1069} INFO - Starting attempt 1 of 2
[2023-03-01 12:48:36,837] {taskinstance.py:1070} INFO - 
--------------------------------------------------------------------------------
[2023-03-01 12:48:36,943] {taskinstance.py:1089} INFO - Executing <Task(PythonOperator): get_name> on 2022-11-13T17:05:00+00:00
[2023-03-01 12:48:36,960] {standard_task_runner.py:52} INFO - Started process 13249 to run task
[2023-03-01 12:48:37,034] {standard_task_runner.py:76} INFO - Running: ['airflow', 'tasks', 'run', 'with_python_operator', 'get_name', '2022-11-13T17:05:00+00:00', '--job-id', '3106', '--pool', 'default_pool', '--raw', '--subdir', 'DAGS_FOLDER/02_python_operator.py', '--cfg-path', '/tmp/tmpk158iajd', '--error-file', '/tmp/tmphh1d2hds']
[2023-03-01 12:48:37,038] {standard_task_runner.py:77} INFO - Job 3106: Subtask get_name
[2023-03-01 12:48:37,465] {logging_mixin.py:104} INFO - Running <TaskInstance: with_python_operator.get_name 2022-11-13T17:05:00+00:00 [running]> on host abe4c4997ef7
[2023-03-01 12:48:37,775] {taskinstance.py:1283} INFO - Exporting the following env vars:
AIRFLOW_CTX_DAG_OWNER=dataheroes
AIRFLOW_CTX_DAG_ID=with_python_operator
AIRFLOW_CTX_TASK_ID=get_name
AIRFLOW_CTX_EXECUTION_DATE=2022-11-13T17:05:00+00:00
AIRFLOW_CTX_DAG_RUN_ID=scheduled__2022-11-13T17:05:00+00:00
[2023-03-01 12:48:37,910] {python.py:118} INFO - Done. Returned value was: None
[2023-03-01 12:48:37,970] {taskinstance.py:1192} INFO - Marking task as SUCCESS. dag_id=with_python_operator, task_id=get_name, execution_date=20221113T170500, start_date=20230301T124836, end_date=20230301T124837
[2023-03-01 12:48:38,241] {taskinstance.py:1246} INFO - 1 downstream tasks scheduled from follow-on schedule check
[2023-03-01 12:48:38,408] {local_task_job.py:146} INFO - Task exited with return code 0
