[2023-03-01 13:00:58,591] {taskinstance.py:877} INFO - Dependencies all met for <TaskInstance: with_python_operator.greet 2022-11-27T17:05:00+00:00 [queued]>
[2023-03-01 13:00:58,749] {taskinstance.py:877} INFO - Dependencies all met for <TaskInstance: with_python_operator.greet 2022-11-27T17:05:00+00:00 [queued]>
[2023-03-01 13:00:58,763] {taskinstance.py:1068} INFO - 
--------------------------------------------------------------------------------
[2023-03-01 13:00:58,764] {taskinstance.py:1069} INFO - Starting attempt 1 of 2
[2023-03-01 13:00:58,767] {taskinstance.py:1070} INFO - 
--------------------------------------------------------------------------------
[2023-03-01 13:00:58,924] {taskinstance.py:1089} INFO - Executing <Task(PythonOperator): greet> on 2022-11-27T17:05:00+00:00
[2023-03-01 13:00:59,002] {standard_task_runner.py:76} INFO - Running: ['airflow', 'tasks', 'run', 'with_python_operator', 'greet', '2022-11-27T17:05:00+00:00', '--job-id', '4125', '--pool', 'default_pool', '--raw', '--subdir', 'DAGS_FOLDER/02_python_operator.py', '--cfg-path', '/tmp/tmpp9kntsb0', '--error-file', '/tmp/tmp6e74yrpu']
[2023-03-01 13:00:58,945] {standard_task_runner.py:52} INFO - Started process 17333 to run task
[2023-03-01 13:00:59,011] {standard_task_runner.py:77} INFO - Job 4125: Subtask greet
[2023-03-01 13:00:59,536] {logging_mixin.py:104} INFO - Running <TaskInstance: with_python_operator.greet 2022-11-27T17:05:00+00:00 [running]> on host abe4c4997ef7
[2023-03-01 13:01:00,389] {taskinstance.py:1283} INFO - Exporting the following env vars:
AIRFLOW_CTX_DAG_OWNER=dataheroes
AIRFLOW_CTX_DAG_ID=with_python_operator
AIRFLOW_CTX_TASK_ID=greet
AIRFLOW_CTX_EXECUTION_DATE=2022-11-27T17:05:00+00:00
AIRFLOW_CTX_DAG_RUN_ID=scheduled__2022-11-27T17:05:00+00:00
[2023-03-01 13:01:00,417] {logging_mixin.py:104} INFO - some dict:  {'a': 1, 'b': 2}
[2023-03-01 13:01:00,685] {logging_mixin.py:104} INFO - Hello World! My name is Reza Primasatya, and I am 17 years old!
[2023-03-01 13:01:00,690] {python.py:118} INFO - Done. Returned value was: None
[2023-03-01 13:01:00,972] {taskinstance.py:1192} INFO - Marking task as SUCCESS. dag_id=with_python_operator, task_id=greet, execution_date=20221127T170500, start_date=20230301T130058, end_date=20230301T130100
[2023-03-01 13:01:01,591] {taskinstance.py:1246} INFO - 0 downstream tasks scheduled from follow-on schedule check
[2023-03-01 13:01:01,658] {local_task_job.py:146} INFO - Task exited with return code 0
