[2023-03-01 12:52:41,166] {taskinstance.py:877} INFO - Dependencies all met for <TaskInstance: with_python_operator.get_age 2022-11-18T09:05:00+00:00 [queued]>
[2023-03-01 12:52:41,319] {taskinstance.py:877} INFO - Dependencies all met for <TaskInstance: with_python_operator.get_age 2022-11-18T09:05:00+00:00 [queued]>
[2023-03-01 12:52:41,320] {taskinstance.py:1068} INFO - 
--------------------------------------------------------------------------------
[2023-03-01 12:52:41,321] {taskinstance.py:1069} INFO - Starting attempt 1 of 2
[2023-03-01 12:52:41,322] {taskinstance.py:1070} INFO - 
--------------------------------------------------------------------------------
[2023-03-01 12:52:41,418] {taskinstance.py:1089} INFO - Executing <Task(PythonOperator): get_age> on 2022-11-18T09:05:00+00:00
[2023-03-01 12:52:41,428] {standard_task_runner.py:52} INFO - Started process 14595 to run task
[2023-03-01 12:52:41,454] {standard_task_runner.py:76} INFO - Running: ['airflow', 'tasks', 'run', 'with_python_operator', 'get_age', '2022-11-18T09:05:00+00:00', '--job-id', '3442', '--pool', 'default_pool', '--raw', '--subdir', 'DAGS_FOLDER/02_python_operator.py', '--cfg-path', '/tmp/tmpp9lsp_t2', '--error-file', '/tmp/tmp4sdfadui']
[2023-03-01 12:52:41,459] {standard_task_runner.py:77} INFO - Job 3442: Subtask get_age
[2023-03-01 12:52:41,788] {logging_mixin.py:104} INFO - Running <TaskInstance: with_python_operator.get_age 2022-11-18T09:05:00+00:00 [running]> on host abe4c4997ef7
[2023-03-01 12:52:42,277] {taskinstance.py:1283} INFO - Exporting the following env vars:
AIRFLOW_CTX_DAG_OWNER=dataheroes
AIRFLOW_CTX_DAG_ID=with_python_operator
AIRFLOW_CTX_TASK_ID=get_age
AIRFLOW_CTX_EXECUTION_DATE=2022-11-18T09:05:00+00:00
AIRFLOW_CTX_DAG_RUN_ID=scheduled__2022-11-18T09:05:00+00:00
[2023-03-01 12:52:42,422] {python.py:118} INFO - Done. Returned value was: None
[2023-03-01 12:52:42,534] {taskinstance.py:1192} INFO - Marking task as SUCCESS. dag_id=with_python_operator, task_id=get_age, execution_date=20221118T090500, start_date=20230301T125241, end_date=20230301T125242
[2023-03-01 12:52:42,927] {taskinstance.py:1246} INFO - 0 downstream tasks scheduled from follow-on schedule check
[2023-03-01 12:52:43,094] {local_task_job.py:146} INFO - Task exited with return code 0
