[2023-03-01 12:53:57,843] {taskinstance.py:877} INFO - Dependencies all met for <TaskInstance: with_python_operator.greet 2022-11-19T16:05:00+00:00 [queued]>
[2023-03-01 12:53:58,041] {taskinstance.py:877} INFO - Dependencies all met for <TaskInstance: with_python_operator.greet 2022-11-19T16:05:00+00:00 [queued]>
[2023-03-01 12:53:58,046] {taskinstance.py:1068} INFO - 
--------------------------------------------------------------------------------
[2023-03-01 12:53:58,055] {taskinstance.py:1069} INFO - Starting attempt 1 of 2
[2023-03-01 12:53:58,058] {taskinstance.py:1070} INFO - 
--------------------------------------------------------------------------------
[2023-03-01 12:53:58,272] {taskinstance.py:1089} INFO - Executing <Task(PythonOperator): greet> on 2022-11-19T16:05:00+00:00
[2023-03-01 12:53:58,311] {standard_task_runner.py:52} INFO - Started process 15036 to run task
[2023-03-01 12:53:58,386] {standard_task_runner.py:76} INFO - Running: ['airflow', 'tasks', 'run', 'with_python_operator', 'greet', '2022-11-19T16:05:00+00:00', '--job-id', '3550', '--pool', 'default_pool', '--raw', '--subdir', 'DAGS_FOLDER/02_python_operator.py', '--cfg-path', '/tmp/tmpt_rk9dv5', '--error-file', '/tmp/tmp8amm74j2']
[2023-03-01 12:53:58,392] {standard_task_runner.py:77} INFO - Job 3550: Subtask greet
[2023-03-01 12:53:58,810] {logging_mixin.py:104} INFO - Running <TaskInstance: with_python_operator.greet 2022-11-19T16:05:00+00:00 [running]> on host abe4c4997ef7
[2023-03-01 12:53:59,124] {taskinstance.py:1283} INFO - Exporting the following env vars:
AIRFLOW_CTX_DAG_OWNER=dataheroes
AIRFLOW_CTX_DAG_ID=with_python_operator
AIRFLOW_CTX_TASK_ID=greet
AIRFLOW_CTX_EXECUTION_DATE=2022-11-19T16:05:00+00:00
AIRFLOW_CTX_DAG_RUN_ID=scheduled__2022-11-19T16:05:00+00:00
[2023-03-01 12:53:59,130] {logging_mixin.py:104} INFO - some dict:  {'a': 1, 'b': 2}
[2023-03-01 12:53:59,357] {logging_mixin.py:104} INFO - Hello World! My name is Reza Primasatya, and I am 17 years old!
[2023-03-01 12:53:59,362] {python.py:118} INFO - Done. Returned value was: None
[2023-03-01 12:53:59,581] {taskinstance.py:1192} INFO - Marking task as SUCCESS. dag_id=with_python_operator, task_id=greet, execution_date=20221119T160500, start_date=20230301T125357, end_date=20230301T125359
[2023-03-01 12:53:59,960] {taskinstance.py:1246} INFO - 0 downstream tasks scheduled from follow-on schedule check
[2023-03-01 12:54:00,015] {local_task_job.py:146} INFO - Task exited with return code 0
