[2023-03-01 12:39:36,923] {taskinstance.py:877} INFO - Dependencies all met for <TaskInstance: with_python_operator.get_name 2022-11-03T21:05:00+00:00 [queued]>
[2023-03-01 12:39:37,163] {taskinstance.py:877} INFO - Dependencies all met for <TaskInstance: with_python_operator.get_name 2022-11-03T21:05:00+00:00 [queued]>
[2023-03-01 12:39:37,165] {taskinstance.py:1068} INFO - 
--------------------------------------------------------------------------------
[2023-03-01 12:39:37,165] {taskinstance.py:1069} INFO - Starting attempt 1 of 2
[2023-03-01 12:39:37,167] {taskinstance.py:1070} INFO - 
--------------------------------------------------------------------------------
[2023-03-01 12:39:37,237] {taskinstance.py:1089} INFO - Executing <Task(PythonOperator): get_name> on 2022-11-03T21:05:00+00:00
[2023-03-01 12:39:37,251] {standard_task_runner.py:52} INFO - Started process 10413 to run task
[2023-03-01 12:39:37,319] {standard_task_runner.py:76} INFO - Running: ['airflow', 'tasks', 'run', 'with_python_operator', 'get_name', '2022-11-03T21:05:00+00:00', '--job-id', '2395', '--pool', 'default_pool', '--raw', '--subdir', 'DAGS_FOLDER/02_python_operator.py', '--cfg-path', '/tmp/tmpgphy1k6z', '--error-file', '/tmp/tmpcxrlcwxi']
[2023-03-01 12:39:37,327] {standard_task_runner.py:77} INFO - Job 2395: Subtask get_name
[2023-03-01 12:39:37,962] {logging_mixin.py:104} INFO - Running <TaskInstance: with_python_operator.get_name 2022-11-03T21:05:00+00:00 [running]> on host abe4c4997ef7
[2023-03-01 12:39:38,544] {taskinstance.py:1283} INFO - Exporting the following env vars:
AIRFLOW_CTX_DAG_OWNER=dataheroes
AIRFLOW_CTX_DAG_ID=with_python_operator
AIRFLOW_CTX_TASK_ID=get_name
AIRFLOW_CTX_EXECUTION_DATE=2022-11-03T21:05:00+00:00
AIRFLOW_CTX_DAG_RUN_ID=scheduled__2022-11-03T21:05:00+00:00
[2023-03-01 12:39:38,697] {python.py:118} INFO - Done. Returned value was: None
[2023-03-01 12:39:38,776] {taskinstance.py:1192} INFO - Marking task as SUCCESS. dag_id=with_python_operator, task_id=get_name, execution_date=20221103T210500, start_date=20230301T123936, end_date=20230301T123938
[2023-03-01 12:39:39,365] {taskinstance.py:1246} INFO - 1 downstream tasks scheduled from follow-on schedule check
[2023-03-01 12:39:39,536] {local_task_job.py:146} INFO - Task exited with return code 0
