[2023-03-01 13:13:50,261] {taskinstance.py:877} INFO - Dependencies all met for <TaskInstance: with_python_operator.greet 2022-12-12T22:05:00+00:00 [queued]>
[2023-03-01 13:13:50,454] {taskinstance.py:877} INFO - Dependencies all met for <TaskInstance: with_python_operator.greet 2022-12-12T22:05:00+00:00 [queued]>
[2023-03-01 13:13:50,462] {taskinstance.py:1068} INFO - 
--------------------------------------------------------------------------------
[2023-03-01 13:13:50,468] {taskinstance.py:1069} INFO - Starting attempt 1 of 2
[2023-03-01 13:13:50,473] {taskinstance.py:1070} INFO - 
--------------------------------------------------------------------------------
[2023-03-01 13:13:50,626] {taskinstance.py:1089} INFO - Executing <Task(PythonOperator): greet> on 2022-12-12T22:05:00+00:00
[2023-03-01 13:13:50,647] {standard_task_runner.py:52} INFO - Started process 21783 to run task
[2023-03-01 13:13:50,706] {standard_task_runner.py:76} INFO - Running: ['airflow', 'tasks', 'run', 'with_python_operator', 'greet', '2022-12-12T22:05:00+00:00', '--job-id', '5232', '--pool', 'default_pool', '--raw', '--subdir', 'DAGS_FOLDER/02_python_operator.py', '--cfg-path', '/tmp/tmpejo186ar', '--error-file', '/tmp/tmpj42x6bdx']
[2023-03-01 13:13:50,714] {standard_task_runner.py:77} INFO - Job 5232: Subtask greet
[2023-03-01 13:13:51,111] {logging_mixin.py:104} INFO - Running <TaskInstance: with_python_operator.greet 2022-12-12T22:05:00+00:00 [running]> on host abe4c4997ef7
[2023-03-01 13:13:51,833] {taskinstance.py:1283} INFO - Exporting the following env vars:
AIRFLOW_CTX_DAG_OWNER=dataheroes
AIRFLOW_CTX_DAG_ID=with_python_operator
AIRFLOW_CTX_TASK_ID=greet
AIRFLOW_CTX_EXECUTION_DATE=2022-12-12T22:05:00+00:00
AIRFLOW_CTX_DAG_RUN_ID=scheduled__2022-12-12T22:05:00+00:00
[2023-03-01 13:13:51,843] {logging_mixin.py:104} INFO - some dict:  {'a': 1, 'b': 2}
[2023-03-01 13:13:52,034] {logging_mixin.py:104} INFO - Hello World! My name is Reza Primasatya, and I am 17 years old!
[2023-03-01 13:13:52,039] {python.py:118} INFO - Done. Returned value was: None
[2023-03-01 13:13:52,150] {taskinstance.py:1192} INFO - Marking task as SUCCESS. dag_id=with_python_operator, task_id=greet, execution_date=20221212T220500, start_date=20230301T131350, end_date=20230301T131352
[2023-03-01 13:13:52,533] {taskinstance.py:1246} INFO - 0 downstream tasks scheduled from follow-on schedule check
[2023-03-01 13:13:52,644] {local_task_job.py:146} INFO - Task exited with return code 0
