[2023-03-01 12:19:48,590] {taskinstance.py:877} INFO - Dependencies all met for <TaskInstance: with_python_operator.get_name 2022-10-13T14:05:00+00:00 [queued]>
[2023-03-01 12:19:48,876] {taskinstance.py:877} INFO - Dependencies all met for <TaskInstance: with_python_operator.get_name 2022-10-13T14:05:00+00:00 [queued]>
[2023-03-01 12:19:48,886] {taskinstance.py:1068} INFO - 
--------------------------------------------------------------------------------
[2023-03-01 12:19:48,891] {taskinstance.py:1069} INFO - Starting attempt 1 of 2
[2023-03-01 12:19:48,892] {taskinstance.py:1070} INFO - 
--------------------------------------------------------------------------------
[2023-03-01 12:19:49,050] {taskinstance.py:1089} INFO - Executing <Task(PythonOperator): get_name> on 2022-10-13T14:05:00+00:00
[2023-03-01 12:19:49,089] {standard_task_runner.py:52} INFO - Started process 4283 to run task
[2023-03-01 12:19:49,164] {standard_task_runner.py:76} INFO - Running: ['airflow', 'tasks', 'run', 'with_python_operator', 'get_name', '2022-10-13T14:05:00+00:00', '--job-id', '862', '--pool', 'default_pool', '--raw', '--subdir', 'DAGS_FOLDER/02_python_operator.py', '--cfg-path', '/tmp/tmp3g3iouvj', '--error-file', '/tmp/tmp8b058_i6']
[2023-03-01 12:19:49,174] {standard_task_runner.py:77} INFO - Job 862: Subtask get_name
[2023-03-01 12:19:49,955] {logging_mixin.py:104} INFO - Running <TaskInstance: with_python_operator.get_name 2022-10-13T14:05:00+00:00 [running]> on host abe4c4997ef7
[2023-03-01 12:19:50,696] {taskinstance.py:1283} INFO - Exporting the following env vars:
AIRFLOW_CTX_DAG_OWNER=dataheroes
AIRFLOW_CTX_DAG_ID=with_python_operator
AIRFLOW_CTX_TASK_ID=get_name
AIRFLOW_CTX_EXECUTION_DATE=2022-10-13T14:05:00+00:00
AIRFLOW_CTX_DAG_RUN_ID=scheduled__2022-10-13T14:05:00+00:00
[2023-03-01 12:19:50,984] {python.py:118} INFO - Done. Returned value was: None
[2023-03-01 12:19:51,162] {taskinstance.py:1192} INFO - Marking task as SUCCESS. dag_id=with_python_operator, task_id=get_name, execution_date=20221013T140500, start_date=20230301T121948, end_date=20230301T121951
[2023-03-01 12:19:51,813] {taskinstance.py:1246} INFO - 1 downstream tasks scheduled from follow-on schedule check
[2023-03-01 12:19:52,065] {local_task_job.py:146} INFO - Task exited with return code 0
