[2023-03-01 12:36:24,446] {taskinstance.py:877} INFO - Dependencies all met for <TaskInstance: with_python_operator.get_age 2022-10-31T03:05:00+00:00 [queued]>
[2023-03-01 12:36:24,638] {taskinstance.py:877} INFO - Dependencies all met for <TaskInstance: with_python_operator.get_age 2022-10-31T03:05:00+00:00 [queued]>
[2023-03-01 12:36:24,639] {taskinstance.py:1068} INFO - 
--------------------------------------------------------------------------------
[2023-03-01 12:36:24,640] {taskinstance.py:1069} INFO - Starting attempt 1 of 2
[2023-03-01 12:36:24,642] {taskinstance.py:1070} INFO - 
--------------------------------------------------------------------------------
[2023-03-01 12:36:24,781] {taskinstance.py:1089} INFO - Executing <Task(PythonOperator): get_age> on 2022-10-31T03:05:00+00:00
[2023-03-01 12:36:24,833] {standard_task_runner.py:76} INFO - Running: ['airflow', 'tasks', 'run', 'with_python_operator', 'get_age', '2022-10-31T03:05:00+00:00', '--job-id', '2125', '--pool', 'default_pool', '--raw', '--subdir', 'DAGS_FOLDER/02_python_operator.py', '--cfg-path', '/tmp/tmpv_5e2j_g', '--error-file', '/tmp/tmp0pnlflb4']
[2023-03-01 12:36:24,841] {standard_task_runner.py:77} INFO - Job 2125: Subtask get_age
[2023-03-01 12:36:24,802] {standard_task_runner.py:52} INFO - Started process 9329 to run task
[2023-03-01 12:36:25,619] {logging_mixin.py:104} INFO - Running <TaskInstance: with_python_operator.get_age 2022-10-31T03:05:00+00:00 [running]> on host abe4c4997ef7
[2023-03-01 12:36:26,271] {taskinstance.py:1283} INFO - Exporting the following env vars:
AIRFLOW_CTX_DAG_OWNER=dataheroes
AIRFLOW_CTX_DAG_ID=with_python_operator
AIRFLOW_CTX_TASK_ID=get_age
AIRFLOW_CTX_EXECUTION_DATE=2022-10-31T03:05:00+00:00
AIRFLOW_CTX_DAG_RUN_ID=scheduled__2022-10-31T03:05:00+00:00
[2023-03-01 12:36:26,384] {python.py:118} INFO - Done. Returned value was: None
[2023-03-01 12:36:26,484] {taskinstance.py:1192} INFO - Marking task as SUCCESS. dag_id=with_python_operator, task_id=get_age, execution_date=20221031T030500, start_date=20230301T123624, end_date=20230301T123626
[2023-03-01 12:36:27,056] {taskinstance.py:1246} INFO - 0 downstream tasks scheduled from follow-on schedule check
[2023-03-01 12:36:27,144] {local_task_job.py:146} INFO - Task exited with return code 0
