[2023-03-01 12:58:30,907] {taskinstance.py:877} INFO - Dependencies all met for <TaskInstance: with_python_operator.greet 2022-11-25T04:05:00+00:00 [queued]>
[2023-03-01 12:58:30,997] {taskinstance.py:877} INFO - Dependencies all met for <TaskInstance: with_python_operator.greet 2022-11-25T04:05:00+00:00 [queued]>
[2023-03-01 12:58:31,002] {taskinstance.py:1068} INFO - 
--------------------------------------------------------------------------------
[2023-03-01 12:58:31,003] {taskinstance.py:1069} INFO - Starting attempt 1 of 2
[2023-03-01 12:58:31,004] {taskinstance.py:1070} INFO - 
--------------------------------------------------------------------------------
[2023-03-01 12:58:31,078] {taskinstance.py:1089} INFO - Executing <Task(PythonOperator): greet> on 2022-11-25T04:05:00+00:00
[2023-03-01 12:58:31,088] {standard_task_runner.py:52} INFO - Started process 16597 to run task
[2023-03-01 12:58:31,142] {standard_task_runner.py:76} INFO - Running: ['airflow', 'tasks', 'run', 'with_python_operator', 'greet', '2022-11-25T04:05:00+00:00', '--job-id', '3944', '--pool', 'default_pool', '--raw', '--subdir', 'DAGS_FOLDER/02_python_operator.py', '--cfg-path', '/tmp/tmp9aw6hx00', '--error-file', '/tmp/tmpmkep9rr1']
[2023-03-01 12:58:31,151] {standard_task_runner.py:77} INFO - Job 3944: Subtask greet
[2023-03-01 12:58:31,424] {logging_mixin.py:104} INFO - Running <TaskInstance: with_python_operator.greet 2022-11-25T04:05:00+00:00 [running]> on host abe4c4997ef7
[2023-03-01 12:58:31,676] {taskinstance.py:1283} INFO - Exporting the following env vars:
AIRFLOW_CTX_DAG_OWNER=dataheroes
AIRFLOW_CTX_DAG_ID=with_python_operator
AIRFLOW_CTX_TASK_ID=greet
AIRFLOW_CTX_EXECUTION_DATE=2022-11-25T04:05:00+00:00
AIRFLOW_CTX_DAG_RUN_ID=scheduled__2022-11-25T04:05:00+00:00
[2023-03-01 12:58:31,679] {logging_mixin.py:104} INFO - some dict:  {'a': 1, 'b': 2}
[2023-03-01 12:58:31,762] {logging_mixin.py:104} INFO - Hello World! My name is Reza Primasatya, and I am 17 years old!
[2023-03-01 12:58:31,766] {python.py:118} INFO - Done. Returned value was: None
[2023-03-01 12:58:31,820] {taskinstance.py:1192} INFO - Marking task as SUCCESS. dag_id=with_python_operator, task_id=greet, execution_date=20221125T040500, start_date=20230301T125830, end_date=20230301T125831
[2023-03-01 12:58:31,888] {taskinstance.py:1246} INFO - 0 downstream tasks scheduled from follow-on schedule check
[2023-03-01 12:58:31,941] {local_task_job.py:146} INFO - Task exited with return code 0
