[2023-03-01 12:53:17,527] {taskinstance.py:877} INFO - Dependencies all met for <TaskInstance: with_python_operator.get_age 2022-11-19T07:05:00+00:00 [queued]>
[2023-03-01 12:53:17,635] {taskinstance.py:877} INFO - Dependencies all met for <TaskInstance: with_python_operator.get_age 2022-11-19T07:05:00+00:00 [queued]>
[2023-03-01 12:53:17,637] {taskinstance.py:1068} INFO - 
--------------------------------------------------------------------------------
[2023-03-01 12:53:17,638] {taskinstance.py:1069} INFO - Starting attempt 1 of 2
[2023-03-01 12:53:17,640] {taskinstance.py:1070} INFO - 
--------------------------------------------------------------------------------
[2023-03-01 12:53:17,708] {taskinstance.py:1089} INFO - Executing <Task(PythonOperator): get_age> on 2022-11-19T07:05:00+00:00
[2023-03-01 12:53:17,719] {standard_task_runner.py:52} INFO - Started process 14839 to run task
[2023-03-01 12:53:17,756] {standard_task_runner.py:76} INFO - Running: ['airflow', 'tasks', 'run', 'with_python_operator', 'get_age', '2022-11-19T07:05:00+00:00', '--job-id', '3503', '--pool', 'default_pool', '--raw', '--subdir', 'DAGS_FOLDER/02_python_operator.py', '--cfg-path', '/tmp/tmpcsjq1jsz', '--error-file', '/tmp/tmp56632jcq']
[2023-03-01 12:53:17,759] {standard_task_runner.py:77} INFO - Job 3503: Subtask get_age
[2023-03-01 12:53:18,184] {logging_mixin.py:104} INFO - Running <TaskInstance: with_python_operator.get_age 2022-11-19T07:05:00+00:00 [running]> on host abe4c4997ef7
[2023-03-01 12:53:18,633] {taskinstance.py:1283} INFO - Exporting the following env vars:
AIRFLOW_CTX_DAG_OWNER=dataheroes
AIRFLOW_CTX_DAG_ID=with_python_operator
AIRFLOW_CTX_TASK_ID=get_age
AIRFLOW_CTX_EXECUTION_DATE=2022-11-19T07:05:00+00:00
AIRFLOW_CTX_DAG_RUN_ID=scheduled__2022-11-19T07:05:00+00:00
[2023-03-01 12:53:18,777] {python.py:118} INFO - Done. Returned value was: None
[2023-03-01 12:53:18,897] {taskinstance.py:1192} INFO - Marking task as SUCCESS. dag_id=with_python_operator, task_id=get_age, execution_date=20221119T070500, start_date=20230301T125317, end_date=20230301T125318
[2023-03-01 12:53:19,088] {taskinstance.py:1246} INFO - 1 downstream tasks scheduled from follow-on schedule check
[2023-03-01 12:53:19,178] {local_task_job.py:146} INFO - Task exited with return code 0
