[2023-03-01 12:39:15,992] {taskinstance.py:877} INFO - Dependencies all met for <TaskInstance: with_python_operator.greet 2022-11-03T03:05:00+00:00 [queued]>
[2023-03-01 12:39:16,207] {taskinstance.py:877} INFO - Dependencies all met for <TaskInstance: with_python_operator.greet 2022-11-03T03:05:00+00:00 [queued]>
[2023-03-01 12:39:16,212] {taskinstance.py:1068} INFO - 
--------------------------------------------------------------------------------
[2023-03-01 12:39:16,213] {taskinstance.py:1069} INFO - Starting attempt 1 of 2
[2023-03-01 12:39:16,223] {taskinstance.py:1070} INFO - 
--------------------------------------------------------------------------------
[2023-03-01 12:39:16,377] {taskinstance.py:1089} INFO - Executing <Task(PythonOperator): greet> on 2022-11-03T03:05:00+00:00
[2023-03-01 12:39:16,398] {standard_task_runner.py:52} INFO - Started process 10249 to run task
[2023-03-01 12:39:16,470] {standard_task_runner.py:76} INFO - Running: ['airflow', 'tasks', 'run', 'with_python_operator', 'greet', '2022-11-03T03:05:00+00:00', '--job-id', '2355', '--pool', 'default_pool', '--raw', '--subdir', 'DAGS_FOLDER/02_python_operator.py', '--cfg-path', '/tmp/tmpg991ahkg', '--error-file', '/tmp/tmp1evtdn8u']
[2023-03-01 12:39:16,542] {standard_task_runner.py:77} INFO - Job 2355: Subtask greet
[2023-03-01 12:39:17,034] {logging_mixin.py:104} INFO - Running <TaskInstance: with_python_operator.greet 2022-11-03T03:05:00+00:00 [running]> on host abe4c4997ef7
[2023-03-01 12:39:17,301] {taskinstance.py:1283} INFO - Exporting the following env vars:
AIRFLOW_CTX_DAG_OWNER=dataheroes
AIRFLOW_CTX_DAG_ID=with_python_operator
AIRFLOW_CTX_TASK_ID=greet
AIRFLOW_CTX_EXECUTION_DATE=2022-11-03T03:05:00+00:00
AIRFLOW_CTX_DAG_RUN_ID=scheduled__2022-11-03T03:05:00+00:00
[2023-03-01 12:39:17,309] {logging_mixin.py:104} INFO - some dict:  {'a': 1, 'b': 2}
[2023-03-01 12:39:17,462] {logging_mixin.py:104} INFO - Hello World! My name is Reza Primasatya, and I am 17 years old!
[2023-03-01 12:39:17,466] {python.py:118} INFO - Done. Returned value was: None
[2023-03-01 12:39:17,588] {taskinstance.py:1192} INFO - Marking task as SUCCESS. dag_id=with_python_operator, task_id=greet, execution_date=20221103T030500, start_date=20230301T123916, end_date=20230301T123917
[2023-03-01 12:39:17,915] {taskinstance.py:1246} INFO - 0 downstream tasks scheduled from follow-on schedule check
[2023-03-01 12:39:17,996] {local_task_job.py:146} INFO - Task exited with return code 0
