[2023-03-01 12:34:12,824] {taskinstance.py:877} INFO - Dependencies all met for <TaskInstance: with_python_operator.greet 2022-10-28T08:05:00+00:00 [queued]>
[2023-03-01 12:34:12,897] {taskinstance.py:877} INFO - Dependencies all met for <TaskInstance: with_python_operator.greet 2022-10-28T08:05:00+00:00 [queued]>
[2023-03-01 12:34:12,898] {taskinstance.py:1068} INFO - 
--------------------------------------------------------------------------------
[2023-03-01 12:34:12,899] {taskinstance.py:1069} INFO - Starting attempt 1 of 2
[2023-03-01 12:34:12,900] {taskinstance.py:1070} INFO - 
--------------------------------------------------------------------------------
[2023-03-01 12:34:12,961] {taskinstance.py:1089} INFO - Executing <Task(PythonOperator): greet> on 2022-10-28T08:05:00+00:00
[2023-03-01 12:34:12,974] {standard_task_runner.py:52} INFO - Started process 8595 to run task
[2023-03-01 12:34:13,028] {standard_task_runner.py:76} INFO - Running: ['airflow', 'tasks', 'run', 'with_python_operator', 'greet', '2022-10-28T08:05:00+00:00', '--job-id', '1941', '--pool', 'default_pool', '--raw', '--subdir', 'DAGS_FOLDER/02_python_operator.py', '--cfg-path', '/tmp/tmpg8s65m9r', '--error-file', '/tmp/tmpxvtn4ree']
[2023-03-01 12:34:13,039] {standard_task_runner.py:77} INFO - Job 1941: Subtask greet
[2023-03-01 12:34:13,635] {logging_mixin.py:104} INFO - Running <TaskInstance: with_python_operator.greet 2022-10-28T08:05:00+00:00 [running]> on host abe4c4997ef7
[2023-03-01 12:34:14,215] {taskinstance.py:1283} INFO - Exporting the following env vars:
AIRFLOW_CTX_DAG_OWNER=dataheroes
AIRFLOW_CTX_DAG_ID=with_python_operator
AIRFLOW_CTX_TASK_ID=greet
AIRFLOW_CTX_EXECUTION_DATE=2022-10-28T08:05:00+00:00
AIRFLOW_CTX_DAG_RUN_ID=scheduled__2022-10-28T08:05:00+00:00
[2023-03-01 12:34:14,235] {logging_mixin.py:104} INFO - some dict:  {'a': 1, 'b': 2}
[2023-03-01 12:34:14,463] {logging_mixin.py:104} INFO - Hello World! My name is Reza Primasatya, and I am 17 years old!
[2023-03-01 12:34:14,472] {python.py:118} INFO - Done. Returned value was: None
[2023-03-01 12:34:14,651] {taskinstance.py:1192} INFO - Marking task as SUCCESS. dag_id=with_python_operator, task_id=greet, execution_date=20221028T080500, start_date=20230301T123412, end_date=20230301T123414
[2023-03-01 12:34:15,155] {taskinstance.py:1246} INFO - 0 downstream tasks scheduled from follow-on schedule check
[2023-03-01 12:34:15,324] {local_task_job.py:146} INFO - Task exited with return code 0
