[2023-03-01 13:02:58,735] {taskinstance.py:877} INFO - Dependencies all met for <TaskInstance: with_python_operator.get_name 2022-11-30T14:05:00+00:00 [queued]>
[2023-03-01 13:02:58,920] {taskinstance.py:877} INFO - Dependencies all met for <TaskInstance: with_python_operator.get_name 2022-11-30T14:05:00+00:00 [queued]>
[2023-03-01 13:02:58,936] {taskinstance.py:1068} INFO - 
--------------------------------------------------------------------------------
[2023-03-01 13:02:58,937] {taskinstance.py:1069} INFO - Starting attempt 1 of 2
[2023-03-01 13:02:58,938] {taskinstance.py:1070} INFO - 
--------------------------------------------------------------------------------
[2023-03-01 13:02:59,003] {taskinstance.py:1089} INFO - Executing <Task(PythonOperator): get_name> on 2022-11-30T14:05:00+00:00
[2023-03-01 13:02:59,026] {standard_task_runner.py:52} INFO - Started process 18128 to run task
[2023-03-01 13:02:59,051] {standard_task_runner.py:76} INFO - Running: ['airflow', 'tasks', 'run', 'with_python_operator', 'get_name', '2022-11-30T14:05:00+00:00', '--job-id', '4322', '--pool', 'default_pool', '--raw', '--subdir', 'DAGS_FOLDER/02_python_operator.py', '--cfg-path', '/tmp/tmp46ngm5zi', '--error-file', '/tmp/tmp43dy6bfb']
[2023-03-01 13:02:59,061] {standard_task_runner.py:77} INFO - Job 4322: Subtask get_name
[2023-03-01 13:02:59,459] {logging_mixin.py:104} INFO - Running <TaskInstance: with_python_operator.get_name 2022-11-30T14:05:00+00:00 [running]> on host abe4c4997ef7
[2023-03-01 13:02:59,795] {taskinstance.py:1283} INFO - Exporting the following env vars:
AIRFLOW_CTX_DAG_OWNER=dataheroes
AIRFLOW_CTX_DAG_ID=with_python_operator
AIRFLOW_CTX_TASK_ID=get_name
AIRFLOW_CTX_EXECUTION_DATE=2022-11-30T14:05:00+00:00
AIRFLOW_CTX_DAG_RUN_ID=scheduled__2022-11-30T14:05:00+00:00
[2023-03-01 13:03:00,018] {python.py:118} INFO - Done. Returned value was: None
[2023-03-01 13:03:00,135] {taskinstance.py:1192} INFO - Marking task as SUCCESS. dag_id=with_python_operator, task_id=get_name, execution_date=20221130T140500, start_date=20230301T130258, end_date=20230301T130300
[2023-03-01 13:03:00,470] {taskinstance.py:1246} INFO - 1 downstream tasks scheduled from follow-on schedule check
[2023-03-01 13:03:00,554] {local_task_job.py:146} INFO - Task exited with return code 0
