[2023-03-01 13:01:05,355] {taskinstance.py:877} INFO - Dependencies all met for <TaskInstance: with_python_operator.get_age 2022-11-28T01:05:00+00:00 [queued]>
[2023-03-01 13:01:05,622] {taskinstance.py:877} INFO - Dependencies all met for <TaskInstance: with_python_operator.get_age 2022-11-28T01:05:00+00:00 [queued]>
[2023-03-01 13:01:05,634] {taskinstance.py:1068} INFO - 
--------------------------------------------------------------------------------
[2023-03-01 13:01:05,641] {taskinstance.py:1069} INFO - Starting attempt 1 of 2
[2023-03-01 13:01:05,643] {taskinstance.py:1070} INFO - 
--------------------------------------------------------------------------------
[2023-03-01 13:01:05,845] {taskinstance.py:1089} INFO - Executing <Task(PythonOperator): get_age> on 2022-11-28T01:05:00+00:00
[2023-03-01 13:01:05,904] {standard_task_runner.py:76} INFO - Running: ['airflow', 'tasks', 'run', 'with_python_operator', 'get_age', '2022-11-28T01:05:00+00:00', '--job-id', '4137', '--pool', 'default_pool', '--raw', '--subdir', 'DAGS_FOLDER/02_python_operator.py', '--cfg-path', '/tmp/tmpkpdt43m2', '--error-file', '/tmp/tmpdafey4xg']
[2023-03-01 13:01:05,906] {standard_task_runner.py:77} INFO - Job 4137: Subtask get_age
[2023-03-01 13:01:05,869] {standard_task_runner.py:52} INFO - Started process 17383 to run task
[2023-03-01 13:01:06,559] {logging_mixin.py:104} INFO - Running <TaskInstance: with_python_operator.get_age 2022-11-28T01:05:00+00:00 [running]> on host abe4c4997ef7
[2023-03-01 13:01:07,187] {taskinstance.py:1283} INFO - Exporting the following env vars:
AIRFLOW_CTX_DAG_OWNER=dataheroes
AIRFLOW_CTX_DAG_ID=with_python_operator
AIRFLOW_CTX_TASK_ID=get_age
AIRFLOW_CTX_EXECUTION_DATE=2022-11-28T01:05:00+00:00
AIRFLOW_CTX_DAG_RUN_ID=scheduled__2022-11-28T01:05:00+00:00
[2023-03-01 13:01:07,362] {python.py:118} INFO - Done. Returned value was: None
[2023-03-01 13:01:07,456] {taskinstance.py:1192} INFO - Marking task as SUCCESS. dag_id=with_python_operator, task_id=get_age, execution_date=20221128T010500, start_date=20230301T130105, end_date=20230301T130107
[2023-03-01 13:01:07,683] {taskinstance.py:1246} INFO - 1 downstream tasks scheduled from follow-on schedule check
[2023-03-01 13:01:07,800] {local_task_job.py:146} INFO - Task exited with return code 0
