[2023-03-01 13:02:58,877] {taskinstance.py:877} INFO - Dependencies all met for <TaskInstance: with_python_operator.get_age 2022-11-30T14:05:00+00:00 [queued]>
[2023-03-01 13:02:59,091] {taskinstance.py:877} INFO - Dependencies all met for <TaskInstance: with_python_operator.get_age 2022-11-30T14:05:00+00:00 [queued]>
[2023-03-01 13:02:59,096] {taskinstance.py:1068} INFO - 
--------------------------------------------------------------------------------
[2023-03-01 13:02:59,107] {taskinstance.py:1069} INFO - Starting attempt 1 of 2
[2023-03-01 13:02:59,108] {taskinstance.py:1070} INFO - 
--------------------------------------------------------------------------------
[2023-03-01 13:02:59,193] {taskinstance.py:1089} INFO - Executing <Task(PythonOperator): get_age> on 2022-11-30T14:05:00+00:00
[2023-03-01 13:02:59,200] {standard_task_runner.py:52} INFO - Started process 18130 to run task
[2023-03-01 13:02:59,233] {standard_task_runner.py:76} INFO - Running: ['airflow', 'tasks', 'run', 'with_python_operator', 'get_age', '2022-11-30T14:05:00+00:00', '--job-id', '4323', '--pool', 'default_pool', '--raw', '--subdir', 'DAGS_FOLDER/02_python_operator.py', '--cfg-path', '/tmp/tmpjsa1hoxx', '--error-file', '/tmp/tmpgwtr7zzo']
[2023-03-01 13:02:59,234] {standard_task_runner.py:77} INFO - Job 4323: Subtask get_age
[2023-03-01 13:02:59,530] {logging_mixin.py:104} INFO - Running <TaskInstance: with_python_operator.get_age 2022-11-30T14:05:00+00:00 [running]> on host abe4c4997ef7
[2023-03-01 13:02:59,952] {taskinstance.py:1283} INFO - Exporting the following env vars:
AIRFLOW_CTX_DAG_OWNER=dataheroes
AIRFLOW_CTX_DAG_ID=with_python_operator
AIRFLOW_CTX_TASK_ID=get_age
AIRFLOW_CTX_EXECUTION_DATE=2022-11-30T14:05:00+00:00
AIRFLOW_CTX_DAG_RUN_ID=scheduled__2022-11-30T14:05:00+00:00
[2023-03-01 13:03:00,055] {python.py:118} INFO - Done. Returned value was: None
[2023-03-01 13:03:00,182] {taskinstance.py:1192} INFO - Marking task as SUCCESS. dag_id=with_python_operator, task_id=get_age, execution_date=20221130T140500, start_date=20230301T130258, end_date=20230301T130300
[2023-03-01 13:03:00,536] {taskinstance.py:1246} INFO - 0 downstream tasks scheduled from follow-on schedule check
[2023-03-01 13:03:00,656] {local_task_job.py:146} INFO - Task exited with return code 0
