[2023-03-01 12:21:05,140] {taskinstance.py:877} INFO - Dependencies all met for <TaskInstance: with_python_operator.greet 2022-10-14T18:05:00+00:00 [queued]>
[2023-03-01 12:21:05,340] {taskinstance.py:877} INFO - Dependencies all met for <TaskInstance: with_python_operator.greet 2022-10-14T18:05:00+00:00 [queued]>
[2023-03-01 12:21:05,342] {taskinstance.py:1068} INFO - 
--------------------------------------------------------------------------------
[2023-03-01 12:21:05,347] {taskinstance.py:1069} INFO - Starting attempt 1 of 2
[2023-03-01 12:21:05,352] {taskinstance.py:1070} INFO - 
--------------------------------------------------------------------------------
[2023-03-01 12:21:05,423] {taskinstance.py:1089} INFO - Executing <Task(PythonOperator): greet> on 2022-10-14T18:05:00+00:00
[2023-03-01 12:21:05,433] {standard_task_runner.py:52} INFO - Started process 4689 to run task
[2023-03-01 12:21:05,492] {standard_task_runner.py:76} INFO - Running: ['airflow', 'tasks', 'run', 'with_python_operator', 'greet', '2022-10-14T18:05:00+00:00', '--job-id', '966', '--pool', 'default_pool', '--raw', '--subdir', 'DAGS_FOLDER/02_python_operator.py', '--cfg-path', '/tmp/tmp2bcrhym2', '--error-file', '/tmp/tmppnkzxmc2']
[2023-03-01 12:21:05,510] {standard_task_runner.py:77} INFO - Job 966: Subtask greet
[2023-03-01 12:21:06,046] {logging_mixin.py:104} INFO - Running <TaskInstance: with_python_operator.greet 2022-10-14T18:05:00+00:00 [running]> on host abe4c4997ef7
[2023-03-01 12:21:06,691] {taskinstance.py:1283} INFO - Exporting the following env vars:
AIRFLOW_CTX_DAG_OWNER=dataheroes
AIRFLOW_CTX_DAG_ID=with_python_operator
AIRFLOW_CTX_TASK_ID=greet
AIRFLOW_CTX_EXECUTION_DATE=2022-10-14T18:05:00+00:00
AIRFLOW_CTX_DAG_RUN_ID=scheduled__2022-10-14T18:05:00+00:00
[2023-03-01 12:21:06,705] {logging_mixin.py:104} INFO - some dict:  {'a': 1, 'b': 2}
[2023-03-01 12:21:06,866] {logging_mixin.py:104} INFO - Hello World! My name is Reza Primasatya, and I am 17 years old!
[2023-03-01 12:21:06,867] {python.py:118} INFO - Done. Returned value was: None
[2023-03-01 12:21:06,906] {taskinstance.py:1192} INFO - Marking task as SUCCESS. dag_id=with_python_operator, task_id=greet, execution_date=20221014T180500, start_date=20230301T122105, end_date=20230301T122106
[2023-03-01 12:21:07,104] {taskinstance.py:1246} INFO - 0 downstream tasks scheduled from follow-on schedule check
[2023-03-01 12:21:07,249] {local_task_job.py:146} INFO - Task exited with return code 0
