[2023-03-01 12:28:48,408] {taskinstance.py:877} INFO - Dependencies all met for <TaskInstance: with_python_operator.get_name 2022-10-22T16:05:00+00:00 [queued]>
[2023-03-01 12:28:48,639] {taskinstance.py:877} INFO - Dependencies all met for <TaskInstance: with_python_operator.get_name 2022-10-22T16:05:00+00:00 [queued]>
[2023-03-01 12:28:48,643] {taskinstance.py:1068} INFO - 
--------------------------------------------------------------------------------
[2023-03-01 12:28:48,649] {taskinstance.py:1069} INFO - Starting attempt 1 of 2
[2023-03-01 12:28:48,651] {taskinstance.py:1070} INFO - 
--------------------------------------------------------------------------------
[2023-03-01 12:28:48,827] {taskinstance.py:1089} INFO - Executing <Task(PythonOperator): get_name> on 2022-10-22T16:05:00+00:00
[2023-03-01 12:28:48,836] {standard_task_runner.py:52} INFO - Started process 6905 to run task
[2023-03-01 12:28:48,873] {standard_task_runner.py:76} INFO - Running: ['airflow', 'tasks', 'run', 'with_python_operator', 'get_name', '2022-10-22T16:05:00+00:00', '--job-id', '1520', '--pool', 'default_pool', '--raw', '--subdir', 'DAGS_FOLDER/02_python_operator.py', '--cfg-path', '/tmp/tmp510dqc67', '--error-file', '/tmp/tmp1z6gg1ar']
[2023-03-01 12:28:48,879] {standard_task_runner.py:77} INFO - Job 1520: Subtask get_name
[2023-03-01 12:28:49,297] {logging_mixin.py:104} INFO - Running <TaskInstance: with_python_operator.get_name 2022-10-22T16:05:00+00:00 [running]> on host abe4c4997ef7
[2023-03-01 12:28:49,729] {taskinstance.py:1283} INFO - Exporting the following env vars:
AIRFLOW_CTX_DAG_OWNER=dataheroes
AIRFLOW_CTX_DAG_ID=with_python_operator
AIRFLOW_CTX_TASK_ID=get_name
AIRFLOW_CTX_EXECUTION_DATE=2022-10-22T16:05:00+00:00
AIRFLOW_CTX_DAG_RUN_ID=scheduled__2022-10-22T16:05:00+00:00
[2023-03-01 12:28:49,910] {python.py:118} INFO - Done. Returned value was: None
[2023-03-01 12:28:49,994] {taskinstance.py:1192} INFO - Marking task as SUCCESS. dag_id=with_python_operator, task_id=get_name, execution_date=20221022T160500, start_date=20230301T122848, end_date=20230301T122849
[2023-03-01 12:28:50,269] {taskinstance.py:1246} INFO - 1 downstream tasks scheduled from follow-on schedule check
[2023-03-01 12:28:50,359] {local_task_job.py:146} INFO - Task exited with return code 0
