[2023-03-01 13:13:40,192] {taskinstance.py:877} INFO - Dependencies all met for <TaskInstance: with_python_operator.greet 2022-12-12T16:05:00+00:00 [queued]>
[2023-03-01 13:13:40,369] {taskinstance.py:877} INFO - Dependencies all met for <TaskInstance: with_python_operator.greet 2022-12-12T16:05:00+00:00 [queued]>
[2023-03-01 13:13:40,380] {taskinstance.py:1068} INFO - 
--------------------------------------------------------------------------------
[2023-03-01 13:13:40,386] {taskinstance.py:1069} INFO - Starting attempt 1 of 2
[2023-03-01 13:13:40,387] {taskinstance.py:1070} INFO - 
--------------------------------------------------------------------------------
[2023-03-01 13:13:40,549] {taskinstance.py:1089} INFO - Executing <Task(PythonOperator): greet> on 2022-12-12T16:05:00+00:00
[2023-03-01 13:13:40,563] {standard_task_runner.py:52} INFO - Started process 21707 to run task
[2023-03-01 13:13:40,609] {standard_task_runner.py:76} INFO - Running: ['airflow', 'tasks', 'run', 'with_python_operator', 'greet', '2022-12-12T16:05:00+00:00', '--job-id', '5213', '--pool', 'default_pool', '--raw', '--subdir', 'DAGS_FOLDER/02_python_operator.py', '--cfg-path', '/tmp/tmp9jynuqnf', '--error-file', '/tmp/tmpfeb_zwwt']
[2023-03-01 13:13:40,622] {standard_task_runner.py:77} INFO - Job 5213: Subtask greet
[2023-03-01 13:13:41,176] {logging_mixin.py:104} INFO - Running <TaskInstance: with_python_operator.greet 2022-12-12T16:05:00+00:00 [running]> on host abe4c4997ef7
[2023-03-01 13:13:41,612] {taskinstance.py:1283} INFO - Exporting the following env vars:
AIRFLOW_CTX_DAG_OWNER=dataheroes
AIRFLOW_CTX_DAG_ID=with_python_operator
AIRFLOW_CTX_TASK_ID=greet
AIRFLOW_CTX_EXECUTION_DATE=2022-12-12T16:05:00+00:00
AIRFLOW_CTX_DAG_RUN_ID=scheduled__2022-12-12T16:05:00+00:00
[2023-03-01 13:13:41,619] {logging_mixin.py:104} INFO - some dict:  {'a': 1, 'b': 2}
[2023-03-01 13:13:41,907] {logging_mixin.py:104} INFO - Hello World! My name is Reza Primasatya, and I am 17 years old!
[2023-03-01 13:13:41,909] {python.py:118} INFO - Done. Returned value was: None
[2023-03-01 13:13:42,094] {taskinstance.py:1192} INFO - Marking task as SUCCESS. dag_id=with_python_operator, task_id=greet, execution_date=20221212T160500, start_date=20230301T131340, end_date=20230301T131342
[2023-03-01 13:13:42,645] {taskinstance.py:1246} INFO - 0 downstream tasks scheduled from follow-on schedule check
[2023-03-01 13:13:42,786] {local_task_job.py:146} INFO - Task exited with return code 0
