[2023-03-01 13:14:05,879] {taskinstance.py:877} INFO - Dependencies all met for <TaskInstance: with_python_operator.greet 2022-12-13T06:05:00+00:00 [queued]>
[2023-03-01 13:14:06,156] {taskinstance.py:877} INFO - Dependencies all met for <TaskInstance: with_python_operator.greet 2022-12-13T06:05:00+00:00 [queued]>
[2023-03-01 13:14:06,160] {taskinstance.py:1068} INFO - 
--------------------------------------------------------------------------------
[2023-03-01 13:14:06,164] {taskinstance.py:1069} INFO - Starting attempt 1 of 2
[2023-03-01 13:14:06,167] {taskinstance.py:1070} INFO - 
--------------------------------------------------------------------------------
[2023-03-01 13:14:06,347] {taskinstance.py:1089} INFO - Executing <Task(PythonOperator): greet> on 2022-12-13T06:05:00+00:00
[2023-03-01 13:14:06,380] {standard_task_runner.py:52} INFO - Started process 21877 to run task
[2023-03-01 13:14:06,447] {standard_task_runner.py:76} INFO - Running: ['airflow', 'tasks', 'run', 'with_python_operator', 'greet', '2022-12-13T06:05:00+00:00', '--job-id', '5258', '--pool', 'default_pool', '--raw', '--subdir', 'DAGS_FOLDER/02_python_operator.py', '--cfg-path', '/tmp/tmpiww5jt3l', '--error-file', '/tmp/tmpsy8ay6e5']
[2023-03-01 13:14:06,464] {standard_task_runner.py:77} INFO - Job 5258: Subtask greet
[2023-03-01 13:14:07,010] {logging_mixin.py:104} INFO - Running <TaskInstance: with_python_operator.greet 2022-12-13T06:05:00+00:00 [running]> on host abe4c4997ef7
[2023-03-01 13:14:07,427] {taskinstance.py:1283} INFO - Exporting the following env vars:
AIRFLOW_CTX_DAG_OWNER=dataheroes
AIRFLOW_CTX_DAG_ID=with_python_operator
AIRFLOW_CTX_TASK_ID=greet
AIRFLOW_CTX_EXECUTION_DATE=2022-12-13T06:05:00+00:00
AIRFLOW_CTX_DAG_RUN_ID=scheduled__2022-12-13T06:05:00+00:00
[2023-03-01 13:14:07,431] {logging_mixin.py:104} INFO - some dict:  {'a': 1, 'b': 2}
[2023-03-01 13:14:07,638] {logging_mixin.py:104} INFO - Hello World! My name is Reza Primasatya, and I am 17 years old!
[2023-03-01 13:14:07,644] {python.py:118} INFO - Done. Returned value was: None
[2023-03-01 13:14:07,840] {taskinstance.py:1192} INFO - Marking task as SUCCESS. dag_id=with_python_operator, task_id=greet, execution_date=20221213T060500, start_date=20230301T131405, end_date=20230301T131407
[2023-03-01 13:14:08,078] {taskinstance.py:1246} INFO - 0 downstream tasks scheduled from follow-on schedule check
[2023-03-01 13:14:08,158] {local_task_job.py:146} INFO - Task exited with return code 0
