[2023-03-01 13:06:44,252] {taskinstance.py:877} INFO - Dependencies all met for <TaskInstance: with_python_operator.greet 2022-12-05T05:05:00+00:00 [queued]>
[2023-03-01 13:06:44,322] {taskinstance.py:877} INFO - Dependencies all met for <TaskInstance: with_python_operator.greet 2022-12-05T05:05:00+00:00 [queued]>
[2023-03-01 13:06:44,323] {taskinstance.py:1068} INFO - 
--------------------------------------------------------------------------------
[2023-03-01 13:06:44,325] {taskinstance.py:1069} INFO - Starting attempt 1 of 2
[2023-03-01 13:06:44,326] {taskinstance.py:1070} INFO - 
--------------------------------------------------------------------------------
[2023-03-01 13:06:44,370] {taskinstance.py:1089} INFO - Executing <Task(PythonOperator): greet> on 2022-12-05T05:05:00+00:00
[2023-03-01 13:06:44,383] {standard_task_runner.py:52} INFO - Started process 19509 to run task
[2023-03-01 13:06:44,443] {standard_task_runner.py:76} INFO - Running: ['airflow', 'tasks', 'run', 'with_python_operator', 'greet', '2022-12-05T05:05:00+00:00', '--job-id', '4668', '--pool', 'default_pool', '--raw', '--subdir', 'DAGS_FOLDER/02_python_operator.py', '--cfg-path', '/tmp/tmp0x1yv0c2', '--error-file', '/tmp/tmpdpeytkao']
[2023-03-01 13:06:44,450] {standard_task_runner.py:77} INFO - Job 4668: Subtask greet
[2023-03-01 13:06:44,801] {logging_mixin.py:104} INFO - Running <TaskInstance: with_python_operator.greet 2022-12-05T05:05:00+00:00 [running]> on host abe4c4997ef7
[2023-03-01 13:06:45,045] {taskinstance.py:1283} INFO - Exporting the following env vars:
AIRFLOW_CTX_DAG_OWNER=dataheroes
AIRFLOW_CTX_DAG_ID=with_python_operator
AIRFLOW_CTX_TASK_ID=greet
AIRFLOW_CTX_EXECUTION_DATE=2022-12-05T05:05:00+00:00
AIRFLOW_CTX_DAG_RUN_ID=scheduled__2022-12-05T05:05:00+00:00
[2023-03-01 13:06:45,052] {logging_mixin.py:104} INFO - some dict:  {'a': 1, 'b': 2}
[2023-03-01 13:06:45,113] {logging_mixin.py:104} INFO - Hello World! My name is Reza Primasatya, and I am 17 years old!
[2023-03-01 13:06:45,114] {python.py:118} INFO - Done. Returned value was: None
[2023-03-01 13:06:45,145] {taskinstance.py:1192} INFO - Marking task as SUCCESS. dag_id=with_python_operator, task_id=greet, execution_date=20221205T050500, start_date=20230301T130644, end_date=20230301T130645
[2023-03-01 13:06:45,365] {taskinstance.py:1246} INFO - 0 downstream tasks scheduled from follow-on schedule check
[2023-03-01 13:06:45,439] {local_task_job.py:146} INFO - Task exited with return code 0
