[2023-03-01 12:34:11,281] {taskinstance.py:877} INFO - Dependencies all met for <TaskInstance: with_python_operator.get_age 2022-10-28T13:05:00+00:00 [queued]>
[2023-03-01 12:34:11,534] {taskinstance.py:877} INFO - Dependencies all met for <TaskInstance: with_python_operator.get_age 2022-10-28T13:05:00+00:00 [queued]>
[2023-03-01 12:34:11,547] {taskinstance.py:1068} INFO - 
--------------------------------------------------------------------------------
[2023-03-01 12:34:11,549] {taskinstance.py:1069} INFO - Starting attempt 1 of 2
[2023-03-01 12:34:11,552] {taskinstance.py:1070} INFO - 
--------------------------------------------------------------------------------
[2023-03-01 12:34:11,739] {taskinstance.py:1089} INFO - Executing <Task(PythonOperator): get_age> on 2022-10-28T13:05:00+00:00
[2023-03-01 12:34:11,747] {standard_task_runner.py:52} INFO - Started process 8581 to run task
[2023-03-01 12:34:11,863] {standard_task_runner.py:76} INFO - Running: ['airflow', 'tasks', 'run', 'with_python_operator', 'get_age', '2022-10-28T13:05:00+00:00', '--job-id', '1938', '--pool', 'default_pool', '--raw', '--subdir', 'DAGS_FOLDER/02_python_operator.py', '--cfg-path', '/tmp/tmpsilego54', '--error-file', '/tmp/tmp8o_fjimv']
[2023-03-01 12:34:11,876] {standard_task_runner.py:77} INFO - Job 1938: Subtask get_age
[2023-03-01 12:34:12,469] {logging_mixin.py:104} INFO - Running <TaskInstance: with_python_operator.get_age 2022-10-28T13:05:00+00:00 [running]> on host abe4c4997ef7
[2023-03-01 12:34:13,288] {taskinstance.py:1283} INFO - Exporting the following env vars:
AIRFLOW_CTX_DAG_OWNER=dataheroes
AIRFLOW_CTX_DAG_ID=with_python_operator
AIRFLOW_CTX_TASK_ID=get_age
AIRFLOW_CTX_EXECUTION_DATE=2022-10-28T13:05:00+00:00
AIRFLOW_CTX_DAG_RUN_ID=scheduled__2022-10-28T13:05:00+00:00
[2023-03-01 12:34:13,379] {python.py:118} INFO - Done. Returned value was: None
[2023-03-01 12:34:13,474] {taskinstance.py:1192} INFO - Marking task as SUCCESS. dag_id=with_python_operator, task_id=get_age, execution_date=20221028T130500, start_date=20230301T123411, end_date=20230301T123413
[2023-03-01 12:34:14,313] {taskinstance.py:1246} INFO - 0 downstream tasks scheduled from follow-on schedule check
[2023-03-01 12:34:14,512] {local_task_job.py:146} INFO - Task exited with return code 0
