[2023-03-01 13:10:34,201] {taskinstance.py:877} INFO - Dependencies all met for <TaskInstance: with_python_operator.get_age 2022-12-09T09:05:00+00:00 [queued]>
[2023-03-01 13:10:34,437] {taskinstance.py:877} INFO - Dependencies all met for <TaskInstance: with_python_operator.get_age 2022-12-09T09:05:00+00:00 [queued]>
[2023-03-01 13:10:34,448] {taskinstance.py:1068} INFO - 
--------------------------------------------------------------------------------
[2023-03-01 13:10:34,450] {taskinstance.py:1069} INFO - Starting attempt 1 of 2
[2023-03-01 13:10:34,455] {taskinstance.py:1070} INFO - 
--------------------------------------------------------------------------------
[2023-03-01 13:10:34,622] {taskinstance.py:1089} INFO - Executing <Task(PythonOperator): get_age> on 2022-12-09T09:05:00+00:00
[2023-03-01 13:10:34,677] {standard_task_runner.py:76} INFO - Running: ['airflow', 'tasks', 'run', 'with_python_operator', 'get_age', '2022-12-09T09:05:00+00:00', '--job-id', '4955', '--pool', 'default_pool', '--raw', '--subdir', 'DAGS_FOLDER/02_python_operator.py', '--cfg-path', '/tmp/tmppoekxvi4', '--error-file', '/tmp/tmpi1dtih7j']
[2023-03-01 13:10:34,683] {standard_task_runner.py:77} INFO - Job 4955: Subtask get_age
[2023-03-01 13:10:34,678] {standard_task_runner.py:52} INFO - Started process 20673 to run task
[2023-03-01 13:10:35,577] {logging_mixin.py:104} INFO - Running <TaskInstance: with_python_operator.get_age 2022-12-09T09:05:00+00:00 [running]> on host abe4c4997ef7
[2023-03-01 13:10:36,609] {taskinstance.py:1283} INFO - Exporting the following env vars:
AIRFLOW_CTX_DAG_OWNER=dataheroes
AIRFLOW_CTX_DAG_ID=with_python_operator
AIRFLOW_CTX_TASK_ID=get_age
AIRFLOW_CTX_EXECUTION_DATE=2022-12-09T09:05:00+00:00
AIRFLOW_CTX_DAG_RUN_ID=scheduled__2022-12-09T09:05:00+00:00
[2023-03-01 13:10:36,772] {python.py:118} INFO - Done. Returned value was: None
[2023-03-01 13:10:36,947] {taskinstance.py:1192} INFO - Marking task as SUCCESS. dag_id=with_python_operator, task_id=get_age, execution_date=20221209T090500, start_date=20230301T131034, end_date=20230301T131036
[2023-03-01 13:10:37,244] {taskinstance.py:1246} INFO - 0 downstream tasks scheduled from follow-on schedule check
[2023-03-01 13:10:37,384] {local_task_job.py:146} INFO - Task exited with return code 0
