[2023-03-01 12:17:10,957] {taskinstance.py:877} INFO - Dependencies all met for <TaskInstance: with_python_operator.get_age 2022-10-10T20:05:00+00:00 [queued]>
[2023-03-01 12:17:11,123] {taskinstance.py:877} INFO - Dependencies all met for <TaskInstance: with_python_operator.get_age 2022-10-10T20:05:00+00:00 [queued]>
[2023-03-01 12:17:11,124] {taskinstance.py:1068} INFO - 
--------------------------------------------------------------------------------
[2023-03-01 12:17:11,125] {taskinstance.py:1069} INFO - Starting attempt 1 of 2
[2023-03-01 12:17:11,126] {taskinstance.py:1070} INFO - 
--------------------------------------------------------------------------------
[2023-03-01 12:17:11,204] {taskinstance.py:1089} INFO - Executing <Task(PythonOperator): get_age> on 2022-10-10T20:05:00+00:00
[2023-03-01 12:17:11,214] {standard_task_runner.py:52} INFO - Started process 3335 to run task
[2023-03-01 12:17:11,267] {standard_task_runner.py:76} INFO - Running: ['airflow', 'tasks', 'run', 'with_python_operator', 'get_age', '2022-10-10T20:05:00+00:00', '--job-id', '644', '--pool', 'default_pool', '--raw', '--subdir', 'DAGS_FOLDER/02_python_operator.py', '--cfg-path', '/tmp/tmpz087sio7', '--error-file', '/tmp/tmpr6y0qsmu']
[2023-03-01 12:17:11,276] {standard_task_runner.py:77} INFO - Job 644: Subtask get_age
[2023-03-01 12:17:11,828] {logging_mixin.py:104} INFO - Running <TaskInstance: with_python_operator.get_age 2022-10-10T20:05:00+00:00 [running]> on host abe4c4997ef7
[2023-03-01 12:17:12,468] {taskinstance.py:1283} INFO - Exporting the following env vars:
AIRFLOW_CTX_DAG_OWNER=dataheroes
AIRFLOW_CTX_DAG_ID=with_python_operator
AIRFLOW_CTX_TASK_ID=get_age
AIRFLOW_CTX_EXECUTION_DATE=2022-10-10T20:05:00+00:00
AIRFLOW_CTX_DAG_RUN_ID=scheduled__2022-10-10T20:05:00+00:00
[2023-03-01 12:17:12,577] {python.py:118} INFO - Done. Returned value was: None
[2023-03-01 12:17:12,658] {taskinstance.py:1192} INFO - Marking task as SUCCESS. dag_id=with_python_operator, task_id=get_age, execution_date=20221010T200500, start_date=20230301T121710, end_date=20230301T121712
[2023-03-01 12:17:13,511] {taskinstance.py:1246} INFO - 0 downstream tasks scheduled from follow-on schedule check
[2023-03-01 12:17:13,589] {local_task_job.py:146} INFO - Task exited with return code 0
