[2023-03-01 13:07:28,731] {taskinstance.py:877} INFO - Dependencies all met for <TaskInstance: with_python_operator.get_age 2022-12-06T03:05:00+00:00 [queued]>
[2023-03-01 13:07:28,934] {taskinstance.py:877} INFO - Dependencies all met for <TaskInstance: with_python_operator.get_age 2022-12-06T03:05:00+00:00 [queued]>
[2023-03-01 13:07:28,975] {taskinstance.py:1068} INFO - 
--------------------------------------------------------------------------------
[2023-03-01 13:07:28,978] {taskinstance.py:1069} INFO - Starting attempt 1 of 2
[2023-03-01 13:07:28,981] {taskinstance.py:1070} INFO - 
--------------------------------------------------------------------------------
[2023-03-01 13:07:29,233] {taskinstance.py:1089} INFO - Executing <Task(PythonOperator): get_age> on 2022-12-06T03:05:00+00:00
[2023-03-01 13:07:29,264] {standard_task_runner.py:52} INFO - Started process 19741 to run task
[2023-03-01 13:07:29,356] {standard_task_runner.py:76} INFO - Running: ['airflow', 'tasks', 'run', 'with_python_operator', 'get_age', '2022-12-06T03:05:00+00:00', '--job-id', '4722', '--pool', 'default_pool', '--raw', '--subdir', 'DAGS_FOLDER/02_python_operator.py', '--cfg-path', '/tmp/tmpuwfkso0h', '--error-file', '/tmp/tmpj8r1pra5']
[2023-03-01 13:07:29,361] {standard_task_runner.py:77} INFO - Job 4722: Subtask get_age
[2023-03-01 13:07:29,919] {logging_mixin.py:104} INFO - Running <TaskInstance: with_python_operator.get_age 2022-12-06T03:05:00+00:00 [running]> on host abe4c4997ef7
[2023-03-01 13:07:30,372] {taskinstance.py:1283} INFO - Exporting the following env vars:
AIRFLOW_CTX_DAG_OWNER=dataheroes
AIRFLOW_CTX_DAG_ID=with_python_operator
AIRFLOW_CTX_TASK_ID=get_age
AIRFLOW_CTX_EXECUTION_DATE=2022-12-06T03:05:00+00:00
AIRFLOW_CTX_DAG_RUN_ID=scheduled__2022-12-06T03:05:00+00:00
[2023-03-01 13:07:30,577] {python.py:118} INFO - Done. Returned value was: None
[2023-03-01 13:07:30,698] {taskinstance.py:1192} INFO - Marking task as SUCCESS. dag_id=with_python_operator, task_id=get_age, execution_date=20221206T030500, start_date=20230301T130728, end_date=20230301T130730
[2023-03-01 13:07:31,543] {taskinstance.py:1246} INFO - 0 downstream tasks scheduled from follow-on schedule check
[2023-03-01 13:07:31,718] {local_task_job.py:146} INFO - Task exited with return code 0
