[2023-03-01 13:13:36,829] {taskinstance.py:877} INFO - Dependencies all met for <TaskInstance: with_python_operator.get_name 2022-12-12T20:05:00+00:00 [queued]>
[2023-03-01 13:13:37,007] {taskinstance.py:877} INFO - Dependencies all met for <TaskInstance: with_python_operator.get_name 2022-12-12T20:05:00+00:00 [queued]>
[2023-03-01 13:13:37,013] {taskinstance.py:1068} INFO - 
--------------------------------------------------------------------------------
[2023-03-01 13:13:37,017] {taskinstance.py:1069} INFO - Starting attempt 1 of 2
[2023-03-01 13:13:37,023] {taskinstance.py:1070} INFO - 
--------------------------------------------------------------------------------
[2023-03-01 13:13:37,320] {taskinstance.py:1089} INFO - Executing <Task(PythonOperator): get_name> on 2022-12-12T20:05:00+00:00
[2023-03-01 13:13:37,339] {standard_task_runner.py:52} INFO - Started process 21683 to run task
[2023-03-01 13:13:37,529] {standard_task_runner.py:76} INFO - Running: ['airflow', 'tasks', 'run', 'with_python_operator', 'get_name', '2022-12-12T20:05:00+00:00', '--job-id', '5208', '--pool', 'default_pool', '--raw', '--subdir', 'DAGS_FOLDER/02_python_operator.py', '--cfg-path', '/tmp/tmpdt_c117z', '--error-file', '/tmp/tmpzdd31jm9']
[2023-03-01 13:13:37,547] {standard_task_runner.py:77} INFO - Job 5208: Subtask get_name
[2023-03-01 13:13:38,188] {logging_mixin.py:104} INFO - Running <TaskInstance: with_python_operator.get_name 2022-12-12T20:05:00+00:00 [running]> on host abe4c4997ef7
[2023-03-01 13:13:38,854] {taskinstance.py:1283} INFO - Exporting the following env vars:
AIRFLOW_CTX_DAG_OWNER=dataheroes
AIRFLOW_CTX_DAG_ID=with_python_operator
AIRFLOW_CTX_TASK_ID=get_name
AIRFLOW_CTX_EXECUTION_DATE=2022-12-12T20:05:00+00:00
AIRFLOW_CTX_DAG_RUN_ID=scheduled__2022-12-12T20:05:00+00:00
[2023-03-01 13:13:39,065] {python.py:118} INFO - Done. Returned value was: None
[2023-03-01 13:13:39,164] {taskinstance.py:1192} INFO - Marking task as SUCCESS. dag_id=with_python_operator, task_id=get_name, execution_date=20221212T200500, start_date=20230301T131336, end_date=20230301T131339
[2023-03-01 13:13:39,616] {taskinstance.py:1246} INFO - 1 downstream tasks scheduled from follow-on schedule check
[2023-03-01 13:13:39,813] {local_task_job.py:146} INFO - Task exited with return code 0
