[2023-03-01 12:23:09,682] {taskinstance.py:877} INFO - Dependencies all met for <TaskInstance: with_python_operator.greet 2022-10-16T22:05:00+00:00 [queued]>
[2023-03-01 12:23:09,821] {taskinstance.py:877} INFO - Dependencies all met for <TaskInstance: with_python_operator.greet 2022-10-16T22:05:00+00:00 [queued]>
[2023-03-01 12:23:09,827] {taskinstance.py:1068} INFO - 
--------------------------------------------------------------------------------
[2023-03-01 12:23:09,829] {taskinstance.py:1069} INFO - Starting attempt 1 of 2
[2023-03-01 12:23:09,835] {taskinstance.py:1070} INFO - 
--------------------------------------------------------------------------------
[2023-03-01 12:23:09,926] {taskinstance.py:1089} INFO - Executing <Task(PythonOperator): greet> on 2022-10-16T22:05:00+00:00
[2023-03-01 12:23:09,936] {standard_task_runner.py:52} INFO - Started process 5277 to run task
[2023-03-01 12:23:09,957] {standard_task_runner.py:76} INFO - Running: ['airflow', 'tasks', 'run', 'with_python_operator', 'greet', '2022-10-16T22:05:00+00:00', '--job-id', '1115', '--pool', 'default_pool', '--raw', '--subdir', 'DAGS_FOLDER/02_python_operator.py', '--cfg-path', '/tmp/tmp0l03n0yp', '--error-file', '/tmp/tmp24oy01dy']
[2023-03-01 12:23:09,978] {standard_task_runner.py:77} INFO - Job 1115: Subtask greet
[2023-03-01 12:23:10,266] {logging_mixin.py:104} INFO - Running <TaskInstance: with_python_operator.greet 2022-10-16T22:05:00+00:00 [running]> on host abe4c4997ef7
[2023-03-01 12:23:10,480] {taskinstance.py:1283} INFO - Exporting the following env vars:
AIRFLOW_CTX_DAG_OWNER=dataheroes
AIRFLOW_CTX_DAG_ID=with_python_operator
AIRFLOW_CTX_TASK_ID=greet
AIRFLOW_CTX_EXECUTION_DATE=2022-10-16T22:05:00+00:00
AIRFLOW_CTX_DAG_RUN_ID=scheduled__2022-10-16T22:05:00+00:00
[2023-03-01 12:23:10,484] {logging_mixin.py:104} INFO - some dict:  {'a': 1, 'b': 2}
[2023-03-01 12:23:10,544] {logging_mixin.py:104} INFO - Hello World! My name is Reza Primasatya, and I am 17 years old!
[2023-03-01 12:23:10,548] {python.py:118} INFO - Done. Returned value was: None
[2023-03-01 12:23:10,594] {taskinstance.py:1192} INFO - Marking task as SUCCESS. dag_id=with_python_operator, task_id=greet, execution_date=20221016T220500, start_date=20230301T122309, end_date=20230301T122310
[2023-03-01 12:23:10,729] {taskinstance.py:1246} INFO - 0 downstream tasks scheduled from follow-on schedule check
[2023-03-01 12:23:10,767] {local_task_job.py:146} INFO - Task exited with return code 0
