[2023-03-01 12:52:13,202] {taskinstance.py:877} INFO - Dependencies all met for <TaskInstance: with_python_operator.get_age 2022-11-17T23:05:00+00:00 [queued]>
[2023-03-01 12:52:13,444] {taskinstance.py:877} INFO - Dependencies all met for <TaskInstance: with_python_operator.get_age 2022-11-17T23:05:00+00:00 [queued]>
[2023-03-01 12:52:13,445] {taskinstance.py:1068} INFO - 
--------------------------------------------------------------------------------
[2023-03-01 12:52:13,446] {taskinstance.py:1069} INFO - Starting attempt 1 of 2
[2023-03-01 12:52:13,447] {taskinstance.py:1070} INFO - 
--------------------------------------------------------------------------------
[2023-03-01 12:52:13,611] {taskinstance.py:1089} INFO - Executing <Task(PythonOperator): get_age> on 2022-11-17T23:05:00+00:00
[2023-03-01 12:52:13,633] {standard_task_runner.py:52} INFO - Started process 14453 to run task
[2023-03-01 12:52:13,707] {standard_task_runner.py:76} INFO - Running: ['airflow', 'tasks', 'run', 'with_python_operator', 'get_age', '2022-11-17T23:05:00+00:00', '--job-id', '3403', '--pool', 'default_pool', '--raw', '--subdir', 'DAGS_FOLDER/02_python_operator.py', '--cfg-path', '/tmp/tmp369s_ovh', '--error-file', '/tmp/tmp0bha03j0']
[2023-03-01 12:52:13,709] {standard_task_runner.py:77} INFO - Job 3403: Subtask get_age
[2023-03-01 12:52:14,566] {logging_mixin.py:104} INFO - Running <TaskInstance: with_python_operator.get_age 2022-11-17T23:05:00+00:00 [running]> on host abe4c4997ef7
[2023-03-01 12:52:15,136] {taskinstance.py:1283} INFO - Exporting the following env vars:
AIRFLOW_CTX_DAG_OWNER=dataheroes
AIRFLOW_CTX_DAG_ID=with_python_operator
AIRFLOW_CTX_TASK_ID=get_age
AIRFLOW_CTX_EXECUTION_DATE=2022-11-17T23:05:00+00:00
AIRFLOW_CTX_DAG_RUN_ID=scheduled__2022-11-17T23:05:00+00:00
[2023-03-01 12:52:15,285] {python.py:118} INFO - Done. Returned value was: None
[2023-03-01 12:52:15,506] {taskinstance.py:1192} INFO - Marking task as SUCCESS. dag_id=with_python_operator, task_id=get_age, execution_date=20221117T230500, start_date=20230301T125213, end_date=20230301T125215
[2023-03-01 12:52:16,310] {taskinstance.py:1246} INFO - 1 downstream tasks scheduled from follow-on schedule check
[2023-03-01 12:52:16,386] {local_task_job.py:146} INFO - Task exited with return code 0
