[2023-03-01 12:18:00,632] {taskinstance.py:877} INFO - Dependencies all met for <TaskInstance: with_python_operator.get_name 2022-10-11T18:05:00+00:00 [queued]>
[2023-03-01 12:18:00,788] {taskinstance.py:877} INFO - Dependencies all met for <TaskInstance: with_python_operator.get_name 2022-10-11T18:05:00+00:00 [queued]>
[2023-03-01 12:18:00,799] {taskinstance.py:1068} INFO - 
--------------------------------------------------------------------------------
[2023-03-01 12:18:00,821] {taskinstance.py:1069} INFO - Starting attempt 1 of 2
[2023-03-01 12:18:00,824] {taskinstance.py:1070} INFO - 
--------------------------------------------------------------------------------
[2023-03-01 12:18:01,229] {taskinstance.py:1089} INFO - Executing <Task(PythonOperator): get_name> on 2022-10-11T18:05:00+00:00
[2023-03-01 12:18:01,255] {standard_task_runner.py:52} INFO - Started process 3719 to run task
[2023-03-01 12:18:01,403] {standard_task_runner.py:76} INFO - Running: ['airflow', 'tasks', 'run', 'with_python_operator', 'get_name', '2022-10-11T18:05:00+00:00', '--job-id', '722', '--pool', 'default_pool', '--raw', '--subdir', 'DAGS_FOLDER/02_python_operator.py', '--cfg-path', '/tmp/tmpke8m32cf', '--error-file', '/tmp/tmp8z2351tp']
[2023-03-01 12:18:01,411] {standard_task_runner.py:77} INFO - Job 722: Subtask get_name
[2023-03-01 12:18:01,784] {logging_mixin.py:104} INFO - Running <TaskInstance: with_python_operator.get_name 2022-10-11T18:05:00+00:00 [running]> on host abe4c4997ef7
[2023-03-01 12:18:02,373] {taskinstance.py:1283} INFO - Exporting the following env vars:
AIRFLOW_CTX_DAG_OWNER=dataheroes
AIRFLOW_CTX_DAG_ID=with_python_operator
AIRFLOW_CTX_TASK_ID=get_name
AIRFLOW_CTX_EXECUTION_DATE=2022-10-11T18:05:00+00:00
AIRFLOW_CTX_DAG_RUN_ID=scheduled__2022-10-11T18:05:00+00:00
[2023-03-01 12:18:02,564] {python.py:118} INFO - Done. Returned value was: None
[2023-03-01 12:18:02,695] {taskinstance.py:1192} INFO - Marking task as SUCCESS. dag_id=with_python_operator, task_id=get_name, execution_date=20221011T180500, start_date=20230301T121800, end_date=20230301T121802
[2023-03-01 12:18:03,028] {taskinstance.py:1246} INFO - 0 downstream tasks scheduled from follow-on schedule check
[2023-03-01 12:18:03,076] {local_task_job.py:146} INFO - Task exited with return code 0
