[2023-03-01 12:30:13,538] {taskinstance.py:877} INFO - Dependencies all met for <TaskInstance: with_python_operator.get_age 2022-10-24T08:05:00+00:00 [queued]>
[2023-03-01 12:30:13,806] {taskinstance.py:877} INFO - Dependencies all met for <TaskInstance: with_python_operator.get_age 2022-10-24T08:05:00+00:00 [queued]>
[2023-03-01 12:30:13,823] {taskinstance.py:1068} INFO - 
--------------------------------------------------------------------------------
[2023-03-01 12:30:13,828] {taskinstance.py:1069} INFO - Starting attempt 1 of 2
[2023-03-01 12:30:13,840] {taskinstance.py:1070} INFO - 
--------------------------------------------------------------------------------
[2023-03-01 12:30:14,077] {taskinstance.py:1089} INFO - Executing <Task(PythonOperator): get_age> on 2022-10-24T08:05:00+00:00
[2023-03-01 12:30:14,123] {standard_task_runner.py:52} INFO - Started process 7379 to run task
[2023-03-01 12:30:14,296] {standard_task_runner.py:76} INFO - Running: ['airflow', 'tasks', 'run', 'with_python_operator', 'get_age', '2022-10-24T08:05:00+00:00', '--job-id', '1636', '--pool', 'default_pool', '--raw', '--subdir', 'DAGS_FOLDER/02_python_operator.py', '--cfg-path', '/tmp/tmpghld2h35', '--error-file', '/tmp/tmpd9tytb39']
[2023-03-01 12:30:14,312] {standard_task_runner.py:77} INFO - Job 1636: Subtask get_age
[2023-03-01 12:30:15,200] {logging_mixin.py:104} INFO - Running <TaskInstance: with_python_operator.get_age 2022-10-24T08:05:00+00:00 [running]> on host abe4c4997ef7
[2023-03-01 12:30:15,906] {taskinstance.py:1283} INFO - Exporting the following env vars:
AIRFLOW_CTX_DAG_OWNER=dataheroes
AIRFLOW_CTX_DAG_ID=with_python_operator
AIRFLOW_CTX_TASK_ID=get_age
AIRFLOW_CTX_EXECUTION_DATE=2022-10-24T08:05:00+00:00
AIRFLOW_CTX_DAG_RUN_ID=scheduled__2022-10-24T08:05:00+00:00
[2023-03-01 12:30:16,027] {python.py:118} INFO - Done. Returned value was: None
[2023-03-01 12:30:16,105] {taskinstance.py:1192} INFO - Marking task as SUCCESS. dag_id=with_python_operator, task_id=get_age, execution_date=20221024T080500, start_date=20230301T123013, end_date=20230301T123016
[2023-03-01 12:30:16,987] {taskinstance.py:1246} INFO - 0 downstream tasks scheduled from follow-on schedule check
[2023-03-01 12:30:17,145] {local_task_job.py:146} INFO - Task exited with return code 0
