[2023-03-01 12:47:47,206] {taskinstance.py:877} INFO - Dependencies all met for <TaskInstance: with_python_operator.get_name 2022-11-12T21:05:00+00:00 [queued]>
[2023-03-01 12:47:47,533] {taskinstance.py:877} INFO - Dependencies all met for <TaskInstance: with_python_operator.get_name 2022-11-12T21:05:00+00:00 [queued]>
[2023-03-01 12:47:47,561] {taskinstance.py:1068} INFO - 
--------------------------------------------------------------------------------
[2023-03-01 12:47:47,562] {taskinstance.py:1069} INFO - Starting attempt 1 of 2
[2023-03-01 12:47:47,563] {taskinstance.py:1070} INFO - 
--------------------------------------------------------------------------------
[2023-03-01 12:47:47,734] {taskinstance.py:1089} INFO - Executing <Task(PythonOperator): get_name> on 2022-11-12T21:05:00+00:00
[2023-03-01 12:47:47,763] {standard_task_runner.py:52} INFO - Started process 13009 to run task
[2023-03-01 12:47:47,869] {standard_task_runner.py:76} INFO - Running: ['airflow', 'tasks', 'run', 'with_python_operator', 'get_name', '2022-11-12T21:05:00+00:00', '--job-id', '3043', '--pool', 'default_pool', '--raw', '--subdir', 'DAGS_FOLDER/02_python_operator.py', '--cfg-path', '/tmp/tmphzvoxxzk', '--error-file', '/tmp/tmpb73s1g3e']
[2023-03-01 12:47:47,877] {standard_task_runner.py:77} INFO - Job 3043: Subtask get_name
[2023-03-01 12:47:48,389] {logging_mixin.py:104} INFO - Running <TaskInstance: with_python_operator.get_name 2022-11-12T21:05:00+00:00 [running]> on host abe4c4997ef7
[2023-03-01 12:47:49,064] {taskinstance.py:1283} INFO - Exporting the following env vars:
AIRFLOW_CTX_DAG_OWNER=dataheroes
AIRFLOW_CTX_DAG_ID=with_python_operator
AIRFLOW_CTX_TASK_ID=get_name
AIRFLOW_CTX_EXECUTION_DATE=2022-11-12T21:05:00+00:00
AIRFLOW_CTX_DAG_RUN_ID=scheduled__2022-11-12T21:05:00+00:00
[2023-03-01 12:47:49,241] {python.py:118} INFO - Done. Returned value was: None
[2023-03-01 12:47:49,344] {taskinstance.py:1192} INFO - Marking task as SUCCESS. dag_id=with_python_operator, task_id=get_name, execution_date=20221112T210500, start_date=20230301T124747, end_date=20230301T124749
[2023-03-01 12:47:49,686] {taskinstance.py:1246} INFO - 0 downstream tasks scheduled from follow-on schedule check
[2023-03-01 12:47:49,808] {local_task_job.py:146} INFO - Task exited with return code 0
