[2023-03-01 12:40:21,305] {taskinstance.py:877} INFO - Dependencies all met for <TaskInstance: with_python_operator.get_name 2022-11-04T14:05:00+00:00 [queued]>
[2023-03-01 12:40:21,548] {taskinstance.py:877} INFO - Dependencies all met for <TaskInstance: with_python_operator.get_name 2022-11-04T14:05:00+00:00 [queued]>
[2023-03-01 12:40:21,555] {taskinstance.py:1068} INFO - 
--------------------------------------------------------------------------------
[2023-03-01 12:40:21,565] {taskinstance.py:1069} INFO - Starting attempt 1 of 2
[2023-03-01 12:40:21,571] {taskinstance.py:1070} INFO - 
--------------------------------------------------------------------------------
[2023-03-01 12:40:21,746] {taskinstance.py:1089} INFO - Executing <Task(PythonOperator): get_name> on 2022-11-04T14:05:00+00:00
[2023-03-01 12:40:21,781] {standard_task_runner.py:52} INFO - Started process 10629 to run task
[2023-03-01 12:40:21,887] {standard_task_runner.py:76} INFO - Running: ['airflow', 'tasks', 'run', 'with_python_operator', 'get_name', '2022-11-04T14:05:00+00:00', '--job-id', '2449', '--pool', 'default_pool', '--raw', '--subdir', 'DAGS_FOLDER/02_python_operator.py', '--cfg-path', '/tmp/tmp5vw698et', '--error-file', '/tmp/tmpyp57pybx']
[2023-03-01 12:40:21,891] {standard_task_runner.py:77} INFO - Job 2449: Subtask get_name
[2023-03-01 12:40:22,726] {logging_mixin.py:104} INFO - Running <TaskInstance: with_python_operator.get_name 2022-11-04T14:05:00+00:00 [running]> on host abe4c4997ef7
[2023-03-01 12:40:23,408] {taskinstance.py:1283} INFO - Exporting the following env vars:
AIRFLOW_CTX_DAG_OWNER=dataheroes
AIRFLOW_CTX_DAG_ID=with_python_operator
AIRFLOW_CTX_TASK_ID=get_name
AIRFLOW_CTX_EXECUTION_DATE=2022-11-04T14:05:00+00:00
AIRFLOW_CTX_DAG_RUN_ID=scheduled__2022-11-04T14:05:00+00:00
[2023-03-01 12:40:23,682] {python.py:118} INFO - Done. Returned value was: None
[2023-03-01 12:40:23,822] {taskinstance.py:1192} INFO - Marking task as SUCCESS. dag_id=with_python_operator, task_id=get_name, execution_date=20221104T140500, start_date=20230301T124021, end_date=20230301T124023
[2023-03-01 12:40:24,094] {taskinstance.py:1246} INFO - 1 downstream tasks scheduled from follow-on schedule check
[2023-03-01 12:40:24,161] {local_task_job.py:146} INFO - Task exited with return code 0
