[2023-03-01 13:26:59,137] {taskinstance.py:877} INFO - Dependencies all met for <TaskInstance: postgres_operator.create_postgres_table 2021-12-31T00:00:00+00:00 [queued]>
[2023-03-01 13:26:59,181] {taskinstance.py:877} INFO - Dependencies all met for <TaskInstance: postgres_operator.create_postgres_table 2021-12-31T00:00:00+00:00 [queued]>
[2023-03-01 13:26:59,182] {taskinstance.py:1068} INFO - 
--------------------------------------------------------------------------------
[2023-03-01 13:26:59,183] {taskinstance.py:1069} INFO - Starting attempt 3 of 6
[2023-03-01 13:26:59,184] {taskinstance.py:1070} INFO - 
--------------------------------------------------------------------------------
[2023-03-01 13:26:59,240] {taskinstance.py:1089} INFO - Executing <Task(PostgresOperator): create_postgres_table> on 2021-12-31T00:00:00+00:00
[2023-03-01 13:26:59,247] {standard_task_runner.py:52} INFO - Started process 22912 to run task
[2023-03-01 13:26:59,274] {standard_task_runner.py:76} INFO - Running: ['airflow', 'tasks', 'run', 'postgres_operator', 'create_postgres_table', '2021-12-31T00:00:00+00:00', '--job-id', '5520', '--pool', 'default_pool', '--raw', '--subdir', 'DAGS_FOLDER/06_postgres_operator.py', '--cfg-path', '/tmp/tmpavz5tru2', '--error-file', '/tmp/tmp9v31468k']
[2023-03-01 13:26:59,276] {standard_task_runner.py:77} INFO - Job 5520: Subtask create_postgres_table
[2023-03-01 13:26:59,488] {logging_mixin.py:104} INFO - Running <TaskInstance: postgres_operator.create_postgres_table 2021-12-31T00:00:00+00:00 [running]> on host abe4c4997ef7
[2023-03-01 13:26:59,804] {taskinstance.py:1283} INFO - Exporting the following env vars:
AIRFLOW_CTX_DAG_OWNER=dataheroes
AIRFLOW_CTX_DAG_ID=postgres_operator
AIRFLOW_CTX_TASK_ID=create_postgres_table
AIRFLOW_CTX_EXECUTION_DATE=2021-12-31T00:00:00+00:00
AIRFLOW_CTX_DAG_RUN_ID=scheduled__2021-12-31T00:00:00+00:00
[2023-03-01 13:26:59,806] {postgres.py:69} INFO - Executing: 
            create table if not exists fellowship_member (
                id serial,
                name text not null,
                age  int  not null,
                address char(50),
                primary key (id)
            )
        
[2023-03-01 13:26:59,848] {base.py:78} INFO - Using connection to: id: fellowship_postgres. Host: 192.168.32.3, Port: 5432, Schema: fellowship9, Login: airflow, Password: XXXXXXXX, extra: None
[2023-03-01 13:26:59,858] {dbapi.py:180} INFO - Running statement: 
            create table if not exists fellowship_member (
                id serial,
                name text not null,
                age  int  not null,
                address char(50),
                primary key (id)
            )
        , parameters: None
[2023-03-01 13:26:59,861] {dbapi.py:186} INFO - Rows affected: -1
[2023-03-01 13:26:59,877] {postgres.py:73} INFO - NOTICE:  relation "fellowship_member" already exists, skipping

[2023-03-01 13:26:59,920] {taskinstance.py:1192} INFO - Marking task as SUCCESS. dag_id=postgres_operator, task_id=create_postgres_table, execution_date=20211231T000000, start_date=20230301T132659, end_date=20230301T132659
[2023-03-01 13:27:00,560] {taskinstance.py:1246} INFO - 0 downstream tasks scheduled from follow-on schedule check
[2023-03-01 13:27:00,615] {local_task_job.py:146} INFO - Task exited with return code 0
