[2023-03-01 12:52:44,657] {taskinstance.py:877} INFO - Dependencies all met for <TaskInstance: with_python_operator.greet 2022-11-18T07:05:00+00:00 [queued]>
[2023-03-01 12:52:44,996] {taskinstance.py:877} INFO - Dependencies all met for <TaskInstance: with_python_operator.greet 2022-11-18T07:05:00+00:00 [queued]>
[2023-03-01 12:52:45,011] {taskinstance.py:1068} INFO - 
--------------------------------------------------------------------------------
[2023-03-01 12:52:45,014] {taskinstance.py:1069} INFO - Starting attempt 1 of 2
[2023-03-01 12:52:45,024] {taskinstance.py:1070} INFO - 
--------------------------------------------------------------------------------
[2023-03-01 12:52:45,232] {taskinstance.py:1089} INFO - Executing <Task(PythonOperator): greet> on 2022-11-18T07:05:00+00:00
[2023-03-01 12:52:45,294] {standard_task_runner.py:76} INFO - Running: ['airflow', 'tasks', 'run', 'with_python_operator', 'greet', '2022-11-18T07:05:00+00:00', '--job-id', '3448', '--pool', 'default_pool', '--raw', '--subdir', 'DAGS_FOLDER/02_python_operator.py', '--cfg-path', '/tmp/tmpteqitjtr', '--error-file', '/tmp/tmpzrql61_i']
[2023-03-01 12:52:45,263] {standard_task_runner.py:52} INFO - Started process 14623 to run task
[2023-03-01 12:52:45,304] {standard_task_runner.py:77} INFO - Job 3448: Subtask greet
[2023-03-01 12:52:45,917] {logging_mixin.py:104} INFO - Running <TaskInstance: with_python_operator.greet 2022-11-18T07:05:00+00:00 [running]> on host abe4c4997ef7
[2023-03-01 12:52:46,283] {taskinstance.py:1283} INFO - Exporting the following env vars:
AIRFLOW_CTX_DAG_OWNER=dataheroes
AIRFLOW_CTX_DAG_ID=with_python_operator
AIRFLOW_CTX_TASK_ID=greet
AIRFLOW_CTX_EXECUTION_DATE=2022-11-18T07:05:00+00:00
AIRFLOW_CTX_DAG_RUN_ID=scheduled__2022-11-18T07:05:00+00:00
[2023-03-01 12:52:46,298] {logging_mixin.py:104} INFO - some dict:  {'a': 1, 'b': 2}
[2023-03-01 12:52:46,534] {logging_mixin.py:104} INFO - Hello World! My name is Reza Primasatya, and I am 17 years old!
[2023-03-01 12:52:46,535] {python.py:118} INFO - Done. Returned value was: None
[2023-03-01 12:52:46,639] {taskinstance.py:1192} INFO - Marking task as SUCCESS. dag_id=with_python_operator, task_id=greet, execution_date=20221118T070500, start_date=20230301T125244, end_date=20230301T125246
[2023-03-01 12:52:46,987] {taskinstance.py:1246} INFO - 0 downstream tasks scheduled from follow-on schedule check
[2023-03-01 12:52:47,256] {local_task_job.py:146} INFO - Task exited with return code 0
