[2023-03-01 12:37:29,386] {taskinstance.py:877} INFO - Dependencies all met for <TaskInstance: with_python_operator.get_name 2022-11-01T09:05:00+00:00 [queued]>
[2023-03-01 12:37:29,740] {taskinstance.py:877} INFO - Dependencies all met for <TaskInstance: with_python_operator.get_name 2022-11-01T09:05:00+00:00 [queued]>
[2023-03-01 12:37:29,756] {taskinstance.py:1068} INFO - 
--------------------------------------------------------------------------------
[2023-03-01 12:37:29,760] {taskinstance.py:1069} INFO - Starting attempt 1 of 2
[2023-03-01 12:37:29,762] {taskinstance.py:1070} INFO - 
--------------------------------------------------------------------------------
[2023-03-01 12:37:30,034] {taskinstance.py:1089} INFO - Executing <Task(PythonOperator): get_name> on 2022-11-01T09:05:00+00:00
[2023-03-01 12:37:30,057] {standard_task_runner.py:52} INFO - Started process 9691 to run task
[2023-03-01 12:37:30,188] {standard_task_runner.py:76} INFO - Running: ['airflow', 'tasks', 'run', 'with_python_operator', 'get_name', '2022-11-01T09:05:00+00:00', '--job-id', '2213', '--pool', 'default_pool', '--raw', '--subdir', 'DAGS_FOLDER/02_python_operator.py', '--cfg-path', '/tmp/tmpcuyxgf5z', '--error-file', '/tmp/tmpmbmlb5qk']
[2023-03-01 12:37:30,196] {standard_task_runner.py:77} INFO - Job 2213: Subtask get_name
[2023-03-01 12:37:30,760] {logging_mixin.py:104} INFO - Running <TaskInstance: with_python_operator.get_name 2022-11-01T09:05:00+00:00 [running]> on host abe4c4997ef7
[2023-03-01 12:37:31,486] {taskinstance.py:1283} INFO - Exporting the following env vars:
AIRFLOW_CTX_DAG_OWNER=dataheroes
AIRFLOW_CTX_DAG_ID=with_python_operator
AIRFLOW_CTX_TASK_ID=get_name
AIRFLOW_CTX_EXECUTION_DATE=2022-11-01T09:05:00+00:00
AIRFLOW_CTX_DAG_RUN_ID=scheduled__2022-11-01T09:05:00+00:00
[2023-03-01 12:37:31,756] {python.py:118} INFO - Done. Returned value was: None
[2023-03-01 12:37:31,840] {taskinstance.py:1192} INFO - Marking task as SUCCESS. dag_id=with_python_operator, task_id=get_name, execution_date=20221101T090500, start_date=20230301T123729, end_date=20230301T123731
[2023-03-01 12:37:32,477] {taskinstance.py:1246} INFO - 0 downstream tasks scheduled from follow-on schedule check
[2023-03-01 12:37:32,631] {local_task_job.py:146} INFO - Task exited with return code 0
