[2023-03-01 12:55:43,631] {taskinstance.py:877} INFO - Dependencies all met for <TaskInstance: with_python_operator.get_age 2022-11-21T17:05:00+00:00 [queued]>
[2023-03-01 12:55:43,692] {taskinstance.py:877} INFO - Dependencies all met for <TaskInstance: with_python_operator.get_age 2022-11-21T17:05:00+00:00 [queued]>
[2023-03-01 12:55:43,695] {taskinstance.py:1068} INFO - 
--------------------------------------------------------------------------------
[2023-03-01 12:55:43,696] {taskinstance.py:1069} INFO - Starting attempt 1 of 2
[2023-03-01 12:55:43,697] {taskinstance.py:1070} INFO - 
--------------------------------------------------------------------------------
[2023-03-01 12:55:43,735] {taskinstance.py:1089} INFO - Executing <Task(PythonOperator): get_age> on 2022-11-21T17:05:00+00:00
[2023-03-01 12:55:43,741] {standard_task_runner.py:52} INFO - Started process 15557 to run task
[2023-03-01 12:55:43,784] {standard_task_runner.py:76} INFO - Running: ['airflow', 'tasks', 'run', 'with_python_operator', 'get_age', '2022-11-21T17:05:00+00:00', '--job-id', '3683', '--pool', 'default_pool', '--raw', '--subdir', 'DAGS_FOLDER/02_python_operator.py', '--cfg-path', '/tmp/tmpclmltlrq', '--error-file', '/tmp/tmpj0g94e2v']
[2023-03-01 12:55:43,785] {standard_task_runner.py:77} INFO - Job 3683: Subtask get_age
[2023-03-01 12:55:44,190] {logging_mixin.py:104} INFO - Running <TaskInstance: with_python_operator.get_age 2022-11-21T17:05:00+00:00 [running]> on host abe4c4997ef7
[2023-03-01 12:55:44,585] {taskinstance.py:1283} INFO - Exporting the following env vars:
AIRFLOW_CTX_DAG_OWNER=dataheroes
AIRFLOW_CTX_DAG_ID=with_python_operator
AIRFLOW_CTX_TASK_ID=get_age
AIRFLOW_CTX_EXECUTION_DATE=2022-11-21T17:05:00+00:00
AIRFLOW_CTX_DAG_RUN_ID=scheduled__2022-11-21T17:05:00+00:00
[2023-03-01 12:55:44,707] {python.py:118} INFO - Done. Returned value was: None
[2023-03-01 12:55:44,822] {taskinstance.py:1192} INFO - Marking task as SUCCESS. dag_id=with_python_operator, task_id=get_age, execution_date=20221121T170500, start_date=20230301T125543, end_date=20230301T125544
[2023-03-01 12:55:45,098] {taskinstance.py:1246} INFO - 0 downstream tasks scheduled from follow-on schedule check
[2023-03-01 12:55:45,184] {local_task_job.py:146} INFO - Task exited with return code 0
