[2023-03-01 12:14:26,889] {taskinstance.py:877} INFO - Dependencies all met for <TaskInstance: with_python_operator.get_age 2022-10-07T15:05:00+00:00 [queued]>
[2023-03-01 12:14:26,940] {taskinstance.py:877} INFO - Dependencies all met for <TaskInstance: with_python_operator.get_age 2022-10-07T15:05:00+00:00 [queued]>
[2023-03-01 12:14:26,942] {taskinstance.py:1068} INFO - 
--------------------------------------------------------------------------------
[2023-03-01 12:14:26,943] {taskinstance.py:1069} INFO - Starting attempt 1 of 2
[2023-03-01 12:14:26,944] {taskinstance.py:1070} INFO - 
--------------------------------------------------------------------------------
[2023-03-01 12:14:26,984] {taskinstance.py:1089} INFO - Executing <Task(PythonOperator): get_age> on 2022-10-07T15:05:00+00:00
[2023-03-01 12:14:26,989] {standard_task_runner.py:52} INFO - Started process 2139 to run task
[2023-03-01 12:14:27,011] {standard_task_runner.py:76} INFO - Running: ['airflow', 'tasks', 'run', 'with_python_operator', 'get_age', '2022-10-07T15:05:00+00:00', '--job-id', '375', '--pool', 'default_pool', '--raw', '--subdir', 'DAGS_FOLDER/02_python_operator.py', '--cfg-path', '/tmp/tmpi13rh4ru', '--error-file', '/tmp/tmpfu70m67i']
[2023-03-01 12:14:27,015] {standard_task_runner.py:77} INFO - Job 375: Subtask get_age
[2023-03-01 12:14:27,347] {logging_mixin.py:104} INFO - Running <TaskInstance: with_python_operator.get_age 2022-10-07T15:05:00+00:00 [running]> on host abe4c4997ef7
[2023-03-01 12:14:27,680] {taskinstance.py:1283} INFO - Exporting the following env vars:
AIRFLOW_CTX_DAG_OWNER=dataheroes
AIRFLOW_CTX_DAG_ID=with_python_operator
AIRFLOW_CTX_TASK_ID=get_age
AIRFLOW_CTX_EXECUTION_DATE=2022-10-07T15:05:00+00:00
AIRFLOW_CTX_DAG_RUN_ID=scheduled__2022-10-07T15:05:00+00:00
[2023-03-01 12:14:27,758] {python.py:118} INFO - Done. Returned value was: None
[2023-03-01 12:14:27,944] {taskinstance.py:1192} INFO - Marking task as SUCCESS. dag_id=with_python_operator, task_id=get_age, execution_date=20221007T150500, start_date=20230301T121426, end_date=20230301T121427
[2023-03-01 12:14:28,731] {taskinstance.py:1246} INFO - 0 downstream tasks scheduled from follow-on schedule check
[2023-03-01 12:14:28,835] {local_task_job.py:146} INFO - Task exited with return code 0
