[2023-03-01 13:11:20,558] {taskinstance.py:877} INFO - Dependencies all met for <TaskInstance: with_python_operator.get_age 2022-12-10T04:05:00+00:00 [queued]>
[2023-03-01 13:11:20,812] {taskinstance.py:877} INFO - Dependencies all met for <TaskInstance: with_python_operator.get_age 2022-12-10T04:05:00+00:00 [queued]>
[2023-03-01 13:11:20,821] {taskinstance.py:1068} INFO - 
--------------------------------------------------------------------------------
[2023-03-01 13:11:20,828] {taskinstance.py:1069} INFO - Starting attempt 1 of 2
[2023-03-01 13:11:20,833] {taskinstance.py:1070} INFO - 
--------------------------------------------------------------------------------
[2023-03-01 13:11:21,119] {taskinstance.py:1089} INFO - Executing <Task(PythonOperator): get_age> on 2022-12-10T04:05:00+00:00
[2023-03-01 13:11:21,256] {standard_task_runner.py:76} INFO - Running: ['airflow', 'tasks', 'run', 'with_python_operator', 'get_age', '2022-12-10T04:05:00+00:00', '--job-id', '5015', '--pool', 'default_pool', '--raw', '--subdir', 'DAGS_FOLDER/02_python_operator.py', '--cfg-path', '/tmp/tmpe2kup4by', '--error-file', '/tmp/tmpkk3v2syz']
[2023-03-01 13:11:21,281] {standard_task_runner.py:77} INFO - Job 5015: Subtask get_age
[2023-03-01 13:11:21,178] {standard_task_runner.py:52} INFO - Started process 20915 to run task
[2023-03-01 13:11:22,023] {logging_mixin.py:104} INFO - Running <TaskInstance: with_python_operator.get_age 2022-12-10T04:05:00+00:00 [running]> on host abe4c4997ef7
[2023-03-01 13:11:22,603] {taskinstance.py:1283} INFO - Exporting the following env vars:
AIRFLOW_CTX_DAG_OWNER=dataheroes
AIRFLOW_CTX_DAG_ID=with_python_operator
AIRFLOW_CTX_TASK_ID=get_age
AIRFLOW_CTX_EXECUTION_DATE=2022-12-10T04:05:00+00:00
AIRFLOW_CTX_DAG_RUN_ID=scheduled__2022-12-10T04:05:00+00:00
[2023-03-01 13:11:22,692] {python.py:118} INFO - Done. Returned value was: None
[2023-03-01 13:11:22,839] {taskinstance.py:1192} INFO - Marking task as SUCCESS. dag_id=with_python_operator, task_id=get_age, execution_date=20221210T040500, start_date=20230301T131120, end_date=20230301T131122
[2023-03-01 13:11:23,557] {taskinstance.py:1246} INFO - 0 downstream tasks scheduled from follow-on schedule check
[2023-03-01 13:11:23,671] {local_task_job.py:146} INFO - Task exited with return code 0
