[2023-03-01 13:09:56,749] {taskinstance.py:877} INFO - Dependencies all met for <TaskInstance: with_python_operator.greet 2022-12-08T03:05:00+00:00 [queued]>
[2023-03-01 13:09:57,086] {taskinstance.py:877} INFO - Dependencies all met for <TaskInstance: with_python_operator.greet 2022-12-08T03:05:00+00:00 [queued]>
[2023-03-01 13:09:57,088] {taskinstance.py:1068} INFO - 
--------------------------------------------------------------------------------
[2023-03-01 13:09:57,089] {taskinstance.py:1069} INFO - Starting attempt 1 of 2
[2023-03-01 13:09:57,090] {taskinstance.py:1070} INFO - 
--------------------------------------------------------------------------------
[2023-03-01 13:09:57,214] {taskinstance.py:1089} INFO - Executing <Task(PythonOperator): greet> on 2022-12-08T03:05:00+00:00
[2023-03-01 13:09:57,231] {standard_task_runner.py:52} INFO - Started process 20435 to run task
[2023-03-01 13:09:57,316] {standard_task_runner.py:76} INFO - Running: ['airflow', 'tasks', 'run', 'with_python_operator', 'greet', '2022-12-08T03:05:00+00:00', '--job-id', '4896', '--pool', 'default_pool', '--raw', '--subdir', 'DAGS_FOLDER/02_python_operator.py', '--cfg-path', '/tmp/tmpw9m3gr1b', '--error-file', '/tmp/tmpazz3t8s_']
[2023-03-01 13:09:57,324] {standard_task_runner.py:77} INFO - Job 4896: Subtask greet
[2023-03-01 13:09:58,536] {logging_mixin.py:104} INFO - Running <TaskInstance: with_python_operator.greet 2022-12-08T03:05:00+00:00 [running]> on host abe4c4997ef7
[2023-03-01 13:09:59,300] {taskinstance.py:1283} INFO - Exporting the following env vars:
AIRFLOW_CTX_DAG_OWNER=dataheroes
AIRFLOW_CTX_DAG_ID=with_python_operator
AIRFLOW_CTX_TASK_ID=greet
AIRFLOW_CTX_EXECUTION_DATE=2022-12-08T03:05:00+00:00
AIRFLOW_CTX_DAG_RUN_ID=scheduled__2022-12-08T03:05:00+00:00
[2023-03-01 13:09:59,315] {logging_mixin.py:104} INFO - some dict:  {'a': 1, 'b': 2}
[2023-03-01 13:09:59,503] {logging_mixin.py:104} INFO - Hello World! My name is Reza Primasatya, and I am 17 years old!
[2023-03-01 13:09:59,505] {python.py:118} INFO - Done. Returned value was: None
[2023-03-01 13:09:59,904] {taskinstance.py:1192} INFO - Marking task as SUCCESS. dag_id=with_python_operator, task_id=greet, execution_date=20221208T030500, start_date=20230301T130956, end_date=20230301T130959
[2023-03-01 13:10:00,274] {taskinstance.py:1246} INFO - 0 downstream tasks scheduled from follow-on schedule check
[2023-03-01 13:10:00,450] {local_task_job.py:146} INFO - Task exited with return code 0
