[2023-03-01 12:30:13,535] {taskinstance.py:877} INFO - Dependencies all met for <TaskInstance: with_python_operator.get_age 2022-10-24T09:05:00+00:00 [queued]>
[2023-03-01 12:30:13,878] {taskinstance.py:877} INFO - Dependencies all met for <TaskInstance: with_python_operator.get_age 2022-10-24T09:05:00+00:00 [queued]>
[2023-03-01 12:30:13,879] {taskinstance.py:1068} INFO - 
--------------------------------------------------------------------------------
[2023-03-01 12:30:13,881] {taskinstance.py:1069} INFO - Starting attempt 1 of 2
[2023-03-01 12:30:13,888] {taskinstance.py:1070} INFO - 
--------------------------------------------------------------------------------
[2023-03-01 12:30:14,099] {taskinstance.py:1089} INFO - Executing <Task(PythonOperator): get_age> on 2022-10-24T09:05:00+00:00
[2023-03-01 12:30:14,167] {standard_task_runner.py:52} INFO - Started process 7381 to run task
[2023-03-01 12:30:14,340] {standard_task_runner.py:76} INFO - Running: ['airflow', 'tasks', 'run', 'with_python_operator', 'get_age', '2022-10-24T09:05:00+00:00', '--job-id', '1635', '--pool', 'default_pool', '--raw', '--subdir', 'DAGS_FOLDER/02_python_operator.py', '--cfg-path', '/tmp/tmpxndru2rd', '--error-file', '/tmp/tmpu7c2pgpi']
[2023-03-01 12:30:14,362] {standard_task_runner.py:77} INFO - Job 1635: Subtask get_age
[2023-03-01 12:30:15,100] {logging_mixin.py:104} INFO - Running <TaskInstance: with_python_operator.get_age 2022-10-24T09:05:00+00:00 [running]> on host abe4c4997ef7
[2023-03-01 12:30:15,621] {taskinstance.py:1283} INFO - Exporting the following env vars:
AIRFLOW_CTX_DAG_OWNER=dataheroes
AIRFLOW_CTX_DAG_ID=with_python_operator
AIRFLOW_CTX_TASK_ID=get_age
AIRFLOW_CTX_EXECUTION_DATE=2022-10-24T09:05:00+00:00
AIRFLOW_CTX_DAG_RUN_ID=scheduled__2022-10-24T09:05:00+00:00
[2023-03-01 12:30:15,804] {python.py:118} INFO - Done. Returned value was: None
[2023-03-01 12:30:15,951] {taskinstance.py:1192} INFO - Marking task as SUCCESS. dag_id=with_python_operator, task_id=get_age, execution_date=20221024T090500, start_date=20230301T123013, end_date=20230301T123015
[2023-03-01 12:30:16,493] {taskinstance.py:1246} INFO - 0 downstream tasks scheduled from follow-on schedule check
[2023-03-01 12:30:16,591] {local_task_job.py:146} INFO - Task exited with return code 0
