[2023-03-01 13:28:04,720] {taskinstance.py:877} INFO - Dependencies all met for <TaskInstance: postgres_operator.create_postgres_table 2022-01-14T00:00:00+00:00 [queued]>
[2023-03-01 13:28:04,776] {taskinstance.py:877} INFO - Dependencies all met for <TaskInstance: postgres_operator.create_postgres_table 2022-01-14T00:00:00+00:00 [queued]>
[2023-03-01 13:28:04,778] {taskinstance.py:1068} INFO - 
--------------------------------------------------------------------------------
[2023-03-01 13:28:04,779] {taskinstance.py:1069} INFO - Starting attempt 1 of 6
[2023-03-01 13:28:04,780] {taskinstance.py:1070} INFO - 
--------------------------------------------------------------------------------
[2023-03-01 13:28:04,825] {taskinstance.py:1089} INFO - Executing <Task(PostgresOperator): create_postgres_table> on 2022-01-14T00:00:00+00:00
[2023-03-01 13:28:04,832] {standard_task_runner.py:52} INFO - Started process 23085 to run task
[2023-03-01 13:28:04,855] {standard_task_runner.py:76} INFO - Running: ['airflow', 'tasks', 'run', 'postgres_operator', 'create_postgres_table', '2022-01-14T00:00:00+00:00', '--job-id', '5563', '--pool', 'default_pool', '--raw', '--subdir', 'DAGS_FOLDER/06_postgres_operator.py', '--cfg-path', '/tmp/tmpf7atmfuu', '--error-file', '/tmp/tmpdw7hpezv']
[2023-03-01 13:28:04,857] {standard_task_runner.py:77} INFO - Job 5563: Subtask create_postgres_table
[2023-03-01 13:28:05,090] {logging_mixin.py:104} INFO - Running <TaskInstance: postgres_operator.create_postgres_table 2022-01-14T00:00:00+00:00 [running]> on host abe4c4997ef7
[2023-03-01 13:28:05,393] {taskinstance.py:1283} INFO - Exporting the following env vars:
AIRFLOW_CTX_DAG_OWNER=dataheroes
AIRFLOW_CTX_DAG_ID=postgres_operator
AIRFLOW_CTX_TASK_ID=create_postgres_table
AIRFLOW_CTX_EXECUTION_DATE=2022-01-14T00:00:00+00:00
AIRFLOW_CTX_DAG_RUN_ID=scheduled__2022-01-14T00:00:00+00:00
[2023-03-01 13:28:05,398] {postgres.py:69} INFO - Executing: 
            create table if not exists fellowship_member (
                id serial,
                name text not null,
                age  int  not null,
                address char(50),
                primary key (id)
            )
        
[2023-03-01 13:28:05,444] {base.py:78} INFO - Using connection to: id: fellowship_postgres. Host: 192.168.32.3, Port: 5432, Schema: fellowship9, Login: airflow, Password: XXXXXXXX, extra: None
[2023-03-01 13:28:05,457] {dbapi.py:180} INFO - Running statement: 
            create table if not exists fellowship_member (
                id serial,
                name text not null,
                age  int  not null,
                address char(50),
                primary key (id)
            )
        , parameters: None
[2023-03-01 13:28:05,463] {dbapi.py:186} INFO - Rows affected: -1
[2023-03-01 13:28:05,479] {postgres.py:73} INFO - NOTICE:  relation "fellowship_member" already exists, skipping

[2023-03-01 13:28:05,515] {taskinstance.py:1192} INFO - Marking task as SUCCESS. dag_id=postgres_operator, task_id=create_postgres_table, execution_date=20220114T000000, start_date=20230301T132804, end_date=20230301T132805
[2023-03-01 13:28:06,112] {taskinstance.py:1246} INFO - 0 downstream tasks scheduled from follow-on schedule check
[2023-03-01 13:28:06,165] {local_task_job.py:146} INFO - Task exited with return code 0
