[2023-03-01 12:31:11,568] {taskinstance.py:877} INFO - Dependencies all met for <TaskInstance: with_python_operator.get_age 2022-10-25T08:05:00+00:00 [queued]>
[2023-03-01 12:31:12,043] {taskinstance.py:877} INFO - Dependencies all met for <TaskInstance: with_python_operator.get_age 2022-10-25T08:05:00+00:00 [queued]>
[2023-03-01 12:31:12,062] {taskinstance.py:1068} INFO - 
--------------------------------------------------------------------------------
[2023-03-01 12:31:12,072] {taskinstance.py:1069} INFO - Starting attempt 1 of 2
[2023-03-01 12:31:12,073] {taskinstance.py:1070} INFO - 
--------------------------------------------------------------------------------
[2023-03-01 12:31:12,281] {taskinstance.py:1089} INFO - Executing <Task(PythonOperator): get_age> on 2022-10-25T08:05:00+00:00
[2023-03-01 12:31:12,315] {standard_task_runner.py:52} INFO - Started process 7675 to run task
[2023-03-01 12:31:12,368] {standard_task_runner.py:76} INFO - Running: ['airflow', 'tasks', 'run', 'with_python_operator', 'get_age', '2022-10-25T08:05:00+00:00', '--job-id', '1710', '--pool', 'default_pool', '--raw', '--subdir', 'DAGS_FOLDER/02_python_operator.py', '--cfg-path', '/tmp/tmpfny65iw8', '--error-file', '/tmp/tmp8ki0z_k3']
[2023-03-01 12:31:12,378] {standard_task_runner.py:77} INFO - Job 1710: Subtask get_age
[2023-03-01 12:31:12,817] {logging_mixin.py:104} INFO - Running <TaskInstance: with_python_operator.get_age 2022-10-25T08:05:00+00:00 [running]> on host abe4c4997ef7
[2023-03-01 12:31:13,769] {taskinstance.py:1283} INFO - Exporting the following env vars:
AIRFLOW_CTX_DAG_OWNER=dataheroes
AIRFLOW_CTX_DAG_ID=with_python_operator
AIRFLOW_CTX_TASK_ID=get_age
AIRFLOW_CTX_EXECUTION_DATE=2022-10-25T08:05:00+00:00
AIRFLOW_CTX_DAG_RUN_ID=scheduled__2022-10-25T08:05:00+00:00
[2023-03-01 12:31:13,920] {python.py:118} INFO - Done. Returned value was: None
[2023-03-01 12:31:14,079] {taskinstance.py:1192} INFO - Marking task as SUCCESS. dag_id=with_python_operator, task_id=get_age, execution_date=20221025T080500, start_date=20230301T123111, end_date=20230301T123114
[2023-03-01 12:31:14,727] {taskinstance.py:1246} INFO - 0 downstream tasks scheduled from follow-on schedule check
[2023-03-01 12:31:14,858] {local_task_job.py:146} INFO - Task exited with return code 0
