[2023-03-01 13:10:20,480] {taskinstance.py:877} INFO - Dependencies all met for <TaskInstance: with_python_operator.greet 2022-12-08T20:05:00+00:00 [queued]>
[2023-03-01 13:10:20,768] {taskinstance.py:877} INFO - Dependencies all met for <TaskInstance: with_python_operator.greet 2022-12-08T20:05:00+00:00 [queued]>
[2023-03-01 13:10:20,790] {taskinstance.py:1068} INFO - 
--------------------------------------------------------------------------------
[2023-03-01 13:10:20,791] {taskinstance.py:1069} INFO - Starting attempt 1 of 2
[2023-03-01 13:10:20,794] {taskinstance.py:1070} INFO - 
--------------------------------------------------------------------------------
[2023-03-01 13:10:21,479] {taskinstance.py:1089} INFO - Executing <Task(PythonOperator): greet> on 2022-12-08T20:05:00+00:00
[2023-03-01 13:10:21,569] {standard_task_runner.py:52} INFO - Started process 20585 to run task
[2023-03-01 13:10:21,658] {standard_task_runner.py:76} INFO - Running: ['airflow', 'tasks', 'run', 'with_python_operator', 'greet', '2022-12-08T20:05:00+00:00', '--job-id', '4933', '--pool', 'default_pool', '--raw', '--subdir', 'DAGS_FOLDER/02_python_operator.py', '--cfg-path', '/tmp/tmpjy9zbuxt', '--error-file', '/tmp/tmpl6vbyhe3']
[2023-03-01 13:10:21,680] {standard_task_runner.py:77} INFO - Job 4933: Subtask greet
[2023-03-01 13:10:22,613] {logging_mixin.py:104} INFO - Running <TaskInstance: with_python_operator.greet 2022-12-08T20:05:00+00:00 [running]> on host abe4c4997ef7
[2023-03-01 13:10:23,194] {taskinstance.py:1283} INFO - Exporting the following env vars:
AIRFLOW_CTX_DAG_OWNER=dataheroes
AIRFLOW_CTX_DAG_ID=with_python_operator
AIRFLOW_CTX_TASK_ID=greet
AIRFLOW_CTX_EXECUTION_DATE=2022-12-08T20:05:00+00:00
AIRFLOW_CTX_DAG_RUN_ID=scheduled__2022-12-08T20:05:00+00:00
[2023-03-01 13:10:23,198] {logging_mixin.py:104} INFO - some dict:  {'a': 1, 'b': 2}
[2023-03-01 13:10:23,333] {logging_mixin.py:104} INFO - Hello World! My name is Reza Primasatya, and I am 17 years old!
[2023-03-01 13:10:23,338] {python.py:118} INFO - Done. Returned value was: None
[2023-03-01 13:10:23,467] {taskinstance.py:1192} INFO - Marking task as SUCCESS. dag_id=with_python_operator, task_id=greet, execution_date=20221208T200500, start_date=20230301T131020, end_date=20230301T131023
[2023-03-01 13:10:23,837] {taskinstance.py:1246} INFO - 0 downstream tasks scheduled from follow-on schedule check
[2023-03-01 13:10:23,962] {local_task_job.py:146} INFO - Task exited with return code 0
