[2023-03-01 12:51:41,011] {taskinstance.py:877} INFO - Dependencies all met for <TaskInstance: with_python_operator.get_name 2022-11-17T03:05:00+00:00 [queued]>
[2023-03-01 12:51:41,186] {taskinstance.py:877} INFO - Dependencies all met for <TaskInstance: with_python_operator.get_name 2022-11-17T03:05:00+00:00 [queued]>
[2023-03-01 12:51:41,199] {taskinstance.py:1068} INFO - 
--------------------------------------------------------------------------------
[2023-03-01 12:51:41,200] {taskinstance.py:1069} INFO - Starting attempt 1 of 2
[2023-03-01 12:51:41,200] {taskinstance.py:1070} INFO - 
--------------------------------------------------------------------------------
[2023-03-01 12:51:41,317] {taskinstance.py:1089} INFO - Executing <Task(PythonOperator): get_name> on 2022-11-17T03:05:00+00:00
[2023-03-01 12:51:41,322] {standard_task_runner.py:52} INFO - Started process 14233 to run task
[2023-03-01 12:51:41,377] {standard_task_runner.py:76} INFO - Running: ['airflow', 'tasks', 'run', 'with_python_operator', 'get_name', '2022-11-17T03:05:00+00:00', '--job-id', '3351', '--pool', 'default_pool', '--raw', '--subdir', 'DAGS_FOLDER/02_python_operator.py', '--cfg-path', '/tmp/tmpceyt4520', '--error-file', '/tmp/tmpbc0_a4kh']
[2023-03-01 12:51:41,385] {standard_task_runner.py:77} INFO - Job 3351: Subtask get_name
[2023-03-01 12:51:41,748] {logging_mixin.py:104} INFO - Running <TaskInstance: with_python_operator.get_name 2022-11-17T03:05:00+00:00 [running]> on host abe4c4997ef7
[2023-03-01 12:51:42,334] {taskinstance.py:1283} INFO - Exporting the following env vars:
AIRFLOW_CTX_DAG_OWNER=dataheroes
AIRFLOW_CTX_DAG_ID=with_python_operator
AIRFLOW_CTX_TASK_ID=get_name
AIRFLOW_CTX_EXECUTION_DATE=2022-11-17T03:05:00+00:00
AIRFLOW_CTX_DAG_RUN_ID=scheduled__2022-11-17T03:05:00+00:00
[2023-03-01 12:51:42,460] {python.py:118} INFO - Done. Returned value was: None
[2023-03-01 12:51:42,525] {taskinstance.py:1192} INFO - Marking task as SUCCESS. dag_id=with_python_operator, task_id=get_name, execution_date=20221117T030500, start_date=20230301T125141, end_date=20230301T125142
[2023-03-01 12:51:43,136] {taskinstance.py:1246} INFO - 1 downstream tasks scheduled from follow-on schedule check
[2023-03-01 12:51:43,253] {local_task_job.py:146} INFO - Task exited with return code 0
