[2023-03-01 13:27:06,379] {taskinstance.py:877} INFO - Dependencies all met for <TaskInstance: postgres_operator.insert_into_table 2021-12-31T00:00:00+00:00 [queued]>
[2023-03-01 13:27:06,426] {taskinstance.py:877} INFO - Dependencies all met for <TaskInstance: postgres_operator.insert_into_table 2021-12-31T00:00:00+00:00 [queued]>
[2023-03-01 13:27:06,428] {taskinstance.py:1068} INFO - 
--------------------------------------------------------------------------------
[2023-03-01 13:27:06,429] {taskinstance.py:1069} INFO - Starting attempt 1 of 6
[2023-03-01 13:27:06,430] {taskinstance.py:1070} INFO - 
--------------------------------------------------------------------------------
[2023-03-01 13:27:06,467] {taskinstance.py:1089} INFO - Executing <Task(PostgresOperator): insert_into_table> on 2021-12-31T00:00:00+00:00
[2023-03-01 13:27:06,473] {standard_task_runner.py:52} INFO - Started process 22963 to run task
[2023-03-01 13:27:06,501] {standard_task_runner.py:76} INFO - Running: ['airflow', 'tasks', 'run', 'postgres_operator', 'insert_into_table', '2021-12-31T00:00:00+00:00', '--job-id', '5531', '--pool', 'default_pool', '--raw', '--subdir', 'DAGS_FOLDER/06_postgres_operator.py', '--cfg-path', '/tmp/tmps_zxtnlj', '--error-file', '/tmp/tmpsgasuakq']
[2023-03-01 13:27:06,503] {standard_task_runner.py:77} INFO - Job 5531: Subtask insert_into_table
[2023-03-01 13:27:06,723] {logging_mixin.py:104} INFO - Running <TaskInstance: postgres_operator.insert_into_table 2021-12-31T00:00:00+00:00 [running]> on host abe4c4997ef7
[2023-03-01 13:27:06,882] {taskinstance.py:1283} INFO - Exporting the following env vars:
AIRFLOW_CTX_DAG_OWNER=dataheroes
AIRFLOW_CTX_DAG_ID=postgres_operator
AIRFLOW_CTX_TASK_ID=insert_into_table
AIRFLOW_CTX_EXECUTION_DATE=2021-12-31T00:00:00+00:00
AIRFLOW_CTX_DAG_RUN_ID=scheduled__2021-12-31T00:00:00+00:00
[2023-03-01 13:27:06,885] {postgres.py:69} INFO - Executing: 
            insert into fellowship_member(name,age,address) values ( 'Reza', 17, 'DPS')
        
[2023-03-01 13:27:06,933] {base.py:78} INFO - Using connection to: id: fellowship_postgres. Host: 192.168.32.3, Port: 5432, Schema: fellowship9, Login: airflow, Password: XXXXXXXX, extra: None
[2023-03-01 13:27:06,951] {dbapi.py:180} INFO - Running statement: 
            insert into fellowship_member(name,age,address) values ( 'Reza', 17, 'DPS')
        , parameters: None
[2023-03-01 13:27:06,955] {dbapi.py:186} INFO - Rows affected: 1
[2023-03-01 13:27:07,027] {taskinstance.py:1192} INFO - Marking task as SUCCESS. dag_id=postgres_operator, task_id=insert_into_table, execution_date=20211231T000000, start_date=20230301T132706, end_date=20230301T132707
[2023-03-01 13:27:07,231] {taskinstance.py:1246} INFO - 0 downstream tasks scheduled from follow-on schedule check
[2023-03-01 13:27:07,267] {local_task_job.py:146} INFO - Task exited with return code 0
