[2023-03-01 12:23:43,567] {taskinstance.py:877} INFO - Dependencies all met for <TaskInstance: with_python_operator.get_name 2022-10-17T10:05:00+00:00 [queued]>
[2023-03-01 12:23:43,810] {taskinstance.py:877} INFO - Dependencies all met for <TaskInstance: with_python_operator.get_name 2022-10-17T10:05:00+00:00 [queued]>
[2023-03-01 12:23:43,821] {taskinstance.py:1068} INFO - 
--------------------------------------------------------------------------------
[2023-03-01 12:23:43,826] {taskinstance.py:1069} INFO - Starting attempt 1 of 2
[2023-03-01 12:23:43,828] {taskinstance.py:1070} INFO - 
--------------------------------------------------------------------------------
[2023-03-01 12:23:43,919] {taskinstance.py:1089} INFO - Executing <Task(PythonOperator): get_name> on 2022-10-17T10:05:00+00:00
[2023-03-01 12:23:43,940] {standard_task_runner.py:52} INFO - Started process 5391 to run task
[2023-03-01 12:23:44,032] {standard_task_runner.py:76} INFO - Running: ['airflow', 'tasks', 'run', 'with_python_operator', 'get_name', '2022-10-17T10:05:00+00:00', '--job-id', '1139', '--pool', 'default_pool', '--raw', '--subdir', 'DAGS_FOLDER/02_python_operator.py', '--cfg-path', '/tmp/tmpdw143uv4', '--error-file', '/tmp/tmpuuqlgiob']
[2023-03-01 12:23:44,059] {standard_task_runner.py:77} INFO - Job 1139: Subtask get_name
[2023-03-01 12:23:44,555] {logging_mixin.py:104} INFO - Running <TaskInstance: with_python_operator.get_name 2022-10-17T10:05:00+00:00 [running]> on host abe4c4997ef7
[2023-03-01 12:23:44,818] {taskinstance.py:1283} INFO - Exporting the following env vars:
AIRFLOW_CTX_DAG_OWNER=dataheroes
AIRFLOW_CTX_DAG_ID=with_python_operator
AIRFLOW_CTX_TASK_ID=get_name
AIRFLOW_CTX_EXECUTION_DATE=2022-10-17T10:05:00+00:00
AIRFLOW_CTX_DAG_RUN_ID=scheduled__2022-10-17T10:05:00+00:00
[2023-03-01 12:23:44,970] {python.py:118} INFO - Done. Returned value was: None
[2023-03-01 12:23:45,136] {taskinstance.py:1192} INFO - Marking task as SUCCESS. dag_id=with_python_operator, task_id=get_name, execution_date=20221017T100500, start_date=20230301T122343, end_date=20230301T122345
[2023-03-01 12:23:45,845] {taskinstance.py:1246} INFO - 0 downstream tasks scheduled from follow-on schedule check
[2023-03-01 12:23:46,027] {local_task_job.py:146} INFO - Task exited with return code 0
