[2023-03-01 12:14:57,629] {taskinstance.py:877} INFO - Dependencies all met for <TaskInstance: with_python_operator.greet 2022-10-08T05:05:00+00:00 [queued]>
[2023-03-01 12:14:57,680] {taskinstance.py:877} INFO - Dependencies all met for <TaskInstance: with_python_operator.greet 2022-10-08T05:05:00+00:00 [queued]>
[2023-03-01 12:14:57,683] {taskinstance.py:1068} INFO - 
--------------------------------------------------------------------------------
[2023-03-01 12:14:57,685] {taskinstance.py:1069} INFO - Starting attempt 1 of 2
[2023-03-01 12:14:57,686] {taskinstance.py:1070} INFO - 
--------------------------------------------------------------------------------
[2023-03-01 12:14:57,748] {taskinstance.py:1089} INFO - Executing <Task(PythonOperator): greet> on 2022-10-08T05:05:00+00:00
[2023-03-01 12:14:57,753] {standard_task_runner.py:52} INFO - Started process 2386 to run task
[2023-03-01 12:14:57,773] {standard_task_runner.py:76} INFO - Running: ['airflow', 'tasks', 'run', 'with_python_operator', 'greet', '2022-10-08T05:05:00+00:00', '--job-id', '432', '--pool', 'default_pool', '--raw', '--subdir', 'DAGS_FOLDER/02_python_operator.py', '--cfg-path', '/tmp/tmpz4p4p_7u', '--error-file', '/tmp/tmpb6jq7mlj']
[2023-03-01 12:14:57,775] {standard_task_runner.py:77} INFO - Job 432: Subtask greet
[2023-03-01 12:14:58,050] {logging_mixin.py:104} INFO - Running <TaskInstance: with_python_operator.greet 2022-10-08T05:05:00+00:00 [running]> on host abe4c4997ef7
[2023-03-01 12:14:58,350] {taskinstance.py:1283} INFO - Exporting the following env vars:
AIRFLOW_CTX_DAG_OWNER=dataheroes
AIRFLOW_CTX_DAG_ID=with_python_operator
AIRFLOW_CTX_TASK_ID=greet
AIRFLOW_CTX_EXECUTION_DATE=2022-10-08T05:05:00+00:00
AIRFLOW_CTX_DAG_RUN_ID=scheduled__2022-10-08T05:05:00+00:00
[2023-03-01 12:14:58,357] {logging_mixin.py:104} INFO - some dict:  {'a': 1, 'b': 2}
[2023-03-01 12:14:58,462] {logging_mixin.py:104} INFO - Hello World! My name is Reza Primasatya, and I am 17 years old!
[2023-03-01 12:14:58,463] {python.py:118} INFO - Done. Returned value was: None
[2023-03-01 12:14:58,509] {taskinstance.py:1192} INFO - Marking task as SUCCESS. dag_id=with_python_operator, task_id=greet, execution_date=20221008T050500, start_date=20230301T121457, end_date=20230301T121458
[2023-03-01 12:14:58,636] {taskinstance.py:1246} INFO - 0 downstream tasks scheduled from follow-on schedule check
[2023-03-01 12:14:58,668] {local_task_job.py:146} INFO - Task exited with return code 0
