[2023-03-01 12:41:49,516] {taskinstance.py:877} INFO - Dependencies all met for <TaskInstance: with_python_operator.get_name 2022-11-06T12:05:00+00:00 [queued]>
[2023-03-01 12:41:49,790] {taskinstance.py:877} INFO - Dependencies all met for <TaskInstance: with_python_operator.get_name 2022-11-06T12:05:00+00:00 [queued]>
[2023-03-01 12:41:49,808] {taskinstance.py:1068} INFO - 
--------------------------------------------------------------------------------
[2023-03-01 12:41:49,810] {taskinstance.py:1069} INFO - Starting attempt 1 of 2
[2023-03-01 12:41:49,810] {taskinstance.py:1070} INFO - 
--------------------------------------------------------------------------------
[2023-03-01 12:41:50,046] {taskinstance.py:1089} INFO - Executing <Task(PythonOperator): get_name> on 2022-11-06T12:05:00+00:00
[2023-03-01 12:41:50,101] {standard_task_runner.py:52} INFO - Started process 11151 to run task
[2023-03-01 12:41:50,182] {standard_task_runner.py:76} INFO - Running: ['airflow', 'tasks', 'run', 'with_python_operator', 'get_name', '2022-11-06T12:05:00+00:00', '--job-id', '2578', '--pool', 'default_pool', '--raw', '--subdir', 'DAGS_FOLDER/02_python_operator.py', '--cfg-path', '/tmp/tmpil6u_w23', '--error-file', '/tmp/tmp0un80471']
[2023-03-01 12:41:50,207] {standard_task_runner.py:77} INFO - Job 2578: Subtask get_name
[2023-03-01 12:41:50,859] {logging_mixin.py:104} INFO - Running <TaskInstance: with_python_operator.get_name 2022-11-06T12:05:00+00:00 [running]> on host abe4c4997ef7
[2023-03-01 12:41:51,282] {taskinstance.py:1283} INFO - Exporting the following env vars:
AIRFLOW_CTX_DAG_OWNER=dataheroes
AIRFLOW_CTX_DAG_ID=with_python_operator
AIRFLOW_CTX_TASK_ID=get_name
AIRFLOW_CTX_EXECUTION_DATE=2022-11-06T12:05:00+00:00
AIRFLOW_CTX_DAG_RUN_ID=scheduled__2022-11-06T12:05:00+00:00
[2023-03-01 12:41:51,456] {python.py:118} INFO - Done. Returned value was: None
[2023-03-01 12:41:51,509] {taskinstance.py:1192} INFO - Marking task as SUCCESS. dag_id=with_python_operator, task_id=get_name, execution_date=20221106T120500, start_date=20230301T124149, end_date=20230301T124151
[2023-03-01 12:41:52,241] {taskinstance.py:1246} INFO - 0 downstream tasks scheduled from follow-on schedule check
[2023-03-01 12:41:52,379] {local_task_job.py:146} INFO - Task exited with return code 0
