[2023-03-01 13:03:42,048] {taskinstance.py:877} INFO - Dependencies all met for <TaskInstance: with_python_operator.greet 2022-12-01T09:05:00+00:00 [queued]>
[2023-03-01 13:03:42,111] {taskinstance.py:877} INFO - Dependencies all met for <TaskInstance: with_python_operator.greet 2022-12-01T09:05:00+00:00 [queued]>
[2023-03-01 13:03:42,116] {taskinstance.py:1068} INFO - 
--------------------------------------------------------------------------------
[2023-03-01 13:03:42,118] {taskinstance.py:1069} INFO - Starting attempt 1 of 2
[2023-03-01 13:03:42,119] {taskinstance.py:1070} INFO - 
--------------------------------------------------------------------------------
[2023-03-01 13:03:42,207] {taskinstance.py:1089} INFO - Executing <Task(PythonOperator): greet> on 2022-12-01T09:05:00+00:00
[2023-03-01 13:03:42,232] {standard_task_runner.py:52} INFO - Started process 18451 to run task
[2023-03-01 13:03:42,281] {standard_task_runner.py:76} INFO - Running: ['airflow', 'tasks', 'run', 'with_python_operator', 'greet', '2022-12-01T09:05:00+00:00', '--job-id', '4402', '--pool', 'default_pool', '--raw', '--subdir', 'DAGS_FOLDER/02_python_operator.py', '--cfg-path', '/tmp/tmp4x6e21ka', '--error-file', '/tmp/tmpntmk31b_']
[2023-03-01 13:03:42,296] {standard_task_runner.py:77} INFO - Job 4402: Subtask greet
[2023-03-01 13:03:42,683] {logging_mixin.py:104} INFO - Running <TaskInstance: with_python_operator.greet 2022-12-01T09:05:00+00:00 [running]> on host abe4c4997ef7
[2023-03-01 13:03:43,204] {taskinstance.py:1283} INFO - Exporting the following env vars:
AIRFLOW_CTX_DAG_OWNER=dataheroes
AIRFLOW_CTX_DAG_ID=with_python_operator
AIRFLOW_CTX_TASK_ID=greet
AIRFLOW_CTX_EXECUTION_DATE=2022-12-01T09:05:00+00:00
AIRFLOW_CTX_DAG_RUN_ID=scheduled__2022-12-01T09:05:00+00:00
[2023-03-01 13:03:43,214] {logging_mixin.py:104} INFO - some dict:  {'a': 1, 'b': 2}
[2023-03-01 13:03:43,417] {logging_mixin.py:104} INFO - Hello World! My name is Reza Primasatya, and I am 17 years old!
[2023-03-01 13:03:43,418] {python.py:118} INFO - Done. Returned value was: None
[2023-03-01 13:03:43,537] {taskinstance.py:1192} INFO - Marking task as SUCCESS. dag_id=with_python_operator, task_id=greet, execution_date=20221201T090500, start_date=20230301T130342, end_date=20230301T130343
[2023-03-01 13:03:44,012] {taskinstance.py:1246} INFO - 0 downstream tasks scheduled from follow-on schedule check
[2023-03-01 13:03:44,103] {local_task_job.py:146} INFO - Task exited with return code 0
