[2023-03-01 13:05:12,350] {taskinstance.py:877} INFO - Dependencies all met for <TaskInstance: with_python_operator.get_name 2022-12-03T10:05:00+00:00 [queued]>
[2023-03-01 13:05:12,603] {taskinstance.py:877} INFO - Dependencies all met for <TaskInstance: with_python_operator.get_name 2022-12-03T10:05:00+00:00 [queued]>
[2023-03-01 13:05:12,621] {taskinstance.py:1068} INFO - 
--------------------------------------------------------------------------------
[2023-03-01 13:05:12,633] {taskinstance.py:1069} INFO - Starting attempt 1 of 2
[2023-03-01 13:05:12,635] {taskinstance.py:1070} INFO - 
--------------------------------------------------------------------------------
[2023-03-01 13:05:12,811] {taskinstance.py:1089} INFO - Executing <Task(PythonOperator): get_name> on 2022-12-03T10:05:00+00:00
[2023-03-01 13:05:12,850] {standard_task_runner.py:52} INFO - Started process 18963 to run task
[2023-03-01 13:05:12,907] {standard_task_runner.py:76} INFO - Running: ['airflow', 'tasks', 'run', 'with_python_operator', 'get_name', '2022-12-03T10:05:00+00:00', '--job-id', '4529', '--pool', 'default_pool', '--raw', '--subdir', 'DAGS_FOLDER/02_python_operator.py', '--cfg-path', '/tmp/tmpayr5xejn', '--error-file', '/tmp/tmp0oada3zm']
[2023-03-01 13:05:12,921] {standard_task_runner.py:77} INFO - Job 4529: Subtask get_name
[2023-03-01 13:05:13,349] {logging_mixin.py:104} INFO - Running <TaskInstance: with_python_operator.get_name 2022-12-03T10:05:00+00:00 [running]> on host abe4c4997ef7
[2023-03-01 13:05:13,835] {taskinstance.py:1283} INFO - Exporting the following env vars:
AIRFLOW_CTX_DAG_OWNER=dataheroes
AIRFLOW_CTX_DAG_ID=with_python_operator
AIRFLOW_CTX_TASK_ID=get_name
AIRFLOW_CTX_EXECUTION_DATE=2022-12-03T10:05:00+00:00
AIRFLOW_CTX_DAG_RUN_ID=scheduled__2022-12-03T10:05:00+00:00
[2023-03-01 13:05:14,018] {python.py:118} INFO - Done. Returned value was: None
[2023-03-01 13:05:14,098] {taskinstance.py:1192} INFO - Marking task as SUCCESS. dag_id=with_python_operator, task_id=get_name, execution_date=20221203T100500, start_date=20230301T130512, end_date=20230301T130514
[2023-03-01 13:05:14,534] {taskinstance.py:1246} INFO - 0 downstream tasks scheduled from follow-on schedule check
[2023-03-01 13:05:14,644] {local_task_job.py:146} INFO - Task exited with return code 0
