[2023-03-01 15:16:41,542] {scheduler_job.py:182} INFO - Started process (PID=280) to work on /opt/airflow/dags/07_gcp.py
[2023-03-01 15:16:41,546] {scheduler_job.py:629} INFO - Processing file /opt/airflow/dags/07_gcp.py for tasks to queue
[2023-03-01 15:16:41,548] {logging_mixin.py:104} INFO - [2023-03-01 15:16:41,548] {dagbag.py:451} INFO - Filling up the DagBag from /opt/airflow/dags/07_gcp.py
[2023-03-01 15:16:44,652] {scheduler_job.py:639} INFO - DAG(s) dict_keys(['upload_to_gcs']) retrieved from /opt/airflow/dags/07_gcp.py
[2023-03-01 15:16:44,709] {logging_mixin.py:104} INFO - [2023-03-01 15:16:44,705] {dag.py:1824} INFO - Sync 1 DAGs
[2023-03-01 15:16:44,741] {logging_mixin.py:104} INFO - [2023-03-01 15:16:44,737] {dag.py:1843} INFO - Creating ORM DAG for upload_to_gcs
[2023-03-01 15:16:44,756] {logging_mixin.py:104} INFO - [2023-03-01 15:16:44,755] {dag.py:2280} INFO - Setting next_dagrun for upload_to_gcs to None
[2023-03-01 15:16:44,787] {scheduler_job.py:190} INFO - Processing /opt/airflow/dags/07_gcp.py took 3.252 seconds
[2023-03-01 15:17:15,634] {scheduler_job.py:182} INFO - Started process (PID=296) to work on /opt/airflow/dags/07_gcp.py
[2023-03-01 15:17:15,642] {scheduler_job.py:629} INFO - Processing file /opt/airflow/dags/07_gcp.py for tasks to queue
[2023-03-01 15:17:15,646] {logging_mixin.py:104} INFO - [2023-03-01 15:17:15,645] {dagbag.py:451} INFO - Filling up the DagBag from /opt/airflow/dags/07_gcp.py
[2023-03-01 15:17:17,942] {scheduler_job.py:639} INFO - DAG(s) dict_keys(['upload_to_gcs']) retrieved from /opt/airflow/dags/07_gcp.py
[2023-03-01 15:17:18,001] {logging_mixin.py:104} INFO - [2023-03-01 15:17:17,996] {dag.py:1824} INFO - Sync 1 DAGs
[2023-03-01 15:17:18,057] {logging_mixin.py:104} INFO - [2023-03-01 15:17:18,056] {dag.py:2280} INFO - Setting next_dagrun for upload_to_gcs to None
[2023-03-01 15:17:18,088] {scheduler_job.py:190} INFO - Processing /opt/airflow/dags/07_gcp.py took 2.464 seconds
[2023-03-01 15:17:49,125] {scheduler_job.py:182} INFO - Started process (PID=312) to work on /opt/airflow/dags/07_gcp.py
[2023-03-01 15:17:49,131] {scheduler_job.py:629} INFO - Processing file /opt/airflow/dags/07_gcp.py for tasks to queue
[2023-03-01 15:17:49,134] {logging_mixin.py:104} INFO - [2023-03-01 15:17:49,133] {dagbag.py:451} INFO - Filling up the DagBag from /opt/airflow/dags/07_gcp.py
[2023-03-01 15:17:51,372] {scheduler_job.py:639} INFO - DAG(s) dict_keys(['upload_to_gcs']) retrieved from /opt/airflow/dags/07_gcp.py
[2023-03-01 15:17:51,448] {logging_mixin.py:104} INFO - [2023-03-01 15:17:51,443] {dag.py:1824} INFO - Sync 1 DAGs
[2023-03-01 15:17:51,494] {logging_mixin.py:104} INFO - [2023-03-01 15:17:51,493] {dag.py:2280} INFO - Setting next_dagrun for upload_to_gcs to None
[2023-03-01 15:17:51,514] {scheduler_job.py:190} INFO - Processing /opt/airflow/dags/07_gcp.py took 2.396 seconds
[2023-03-01 15:18:22,289] {scheduler_job.py:182} INFO - Started process (PID=328) to work on /opt/airflow/dags/07_gcp.py
[2023-03-01 15:18:22,294] {scheduler_job.py:629} INFO - Processing file /opt/airflow/dags/07_gcp.py for tasks to queue
[2023-03-01 15:18:22,297] {logging_mixin.py:104} INFO - [2023-03-01 15:18:22,296] {dagbag.py:451} INFO - Filling up the DagBag from /opt/airflow/dags/07_gcp.py
[2023-03-01 15:18:24,382] {scheduler_job.py:639} INFO - DAG(s) dict_keys(['upload_to_gcs']) retrieved from /opt/airflow/dags/07_gcp.py
[2023-03-01 15:18:24,448] {logging_mixin.py:104} INFO - [2023-03-01 15:18:24,443] {dag.py:1824} INFO - Sync 1 DAGs
[2023-03-01 15:18:24,492] {logging_mixin.py:104} INFO - [2023-03-01 15:18:24,491] {dag.py:2280} INFO - Setting next_dagrun for upload_to_gcs to None
[2023-03-01 15:18:24,516] {scheduler_job.py:190} INFO - Processing /opt/airflow/dags/07_gcp.py took 2.236 seconds
[2023-03-01 15:18:55,145] {scheduler_job.py:182} INFO - Started process (PID=344) to work on /opt/airflow/dags/07_gcp.py
[2023-03-01 15:18:55,151] {scheduler_job.py:629} INFO - Processing file /opt/airflow/dags/07_gcp.py for tasks to queue
[2023-03-01 15:18:55,155] {logging_mixin.py:104} INFO - [2023-03-01 15:18:55,154] {dagbag.py:451} INFO - Filling up the DagBag from /opt/airflow/dags/07_gcp.py
[2023-03-01 15:18:57,223] {scheduler_job.py:639} INFO - DAG(s) dict_keys(['upload_to_gcs']) retrieved from /opt/airflow/dags/07_gcp.py
[2023-03-01 15:18:57,277] {logging_mixin.py:104} INFO - [2023-03-01 15:18:57,273] {dag.py:1824} INFO - Sync 1 DAGs
[2023-03-01 15:18:57,321] {logging_mixin.py:104} INFO - [2023-03-01 15:18:57,321] {dag.py:2280} INFO - Setting next_dagrun for upload_to_gcs to None
[2023-03-01 15:18:57,341] {scheduler_job.py:190} INFO - Processing /opt/airflow/dags/07_gcp.py took 2.209 seconds
[2023-03-01 15:19:28,100] {scheduler_job.py:182} INFO - Started process (PID=360) to work on /opt/airflow/dags/07_gcp.py
[2023-03-01 15:19:28,108] {scheduler_job.py:629} INFO - Processing file /opt/airflow/dags/07_gcp.py for tasks to queue
[2023-03-01 15:19:28,111] {logging_mixin.py:104} INFO - [2023-03-01 15:19:28,111] {dagbag.py:451} INFO - Filling up the DagBag from /opt/airflow/dags/07_gcp.py
[2023-03-01 15:19:30,097] {scheduler_job.py:639} INFO - DAG(s) dict_keys(['upload_to_gcs']) retrieved from /opt/airflow/dags/07_gcp.py
[2023-03-01 15:19:30,145] {logging_mixin.py:104} INFO - [2023-03-01 15:19:30,141] {dag.py:1824} INFO - Sync 1 DAGs
[2023-03-01 15:19:30,186] {logging_mixin.py:104} INFO - [2023-03-01 15:19:30,185] {dag.py:2280} INFO - Setting next_dagrun for upload_to_gcs to None
[2023-03-01 15:19:30,204] {scheduler_job.py:190} INFO - Processing /opt/airflow/dags/07_gcp.py took 2.118 seconds
[2023-03-01 15:20:00,345] {scheduler_job.py:182} INFO - Started process (PID=376) to work on /opt/airflow/dags/07_gcp.py
[2023-03-01 15:20:00,349] {scheduler_job.py:629} INFO - Processing file /opt/airflow/dags/07_gcp.py for tasks to queue
[2023-03-01 15:20:00,352] {logging_mixin.py:104} INFO - [2023-03-01 15:20:00,351] {dagbag.py:451} INFO - Filling up the DagBag from /opt/airflow/dags/07_gcp.py
[2023-03-01 15:20:02,548] {scheduler_job.py:639} INFO - DAG(s) dict_keys(['upload_to_gcs']) retrieved from /opt/airflow/dags/07_gcp.py
[2023-03-01 15:20:02,603] {logging_mixin.py:104} INFO - [2023-03-01 15:20:02,598] {dag.py:1824} INFO - Sync 1 DAGs
[2023-03-01 15:20:02,645] {logging_mixin.py:104} INFO - [2023-03-01 15:20:02,644] {dag.py:2280} INFO - Setting next_dagrun for upload_to_gcs to None
[2023-03-01 15:20:02,666] {scheduler_job.py:190} INFO - Processing /opt/airflow/dags/07_gcp.py took 2.329 seconds
[2023-03-01 15:20:33,310] {scheduler_job.py:182} INFO - Started process (PID=392) to work on /opt/airflow/dags/07_gcp.py
[2023-03-01 15:20:33,317] {scheduler_job.py:629} INFO - Processing file /opt/airflow/dags/07_gcp.py for tasks to queue
[2023-03-01 15:20:33,320] {logging_mixin.py:104} INFO - [2023-03-01 15:20:33,319] {dagbag.py:451} INFO - Filling up the DagBag from /opt/airflow/dags/07_gcp.py
[2023-03-01 15:20:35,462] {scheduler_job.py:639} INFO - DAG(s) dict_keys(['upload_to_gcs']) retrieved from /opt/airflow/dags/07_gcp.py
[2023-03-01 15:20:35,515] {logging_mixin.py:104} INFO - [2023-03-01 15:20:35,510] {dag.py:1824} INFO - Sync 1 DAGs
[2023-03-01 15:20:35,557] {logging_mixin.py:104} INFO - [2023-03-01 15:20:35,556] {dag.py:2280} INFO - Setting next_dagrun for upload_to_gcs to None
[2023-03-01 15:20:35,576] {scheduler_job.py:190} INFO - Processing /opt/airflow/dags/07_gcp.py took 2.279 seconds
[2023-03-01 15:21:06,111] {scheduler_job.py:182} INFO - Started process (PID=408) to work on /opt/airflow/dags/07_gcp.py
[2023-03-01 15:21:06,119] {scheduler_job.py:629} INFO - Processing file /opt/airflow/dags/07_gcp.py for tasks to queue
[2023-03-01 15:21:06,122] {logging_mixin.py:104} INFO - [2023-03-01 15:21:06,121] {dagbag.py:451} INFO - Filling up the DagBag from /opt/airflow/dags/07_gcp.py
[2023-03-01 15:21:08,227] {scheduler_job.py:639} INFO - DAG(s) dict_keys(['upload_to_gcs']) retrieved from /opt/airflow/dags/07_gcp.py
[2023-03-01 15:21:08,280] {logging_mixin.py:104} INFO - [2023-03-01 15:21:08,275] {dag.py:1824} INFO - Sync 1 DAGs
[2023-03-01 15:21:08,329] {logging_mixin.py:104} INFO - [2023-03-01 15:21:08,329] {dag.py:2280} INFO - Setting next_dagrun for upload_to_gcs to None
[2023-03-01 15:21:08,351] {scheduler_job.py:190} INFO - Processing /opt/airflow/dags/07_gcp.py took 2.257 seconds
[2023-03-01 15:21:53,359] {scheduler_job.py:182} INFO - Started process (PID=71) to work on /opt/airflow/dags/07_gcp.py
[2023-03-01 15:21:53,373] {scheduler_job.py:629} INFO - Processing file /opt/airflow/dags/07_gcp.py for tasks to queue
[2023-03-01 15:21:53,398] {logging_mixin.py:104} INFO - [2023-03-01 15:21:53,398] {dagbag.py:451} INFO - Filling up the DagBag from /opt/airflow/dags/07_gcp.py
[2023-03-01 15:21:59,282] {scheduler_job.py:639} INFO - DAG(s) dict_keys(['upload_to_gcs']) retrieved from /opt/airflow/dags/07_gcp.py
[2023-03-01 15:21:59,401] {logging_mixin.py:104} INFO - [2023-03-01 15:21:59,386] {dag.py:1824} INFO - Sync 1 DAGs
[2023-03-01 15:21:59,496] {logging_mixin.py:104} INFO - [2023-03-01 15:21:59,496] {dag.py:2280} INFO - Setting next_dagrun for upload_to_gcs to None
[2023-03-01 15:21:59,524] {scheduler_job.py:190} INFO - Processing /opt/airflow/dags/07_gcp.py took 6.221 seconds
[2023-03-01 15:22:30,065] {scheduler_job.py:182} INFO - Started process (PID=97) to work on /opt/airflow/dags/07_gcp.py
[2023-03-01 15:22:30,074] {scheduler_job.py:629} INFO - Processing file /opt/airflow/dags/07_gcp.py for tasks to queue
[2023-03-01 15:22:30,083] {logging_mixin.py:104} INFO - [2023-03-01 15:22:30,082] {dagbag.py:451} INFO - Filling up the DagBag from /opt/airflow/dags/07_gcp.py
[2023-03-01 15:22:32,244] {scheduler_job.py:639} INFO - DAG(s) dict_keys(['upload_to_gcs']) retrieved from /opt/airflow/dags/07_gcp.py
[2023-03-01 15:22:32,299] {logging_mixin.py:104} INFO - [2023-03-01 15:22:32,294] {dag.py:1824} INFO - Sync 1 DAGs
[2023-03-01 15:22:32,342] {logging_mixin.py:104} INFO - [2023-03-01 15:22:32,342] {dag.py:2280} INFO - Setting next_dagrun for upload_to_gcs to None
[2023-03-01 15:22:32,363] {scheduler_job.py:190} INFO - Processing /opt/airflow/dags/07_gcp.py took 2.319 seconds
[2023-03-01 15:23:02,952] {scheduler_job.py:182} INFO - Started process (PID=115) to work on /opt/airflow/dags/07_gcp.py
[2023-03-01 15:23:02,957] {scheduler_job.py:629} INFO - Processing file /opt/airflow/dags/07_gcp.py for tasks to queue
[2023-03-01 15:23:02,960] {logging_mixin.py:104} INFO - [2023-03-01 15:23:02,959] {dagbag.py:451} INFO - Filling up the DagBag from /opt/airflow/dags/07_gcp.py
[2023-03-01 15:23:04,832] {scheduler_job.py:639} INFO - DAG(s) dict_keys(['upload_to_gcs']) retrieved from /opt/airflow/dags/07_gcp.py
[2023-03-01 15:23:04,887] {logging_mixin.py:104} INFO - [2023-03-01 15:23:04,881] {dag.py:1824} INFO - Sync 1 DAGs
[2023-03-01 15:23:04,929] {logging_mixin.py:104} INFO - [2023-03-01 15:23:04,929] {dag.py:2280} INFO - Setting next_dagrun for upload_to_gcs to None
[2023-03-01 15:23:04,950] {scheduler_job.py:190} INFO - Processing /opt/airflow/dags/07_gcp.py took 2.005 seconds
[2023-03-01 15:23:35,068] {scheduler_job.py:182} INFO - Started process (PID=131) to work on /opt/airflow/dags/07_gcp.py
[2023-03-01 15:23:35,073] {scheduler_job.py:629} INFO - Processing file /opt/airflow/dags/07_gcp.py for tasks to queue
[2023-03-01 15:23:35,077] {logging_mixin.py:104} INFO - [2023-03-01 15:23:35,076] {dagbag.py:451} INFO - Filling up the DagBag from /opt/airflow/dags/07_gcp.py
[2023-03-01 15:23:37,074] {scheduler_job.py:639} INFO - DAG(s) dict_keys(['upload_to_gcs']) retrieved from /opt/airflow/dags/07_gcp.py
[2023-03-01 15:23:37,137] {logging_mixin.py:104} INFO - [2023-03-01 15:23:37,132] {dag.py:1824} INFO - Sync 1 DAGs
[2023-03-01 15:23:37,188] {logging_mixin.py:104} INFO - [2023-03-01 15:23:37,187] {dag.py:2280} INFO - Setting next_dagrun for upload_to_gcs to None
[2023-03-01 15:23:37,211] {scheduler_job.py:190} INFO - Processing /opt/airflow/dags/07_gcp.py took 2.152 seconds
[2023-03-01 15:24:07,491] {scheduler_job.py:182} INFO - Started process (PID=147) to work on /opt/airflow/dags/07_gcp.py
[2023-03-01 15:24:07,496] {scheduler_job.py:629} INFO - Processing file /opt/airflow/dags/07_gcp.py for tasks to queue
[2023-03-01 15:24:07,500] {logging_mixin.py:104} INFO - [2023-03-01 15:24:07,500] {dagbag.py:451} INFO - Filling up the DagBag from /opt/airflow/dags/07_gcp.py
[2023-03-01 15:24:09,752] {scheduler_job.py:639} INFO - DAG(s) dict_keys(['upload_to_gcs']) retrieved from /opt/airflow/dags/07_gcp.py
[2023-03-01 15:24:09,821] {logging_mixin.py:104} INFO - [2023-03-01 15:24:09,816] {dag.py:1824} INFO - Sync 1 DAGs
[2023-03-01 15:24:09,927] {logging_mixin.py:104} INFO - [2023-03-01 15:24:09,926] {dag.py:2280} INFO - Setting next_dagrun for upload_to_gcs to None
[2023-03-01 15:24:09,953] {scheduler_job.py:190} INFO - Processing /opt/airflow/dags/07_gcp.py took 2.472 seconds
[2023-03-01 15:24:40,123] {scheduler_job.py:182} INFO - Started process (PID=163) to work on /opt/airflow/dags/07_gcp.py
[2023-03-01 15:24:40,133] {scheduler_job.py:629} INFO - Processing file /opt/airflow/dags/07_gcp.py for tasks to queue
[2023-03-01 15:24:40,136] {logging_mixin.py:104} INFO - [2023-03-01 15:24:40,136] {dagbag.py:451} INFO - Filling up the DagBag from /opt/airflow/dags/07_gcp.py
[2023-03-01 15:24:42,014] {scheduler_job.py:639} INFO - DAG(s) dict_keys(['upload_to_gcs']) retrieved from /opt/airflow/dags/07_gcp.py
[2023-03-01 15:24:42,069] {logging_mixin.py:104} INFO - [2023-03-01 15:24:42,064] {dag.py:1824} INFO - Sync 1 DAGs
[2023-03-01 15:24:42,113] {logging_mixin.py:104} INFO - [2023-03-01 15:24:42,112] {dag.py:2280} INFO - Setting next_dagrun for upload_to_gcs to None
[2023-03-01 15:24:42,132] {scheduler_job.py:190} INFO - Processing /opt/airflow/dags/07_gcp.py took 2.018 seconds
[2023-03-01 15:25:12,231] {scheduler_job.py:182} INFO - Started process (PID=179) to work on /opt/airflow/dags/07_gcp.py
[2023-03-01 15:25:12,236] {scheduler_job.py:629} INFO - Processing file /opt/airflow/dags/07_gcp.py for tasks to queue
[2023-03-01 15:25:12,239] {logging_mixin.py:104} INFO - [2023-03-01 15:25:12,239] {dagbag.py:451} INFO - Filling up the DagBag from /opt/airflow/dags/07_gcp.py
[2023-03-01 15:25:14,103] {scheduler_job.py:639} INFO - DAG(s) dict_keys(['upload_to_gcs']) retrieved from /opt/airflow/dags/07_gcp.py
[2023-03-01 15:25:14,155] {logging_mixin.py:104} INFO - [2023-03-01 15:25:14,150] {dag.py:1824} INFO - Sync 1 DAGs
[2023-03-01 15:25:14,202] {logging_mixin.py:104} INFO - [2023-03-01 15:25:14,201] {dag.py:2280} INFO - Setting next_dagrun for upload_to_gcs to None
[2023-03-01 15:25:14,226] {scheduler_job.py:190} INFO - Processing /opt/airflow/dags/07_gcp.py took 2.004 seconds
[2023-03-01 15:25:45,152] {scheduler_job.py:182} INFO - Started process (PID=195) to work on /opt/airflow/dags/07_gcp.py
[2023-03-01 15:25:45,157] {scheduler_job.py:629} INFO - Processing file /opt/airflow/dags/07_gcp.py for tasks to queue
[2023-03-01 15:25:45,160] {logging_mixin.py:104} INFO - [2023-03-01 15:25:45,159] {dagbag.py:451} INFO - Filling up the DagBag from /opt/airflow/dags/07_gcp.py
[2023-03-01 15:25:47,280] {scheduler_job.py:639} INFO - DAG(s) dict_keys(['upload_to_gcs']) retrieved from /opt/airflow/dags/07_gcp.py
[2023-03-01 15:25:47,347] {logging_mixin.py:104} INFO - [2023-03-01 15:25:47,342] {dag.py:1824} INFO - Sync 1 DAGs
[2023-03-01 15:25:47,396] {logging_mixin.py:104} INFO - [2023-03-01 15:25:47,395] {dag.py:2280} INFO - Setting next_dagrun for upload_to_gcs to None
[2023-03-01 15:25:47,416] {scheduler_job.py:190} INFO - Processing /opt/airflow/dags/07_gcp.py took 2.273 seconds
[2023-03-01 15:26:17,725] {scheduler_job.py:182} INFO - Started process (PID=211) to work on /opt/airflow/dags/07_gcp.py
[2023-03-01 15:26:17,729] {scheduler_job.py:629} INFO - Processing file /opt/airflow/dags/07_gcp.py for tasks to queue
[2023-03-01 15:26:17,732] {logging_mixin.py:104} INFO - [2023-03-01 15:26:17,731] {dagbag.py:451} INFO - Filling up the DagBag from /opt/airflow/dags/07_gcp.py
[2023-03-01 15:26:19,831] {scheduler_job.py:639} INFO - DAG(s) dict_keys(['upload_to_gcs']) retrieved from /opt/airflow/dags/07_gcp.py
[2023-03-01 15:26:19,892] {logging_mixin.py:104} INFO - [2023-03-01 15:26:19,887] {dag.py:1824} INFO - Sync 1 DAGs
[2023-03-01 15:26:19,940] {logging_mixin.py:104} INFO - [2023-03-01 15:26:19,940] {dag.py:2280} INFO - Setting next_dagrun for upload_to_gcs to None
[2023-03-01 15:26:19,961] {scheduler_job.py:190} INFO - Processing /opt/airflow/dags/07_gcp.py took 2.244 seconds
[2023-03-01 15:26:50,787] {scheduler_job.py:182} INFO - Started process (PID=227) to work on /opt/airflow/dags/07_gcp.py
[2023-03-01 15:26:50,793] {scheduler_job.py:629} INFO - Processing file /opt/airflow/dags/07_gcp.py for tasks to queue
[2023-03-01 15:26:50,796] {logging_mixin.py:104} INFO - [2023-03-01 15:26:50,796] {dagbag.py:451} INFO - Filling up the DagBag from /opt/airflow/dags/07_gcp.py
[2023-03-01 15:26:52,719] {scheduler_job.py:639} INFO - DAG(s) dict_keys(['upload_to_gcs']) retrieved from /opt/airflow/dags/07_gcp.py
[2023-03-01 15:26:52,783] {logging_mixin.py:104} INFO - [2023-03-01 15:26:52,777] {dag.py:1824} INFO - Sync 1 DAGs
[2023-03-01 15:26:52,833] {logging_mixin.py:104} INFO - [2023-03-01 15:26:52,833] {dag.py:2280} INFO - Setting next_dagrun for upload_to_gcs to None
[2023-03-01 15:26:52,853] {scheduler_job.py:190} INFO - Processing /opt/airflow/dags/07_gcp.py took 2.078 seconds
[2023-03-01 15:27:23,082] {scheduler_job.py:182} INFO - Started process (PID=243) to work on /opt/airflow/dags/07_gcp.py
[2023-03-01 15:27:23,088] {scheduler_job.py:629} INFO - Processing file /opt/airflow/dags/07_gcp.py for tasks to queue
[2023-03-01 15:27:23,092] {logging_mixin.py:104} INFO - [2023-03-01 15:27:23,091] {dagbag.py:451} INFO - Filling up the DagBag from /opt/airflow/dags/07_gcp.py
[2023-03-01 15:27:25,040] {scheduler_job.py:639} INFO - DAG(s) dict_keys(['upload_to_gcs']) retrieved from /opt/airflow/dags/07_gcp.py
[2023-03-01 15:27:25,102] {logging_mixin.py:104} INFO - [2023-03-01 15:27:25,096] {dag.py:1824} INFO - Sync 1 DAGs
[2023-03-01 15:27:25,356] {logging_mixin.py:104} INFO - [2023-03-01 15:27:25,356] {dag.py:2280} INFO - Setting next_dagrun for upload_to_gcs to None
[2023-03-01 15:27:25,376] {scheduler_job.py:190} INFO - Processing /opt/airflow/dags/07_gcp.py took 2.302 seconds
[2023-03-01 15:27:56,123] {scheduler_job.py:182} INFO - Started process (PID=259) to work on /opt/airflow/dags/07_gcp.py
[2023-03-01 15:27:56,128] {scheduler_job.py:629} INFO - Processing file /opt/airflow/dags/07_gcp.py for tasks to queue
[2023-03-01 15:27:56,130] {logging_mixin.py:104} INFO - [2023-03-01 15:27:56,130] {dagbag.py:451} INFO - Filling up the DagBag from /opt/airflow/dags/07_gcp.py
[2023-03-01 15:27:58,030] {scheduler_job.py:639} INFO - DAG(s) dict_keys(['upload_to_gcs']) retrieved from /opt/airflow/dags/07_gcp.py
[2023-03-01 15:27:58,247] {logging_mixin.py:104} INFO - [2023-03-01 15:27:58,242] {dag.py:1824} INFO - Sync 1 DAGs
[2023-03-01 15:27:58,291] {logging_mixin.py:104} INFO - [2023-03-01 15:27:58,291] {dag.py:2280} INFO - Setting next_dagrun for upload_to_gcs to None
[2023-03-01 15:27:58,311] {scheduler_job.py:190} INFO - Processing /opt/airflow/dags/07_gcp.py took 2.195 seconds
[2023-03-01 15:28:29,111] {scheduler_job.py:182} INFO - Started process (PID=275) to work on /opt/airflow/dags/07_gcp.py
[2023-03-01 15:28:29,116] {scheduler_job.py:629} INFO - Processing file /opt/airflow/dags/07_gcp.py for tasks to queue
[2023-03-01 15:28:29,118] {logging_mixin.py:104} INFO - [2023-03-01 15:28:29,118] {dagbag.py:451} INFO - Filling up the DagBag from /opt/airflow/dags/07_gcp.py
[2023-03-01 15:28:31,163] {scheduler_job.py:639} INFO - DAG(s) dict_keys(['upload_to_gcs']) retrieved from /opt/airflow/dags/07_gcp.py
[2023-03-01 15:28:31,220] {logging_mixin.py:104} INFO - [2023-03-01 15:28:31,216] {dag.py:1824} INFO - Sync 1 DAGs
[2023-03-01 15:28:31,261] {logging_mixin.py:104} INFO - [2023-03-01 15:28:31,261] {dag.py:2280} INFO - Setting next_dagrun for upload_to_gcs to None
[2023-03-01 15:28:31,281] {scheduler_job.py:190} INFO - Processing /opt/airflow/dags/07_gcp.py took 2.180 seconds
[2023-03-01 15:29:01,418] {scheduler_job.py:182} INFO - Started process (PID=291) to work on /opt/airflow/dags/07_gcp.py
[2023-03-01 15:29:01,425] {scheduler_job.py:629} INFO - Processing file /opt/airflow/dags/07_gcp.py for tasks to queue
[2023-03-01 15:29:01,428] {logging_mixin.py:104} INFO - [2023-03-01 15:29:01,428] {dagbag.py:451} INFO - Filling up the DagBag from /opt/airflow/dags/07_gcp.py
[2023-03-01 15:29:03,908] {scheduler_job.py:639} INFO - DAG(s) dict_keys(['upload_to_gcs']) retrieved from /opt/airflow/dags/07_gcp.py
[2023-03-01 15:29:03,969] {logging_mixin.py:104} INFO - [2023-03-01 15:29:03,964] {dag.py:1824} INFO - Sync 1 DAGs
[2023-03-01 15:29:04,025] {logging_mixin.py:104} INFO - [2023-03-01 15:29:04,025] {dag.py:2280} INFO - Setting next_dagrun for upload_to_gcs to None
[2023-03-01 15:29:04,065] {scheduler_job.py:190} INFO - Processing /opt/airflow/dags/07_gcp.py took 2.660 seconds
[2023-03-01 15:29:34,156] {scheduler_job.py:182} INFO - Started process (PID=307) to work on /opt/airflow/dags/07_gcp.py
[2023-03-01 15:29:34,161] {scheduler_job.py:629} INFO - Processing file /opt/airflow/dags/07_gcp.py for tasks to queue
[2023-03-01 15:29:34,164] {logging_mixin.py:104} INFO - [2023-03-01 15:29:34,163] {dagbag.py:451} INFO - Filling up the DagBag from /opt/airflow/dags/07_gcp.py
[2023-03-01 15:29:36,259] {scheduler_job.py:639} INFO - DAG(s) dict_keys(['upload_to_gcs']) retrieved from /opt/airflow/dags/07_gcp.py
[2023-03-01 15:29:36,311] {logging_mixin.py:104} INFO - [2023-03-01 15:29:36,307] {dag.py:1824} INFO - Sync 1 DAGs
[2023-03-01 15:29:36,352] {logging_mixin.py:104} INFO - [2023-03-01 15:29:36,352] {dag.py:2280} INFO - Setting next_dagrun for upload_to_gcs to None
[2023-03-01 15:29:36,370] {scheduler_job.py:190} INFO - Processing /opt/airflow/dags/07_gcp.py took 2.223 seconds
[2023-03-01 15:30:07,322] {scheduler_job.py:182} INFO - Started process (PID=323) to work on /opt/airflow/dags/07_gcp.py
[2023-03-01 15:30:07,330] {scheduler_job.py:629} INFO - Processing file /opt/airflow/dags/07_gcp.py for tasks to queue
[2023-03-01 15:30:07,333] {logging_mixin.py:104} INFO - [2023-03-01 15:30:07,332] {dagbag.py:451} INFO - Filling up the DagBag from /opt/airflow/dags/07_gcp.py
[2023-03-01 15:30:09,654] {scheduler_job.py:639} INFO - DAG(s) dict_keys(['upload_to_gcs']) retrieved from /opt/airflow/dags/07_gcp.py
[2023-03-01 15:30:09,709] {logging_mixin.py:104} INFO - [2023-03-01 15:30:09,703] {dag.py:1824} INFO - Sync 1 DAGs
[2023-03-01 15:30:09,754] {logging_mixin.py:104} INFO - [2023-03-01 15:30:09,754] {dag.py:2280} INFO - Setting next_dagrun for upload_to_gcs to None
[2023-03-01 15:30:09,773] {scheduler_job.py:190} INFO - Processing /opt/airflow/dags/07_gcp.py took 2.467 seconds
[2023-03-01 15:30:40,023] {scheduler_job.py:182} INFO - Started process (PID=345) to work on /opt/airflow/dags/07_gcp.py
[2023-03-01 15:30:40,031] {scheduler_job.py:629} INFO - Processing file /opt/airflow/dags/07_gcp.py for tasks to queue
[2023-03-01 15:30:40,034] {logging_mixin.py:104} INFO - [2023-03-01 15:30:40,034] {dagbag.py:451} INFO - Filling up the DagBag from /opt/airflow/dags/07_gcp.py
[2023-03-01 15:30:42,825] {scheduler_job.py:639} INFO - DAG(s) dict_keys(['upload_to_gcs']) retrieved from /opt/airflow/dags/07_gcp.py
[2023-03-01 15:30:42,873] {logging_mixin.py:104} INFO - [2023-03-01 15:30:42,868] {dag.py:1824} INFO - Sync 1 DAGs
[2023-03-01 15:30:42,915] {logging_mixin.py:104} INFO - [2023-03-01 15:30:42,915] {dag.py:2280} INFO - Setting next_dagrun for upload_to_gcs to None
[2023-03-01 15:30:42,939] {scheduler_job.py:190} INFO - Processing /opt/airflow/dags/07_gcp.py took 2.924 seconds
[2023-03-01 15:31:13,565] {scheduler_job.py:182} INFO - Started process (PID=369) to work on /opt/airflow/dags/07_gcp.py
[2023-03-01 15:31:13,570] {scheduler_job.py:629} INFO - Processing file /opt/airflow/dags/07_gcp.py for tasks to queue
[2023-03-01 15:31:13,572] {logging_mixin.py:104} INFO - [2023-03-01 15:31:13,572] {dagbag.py:451} INFO - Filling up the DagBag from /opt/airflow/dags/07_gcp.py
[2023-03-01 15:31:15,708] {scheduler_job.py:639} INFO - DAG(s) dict_keys(['upload_to_gcs']) retrieved from /opt/airflow/dags/07_gcp.py
[2023-03-01 15:31:15,754] {logging_mixin.py:104} INFO - [2023-03-01 15:31:15,750] {dag.py:1824} INFO - Sync 1 DAGs
[2023-03-01 15:31:15,801] {logging_mixin.py:104} INFO - [2023-03-01 15:31:15,801] {dag.py:2280} INFO - Setting next_dagrun for upload_to_gcs to None
[2023-03-01 15:31:15,826] {scheduler_job.py:190} INFO - Processing /opt/airflow/dags/07_gcp.py took 2.270 seconds
[2023-03-01 15:31:46,016] {scheduler_job.py:182} INFO - Started process (PID=385) to work on /opt/airflow/dags/07_gcp.py
[2023-03-01 15:31:46,021] {scheduler_job.py:629} INFO - Processing file /opt/airflow/dags/07_gcp.py for tasks to queue
[2023-03-01 15:31:46,024] {logging_mixin.py:104} INFO - [2023-03-01 15:31:46,023] {dagbag.py:451} INFO - Filling up the DagBag from /opt/airflow/dags/07_gcp.py
[2023-03-01 15:31:48,147] {scheduler_job.py:639} INFO - DAG(s) dict_keys(['upload_to_gcs']) retrieved from /opt/airflow/dags/07_gcp.py
[2023-03-01 15:31:48,203] {logging_mixin.py:104} INFO - [2023-03-01 15:31:48,198] {dag.py:1824} INFO - Sync 1 DAGs
[2023-03-01 15:31:48,246] {logging_mixin.py:104} INFO - [2023-03-01 15:31:48,246] {dag.py:2280} INFO - Setting next_dagrun for upload_to_gcs to None
[2023-03-01 15:31:48,265] {scheduler_job.py:190} INFO - Processing /opt/airflow/dags/07_gcp.py took 2.256 seconds
[2023-03-01 15:32:18,914] {scheduler_job.py:182} INFO - Started process (PID=401) to work on /opt/airflow/dags/07_gcp.py
[2023-03-01 15:32:18,920] {scheduler_job.py:629} INFO - Processing file /opt/airflow/dags/07_gcp.py for tasks to queue
[2023-03-01 15:32:18,923] {logging_mixin.py:104} INFO - [2023-03-01 15:32:18,923] {dagbag.py:451} INFO - Filling up the DagBag from /opt/airflow/dags/07_gcp.py
[2023-03-01 15:32:21,014] {scheduler_job.py:639} INFO - DAG(s) dict_keys(['upload_to_gcs']) retrieved from /opt/airflow/dags/07_gcp.py
[2023-03-01 15:32:21,064] {logging_mixin.py:104} INFO - [2023-03-01 15:32:21,060] {dag.py:1824} INFO - Sync 1 DAGs
[2023-03-01 15:32:21,104] {logging_mixin.py:104} INFO - [2023-03-01 15:32:21,104] {dag.py:2280} INFO - Setting next_dagrun for upload_to_gcs to None
[2023-03-01 15:32:21,122] {scheduler_job.py:190} INFO - Processing /opt/airflow/dags/07_gcp.py took 2.225 seconds
[2023-03-01 15:32:51,824] {scheduler_job.py:182} INFO - Started process (PID=417) to work on /opt/airflow/dags/07_gcp.py
[2023-03-01 15:32:51,829] {scheduler_job.py:629} INFO - Processing file /opt/airflow/dags/07_gcp.py for tasks to queue
[2023-03-01 15:32:51,832] {logging_mixin.py:104} INFO - [2023-03-01 15:32:51,831] {dagbag.py:451} INFO - Filling up the DagBag from /opt/airflow/dags/07_gcp.py
[2023-03-01 15:32:54,287] {scheduler_job.py:639} INFO - DAG(s) dict_keys(['upload_to_gcs']) retrieved from /opt/airflow/dags/07_gcp.py
[2023-03-01 15:32:54,347] {logging_mixin.py:104} INFO - [2023-03-01 15:32:54,343] {dag.py:1824} INFO - Sync 1 DAGs
[2023-03-01 15:32:54,392] {logging_mixin.py:104} INFO - [2023-03-01 15:32:54,392] {dag.py:2280} INFO - Setting next_dagrun for upload_to_gcs to None
[2023-03-01 15:32:54,413] {scheduler_job.py:190} INFO - Processing /opt/airflow/dags/07_gcp.py took 2.600 seconds
[2023-03-01 15:33:24,561] {scheduler_job.py:182} INFO - Started process (PID=433) to work on /opt/airflow/dags/07_gcp.py
[2023-03-01 15:33:24,569] {scheduler_job.py:629} INFO - Processing file /opt/airflow/dags/07_gcp.py for tasks to queue
[2023-03-01 15:33:24,575] {logging_mixin.py:104} INFO - [2023-03-01 15:33:24,574] {dagbag.py:451} INFO - Filling up the DagBag from /opt/airflow/dags/07_gcp.py
[2023-03-01 15:33:26,785] {scheduler_job.py:639} INFO - DAG(s) dict_keys(['upload_to_gcs']) retrieved from /opt/airflow/dags/07_gcp.py
[2023-03-01 15:33:26,849] {logging_mixin.py:104} INFO - [2023-03-01 15:33:26,843] {dag.py:1824} INFO - Sync 1 DAGs
[2023-03-01 15:33:26,915] {logging_mixin.py:104} INFO - [2023-03-01 15:33:26,915] {dag.py:2280} INFO - Setting next_dagrun for upload_to_gcs to None
[2023-03-01 15:33:26,939] {scheduler_job.py:190} INFO - Processing /opt/airflow/dags/07_gcp.py took 2.391 seconds
[2023-03-01 15:33:57,068] {scheduler_job.py:182} INFO - Started process (PID=449) to work on /opt/airflow/dags/07_gcp.py
[2023-03-01 15:33:57,073] {scheduler_job.py:629} INFO - Processing file /opt/airflow/dags/07_gcp.py for tasks to queue
[2023-03-01 15:33:57,077] {logging_mixin.py:104} INFO - [2023-03-01 15:33:57,076] {dagbag.py:451} INFO - Filling up the DagBag from /opt/airflow/dags/07_gcp.py
[2023-03-01 15:33:59,191] {scheduler_job.py:639} INFO - DAG(s) dict_keys(['upload_to_gcs']) retrieved from /opt/airflow/dags/07_gcp.py
[2023-03-01 15:33:59,246] {logging_mixin.py:104} INFO - [2023-03-01 15:33:59,241] {dag.py:1824} INFO - Sync 1 DAGs
[2023-03-01 15:33:59,292] {logging_mixin.py:104} INFO - [2023-03-01 15:33:59,292] {dag.py:2280} INFO - Setting next_dagrun for upload_to_gcs to None
[2023-03-01 15:33:59,313] {scheduler_job.py:190} INFO - Processing /opt/airflow/dags/07_gcp.py took 2.257 seconds
[2023-03-01 15:34:29,787] {scheduler_job.py:182} INFO - Started process (PID=465) to work on /opt/airflow/dags/07_gcp.py
[2023-03-01 15:34:29,792] {scheduler_job.py:629} INFO - Processing file /opt/airflow/dags/07_gcp.py for tasks to queue
[2023-03-01 15:34:29,796] {logging_mixin.py:104} INFO - [2023-03-01 15:34:29,796] {dagbag.py:451} INFO - Filling up the DagBag from /opt/airflow/dags/07_gcp.py
[2023-03-01 15:34:32,077] {scheduler_job.py:639} INFO - DAG(s) dict_keys(['upload_to_gcs']) retrieved from /opt/airflow/dags/07_gcp.py
[2023-03-01 15:34:32,138] {logging_mixin.py:104} INFO - [2023-03-01 15:34:32,134] {dag.py:1824} INFO - Sync 1 DAGs
[2023-03-01 15:34:32,181] {logging_mixin.py:104} INFO - [2023-03-01 15:34:32,181] {dag.py:2280} INFO - Setting next_dagrun for upload_to_gcs to None
[2023-03-01 15:34:32,213] {scheduler_job.py:190} INFO - Processing /opt/airflow/dags/07_gcp.py took 2.441 seconds
[2023-03-01 15:35:02,685] {scheduler_job.py:182} INFO - Started process (PID=481) to work on /opt/airflow/dags/07_gcp.py
[2023-03-01 15:35:02,690] {scheduler_job.py:629} INFO - Processing file /opt/airflow/dags/07_gcp.py for tasks to queue
[2023-03-01 15:35:02,693] {logging_mixin.py:104} INFO - [2023-03-01 15:35:02,693] {dagbag.py:451} INFO - Filling up the DagBag from /opt/airflow/dags/07_gcp.py
[2023-03-01 15:35:04,960] {scheduler_job.py:639} INFO - DAG(s) dict_keys(['upload_to_gcs']) retrieved from /opt/airflow/dags/07_gcp.py
[2023-03-01 15:35:05,013] {logging_mixin.py:104} INFO - [2023-03-01 15:35:05,009] {dag.py:1824} INFO - Sync 1 DAGs
[2023-03-01 15:35:05,060] {logging_mixin.py:104} INFO - [2023-03-01 15:35:05,060] {dag.py:2280} INFO - Setting next_dagrun for upload_to_gcs to None
[2023-03-01 15:35:05,080] {scheduler_job.py:190} INFO - Processing /opt/airflow/dags/07_gcp.py took 2.403 seconds
[2023-03-01 15:35:35,804] {scheduler_job.py:182} INFO - Started process (PID=497) to work on /opt/airflow/dags/07_gcp.py
[2023-03-01 15:35:35,812] {scheduler_job.py:629} INFO - Processing file /opt/airflow/dags/07_gcp.py for tasks to queue
[2023-03-01 15:35:35,815] {logging_mixin.py:104} INFO - [2023-03-01 15:35:35,814] {dagbag.py:451} INFO - Filling up the DagBag from /opt/airflow/dags/07_gcp.py
[2023-03-01 15:35:37,983] {scheduler_job.py:639} INFO - DAG(s) dict_keys(['upload_to_gcs']) retrieved from /opt/airflow/dags/07_gcp.py
[2023-03-01 15:35:38,041] {logging_mixin.py:104} INFO - [2023-03-01 15:35:38,035] {dag.py:1824} INFO - Sync 1 DAGs
[2023-03-01 15:35:38,086] {logging_mixin.py:104} INFO - [2023-03-01 15:35:38,086] {dag.py:2280} INFO - Setting next_dagrun for upload_to_gcs to None
[2023-03-01 15:35:38,106] {scheduler_job.py:190} INFO - Processing /opt/airflow/dags/07_gcp.py took 2.312 seconds
[2023-03-01 15:36:08,786] {scheduler_job.py:182} INFO - Started process (PID=513) to work on /opt/airflow/dags/07_gcp.py
[2023-03-01 15:36:08,792] {scheduler_job.py:629} INFO - Processing file /opt/airflow/dags/07_gcp.py for tasks to queue
[2023-03-01 15:36:08,795] {logging_mixin.py:104} INFO - [2023-03-01 15:36:08,794] {dagbag.py:451} INFO - Filling up the DagBag from /opt/airflow/dags/07_gcp.py
[2023-03-01 15:36:10,869] {scheduler_job.py:639} INFO - DAG(s) dict_keys(['upload_to_gcs']) retrieved from /opt/airflow/dags/07_gcp.py
[2023-03-01 15:36:10,921] {logging_mixin.py:104} INFO - [2023-03-01 15:36:10,917] {dag.py:1824} INFO - Sync 1 DAGs
[2023-03-01 15:36:10,963] {logging_mixin.py:104} INFO - [2023-03-01 15:36:10,963] {dag.py:2280} INFO - Setting next_dagrun for upload_to_gcs to None
[2023-03-01 15:36:10,982] {scheduler_job.py:190} INFO - Processing /opt/airflow/dags/07_gcp.py took 2.209 seconds
[2023-03-01 15:36:41,439] {scheduler_job.py:182} INFO - Started process (PID=529) to work on /opt/airflow/dags/07_gcp.py
[2023-03-01 15:36:41,444] {scheduler_job.py:629} INFO - Processing file /opt/airflow/dags/07_gcp.py for tasks to queue
[2023-03-01 15:36:41,447] {logging_mixin.py:104} INFO - [2023-03-01 15:36:41,447] {dagbag.py:451} INFO - Filling up the DagBag from /opt/airflow/dags/07_gcp.py
[2023-03-01 15:36:43,600] {scheduler_job.py:639} INFO - DAG(s) dict_keys(['upload_to_gcs']) retrieved from /opt/airflow/dags/07_gcp.py
[2023-03-01 15:36:43,658] {logging_mixin.py:104} INFO - [2023-03-01 15:36:43,653] {dag.py:1824} INFO - Sync 1 DAGs
[2023-03-01 15:36:43,701] {logging_mixin.py:104} INFO - [2023-03-01 15:36:43,701] {dag.py:2280} INFO - Setting next_dagrun for upload_to_gcs to None
[2023-03-01 15:36:43,722] {scheduler_job.py:190} INFO - Processing /opt/airflow/dags/07_gcp.py took 2.292 seconds
[2023-03-01 15:37:14,735] {scheduler_job.py:182} INFO - Started process (PID=545) to work on /opt/airflow/dags/07_gcp.py
[2023-03-01 15:37:14,741] {scheduler_job.py:629} INFO - Processing file /opt/airflow/dags/07_gcp.py for tasks to queue
[2023-03-01 15:37:14,744] {logging_mixin.py:104} INFO - [2023-03-01 15:37:14,744] {dagbag.py:451} INFO - Filling up the DagBag from /opt/airflow/dags/07_gcp.py
[2023-03-01 15:37:16,780] {scheduler_job.py:639} INFO - DAG(s) dict_keys(['upload_to_gcs']) retrieved from /opt/airflow/dags/07_gcp.py
[2023-03-01 15:37:16,837] {logging_mixin.py:104} INFO - [2023-03-01 15:37:16,833] {dag.py:1824} INFO - Sync 1 DAGs
[2023-03-01 15:37:16,886] {logging_mixin.py:104} INFO - [2023-03-01 15:37:16,885] {dag.py:2280} INFO - Setting next_dagrun for upload_to_gcs to None
[2023-03-01 15:37:16,905] {scheduler_job.py:190} INFO - Processing /opt/airflow/dags/07_gcp.py took 2.184 seconds
[2023-03-01 15:37:47,248] {scheduler_job.py:182} INFO - Started process (PID=561) to work on /opt/airflow/dags/07_gcp.py
[2023-03-01 15:37:47,255] {scheduler_job.py:629} INFO - Processing file /opt/airflow/dags/07_gcp.py for tasks to queue
[2023-03-01 15:37:47,258] {logging_mixin.py:104} INFO - [2023-03-01 15:37:47,258] {dagbag.py:451} INFO - Filling up the DagBag from /opt/airflow/dags/07_gcp.py
[2023-03-01 15:37:49,183] {scheduler_job.py:639} INFO - DAG(s) dict_keys(['upload_to_gcs']) retrieved from /opt/airflow/dags/07_gcp.py
[2023-03-01 15:37:49,228] {logging_mixin.py:104} INFO - [2023-03-01 15:37:49,224] {dag.py:1824} INFO - Sync 1 DAGs
[2023-03-01 15:37:49,267] {logging_mixin.py:104} INFO - [2023-03-01 15:37:49,267] {dag.py:2280} INFO - Setting next_dagrun for upload_to_gcs to None
[2023-03-01 15:37:49,286] {scheduler_job.py:190} INFO - Processing /opt/airflow/dags/07_gcp.py took 2.053 seconds
[2023-03-01 15:38:19,845] {scheduler_job.py:182} INFO - Started process (PID=577) to work on /opt/airflow/dags/07_gcp.py
[2023-03-01 15:38:19,849] {scheduler_job.py:629} INFO - Processing file /opt/airflow/dags/07_gcp.py for tasks to queue
[2023-03-01 15:38:19,851] {logging_mixin.py:104} INFO - [2023-03-01 15:38:19,851] {dagbag.py:451} INFO - Filling up the DagBag from /opt/airflow/dags/07_gcp.py
[2023-03-01 15:38:21,817] {scheduler_job.py:639} INFO - DAG(s) dict_keys(['upload_to_gcs']) retrieved from /opt/airflow/dags/07_gcp.py
[2023-03-01 15:38:21,871] {logging_mixin.py:104} INFO - [2023-03-01 15:38:21,866] {dag.py:1824} INFO - Sync 1 DAGs
[2023-03-01 15:38:21,915] {logging_mixin.py:104} INFO - [2023-03-01 15:38:21,915] {dag.py:2280} INFO - Setting next_dagrun for upload_to_gcs to None
[2023-03-01 15:38:21,935] {scheduler_job.py:190} INFO - Processing /opt/airflow/dags/07_gcp.py took 2.097 seconds
[2023-03-01 15:38:52,056] {scheduler_job.py:182} INFO - Started process (PID=599) to work on /opt/airflow/dags/07_gcp.py
[2023-03-01 15:38:52,060] {scheduler_job.py:629} INFO - Processing file /opt/airflow/dags/07_gcp.py for tasks to queue
[2023-03-01 15:38:52,063] {logging_mixin.py:104} INFO - [2023-03-01 15:38:52,063] {dagbag.py:451} INFO - Filling up the DagBag from /opt/airflow/dags/07_gcp.py
[2023-03-01 15:38:54,319] {scheduler_job.py:639} INFO - DAG(s) dict_keys(['upload_to_gcs']) retrieved from /opt/airflow/dags/07_gcp.py
[2023-03-01 15:38:54,370] {logging_mixin.py:104} INFO - [2023-03-01 15:38:54,366] {dag.py:1824} INFO - Sync 1 DAGs
[2023-03-01 15:38:54,414] {logging_mixin.py:104} INFO - [2023-03-01 15:38:54,414] {dag.py:2280} INFO - Setting next_dagrun for upload_to_gcs to None
[2023-03-01 15:38:54,436] {scheduler_job.py:190} INFO - Processing /opt/airflow/dags/07_gcp.py took 2.386 seconds
[2023-03-01 15:39:25,113] {scheduler_job.py:182} INFO - Started process (PID=621) to work on /opt/airflow/dags/07_gcp.py
[2023-03-01 15:39:25,119] {scheduler_job.py:629} INFO - Processing file /opt/airflow/dags/07_gcp.py for tasks to queue
[2023-03-01 15:39:25,123] {logging_mixin.py:104} INFO - [2023-03-01 15:39:25,123] {dagbag.py:451} INFO - Filling up the DagBag from /opt/airflow/dags/07_gcp.py
[2023-03-01 15:39:27,137] {scheduler_job.py:639} INFO - DAG(s) dict_keys(['upload_to_gcs']) retrieved from /opt/airflow/dags/07_gcp.py
[2023-03-01 15:39:27,194] {logging_mixin.py:104} INFO - [2023-03-01 15:39:27,189] {dag.py:1824} INFO - Sync 1 DAGs
[2023-03-01 15:39:27,237] {logging_mixin.py:104} INFO - [2023-03-01 15:39:27,237] {dag.py:2280} INFO - Setting next_dagrun for upload_to_gcs to None
[2023-03-01 15:39:27,256] {scheduler_job.py:190} INFO - Processing /opt/airflow/dags/07_gcp.py took 2.155 seconds
[2023-03-01 15:39:58,031] {scheduler_job.py:182} INFO - Started process (PID=637) to work on /opt/airflow/dags/07_gcp.py
[2023-03-01 15:39:58,035] {scheduler_job.py:629} INFO - Processing file /opt/airflow/dags/07_gcp.py for tasks to queue
[2023-03-01 15:39:58,041] {logging_mixin.py:104} INFO - [2023-03-01 15:39:58,041] {dagbag.py:451} INFO - Filling up the DagBag from /opt/airflow/dags/07_gcp.py
[2023-03-01 15:40:00,071] {scheduler_job.py:639} INFO - DAG(s) dict_keys(['upload_to_gcs']) retrieved from /opt/airflow/dags/07_gcp.py
[2023-03-01 15:40:00,119] {logging_mixin.py:104} INFO - [2023-03-01 15:40:00,114] {dag.py:1824} INFO - Sync 1 DAGs
[2023-03-01 15:40:00,159] {logging_mixin.py:104} INFO - [2023-03-01 15:40:00,159] {dag.py:2280} INFO - Setting next_dagrun for upload_to_gcs to None
[2023-03-01 15:40:00,179] {scheduler_job.py:190} INFO - Processing /opt/airflow/dags/07_gcp.py took 2.157 seconds
[2023-03-01 15:40:30,258] {scheduler_job.py:182} INFO - Started process (PID=655) to work on /opt/airflow/dags/07_gcp.py
[2023-03-01 15:40:30,263] {scheduler_job.py:629} INFO - Processing file /opt/airflow/dags/07_gcp.py for tasks to queue
[2023-03-01 15:40:30,266] {logging_mixin.py:104} INFO - [2023-03-01 15:40:30,265] {dagbag.py:451} INFO - Filling up the DagBag from /opt/airflow/dags/07_gcp.py
[2023-03-01 15:40:32,237] {scheduler_job.py:639} INFO - DAG(s) dict_keys(['upload_to_gcs']) retrieved from /opt/airflow/dags/07_gcp.py
[2023-03-01 15:40:32,288] {logging_mixin.py:104} INFO - [2023-03-01 15:40:32,283] {dag.py:1824} INFO - Sync 1 DAGs
[2023-03-01 15:40:32,332] {logging_mixin.py:104} INFO - [2023-03-01 15:40:32,332] {dag.py:2280} INFO - Setting next_dagrun for upload_to_gcs to None
[2023-03-01 15:40:32,352] {scheduler_job.py:190} INFO - Processing /opt/airflow/dags/07_gcp.py took 2.101 seconds
[2023-03-01 15:41:02,620] {scheduler_job.py:182} INFO - Started process (PID=671) to work on /opt/airflow/dags/07_gcp.py
[2023-03-01 15:41:02,628] {scheduler_job.py:629} INFO - Processing file /opt/airflow/dags/07_gcp.py for tasks to queue
[2023-03-01 15:41:02,631] {logging_mixin.py:104} INFO - [2023-03-01 15:41:02,630] {dagbag.py:451} INFO - Filling up the DagBag from /opt/airflow/dags/07_gcp.py
[2023-03-01 15:41:04,771] {scheduler_job.py:639} INFO - DAG(s) dict_keys(['upload_to_gcs']) retrieved from /opt/airflow/dags/07_gcp.py
[2023-03-01 15:41:04,825] {logging_mixin.py:104} INFO - [2023-03-01 15:41:04,820] {dag.py:1824} INFO - Sync 1 DAGs
[2023-03-01 15:41:04,866] {logging_mixin.py:104} INFO - [2023-03-01 15:41:04,865] {dag.py:2280} INFO - Setting next_dagrun for upload_to_gcs to None
[2023-03-01 15:41:04,884] {scheduler_job.py:190} INFO - Processing /opt/airflow/dags/07_gcp.py took 2.278 seconds
[2023-03-01 15:41:35,390] {scheduler_job.py:182} INFO - Started process (PID=687) to work on /opt/airflow/dags/07_gcp.py
[2023-03-01 15:41:35,395] {scheduler_job.py:629} INFO - Processing file /opt/airflow/dags/07_gcp.py for tasks to queue
[2023-03-01 15:41:35,397] {logging_mixin.py:104} INFO - [2023-03-01 15:41:35,397] {dagbag.py:451} INFO - Filling up the DagBag from /opt/airflow/dags/07_gcp.py
[2023-03-01 15:41:37,270] {scheduler_job.py:639} INFO - DAG(s) dict_keys(['upload_to_gcs']) retrieved from /opt/airflow/dags/07_gcp.py
[2023-03-01 15:41:37,320] {logging_mixin.py:104} INFO - [2023-03-01 15:41:37,315] {dag.py:1824} INFO - Sync 1 DAGs
[2023-03-01 15:41:37,360] {logging_mixin.py:104} INFO - [2023-03-01 15:41:37,360] {dag.py:2280} INFO - Setting next_dagrun for upload_to_gcs to None
[2023-03-01 15:41:37,377] {scheduler_job.py:190} INFO - Processing /opt/airflow/dags/07_gcp.py took 1.994 seconds
[2023-03-01 15:42:07,960] {scheduler_job.py:182} INFO - Started process (PID=703) to work on /opt/airflow/dags/07_gcp.py
[2023-03-01 15:42:07,968] {scheduler_job.py:629} INFO - Processing file /opt/airflow/dags/07_gcp.py for tasks to queue
[2023-03-01 15:42:07,973] {logging_mixin.py:104} INFO - [2023-03-01 15:42:07,972] {dagbag.py:451} INFO - Filling up the DagBag from /opt/airflow/dags/07_gcp.py
[2023-03-01 15:42:09,998] {scheduler_job.py:639} INFO - DAG(s) dict_keys(['upload_to_gcs']) retrieved from /opt/airflow/dags/07_gcp.py
[2023-03-01 15:42:10,059] {logging_mixin.py:104} INFO - [2023-03-01 15:42:10,054] {dag.py:1824} INFO - Sync 1 DAGs
[2023-03-01 15:42:10,105] {logging_mixin.py:104} INFO - [2023-03-01 15:42:10,104] {dag.py:2280} INFO - Setting next_dagrun for upload_to_gcs to None
[2023-03-01 15:42:10,123] {scheduler_job.py:190} INFO - Processing /opt/airflow/dags/07_gcp.py took 2.176 seconds
