[2023-03-01 12:15:38,996] {taskinstance.py:877} INFO - Dependencies all met for <TaskInstance: with_python_operator.greet 2022-10-08T21:05:00+00:00 [queued]>
[2023-03-01 12:15:39,288] {taskinstance.py:877} INFO - Dependencies all met for <TaskInstance: with_python_operator.greet 2022-10-08T21:05:00+00:00 [queued]>
[2023-03-01 12:15:39,289] {taskinstance.py:1068} INFO - 
--------------------------------------------------------------------------------
[2023-03-01 12:15:39,290] {taskinstance.py:1069} INFO - Starting attempt 1 of 2
[2023-03-01 12:15:39,290] {taskinstance.py:1070} INFO - 
--------------------------------------------------------------------------------
[2023-03-01 12:15:39,364] {taskinstance.py:1089} INFO - Executing <Task(PythonOperator): greet> on 2022-10-08T21:05:00+00:00
[2023-03-01 12:15:39,373] {standard_task_runner.py:52} INFO - Started process 2756 to run task
[2023-03-01 12:15:39,422] {standard_task_runner.py:76} INFO - Running: ['airflow', 'tasks', 'run', 'with_python_operator', 'greet', '2022-10-08T21:05:00+00:00', '--job-id', '505', '--pool', 'default_pool', '--raw', '--subdir', 'DAGS_FOLDER/02_python_operator.py', '--cfg-path', '/tmp/tmpybcyfjhr', '--error-file', '/tmp/tmpn0ix7_fy']
[2023-03-01 12:15:39,424] {standard_task_runner.py:77} INFO - Job 505: Subtask greet
[2023-03-01 12:15:39,955] {logging_mixin.py:104} INFO - Running <TaskInstance: with_python_operator.greet 2022-10-08T21:05:00+00:00 [running]> on host abe4c4997ef7
[2023-03-01 12:15:40,744] {taskinstance.py:1283} INFO - Exporting the following env vars:
AIRFLOW_CTX_DAG_OWNER=dataheroes
AIRFLOW_CTX_DAG_ID=with_python_operator
AIRFLOW_CTX_TASK_ID=greet
AIRFLOW_CTX_EXECUTION_DATE=2022-10-08T21:05:00+00:00
AIRFLOW_CTX_DAG_RUN_ID=scheduled__2022-10-08T21:05:00+00:00
[2023-03-01 12:15:40,754] {logging_mixin.py:104} INFO - some dict:  {'a': 1, 'b': 2}
[2023-03-01 12:15:41,065] {logging_mixin.py:104} INFO - Hello World! My name is Reza Primasatya, and I am 17 years old!
[2023-03-01 12:15:41,089] {python.py:118} INFO - Done. Returned value was: None
[2023-03-01 12:15:41,310] {taskinstance.py:1192} INFO - Marking task as SUCCESS. dag_id=with_python_operator, task_id=greet, execution_date=20221008T210500, start_date=20230301T121539, end_date=20230301T121541
[2023-03-01 12:15:41,763] {taskinstance.py:1246} INFO - 0 downstream tasks scheduled from follow-on schedule check
[2023-03-01 12:15:41,868] {local_task_job.py:146} INFO - Task exited with return code 0
