[2023-03-01 12:29:14,942] {taskinstance.py:877} INFO - Dependencies all met for <TaskInstance: with_python_operator.get_name 2022-10-23T09:05:00+00:00 [queued]>
[2023-03-01 12:29:15,182] {taskinstance.py:877} INFO - Dependencies all met for <TaskInstance: with_python_operator.get_name 2022-10-23T09:05:00+00:00 [queued]>
[2023-03-01 12:29:15,185] {taskinstance.py:1068} INFO - 
--------------------------------------------------------------------------------
[2023-03-01 12:29:15,188] {taskinstance.py:1069} INFO - Starting attempt 1 of 2
[2023-03-01 12:29:15,189] {taskinstance.py:1070} INFO - 
--------------------------------------------------------------------------------
[2023-03-01 12:29:15,368] {taskinstance.py:1089} INFO - Executing <Task(PythonOperator): get_name> on 2022-10-23T09:05:00+00:00
[2023-03-01 12:29:15,383] {standard_task_runner.py:52} INFO - Started process 7089 to run task
[2023-03-01 12:29:15,426] {standard_task_runner.py:76} INFO - Running: ['airflow', 'tasks', 'run', 'with_python_operator', 'get_name', '2022-10-23T09:05:00+00:00', '--job-id', '1564', '--pool', 'default_pool', '--raw', '--subdir', 'DAGS_FOLDER/02_python_operator.py', '--cfg-path', '/tmp/tmpb98159k_', '--error-file', '/tmp/tmpl012i973']
[2023-03-01 12:29:15,434] {standard_task_runner.py:77} INFO - Job 1564: Subtask get_name
[2023-03-01 12:29:16,103] {logging_mixin.py:104} INFO - Running <TaskInstance: with_python_operator.get_name 2022-10-23T09:05:00+00:00 [running]> on host abe4c4997ef7
[2023-03-01 12:29:16,595] {taskinstance.py:1283} INFO - Exporting the following env vars:
AIRFLOW_CTX_DAG_OWNER=dataheroes
AIRFLOW_CTX_DAG_ID=with_python_operator
AIRFLOW_CTX_TASK_ID=get_name
AIRFLOW_CTX_EXECUTION_DATE=2022-10-23T09:05:00+00:00
AIRFLOW_CTX_DAG_RUN_ID=scheduled__2022-10-23T09:05:00+00:00
[2023-03-01 12:29:16,847] {python.py:118} INFO - Done. Returned value was: None
[2023-03-01 12:29:16,902] {taskinstance.py:1192} INFO - Marking task as SUCCESS. dag_id=with_python_operator, task_id=get_name, execution_date=20221023T090500, start_date=20230301T122914, end_date=20230301T122916
[2023-03-01 12:29:17,431] {taskinstance.py:1246} INFO - 0 downstream tasks scheduled from follow-on schedule check
[2023-03-01 12:29:17,560] {local_task_job.py:146} INFO - Task exited with return code 0
