[2023-03-01 12:30:51,887] {taskinstance.py:877} INFO - Dependencies all met for <TaskInstance: with_python_operator.get_name 2022-10-24T20:05:00+00:00 [queued]>
[2023-03-01 12:30:52,045] {taskinstance.py:877} INFO - Dependencies all met for <TaskInstance: with_python_operator.get_name 2022-10-24T20:05:00+00:00 [queued]>
[2023-03-01 12:30:52,047] {taskinstance.py:1068} INFO - 
--------------------------------------------------------------------------------
[2023-03-01 12:30:52,058] {taskinstance.py:1069} INFO - Starting attempt 1 of 2
[2023-03-01 12:30:52,060] {taskinstance.py:1070} INFO - 
--------------------------------------------------------------------------------
[2023-03-01 12:30:52,165] {taskinstance.py:1089} INFO - Executing <Task(PythonOperator): get_name> on 2022-10-24T20:05:00+00:00
[2023-03-01 12:30:52,177] {standard_task_runner.py:52} INFO - Started process 7529 to run task
[2023-03-01 12:30:52,229] {standard_task_runner.py:76} INFO - Running: ['airflow', 'tasks', 'run', 'with_python_operator', 'get_name', '2022-10-24T20:05:00+00:00', '--job-id', '1676', '--pool', 'default_pool', '--raw', '--subdir', 'DAGS_FOLDER/02_python_operator.py', '--cfg-path', '/tmp/tmp1at9okan', '--error-file', '/tmp/tmpz462pjm_']
[2023-03-01 12:30:52,235] {standard_task_runner.py:77} INFO - Job 1676: Subtask get_name
[2023-03-01 12:30:52,515] {logging_mixin.py:104} INFO - Running <TaskInstance: with_python_operator.get_name 2022-10-24T20:05:00+00:00 [running]> on host abe4c4997ef7
[2023-03-01 12:30:52,887] {taskinstance.py:1283} INFO - Exporting the following env vars:
AIRFLOW_CTX_DAG_OWNER=dataheroes
AIRFLOW_CTX_DAG_ID=with_python_operator
AIRFLOW_CTX_TASK_ID=get_name
AIRFLOW_CTX_EXECUTION_DATE=2022-10-24T20:05:00+00:00
AIRFLOW_CTX_DAG_RUN_ID=scheduled__2022-10-24T20:05:00+00:00
[2023-03-01 12:30:53,000] {python.py:118} INFO - Done. Returned value was: None
[2023-03-01 12:30:53,096] {taskinstance.py:1192} INFO - Marking task as SUCCESS. dag_id=with_python_operator, task_id=get_name, execution_date=20221024T200500, start_date=20230301T123051, end_date=20230301T123053
[2023-03-01 12:30:53,387] {taskinstance.py:1246} INFO - 1 downstream tasks scheduled from follow-on schedule check
[2023-03-01 12:30:53,442] {local_task_job.py:146} INFO - Task exited with return code 0
