[2023-03-01 12:36:18,888] {taskinstance.py:877} INFO - Dependencies all met for <TaskInstance: with_python_operator.greet 2022-10-30T17:05:00+00:00 [queued]>
[2023-03-01 12:36:19,105] {taskinstance.py:877} INFO - Dependencies all met for <TaskInstance: with_python_operator.greet 2022-10-30T17:05:00+00:00 [queued]>
[2023-03-01 12:36:19,120] {taskinstance.py:1068} INFO - 
--------------------------------------------------------------------------------
[2023-03-01 12:36:19,123] {taskinstance.py:1069} INFO - Starting attempt 1 of 2
[2023-03-01 12:36:19,124] {taskinstance.py:1070} INFO - 
--------------------------------------------------------------------------------
[2023-03-01 12:36:19,394] {taskinstance.py:1089} INFO - Executing <Task(PythonOperator): greet> on 2022-10-30T17:05:00+00:00
[2023-03-01 12:36:19,439] {standard_task_runner.py:52} INFO - Started process 9287 to run task
[2023-03-01 12:36:19,505] {standard_task_runner.py:76} INFO - Running: ['airflow', 'tasks', 'run', 'with_python_operator', 'greet', '2022-10-30T17:05:00+00:00', '--job-id', '2113', '--pool', 'default_pool', '--raw', '--subdir', 'DAGS_FOLDER/02_python_operator.py', '--cfg-path', '/tmp/tmpdtd0wvty', '--error-file', '/tmp/tmpwbpe7vsg']
[2023-03-01 12:36:19,540] {standard_task_runner.py:77} INFO - Job 2113: Subtask greet
[2023-03-01 12:36:20,002] {logging_mixin.py:104} INFO - Running <TaskInstance: with_python_operator.greet 2022-10-30T17:05:00+00:00 [running]> on host abe4c4997ef7
[2023-03-01 12:36:20,710] {taskinstance.py:1283} INFO - Exporting the following env vars:
AIRFLOW_CTX_DAG_OWNER=dataheroes
AIRFLOW_CTX_DAG_ID=with_python_operator
AIRFLOW_CTX_TASK_ID=greet
AIRFLOW_CTX_EXECUTION_DATE=2022-10-30T17:05:00+00:00
AIRFLOW_CTX_DAG_RUN_ID=scheduled__2022-10-30T17:05:00+00:00
[2023-03-01 12:36:20,723] {logging_mixin.py:104} INFO - some dict:  {'a': 1, 'b': 2}
[2023-03-01 12:36:20,999] {logging_mixin.py:104} INFO - Hello World! My name is Reza Primasatya, and I am 17 years old!
[2023-03-01 12:36:21,003] {python.py:118} INFO - Done. Returned value was: None
[2023-03-01 12:36:21,168] {taskinstance.py:1192} INFO - Marking task as SUCCESS. dag_id=with_python_operator, task_id=greet, execution_date=20221030T170500, start_date=20230301T123618, end_date=20230301T123621
[2023-03-01 12:36:21,439] {taskinstance.py:1246} INFO - 0 downstream tasks scheduled from follow-on schedule check
[2023-03-01 12:36:21,491] {local_task_job.py:146} INFO - Task exited with return code 0
