[2023-03-01 13:06:23,593] {taskinstance.py:877} INFO - Dependencies all met for <TaskInstance: with_python_operator.get_name 2022-12-04T22:05:00+00:00 [queued]>
[2023-03-01 13:06:23,792] {taskinstance.py:877} INFO - Dependencies all met for <TaskInstance: with_python_operator.get_name 2022-12-04T22:05:00+00:00 [queued]>
[2023-03-01 13:06:23,793] {taskinstance.py:1068} INFO - 
--------------------------------------------------------------------------------
[2023-03-01 13:06:23,795] {taskinstance.py:1069} INFO - Starting attempt 1 of 2
[2023-03-01 13:06:23,796] {taskinstance.py:1070} INFO - 
--------------------------------------------------------------------------------
[2023-03-01 13:06:23,997] {taskinstance.py:1089} INFO - Executing <Task(PythonOperator): get_name> on 2022-12-04T22:05:00+00:00
[2023-03-01 13:06:24,017] {standard_task_runner.py:52} INFO - Started process 19393 to run task
[2023-03-01 13:06:24,144] {standard_task_runner.py:76} INFO - Running: ['airflow', 'tasks', 'run', 'with_python_operator', 'get_name', '2022-12-04T22:05:00+00:00', '--job-id', '4636', '--pool', 'default_pool', '--raw', '--subdir', 'DAGS_FOLDER/02_python_operator.py', '--cfg-path', '/tmp/tmpnrss4og6', '--error-file', '/tmp/tmp23nq_1_r']
[2023-03-01 13:06:24,146] {standard_task_runner.py:77} INFO - Job 4636: Subtask get_name
[2023-03-01 13:06:24,847] {logging_mixin.py:104} INFO - Running <TaskInstance: with_python_operator.get_name 2022-12-04T22:05:00+00:00 [running]> on host abe4c4997ef7
[2023-03-01 13:06:25,268] {taskinstance.py:1283} INFO - Exporting the following env vars:
AIRFLOW_CTX_DAG_OWNER=dataheroes
AIRFLOW_CTX_DAG_ID=with_python_operator
AIRFLOW_CTX_TASK_ID=get_name
AIRFLOW_CTX_EXECUTION_DATE=2022-12-04T22:05:00+00:00
AIRFLOW_CTX_DAG_RUN_ID=scheduled__2022-12-04T22:05:00+00:00
[2023-03-01 13:06:25,507] {python.py:118} INFO - Done. Returned value was: None
[2023-03-01 13:06:25,621] {taskinstance.py:1192} INFO - Marking task as SUCCESS. dag_id=with_python_operator, task_id=get_name, execution_date=20221204T220500, start_date=20230301T130623, end_date=20230301T130625
[2023-03-01 13:06:26,136] {taskinstance.py:1246} INFO - 0 downstream tasks scheduled from follow-on schedule check
[2023-03-01 13:06:26,290] {local_task_job.py:146} INFO - Task exited with return code 0
