[2023-03-01 12:33:35,542] {taskinstance.py:877} INFO - Dependencies all met for <TaskInstance: with_python_operator.greet 2022-10-27T14:05:00+00:00 [queued]>
[2023-03-01 12:33:35,885] {taskinstance.py:877} INFO - Dependencies all met for <TaskInstance: with_python_operator.greet 2022-10-27T14:05:00+00:00 [queued]>
[2023-03-01 12:33:35,893] {taskinstance.py:1068} INFO - 
--------------------------------------------------------------------------------
[2023-03-01 12:33:35,900] {taskinstance.py:1069} INFO - Starting attempt 1 of 2
[2023-03-01 12:33:35,907] {taskinstance.py:1070} INFO - 
--------------------------------------------------------------------------------
[2023-03-01 12:33:36,081] {taskinstance.py:1089} INFO - Executing <Task(PythonOperator): greet> on 2022-10-27T14:05:00+00:00
[2023-03-01 12:33:36,119] {standard_task_runner.py:52} INFO - Started process 8421 to run task
[2023-03-01 12:33:36,182] {standard_task_runner.py:76} INFO - Running: ['airflow', 'tasks', 'run', 'with_python_operator', 'greet', '2022-10-27T14:05:00+00:00', '--job-id', '1896', '--pool', 'default_pool', '--raw', '--subdir', 'DAGS_FOLDER/02_python_operator.py', '--cfg-path', '/tmp/tmpwh0x9wo8', '--error-file', '/tmp/tmpcmomd_z2']
[2023-03-01 12:33:36,192] {standard_task_runner.py:77} INFO - Job 1896: Subtask greet
[2023-03-01 12:33:37,030] {logging_mixin.py:104} INFO - Running <TaskInstance: with_python_operator.greet 2022-10-27T14:05:00+00:00 [running]> on host abe4c4997ef7
[2023-03-01 12:33:37,571] {taskinstance.py:1283} INFO - Exporting the following env vars:
AIRFLOW_CTX_DAG_OWNER=dataheroes
AIRFLOW_CTX_DAG_ID=with_python_operator
AIRFLOW_CTX_TASK_ID=greet
AIRFLOW_CTX_EXECUTION_DATE=2022-10-27T14:05:00+00:00
AIRFLOW_CTX_DAG_RUN_ID=scheduled__2022-10-27T14:05:00+00:00
[2023-03-01 12:33:37,589] {logging_mixin.py:104} INFO - some dict:  {'a': 1, 'b': 2}
[2023-03-01 12:33:37,852] {logging_mixin.py:104} INFO - Hello World! My name is Reza Primasatya, and I am 17 years old!
[2023-03-01 12:33:37,858] {python.py:118} INFO - Done. Returned value was: None
[2023-03-01 12:33:37,970] {taskinstance.py:1192} INFO - Marking task as SUCCESS. dag_id=with_python_operator, task_id=greet, execution_date=20221027T140500, start_date=20230301T123335, end_date=20230301T123337
[2023-03-01 12:33:38,281] {taskinstance.py:1246} INFO - 0 downstream tasks scheduled from follow-on schedule check
[2023-03-01 12:33:38,424] {local_task_job.py:146} INFO - Task exited with return code 0
