[2023-03-01 12:37:12,213] {taskinstance.py:877} INFO - Dependencies all met for <TaskInstance: with_python_operator.greet 2022-10-31T18:05:00+00:00 [queued]>
[2023-03-01 12:37:12,526] {taskinstance.py:877} INFO - Dependencies all met for <TaskInstance: with_python_operator.greet 2022-10-31T18:05:00+00:00 [queued]>
[2023-03-01 12:37:12,528] {taskinstance.py:1068} INFO - 
--------------------------------------------------------------------------------
[2023-03-01 12:37:12,534] {taskinstance.py:1069} INFO - Starting attempt 1 of 2
[2023-03-01 12:37:12,535] {taskinstance.py:1070} INFO - 
--------------------------------------------------------------------------------
[2023-03-01 12:37:12,752] {taskinstance.py:1089} INFO - Executing <Task(PythonOperator): greet> on 2022-10-31T18:05:00+00:00
[2023-03-01 12:37:12,776] {standard_task_runner.py:52} INFO - Started process 9571 to run task
[2023-03-01 12:37:12,851] {standard_task_runner.py:76} INFO - Running: ['airflow', 'tasks', 'run', 'with_python_operator', 'greet', '2022-10-31T18:05:00+00:00', '--job-id', '2184', '--pool', 'default_pool', '--raw', '--subdir', 'DAGS_FOLDER/02_python_operator.py', '--cfg-path', '/tmp/tmp2s5s0vyd', '--error-file', '/tmp/tmp36pfnnrn']
[2023-03-01 12:37:12,853] {standard_task_runner.py:77} INFO - Job 2184: Subtask greet
[2023-03-01 12:37:13,350] {logging_mixin.py:104} INFO - Running <TaskInstance: with_python_operator.greet 2022-10-31T18:05:00+00:00 [running]> on host abe4c4997ef7
[2023-03-01 12:37:14,051] {taskinstance.py:1283} INFO - Exporting the following env vars:
AIRFLOW_CTX_DAG_OWNER=dataheroes
AIRFLOW_CTX_DAG_ID=with_python_operator
AIRFLOW_CTX_TASK_ID=greet
AIRFLOW_CTX_EXECUTION_DATE=2022-10-31T18:05:00+00:00
AIRFLOW_CTX_DAG_RUN_ID=scheduled__2022-10-31T18:05:00+00:00
[2023-03-01 12:37:14,095] {logging_mixin.py:104} INFO - some dict:  {'a': 1, 'b': 2}
[2023-03-01 12:37:14,301] {logging_mixin.py:104} INFO - Hello World! My name is Reza Primasatya, and I am 17 years old!
[2023-03-01 12:37:14,303] {python.py:118} INFO - Done. Returned value was: None
[2023-03-01 12:37:14,396] {taskinstance.py:1192} INFO - Marking task as SUCCESS. dag_id=with_python_operator, task_id=greet, execution_date=20221031T180500, start_date=20230301T123712, end_date=20230301T123714
[2023-03-01 12:37:14,851] {taskinstance.py:1246} INFO - 0 downstream tasks scheduled from follow-on schedule check
[2023-03-01 12:37:14,981] {local_task_job.py:146} INFO - Task exited with return code 0
