[2023-03-01 13:04:39,586] {taskinstance.py:877} INFO - Dependencies all met for <TaskInstance: with_python_operator.greet 2022-12-02T16:05:00+00:00 [queued]>
[2023-03-01 13:04:39,833] {taskinstance.py:877} INFO - Dependencies all met for <TaskInstance: with_python_operator.greet 2022-12-02T16:05:00+00:00 [queued]>
[2023-03-01 13:04:39,836] {taskinstance.py:1068} INFO - 
--------------------------------------------------------------------------------
[2023-03-01 13:04:39,839] {taskinstance.py:1069} INFO - Starting attempt 1 of 2
[2023-03-01 13:04:39,840] {taskinstance.py:1070} INFO - 
--------------------------------------------------------------------------------
[2023-03-01 13:04:39,961] {taskinstance.py:1089} INFO - Executing <Task(PythonOperator): greet> on 2022-12-02T16:05:00+00:00
[2023-03-01 13:04:39,967] {standard_task_runner.py:52} INFO - Started process 18835 to run task
[2023-03-01 13:04:40,038] {standard_task_runner.py:76} INFO - Running: ['airflow', 'tasks', 'run', 'with_python_operator', 'greet', '2022-12-02T16:05:00+00:00', '--job-id', '4497', '--pool', 'default_pool', '--raw', '--subdir', 'DAGS_FOLDER/02_python_operator.py', '--cfg-path', '/tmp/tmpko9p2oqg', '--error-file', '/tmp/tmp8bjbgj0z']
[2023-03-01 13:04:40,046] {standard_task_runner.py:77} INFO - Job 4497: Subtask greet
[2023-03-01 13:04:40,548] {logging_mixin.py:104} INFO - Running <TaskInstance: with_python_operator.greet 2022-12-02T16:05:00+00:00 [running]> on host abe4c4997ef7
[2023-03-01 13:04:41,059] {taskinstance.py:1283} INFO - Exporting the following env vars:
AIRFLOW_CTX_DAG_OWNER=dataheroes
AIRFLOW_CTX_DAG_ID=with_python_operator
AIRFLOW_CTX_TASK_ID=greet
AIRFLOW_CTX_EXECUTION_DATE=2022-12-02T16:05:00+00:00
AIRFLOW_CTX_DAG_RUN_ID=scheduled__2022-12-02T16:05:00+00:00
[2023-03-01 13:04:41,077] {logging_mixin.py:104} INFO - some dict:  {'a': 1, 'b': 2}
[2023-03-01 13:04:41,187] {logging_mixin.py:104} INFO - Hello World! My name is Reza Primasatya, and I am 17 years old!
[2023-03-01 13:04:41,188] {python.py:118} INFO - Done. Returned value was: None
[2023-03-01 13:04:41,234] {taskinstance.py:1192} INFO - Marking task as SUCCESS. dag_id=with_python_operator, task_id=greet, execution_date=20221202T160500, start_date=20230301T130439, end_date=20230301T130441
[2023-03-01 13:04:41,405] {taskinstance.py:1246} INFO - 0 downstream tasks scheduled from follow-on schedule check
[2023-03-01 13:04:41,500] {local_task_job.py:146} INFO - Task exited with return code 0
