[2023-03-01 12:21:56,420] {taskinstance.py:877} INFO - Dependencies all met for <TaskInstance: with_python_operator.greet 2022-10-15T10:05:00+00:00 [queued]>
[2023-03-01 12:21:56,641] {taskinstance.py:877} INFO - Dependencies all met for <TaskInstance: with_python_operator.greet 2022-10-15T10:05:00+00:00 [queued]>
[2023-03-01 12:21:56,643] {taskinstance.py:1068} INFO - 
--------------------------------------------------------------------------------
[2023-03-01 12:21:56,644] {taskinstance.py:1069} INFO - Starting attempt 1 of 2
[2023-03-01 12:21:56,645] {taskinstance.py:1070} INFO - 
--------------------------------------------------------------------------------
[2023-03-01 12:21:56,897] {taskinstance.py:1089} INFO - Executing <Task(PythonOperator): greet> on 2022-10-15T10:05:00+00:00
[2023-03-01 12:21:56,932] {standard_task_runner.py:52} INFO - Started process 4927 to run task
[2023-03-01 12:21:57,058] {standard_task_runner.py:76} INFO - Running: ['airflow', 'tasks', 'run', 'with_python_operator', 'greet', '2022-10-15T10:05:00+00:00', '--job-id', '1023', '--pool', 'default_pool', '--raw', '--subdir', 'DAGS_FOLDER/02_python_operator.py', '--cfg-path', '/tmp/tmp7yzy9s72', '--error-file', '/tmp/tmpwesgaqi_']
[2023-03-01 12:21:57,064] {standard_task_runner.py:77} INFO - Job 1023: Subtask greet
[2023-03-01 12:21:57,672] {logging_mixin.py:104} INFO - Running <TaskInstance: with_python_operator.greet 2022-10-15T10:05:00+00:00 [running]> on host abe4c4997ef7
[2023-03-01 12:21:58,555] {taskinstance.py:1283} INFO - Exporting the following env vars:
AIRFLOW_CTX_DAG_OWNER=dataheroes
AIRFLOW_CTX_DAG_ID=with_python_operator
AIRFLOW_CTX_TASK_ID=greet
AIRFLOW_CTX_EXECUTION_DATE=2022-10-15T10:05:00+00:00
AIRFLOW_CTX_DAG_RUN_ID=scheduled__2022-10-15T10:05:00+00:00
[2023-03-01 12:21:58,562] {logging_mixin.py:104} INFO - some dict:  {'a': 1, 'b': 2}
[2023-03-01 12:21:58,865] {logging_mixin.py:104} INFO - Hello World! My name is Reza Primasatya, and I am 17 years old!
[2023-03-01 12:21:58,869] {python.py:118} INFO - Done. Returned value was: None
[2023-03-01 12:21:59,164] {taskinstance.py:1192} INFO - Marking task as SUCCESS. dag_id=with_python_operator, task_id=greet, execution_date=20221015T100500, start_date=20230301T122156, end_date=20230301T122159
[2023-03-01 12:21:59,918] {taskinstance.py:1246} INFO - 0 downstream tasks scheduled from follow-on schedule check
[2023-03-01 12:22:00,086] {local_task_job.py:146} INFO - Task exited with return code 0
