[2023-03-01 13:03:25,863] {taskinstance.py:877} INFO - Dependencies all met for <TaskInstance: with_python_operator.get_age 2022-12-01T06:05:00+00:00 [queued]>
[2023-03-01 13:03:25,974] {taskinstance.py:877} INFO - Dependencies all met for <TaskInstance: with_python_operator.get_age 2022-12-01T06:05:00+00:00 [queued]>
[2023-03-01 13:03:25,976] {taskinstance.py:1068} INFO - 
--------------------------------------------------------------------------------
[2023-03-01 13:03:25,977] {taskinstance.py:1069} INFO - Starting attempt 1 of 2
[2023-03-01 13:03:25,977] {taskinstance.py:1070} INFO - 
--------------------------------------------------------------------------------
[2023-03-01 13:03:26,065] {taskinstance.py:1089} INFO - Executing <Task(PythonOperator): get_age> on 2022-12-01T06:05:00+00:00
[2023-03-01 13:03:26,079] {standard_task_runner.py:52} INFO - Started process 18329 to run task
[2023-03-01 13:03:26,120] {standard_task_runner.py:76} INFO - Running: ['airflow', 'tasks', 'run', 'with_python_operator', 'get_age', '2022-12-01T06:05:00+00:00', '--job-id', '4370', '--pool', 'default_pool', '--raw', '--subdir', 'DAGS_FOLDER/02_python_operator.py', '--cfg-path', '/tmp/tmpevdh3zd3', '--error-file', '/tmp/tmpwpa6e5e3']
[2023-03-01 13:03:26,122] {standard_task_runner.py:77} INFO - Job 4370: Subtask get_age
[2023-03-01 13:03:26,575] {logging_mixin.py:104} INFO - Running <TaskInstance: with_python_operator.get_age 2022-12-01T06:05:00+00:00 [running]> on host abe4c4997ef7
[2023-03-01 13:03:27,128] {taskinstance.py:1283} INFO - Exporting the following env vars:
AIRFLOW_CTX_DAG_OWNER=dataheroes
AIRFLOW_CTX_DAG_ID=with_python_operator
AIRFLOW_CTX_TASK_ID=get_age
AIRFLOW_CTX_EXECUTION_DATE=2022-12-01T06:05:00+00:00
AIRFLOW_CTX_DAG_RUN_ID=scheduled__2022-12-01T06:05:00+00:00
[2023-03-01 13:03:27,264] {python.py:118} INFO - Done. Returned value was: None
[2023-03-01 13:03:27,473] {taskinstance.py:1192} INFO - Marking task as SUCCESS. dag_id=with_python_operator, task_id=get_age, execution_date=20221201T060500, start_date=20230301T130325, end_date=20230301T130327
[2023-03-01 13:03:28,425] {taskinstance.py:1246} INFO - 1 downstream tasks scheduled from follow-on schedule check
[2023-03-01 13:03:28,648] {local_task_job.py:146} INFO - Task exited with return code 0
