[2023-03-01 12:56:17,373] {taskinstance.py:877} INFO - Dependencies all met for <TaskInstance: with_python_operator.get_age 2022-11-22T14:05:00+00:00 [queued]>
[2023-03-01 12:56:17,548] {taskinstance.py:877} INFO - Dependencies all met for <TaskInstance: with_python_operator.get_age 2022-11-22T14:05:00+00:00 [queued]>
[2023-03-01 12:56:17,550] {taskinstance.py:1068} INFO - 
--------------------------------------------------------------------------------
[2023-03-01 12:56:17,558] {taskinstance.py:1069} INFO - Starting attempt 1 of 2
[2023-03-01 12:56:17,564] {taskinstance.py:1070} INFO - 
--------------------------------------------------------------------------------
[2023-03-01 12:56:17,651] {taskinstance.py:1089} INFO - Executing <Task(PythonOperator): get_age> on 2022-11-22T14:05:00+00:00
[2023-03-01 12:56:17,682] {standard_task_runner.py:52} INFO - Started process 15801 to run task
[2023-03-01 12:56:17,735] {standard_task_runner.py:76} INFO - Running: ['airflow', 'tasks', 'run', 'with_python_operator', 'get_age', '2022-11-22T14:05:00+00:00', '--job-id', '3743', '--pool', 'default_pool', '--raw', '--subdir', 'DAGS_FOLDER/02_python_operator.py', '--cfg-path', '/tmp/tmpe5ssl0ag', '--error-file', '/tmp/tmpk69e2_66']
[2023-03-01 12:56:17,736] {standard_task_runner.py:77} INFO - Job 3743: Subtask get_age
[2023-03-01 12:56:18,330] {logging_mixin.py:104} INFO - Running <TaskInstance: with_python_operator.get_age 2022-11-22T14:05:00+00:00 [running]> on host abe4c4997ef7
[2023-03-01 12:56:18,893] {taskinstance.py:1283} INFO - Exporting the following env vars:
AIRFLOW_CTX_DAG_OWNER=dataheroes
AIRFLOW_CTX_DAG_ID=with_python_operator
AIRFLOW_CTX_TASK_ID=get_age
AIRFLOW_CTX_EXECUTION_DATE=2022-11-22T14:05:00+00:00
AIRFLOW_CTX_DAG_RUN_ID=scheduled__2022-11-22T14:05:00+00:00
[2023-03-01 12:56:19,038] {python.py:118} INFO - Done. Returned value was: None
[2023-03-01 12:56:19,167] {taskinstance.py:1192} INFO - Marking task as SUCCESS. dag_id=with_python_operator, task_id=get_age, execution_date=20221122T140500, start_date=20230301T125617, end_date=20230301T125619
[2023-03-01 12:56:19,670] {taskinstance.py:1246} INFO - 0 downstream tasks scheduled from follow-on schedule check
[2023-03-01 12:56:19,806] {local_task_job.py:146} INFO - Task exited with return code 0
