[2023-03-01 12:10:45,347] {taskinstance.py:877} INFO - Dependencies all met for <TaskInstance: first_dag.task_2 2021-08-01T00:00:00+00:00 [queued]>
[2023-03-01 12:10:45,494] {taskinstance.py:877} INFO - Dependencies all met for <TaskInstance: first_dag.task_2 2021-08-01T00:00:00+00:00 [queued]>
[2023-03-01 12:10:45,496] {taskinstance.py:1068} INFO - 
--------------------------------------------------------------------------------
[2023-03-01 12:10:45,497] {taskinstance.py:1069} INFO - Starting attempt 3 of 6
[2023-03-01 12:10:45,499] {taskinstance.py:1070} INFO - 
--------------------------------------------------------------------------------
[2023-03-01 12:10:45,618] {taskinstance.py:1089} INFO - Executing <Task(BashOperator): task_2> on 2021-08-01T00:00:00+00:00
[2023-03-01 12:10:45,632] {standard_task_runner.py:52} INFO - Started process 1257 to run task
[2023-03-01 12:10:45,681] {standard_task_runner.py:76} INFO - Running: ['airflow', 'tasks', 'run', 'first_dag', 'task_2', '2021-08-01T00:00:00+00:00', '--job-id', '199', '--pool', 'default_pool', '--raw', '--subdir', 'DAGS_FOLDER/01_hello.py', '--cfg-path', '/tmp/tmpppwf_iv6', '--error-file', '/tmp/tmpfzzj2d3g']
[2023-03-01 12:10:45,685] {standard_task_runner.py:77} INFO - Job 199: Subtask task_2
[2023-03-01 12:10:46,667] {logging_mixin.py:104} INFO - Running <TaskInstance: first_dag.task_2 2021-08-01T00:00:00+00:00 [running]> on host abe4c4997ef7
[2023-03-01 12:10:47,278] {taskinstance.py:1283} INFO - Exporting the following env vars:
AIRFLOW_CTX_DAG_OWNER=dataheroes
AIRFLOW_CTX_DAG_ID=first_dag
AIRFLOW_CTX_TASK_ID=task_2
AIRFLOW_CTX_EXECUTION_DATE=2021-08-01T00:00:00+00:00
AIRFLOW_CTX_DAG_RUN_ID=scheduled__2021-08-01T00:00:00+00:00
[2023-03-01 12:10:47,284] {bash.py:135} INFO - Tmp dir root location: 
 /tmp
[2023-03-01 12:10:47,305] {bash.py:158} INFO - Running command: Hello Task 2
[2023-03-01 12:10:47,393] {bash.py:169} INFO - Output:
[2023-03-01 12:10:47,617] {bash.py:173} INFO - bash: Hello: command not found
[2023-03-01 12:10:47,628] {bash.py:177} INFO - Command exited with return code 127
[2023-03-01 12:10:47,723] {taskinstance.py:1482} ERROR - Task failed with exception
Traceback (most recent call last):
  File "/home/airflow/.local/lib/python3.6/site-packages/airflow/models/taskinstance.py", line 1138, in _run_raw_task
    self._prepare_and_execute_task_with_callbacks(context, task)
  File "/home/airflow/.local/lib/python3.6/site-packages/airflow/models/taskinstance.py", line 1311, in _prepare_and_execute_task_with_callbacks
    result = self._execute_task(context, task_copy)
  File "/home/airflow/.local/lib/python3.6/site-packages/airflow/models/taskinstance.py", line 1341, in _execute_task
    result = task_copy.execute(context=context)
  File "/home/airflow/.local/lib/python3.6/site-packages/airflow/operators/bash.py", line 180, in execute
    raise AirflowException('Bash command failed. The command returned a non-zero exit code.')
airflow.exceptions.AirflowException: Bash command failed. The command returned a non-zero exit code.
[2023-03-01 12:10:47,757] {taskinstance.py:1532} INFO - Marking task as UP_FOR_RETRY. dag_id=first_dag, task_id=task_2, execution_date=20210801T000000, start_date=20230301T121045, end_date=20230301T121047
[2023-03-01 12:10:48,014] {local_task_job.py:146} INFO - Task exited with return code 1
