[2023-03-01 13:09:16,978] {taskinstance.py:877} INFO - Dependencies all met for <TaskInstance: with_python_operator.greet 2022-12-07T18:05:00+00:00 [queued]>
[2023-03-01 13:09:17,247] {taskinstance.py:877} INFO - Dependencies all met for <TaskInstance: with_python_operator.greet 2022-12-07T18:05:00+00:00 [queued]>
[2023-03-01 13:09:17,253] {taskinstance.py:1068} INFO - 
--------------------------------------------------------------------------------
[2023-03-01 13:09:17,254] {taskinstance.py:1069} INFO - Starting attempt 1 of 2
[2023-03-01 13:09:17,255] {taskinstance.py:1070} INFO - 
--------------------------------------------------------------------------------
[2023-03-01 13:09:17,479] {taskinstance.py:1089} INFO - Executing <Task(PythonOperator): greet> on 2022-12-07T18:05:00+00:00
[2023-03-01 13:09:17,531] {standard_task_runner.py:52} INFO - Started process 20271 to run task
[2023-03-01 13:09:17,626] {standard_task_runner.py:76} INFO - Running: ['airflow', 'tasks', 'run', 'with_python_operator', 'greet', '2022-12-07T18:05:00+00:00', '--job-id', '4855', '--pool', 'default_pool', '--raw', '--subdir', 'DAGS_FOLDER/02_python_operator.py', '--cfg-path', '/tmp/tmp069vx0j5', '--error-file', '/tmp/tmppa43koiw']
[2023-03-01 13:09:17,629] {standard_task_runner.py:77} INFO - Job 4855: Subtask greet
[2023-03-01 13:09:18,498] {logging_mixin.py:104} INFO - Running <TaskInstance: with_python_operator.greet 2022-12-07T18:05:00+00:00 [running]> on host abe4c4997ef7
[2023-03-01 13:09:18,883] {taskinstance.py:1283} INFO - Exporting the following env vars:
AIRFLOW_CTX_DAG_OWNER=dataheroes
AIRFLOW_CTX_DAG_ID=with_python_operator
AIRFLOW_CTX_TASK_ID=greet
AIRFLOW_CTX_EXECUTION_DATE=2022-12-07T18:05:00+00:00
AIRFLOW_CTX_DAG_RUN_ID=scheduled__2022-12-07T18:05:00+00:00
[2023-03-01 13:09:18,886] {logging_mixin.py:104} INFO - some dict:  {'a': 1, 'b': 2}
[2023-03-01 13:09:19,107] {logging_mixin.py:104} INFO - Hello World! My name is Reza Primasatya, and I am 17 years old!
[2023-03-01 13:09:19,110] {python.py:118} INFO - Done. Returned value was: None
[2023-03-01 13:09:19,211] {taskinstance.py:1192} INFO - Marking task as SUCCESS. dag_id=with_python_operator, task_id=greet, execution_date=20221207T180500, start_date=20230301T130917, end_date=20230301T130919
[2023-03-01 13:09:19,612] {taskinstance.py:1246} INFO - 0 downstream tasks scheduled from follow-on schedule check
[2023-03-01 13:09:19,821] {local_task_job.py:146} INFO - Task exited with return code 0
