[2023-03-01 12:36:21,952] {taskinstance.py:877} INFO - Dependencies all met for <TaskInstance: with_python_operator.greet 2022-10-30T19:05:00+00:00 [queued]>
[2023-03-01 12:36:22,215] {taskinstance.py:877} INFO - Dependencies all met for <TaskInstance: with_python_operator.greet 2022-10-30T19:05:00+00:00 [queued]>
[2023-03-01 12:36:22,228] {taskinstance.py:1068} INFO - 
--------------------------------------------------------------------------------
[2023-03-01 12:36:22,230] {taskinstance.py:1069} INFO - Starting attempt 1 of 2
[2023-03-01 12:36:22,230] {taskinstance.py:1070} INFO - 
--------------------------------------------------------------------------------
[2023-03-01 12:36:22,465] {taskinstance.py:1089} INFO - Executing <Task(PythonOperator): greet> on 2022-10-30T19:05:00+00:00
[2023-03-01 12:36:22,617] {standard_task_runner.py:52} INFO - Started process 9311 to run task
[2023-03-01 12:36:22,769] {standard_task_runner.py:76} INFO - Running: ['airflow', 'tasks', 'run', 'with_python_operator', 'greet', '2022-10-30T19:05:00+00:00', '--job-id', '2118', '--pool', 'default_pool', '--raw', '--subdir', 'DAGS_FOLDER/02_python_operator.py', '--cfg-path', '/tmp/tmpon3xutx5', '--error-file', '/tmp/tmpnxc5h_0s']
[2023-03-01 12:36:22,798] {standard_task_runner.py:77} INFO - Job 2118: Subtask greet
[2023-03-01 12:36:23,517] {logging_mixin.py:104} INFO - Running <TaskInstance: with_python_operator.greet 2022-10-30T19:05:00+00:00 [running]> on host abe4c4997ef7
[2023-03-01 12:36:24,137] {taskinstance.py:1283} INFO - Exporting the following env vars:
AIRFLOW_CTX_DAG_OWNER=dataheroes
AIRFLOW_CTX_DAG_ID=with_python_operator
AIRFLOW_CTX_TASK_ID=greet
AIRFLOW_CTX_EXECUTION_DATE=2022-10-30T19:05:00+00:00
AIRFLOW_CTX_DAG_RUN_ID=scheduled__2022-10-30T19:05:00+00:00
[2023-03-01 12:36:24,142] {logging_mixin.py:104} INFO - some dict:  {'a': 1, 'b': 2}
[2023-03-01 12:36:24,304] {logging_mixin.py:104} INFO - Hello World! My name is Reza Primasatya, and I am 17 years old!
[2023-03-01 12:36:24,310] {python.py:118} INFO - Done. Returned value was: None
[2023-03-01 12:36:24,359] {taskinstance.py:1192} INFO - Marking task as SUCCESS. dag_id=with_python_operator, task_id=greet, execution_date=20221030T190500, start_date=20230301T123622, end_date=20230301T123624
[2023-03-01 12:36:24,937] {taskinstance.py:1246} INFO - 0 downstream tasks scheduled from follow-on schedule check
[2023-03-01 12:36:25,120] {local_task_job.py:146} INFO - Task exited with return code 0
