[2023-03-01 12:17:17,262] {taskinstance.py:877} INFO - Dependencies all met for <TaskInstance: with_python_operator.get_age 2022-10-10T23:05:00+00:00 [queued]>
[2023-03-01 12:17:17,452] {taskinstance.py:877} INFO - Dependencies all met for <TaskInstance: with_python_operator.get_age 2022-10-10T23:05:00+00:00 [queued]>
[2023-03-01 12:17:17,470] {taskinstance.py:1068} INFO - 
--------------------------------------------------------------------------------
[2023-03-01 12:17:17,476] {taskinstance.py:1069} INFO - Starting attempt 1 of 2
[2023-03-01 12:17:17,479] {taskinstance.py:1070} INFO - 
--------------------------------------------------------------------------------
[2023-03-01 12:17:17,640] {taskinstance.py:1089} INFO - Executing <Task(PythonOperator): get_age> on 2022-10-10T23:05:00+00:00
[2023-03-01 12:17:17,692] {standard_task_runner.py:76} INFO - Running: ['airflow', 'tasks', 'run', 'with_python_operator', 'get_age', '2022-10-10T23:05:00+00:00', '--job-id', '654', '--pool', 'default_pool', '--raw', '--subdir', 'DAGS_FOLDER/02_python_operator.py', '--cfg-path', '/tmp/tmpbvc5oky9', '--error-file', '/tmp/tmpbdqr65o4']
[2023-03-01 12:17:17,668] {standard_task_runner.py:52} INFO - Started process 3388 to run task
[2023-03-01 12:17:17,704] {standard_task_runner.py:77} INFO - Job 654: Subtask get_age
[2023-03-01 12:17:18,213] {logging_mixin.py:104} INFO - Running <TaskInstance: with_python_operator.get_age 2022-10-10T23:05:00+00:00 [running]> on host abe4c4997ef7
[2023-03-01 12:17:19,047] {taskinstance.py:1283} INFO - Exporting the following env vars:
AIRFLOW_CTX_DAG_OWNER=dataheroes
AIRFLOW_CTX_DAG_ID=with_python_operator
AIRFLOW_CTX_TASK_ID=get_age
AIRFLOW_CTX_EXECUTION_DATE=2022-10-10T23:05:00+00:00
AIRFLOW_CTX_DAG_RUN_ID=scheduled__2022-10-10T23:05:00+00:00
[2023-03-01 12:17:19,186] {python.py:118} INFO - Done. Returned value was: None
[2023-03-01 12:17:19,312] {taskinstance.py:1192} INFO - Marking task as SUCCESS. dag_id=with_python_operator, task_id=get_age, execution_date=20221010T230500, start_date=20230301T121717, end_date=20230301T121719
[2023-03-01 12:17:20,156] {taskinstance.py:1246} INFO - 0 downstream tasks scheduled from follow-on schedule check
[2023-03-01 12:17:20,399] {local_task_job.py:146} INFO - Task exited with return code 0
