[2023-03-01 12:36:06,971] {taskinstance.py:877} INFO - Dependencies all met for <TaskInstance: with_python_operator.get_name 2022-10-30T16:05:00+00:00 [queued]>
[2023-03-01 12:36:07,090] {taskinstance.py:877} INFO - Dependencies all met for <TaskInstance: with_python_operator.get_name 2022-10-30T16:05:00+00:00 [queued]>
[2023-03-01 12:36:07,091] {taskinstance.py:1068} INFO - 
--------------------------------------------------------------------------------
[2023-03-01 12:36:07,092] {taskinstance.py:1069} INFO - Starting attempt 1 of 2
[2023-03-01 12:36:07,093] {taskinstance.py:1070} INFO - 
--------------------------------------------------------------------------------
[2023-03-01 12:36:07,218] {taskinstance.py:1089} INFO - Executing <Task(PythonOperator): get_name> on 2022-10-30T16:05:00+00:00
[2023-03-01 12:36:07,237] {standard_task_runner.py:52} INFO - Started process 9203 to run task
[2023-03-01 12:36:07,312] {standard_task_runner.py:76} INFO - Running: ['airflow', 'tasks', 'run', 'with_python_operator', 'get_name', '2022-10-30T16:05:00+00:00', '--job-id', '2093', '--pool', 'default_pool', '--raw', '--subdir', 'DAGS_FOLDER/02_python_operator.py', '--cfg-path', '/tmp/tmpik8ktajk', '--error-file', '/tmp/tmp9bo6pmh0']
[2023-03-01 12:36:07,314] {standard_task_runner.py:77} INFO - Job 2093: Subtask get_name
[2023-03-01 12:36:07,785] {logging_mixin.py:104} INFO - Running <TaskInstance: with_python_operator.get_name 2022-10-30T16:05:00+00:00 [running]> on host abe4c4997ef7
[2023-03-01 12:36:08,205] {taskinstance.py:1283} INFO - Exporting the following env vars:
AIRFLOW_CTX_DAG_OWNER=dataheroes
AIRFLOW_CTX_DAG_ID=with_python_operator
AIRFLOW_CTX_TASK_ID=get_name
AIRFLOW_CTX_EXECUTION_DATE=2022-10-30T16:05:00+00:00
AIRFLOW_CTX_DAG_RUN_ID=scheduled__2022-10-30T16:05:00+00:00
[2023-03-01 12:36:08,384] {python.py:118} INFO - Done. Returned value was: None
[2023-03-01 12:36:08,517] {taskinstance.py:1192} INFO - Marking task as SUCCESS. dag_id=with_python_operator, task_id=get_name, execution_date=20221030T160500, start_date=20230301T123606, end_date=20230301T123608
[2023-03-01 12:36:09,006] {taskinstance.py:1246} INFO - 1 downstream tasks scheduled from follow-on schedule check
[2023-03-01 12:36:09,153] {local_task_job.py:146} INFO - Task exited with return code 0
