[2023-03-01 12:51:00,000] {taskinstance.py:877} INFO - Dependencies all met for <TaskInstance: with_python_operator.get_name 2022-11-16T15:05:00+00:00 [queued]>
[2023-03-01 12:51:00,332] {taskinstance.py:877} INFO - Dependencies all met for <TaskInstance: with_python_operator.get_name 2022-11-16T15:05:00+00:00 [queued]>
[2023-03-01 12:51:00,336] {taskinstance.py:1068} INFO - 
--------------------------------------------------------------------------------
[2023-03-01 12:51:00,345] {taskinstance.py:1069} INFO - Starting attempt 1 of 2
[2023-03-01 12:51:00,346] {taskinstance.py:1070} INFO - 
--------------------------------------------------------------------------------
[2023-03-01 12:51:00,509] {taskinstance.py:1089} INFO - Executing <Task(PythonOperator): get_name> on 2022-11-16T15:05:00+00:00
[2023-03-01 12:51:00,521] {standard_task_runner.py:52} INFO - Started process 14063 to run task
[2023-03-01 12:51:00,568] {standard_task_runner.py:76} INFO - Running: ['airflow', 'tasks', 'run', 'with_python_operator', 'get_name', '2022-11-16T15:05:00+00:00', '--job-id', '3307', '--pool', 'default_pool', '--raw', '--subdir', 'DAGS_FOLDER/02_python_operator.py', '--cfg-path', '/tmp/tmpcbt032yg', '--error-file', '/tmp/tmp8znk19ty']
[2023-03-01 12:51:00,576] {standard_task_runner.py:77} INFO - Job 3307: Subtask get_name
[2023-03-01 12:51:01,374] {logging_mixin.py:104} INFO - Running <TaskInstance: with_python_operator.get_name 2022-11-16T15:05:00+00:00 [running]> on host abe4c4997ef7
[2023-03-01 12:51:01,976] {taskinstance.py:1283} INFO - Exporting the following env vars:
AIRFLOW_CTX_DAG_OWNER=dataheroes
AIRFLOW_CTX_DAG_ID=with_python_operator
AIRFLOW_CTX_TASK_ID=get_name
AIRFLOW_CTX_EXECUTION_DATE=2022-11-16T15:05:00+00:00
AIRFLOW_CTX_DAG_RUN_ID=scheduled__2022-11-16T15:05:00+00:00
[2023-03-01 12:51:02,345] {python.py:118} INFO - Done. Returned value was: None
[2023-03-01 12:51:02,501] {taskinstance.py:1192} INFO - Marking task as SUCCESS. dag_id=with_python_operator, task_id=get_name, execution_date=20221116T150500, start_date=20230301T125100, end_date=20230301T125102
[2023-03-01 12:51:02,927] {taskinstance.py:1246} INFO - 0 downstream tasks scheduled from follow-on schedule check
[2023-03-01 12:51:03,088] {local_task_job.py:146} INFO - Task exited with return code 0
