[2023-03-01 12:21:27,626] {taskinstance.py:877} INFO - Dependencies all met for <TaskInstance: with_python_operator.get_name 2022-10-15T03:05:00+00:00 [queued]>
[2023-03-01 12:21:27,709] {taskinstance.py:877} INFO - Dependencies all met for <TaskInstance: with_python_operator.get_name 2022-10-15T03:05:00+00:00 [queued]>
[2023-03-01 12:21:27,717] {taskinstance.py:1068} INFO - 
--------------------------------------------------------------------------------
[2023-03-01 12:21:27,720] {taskinstance.py:1069} INFO - Starting attempt 1 of 2
[2023-03-01 12:21:27,723] {taskinstance.py:1070} INFO - 
--------------------------------------------------------------------------------
[2023-03-01 12:21:27,838] {taskinstance.py:1089} INFO - Executing <Task(PythonOperator): get_name> on 2022-10-15T03:05:00+00:00
[2023-03-01 12:21:27,883] {standard_task_runner.py:76} INFO - Running: ['airflow', 'tasks', 'run', 'with_python_operator', 'get_name', '2022-10-15T03:05:00+00:00', '--job-id', '977', '--pool', 'default_pool', '--raw', '--subdir', 'DAGS_FOLDER/02_python_operator.py', '--cfg-path', '/tmp/tmp5g_nxjhx', '--error-file', '/tmp/tmpjpe852ag']
[2023-03-01 12:21:27,888] {standard_task_runner.py:77} INFO - Job 977: Subtask get_name
[2023-03-01 12:21:27,856] {standard_task_runner.py:52} INFO - Started process 4733 to run task
[2023-03-01 12:21:28,162] {logging_mixin.py:104} INFO - Running <TaskInstance: with_python_operator.get_name 2022-10-15T03:05:00+00:00 [running]> on host abe4c4997ef7
[2023-03-01 12:21:28,430] {taskinstance.py:1283} INFO - Exporting the following env vars:
AIRFLOW_CTX_DAG_OWNER=dataheroes
AIRFLOW_CTX_DAG_ID=with_python_operator
AIRFLOW_CTX_TASK_ID=get_name
AIRFLOW_CTX_EXECUTION_DATE=2022-10-15T03:05:00+00:00
AIRFLOW_CTX_DAG_RUN_ID=scheduled__2022-10-15T03:05:00+00:00
[2023-03-01 12:21:28,564] {python.py:118} INFO - Done. Returned value was: None
[2023-03-01 12:21:28,638] {taskinstance.py:1192} INFO - Marking task as SUCCESS. dag_id=with_python_operator, task_id=get_name, execution_date=20221015T030500, start_date=20230301T122127, end_date=20230301T122128
[2023-03-01 12:21:28,930] {taskinstance.py:1246} INFO - 1 downstream tasks scheduled from follow-on schedule check
[2023-03-01 12:21:28,961] {local_task_job.py:146} INFO - Task exited with return code 0
