[2023-03-01 12:22:55,579] {taskinstance.py:877} INFO - Dependencies all met for <TaskInstance: with_python_operator.get_name 2022-10-16T19:05:00+00:00 [queued]>
[2023-03-01 12:22:56,041] {taskinstance.py:877} INFO - Dependencies all met for <TaskInstance: with_python_operator.get_name 2022-10-16T19:05:00+00:00 [queued]>
[2023-03-01 12:22:56,062] {taskinstance.py:1068} INFO - 
--------------------------------------------------------------------------------
[2023-03-01 12:22:56,065] {taskinstance.py:1069} INFO - Starting attempt 1 of 2
[2023-03-01 12:22:56,066] {taskinstance.py:1070} INFO - 
--------------------------------------------------------------------------------
[2023-03-01 12:22:56,293] {taskinstance.py:1089} INFO - Executing <Task(PythonOperator): get_name> on 2022-10-16T19:05:00+00:00
[2023-03-01 12:22:56,324] {standard_task_runner.py:52} INFO - Started process 5197 to run task
[2023-03-01 12:22:56,432] {standard_task_runner.py:76} INFO - Running: ['airflow', 'tasks', 'run', 'with_python_operator', 'get_name', '2022-10-16T19:05:00+00:00', '--job-id', '1090', '--pool', 'default_pool', '--raw', '--subdir', 'DAGS_FOLDER/02_python_operator.py', '--cfg-path', '/tmp/tmp0p52dn9b', '--error-file', '/tmp/tmp_4sjist7']
[2023-03-01 12:22:56,435] {standard_task_runner.py:77} INFO - Job 1090: Subtask get_name
[2023-03-01 12:22:57,131] {logging_mixin.py:104} INFO - Running <TaskInstance: with_python_operator.get_name 2022-10-16T19:05:00+00:00 [running]> on host abe4c4997ef7
[2023-03-01 12:22:57,806] {taskinstance.py:1283} INFO - Exporting the following env vars:
AIRFLOW_CTX_DAG_OWNER=dataheroes
AIRFLOW_CTX_DAG_ID=with_python_operator
AIRFLOW_CTX_TASK_ID=get_name
AIRFLOW_CTX_EXECUTION_DATE=2022-10-16T19:05:00+00:00
AIRFLOW_CTX_DAG_RUN_ID=scheduled__2022-10-16T19:05:00+00:00
[2023-03-01 12:22:58,189] {python.py:118} INFO - Done. Returned value was: None
[2023-03-01 12:22:58,425] {taskinstance.py:1192} INFO - Marking task as SUCCESS. dag_id=with_python_operator, task_id=get_name, execution_date=20221016T190500, start_date=20230301T122255, end_date=20230301T122258
[2023-03-01 12:22:59,525] {taskinstance.py:1246} INFO - 0 downstream tasks scheduled from follow-on schedule check
[2023-03-01 12:22:59,710] {local_task_job.py:146} INFO - Task exited with return code 0
