[2023-03-01 12:33:16,797] {taskinstance.py:877} INFO - Dependencies all met for <TaskInstance: with_python_operator.get_name 2022-10-27T15:05:00+00:00 [queued]>
[2023-03-01 12:33:17,132] {taskinstance.py:877} INFO - Dependencies all met for <TaskInstance: with_python_operator.get_name 2022-10-27T15:05:00+00:00 [queued]>
[2023-03-01 12:33:17,139] {taskinstance.py:1068} INFO - 
--------------------------------------------------------------------------------
[2023-03-01 12:33:17,148] {taskinstance.py:1069} INFO - Starting attempt 1 of 2
[2023-03-01 12:33:17,153] {taskinstance.py:1070} INFO - 
--------------------------------------------------------------------------------
[2023-03-01 12:33:17,441] {taskinstance.py:1089} INFO - Executing <Task(PythonOperator): get_name> on 2022-10-27T15:05:00+00:00
[2023-03-01 12:33:17,496] {standard_task_runner.py:76} INFO - Running: ['airflow', 'tasks', 'run', 'with_python_operator', 'get_name', '2022-10-27T15:05:00+00:00', '--job-id', '1870', '--pool', 'default_pool', '--raw', '--subdir', 'DAGS_FOLDER/02_python_operator.py', '--cfg-path', '/tmp/tmprga2dswb', '--error-file', '/tmp/tmphh7uftw_']
[2023-03-01 12:33:17,498] {standard_task_runner.py:77} INFO - Job 1870: Subtask get_name
[2023-03-01 12:33:17,481] {standard_task_runner.py:52} INFO - Started process 8312 to run task
[2023-03-01 12:33:18,059] {logging_mixin.py:104} INFO - Running <TaskInstance: with_python_operator.get_name 2022-10-27T15:05:00+00:00 [running]> on host abe4c4997ef7
[2023-03-01 12:33:18,324] {taskinstance.py:1283} INFO - Exporting the following env vars:
AIRFLOW_CTX_DAG_OWNER=dataheroes
AIRFLOW_CTX_DAG_ID=with_python_operator
AIRFLOW_CTX_TASK_ID=get_name
AIRFLOW_CTX_EXECUTION_DATE=2022-10-27T15:05:00+00:00
AIRFLOW_CTX_DAG_RUN_ID=scheduled__2022-10-27T15:05:00+00:00
[2023-03-01 12:33:18,445] {python.py:118} INFO - Done. Returned value was: None
[2023-03-01 12:33:18,519] {taskinstance.py:1192} INFO - Marking task as SUCCESS. dag_id=with_python_operator, task_id=get_name, execution_date=20221027T150500, start_date=20230301T123316, end_date=20230301T123318
[2023-03-01 12:33:19,123] {taskinstance.py:1246} INFO - 0 downstream tasks scheduled from follow-on schedule check
[2023-03-01 12:33:19,424] {local_task_job.py:146} INFO - Task exited with return code 0
