[2023-03-01 12:59:06,916] {taskinstance.py:877} INFO - Dependencies all met for <TaskInstance: with_python_operator.get_age 2022-11-25T23:05:00+00:00 [queued]>
[2023-03-01 12:59:07,022] {taskinstance.py:877} INFO - Dependencies all met for <TaskInstance: with_python_operator.get_age 2022-11-25T23:05:00+00:00 [queued]>
[2023-03-01 12:59:07,028] {taskinstance.py:1068} INFO - 
--------------------------------------------------------------------------------
[2023-03-01 12:59:07,029] {taskinstance.py:1069} INFO - Starting attempt 1 of 2
[2023-03-01 12:59:07,030] {taskinstance.py:1070} INFO - 
--------------------------------------------------------------------------------
[2023-03-01 12:59:07,118] {taskinstance.py:1089} INFO - Executing <Task(PythonOperator): get_age> on 2022-11-25T23:05:00+00:00
[2023-03-01 12:59:07,140] {standard_task_runner.py:52} INFO - Started process 16777 to run task
[2023-03-01 12:59:07,192] {standard_task_runner.py:76} INFO - Running: ['airflow', 'tasks', 'run', 'with_python_operator', 'get_age', '2022-11-25T23:05:00+00:00', '--job-id', '3987', '--pool', 'default_pool', '--raw', '--subdir', 'DAGS_FOLDER/02_python_operator.py', '--cfg-path', '/tmp/tmp785sy4cb', '--error-file', '/tmp/tmpahe4o243']
[2023-03-01 12:59:07,196] {standard_task_runner.py:77} INFO - Job 3987: Subtask get_age
[2023-03-01 12:59:07,776] {logging_mixin.py:104} INFO - Running <TaskInstance: with_python_operator.get_age 2022-11-25T23:05:00+00:00 [running]> on host abe4c4997ef7
[2023-03-01 12:59:08,508] {taskinstance.py:1283} INFO - Exporting the following env vars:
AIRFLOW_CTX_DAG_OWNER=dataheroes
AIRFLOW_CTX_DAG_ID=with_python_operator
AIRFLOW_CTX_TASK_ID=get_age
AIRFLOW_CTX_EXECUTION_DATE=2022-11-25T23:05:00+00:00
AIRFLOW_CTX_DAG_RUN_ID=scheduled__2022-11-25T23:05:00+00:00
[2023-03-01 12:59:08,579] {python.py:118} INFO - Done. Returned value was: None
[2023-03-01 12:59:08,690] {taskinstance.py:1192} INFO - Marking task as SUCCESS. dag_id=with_python_operator, task_id=get_age, execution_date=20221125T230500, start_date=20230301T125906, end_date=20230301T125908
[2023-03-01 12:59:09,088] {taskinstance.py:1246} INFO - 1 downstream tasks scheduled from follow-on schedule check
[2023-03-01 12:59:09,154] {local_task_job.py:146} INFO - Task exited with return code 0
