[2023-03-01 13:16:51,185] {taskinstance.py:877} INFO - Dependencies all met for <TaskInstance: postgres_operator.create_postgres_table 2021-12-27T00:00:00+00:00 [queued]>
[2023-03-01 13:16:51,235] {taskinstance.py:877} INFO - Dependencies all met for <TaskInstance: postgres_operator.create_postgres_table 2021-12-27T00:00:00+00:00 [queued]>
[2023-03-01 13:16:51,236] {taskinstance.py:1068} INFO - 
--------------------------------------------------------------------------------
[2023-03-01 13:16:51,237] {taskinstance.py:1069} INFO - Starting attempt 1 of 6
[2023-03-01 13:16:51,238] {taskinstance.py:1070} INFO - 
--------------------------------------------------------------------------------
[2023-03-01 13:16:51,287] {taskinstance.py:1089} INFO - Executing <Task(PostgresOperator): create_postgres_table> on 2021-12-27T00:00:00+00:00
[2023-03-01 13:16:51,293] {standard_task_runner.py:52} INFO - Started process 22771 to run task
[2023-03-01 13:16:51,315] {standard_task_runner.py:76} INFO - Running: ['airflow', 'tasks', 'run', 'postgres_operator', 'create_postgres_table', '2021-12-27T00:00:00+00:00', '--job-id', '5484', '--pool', 'default_pool', '--raw', '--subdir', 'DAGS_FOLDER/06_postgres_operator.py', '--cfg-path', '/tmp/tmppgju733w', '--error-file', '/tmp/tmp3sn_0iod']
[2023-03-01 13:16:51,317] {standard_task_runner.py:77} INFO - Job 5484: Subtask create_postgres_table
[2023-03-01 13:16:51,516] {logging_mixin.py:104} INFO - Running <TaskInstance: postgres_operator.create_postgres_table 2021-12-27T00:00:00+00:00 [running]> on host abe4c4997ef7
[2023-03-01 13:16:51,639] {taskinstance.py:1283} INFO - Exporting the following env vars:
AIRFLOW_CTX_DAG_OWNER=dataheroes
AIRFLOW_CTX_DAG_ID=postgres_operator
AIRFLOW_CTX_TASK_ID=create_postgres_table
AIRFLOW_CTX_EXECUTION_DATE=2021-12-27T00:00:00+00:00
AIRFLOW_CTX_DAG_RUN_ID=scheduled__2021-12-27T00:00:00+00:00
[2023-03-01 13:16:51,641] {postgres.py:69} INFO - Executing: 
            create table if not exists fellowship_member (
                id serial,
                name text not null,
                age  int  not null,
                address char(50),
                primary key (id)
            )
        
[2023-03-01 13:16:51,668] {base.py:78} INFO - Using connection to: id: fellowship_postgres. Host: localhost, Port: 5432, Schema: fellowship9, Login: airflow, Password: XXXXXXXX, extra: None
[2023-03-01 13:16:51,677] {taskinstance.py:1482} ERROR - Task failed with exception
Traceback (most recent call last):
  File "/home/airflow/.local/lib/python3.6/site-packages/airflow/models/taskinstance.py", line 1138, in _run_raw_task
    self._prepare_and_execute_task_with_callbacks(context, task)
  File "/home/airflow/.local/lib/python3.6/site-packages/airflow/models/taskinstance.py", line 1311, in _prepare_and_execute_task_with_callbacks
    result = self._execute_task(context, task_copy)
  File "/home/airflow/.local/lib/python3.6/site-packages/airflow/models/taskinstance.py", line 1341, in _execute_task
    result = task_copy.execute(context=context)
  File "/home/airflow/.local/lib/python3.6/site-packages/airflow/providers/postgres/operators/postgres.py", line 71, in execute
    self.hook.run(self.sql, self.autocommit, parameters=self.parameters)
  File "/home/airflow/.local/lib/python3.6/site-packages/airflow/hooks/dbapi.py", line 173, in run
    with closing(self.get_conn()) as conn:
  File "/home/airflow/.local/lib/python3.6/site-packages/airflow/providers/postgres/hooks/postgres.py", line 108, in get_conn
    self.conn = psycopg2.connect(**conn_args)
  File "/home/airflow/.local/lib/python3.6/site-packages/psycopg2/__init__.py", line 127, in connect
    conn = _connect(dsn, connection_factory=connection_factory, **kwasync)
psycopg2.OperationalError: could not connect to server: Connection refused
	Is the server running on host "localhost" (127.0.0.1) and accepting
	TCP/IP connections on port 5432?
could not connect to server: Cannot assign requested address
	Is the server running on host "localhost" (::1) and accepting
	TCP/IP connections on port 5432?

[2023-03-01 13:16:51,701] {taskinstance.py:1532} INFO - Marking task as UP_FOR_RETRY. dag_id=postgres_operator, task_id=create_postgres_table, execution_date=20211227T000000, start_date=20230301T131651, end_date=20230301T131651
[2023-03-01 13:16:51,819] {local_task_job.py:146} INFO - Task exited with return code 1
