[2023-03-01 12:32:59,431] {taskinstance.py:877} INFO - Dependencies all met for <TaskInstance: with_python_operator.get_name 2022-10-27T03:05:00+00:00 [queued]>
[2023-03-01 12:32:59,571] {taskinstance.py:877} INFO - Dependencies all met for <TaskInstance: with_python_operator.get_name 2022-10-27T03:05:00+00:00 [queued]>
[2023-03-01 12:32:59,579] {taskinstance.py:1068} INFO - 
--------------------------------------------------------------------------------
[2023-03-01 12:32:59,590] {taskinstance.py:1069} INFO - Starting attempt 1 of 2
[2023-03-01 12:32:59,594] {taskinstance.py:1070} INFO - 
--------------------------------------------------------------------------------
[2023-03-01 12:32:59,791] {taskinstance.py:1089} INFO - Executing <Task(PythonOperator): get_name> on 2022-10-27T03:05:00+00:00
[2023-03-01 12:32:59,824] {standard_task_runner.py:52} INFO - Started process 8187 to run task
[2023-03-01 12:32:59,883] {standard_task_runner.py:76} INFO - Running: ['airflow', 'tasks', 'run', 'with_python_operator', 'get_name', '2022-10-27T03:05:00+00:00', '--job-id', '1840', '--pool', 'default_pool', '--raw', '--subdir', 'DAGS_FOLDER/02_python_operator.py', '--cfg-path', '/tmp/tmph71e7g3q', '--error-file', '/tmp/tmpzadddlp6']
[2023-03-01 12:32:59,892] {standard_task_runner.py:77} INFO - Job 1840: Subtask get_name
[2023-03-01 12:33:00,566] {logging_mixin.py:104} INFO - Running <TaskInstance: with_python_operator.get_name 2022-10-27T03:05:00+00:00 [running]> on host abe4c4997ef7
[2023-03-01 12:33:00,927] {taskinstance.py:1283} INFO - Exporting the following env vars:
AIRFLOW_CTX_DAG_OWNER=dataheroes
AIRFLOW_CTX_DAG_ID=with_python_operator
AIRFLOW_CTX_TASK_ID=get_name
AIRFLOW_CTX_EXECUTION_DATE=2022-10-27T03:05:00+00:00
AIRFLOW_CTX_DAG_RUN_ID=scheduled__2022-10-27T03:05:00+00:00
[2023-03-01 12:33:01,037] {python.py:118} INFO - Done. Returned value was: None
[2023-03-01 12:33:01,116] {taskinstance.py:1192} INFO - Marking task as SUCCESS. dag_id=with_python_operator, task_id=get_name, execution_date=20221027T030500, start_date=20230301T123259, end_date=20230301T123301
[2023-03-01 12:33:01,466] {taskinstance.py:1246} INFO - 1 downstream tasks scheduled from follow-on schedule check
[2023-03-01 12:33:01,587] {local_task_job.py:146} INFO - Task exited with return code 0
