[2023-03-01 13:13:38,870] {taskinstance.py:877} INFO - Dependencies all met for <TaskInstance: with_python_operator.get_name 2022-12-12T22:05:00+00:00 [queued]>
[2023-03-01 13:13:38,944] {taskinstance.py:877} INFO - Dependencies all met for <TaskInstance: with_python_operator.get_name 2022-12-12T22:05:00+00:00 [queued]>
[2023-03-01 13:13:38,949] {taskinstance.py:1068} INFO - 
--------------------------------------------------------------------------------
[2023-03-01 13:13:38,950] {taskinstance.py:1069} INFO - Starting attempt 1 of 2
[2023-03-01 13:13:38,950] {taskinstance.py:1070} INFO - 
--------------------------------------------------------------------------------
[2023-03-01 13:13:39,022] {taskinstance.py:1089} INFO - Executing <Task(PythonOperator): get_name> on 2022-12-12T22:05:00+00:00
[2023-03-01 13:13:39,048] {standard_task_runner.py:52} INFO - Started process 21695 to run task
[2023-03-01 13:13:39,131] {standard_task_runner.py:76} INFO - Running: ['airflow', 'tasks', 'run', 'with_python_operator', 'get_name', '2022-12-12T22:05:00+00:00', '--job-id', '5211', '--pool', 'default_pool', '--raw', '--subdir', 'DAGS_FOLDER/02_python_operator.py', '--cfg-path', '/tmp/tmpq3iu04n3', '--error-file', '/tmp/tmpp95vqdbo']
[2023-03-01 13:13:39,143] {standard_task_runner.py:77} INFO - Job 5211: Subtask get_name
[2023-03-01 13:13:39,505] {logging_mixin.py:104} INFO - Running <TaskInstance: with_python_operator.get_name 2022-12-12T22:05:00+00:00 [running]> on host abe4c4997ef7
[2023-03-01 13:13:40,182] {taskinstance.py:1283} INFO - Exporting the following env vars:
AIRFLOW_CTX_DAG_OWNER=dataheroes
AIRFLOW_CTX_DAG_ID=with_python_operator
AIRFLOW_CTX_TASK_ID=get_name
AIRFLOW_CTX_EXECUTION_DATE=2022-12-12T22:05:00+00:00
AIRFLOW_CTX_DAG_RUN_ID=scheduled__2022-12-12T22:05:00+00:00
[2023-03-01 13:13:40,388] {python.py:118} INFO - Done. Returned value was: None
[2023-03-01 13:13:40,504] {taskinstance.py:1192} INFO - Marking task as SUCCESS. dag_id=with_python_operator, task_id=get_name, execution_date=20221212T220500, start_date=20230301T131338, end_date=20230301T131340
[2023-03-01 13:13:41,146] {taskinstance.py:1246} INFO - 0 downstream tasks scheduled from follow-on schedule check
[2023-03-01 13:13:41,406] {local_task_job.py:146} INFO - Task exited with return code 0
