[2023-03-01 12:54:57,766] {taskinstance.py:877} INFO - Dependencies all met for <TaskInstance: with_python_operator.greet 2022-11-20T16:05:00+00:00 [queued]>
[2023-03-01 12:54:58,098] {taskinstance.py:877} INFO - Dependencies all met for <TaskInstance: with_python_operator.greet 2022-11-20T16:05:00+00:00 [queued]>
[2023-03-01 12:54:58,105] {taskinstance.py:1068} INFO - 
--------------------------------------------------------------------------------
[2023-03-01 12:54:58,107] {taskinstance.py:1069} INFO - Starting attempt 1 of 2
[2023-03-01 12:54:58,108] {taskinstance.py:1070} INFO - 
--------------------------------------------------------------------------------
[2023-03-01 12:54:58,315] {taskinstance.py:1089} INFO - Executing <Task(PythonOperator): greet> on 2022-11-20T16:05:00+00:00
[2023-03-01 12:54:58,415] {standard_task_runner.py:76} INFO - Running: ['airflow', 'tasks', 'run', 'with_python_operator', 'greet', '2022-11-20T16:05:00+00:00', '--job-id', '3619', '--pool', 'default_pool', '--raw', '--subdir', 'DAGS_FOLDER/02_python_operator.py', '--cfg-path', '/tmp/tmprhr68d2u', '--error-file', '/tmp/tmp8_dn_pq7']
[2023-03-01 12:54:58,427] {standard_task_runner.py:77} INFO - Job 3619: Subtask greet
[2023-03-01 12:54:58,362] {standard_task_runner.py:52} INFO - Started process 15317 to run task
[2023-03-01 12:54:59,283] {logging_mixin.py:104} INFO - Running <TaskInstance: with_python_operator.greet 2022-11-20T16:05:00+00:00 [running]> on host abe4c4997ef7
[2023-03-01 12:55:00,081] {taskinstance.py:1283} INFO - Exporting the following env vars:
AIRFLOW_CTX_DAG_OWNER=dataheroes
AIRFLOW_CTX_DAG_ID=with_python_operator
AIRFLOW_CTX_TASK_ID=greet
AIRFLOW_CTX_EXECUTION_DATE=2022-11-20T16:05:00+00:00
AIRFLOW_CTX_DAG_RUN_ID=scheduled__2022-11-20T16:05:00+00:00
[2023-03-01 12:55:00,090] {logging_mixin.py:104} INFO - some dict:  {'a': 1, 'b': 2}
[2023-03-01 12:55:00,278] {logging_mixin.py:104} INFO - Hello World! My name is Reza Primasatya, and I am 17 years old!
[2023-03-01 12:55:00,280] {python.py:118} INFO - Done. Returned value was: None
[2023-03-01 12:55:00,506] {taskinstance.py:1192} INFO - Marking task as SUCCESS. dag_id=with_python_operator, task_id=greet, execution_date=20221120T160500, start_date=20230301T125457, end_date=20230301T125500
[2023-03-01 12:55:01,538] {taskinstance.py:1246} INFO - 0 downstream tasks scheduled from follow-on schedule check
[2023-03-01 12:55:01,863] {local_task_job.py:146} INFO - Task exited with return code 0
