[2023-03-01 12:35:14,276] {taskinstance.py:877} INFO - Dependencies all met for <TaskInstance: with_python_operator.greet 2022-10-29T10:05:00+00:00 [queued]>
[2023-03-01 12:35:14,524] {taskinstance.py:877} INFO - Dependencies all met for <TaskInstance: with_python_operator.greet 2022-10-29T10:05:00+00:00 [queued]>
[2023-03-01 12:35:14,536] {taskinstance.py:1068} INFO - 
--------------------------------------------------------------------------------
[2023-03-01 12:35:14,538] {taskinstance.py:1069} INFO - Starting attempt 1 of 2
[2023-03-01 12:35:14,539] {taskinstance.py:1070} INFO - 
--------------------------------------------------------------------------------
[2023-03-01 12:35:14,707] {taskinstance.py:1089} INFO - Executing <Task(PythonOperator): greet> on 2022-10-29T10:05:00+00:00
[2023-03-01 12:35:14,745] {standard_task_runner.py:52} INFO - Started process 8907 to run task
[2023-03-01 12:35:14,823] {standard_task_runner.py:76} INFO - Running: ['airflow', 'tasks', 'run', 'with_python_operator', 'greet', '2022-10-29T10:05:00+00:00', '--job-id', '2019', '--pool', 'default_pool', '--raw', '--subdir', 'DAGS_FOLDER/02_python_operator.py', '--cfg-path', '/tmp/tmp8p8seol3', '--error-file', '/tmp/tmpcwsv2g_h']
[2023-03-01 12:35:14,827] {standard_task_runner.py:77} INFO - Job 2019: Subtask greet
[2023-03-01 12:35:15,660] {logging_mixin.py:104} INFO - Running <TaskInstance: with_python_operator.greet 2022-10-29T10:05:00+00:00 [running]> on host abe4c4997ef7
[2023-03-01 12:35:16,299] {taskinstance.py:1283} INFO - Exporting the following env vars:
AIRFLOW_CTX_DAG_OWNER=dataheroes
AIRFLOW_CTX_DAG_ID=with_python_operator
AIRFLOW_CTX_TASK_ID=greet
AIRFLOW_CTX_EXECUTION_DATE=2022-10-29T10:05:00+00:00
AIRFLOW_CTX_DAG_RUN_ID=scheduled__2022-10-29T10:05:00+00:00
[2023-03-01 12:35:16,308] {logging_mixin.py:104} INFO - some dict:  {'a': 1, 'b': 2}
[2023-03-01 12:35:16,508] {logging_mixin.py:104} INFO - Hello World! My name is Reza Primasatya, and I am 17 years old!
[2023-03-01 12:35:16,516] {python.py:118} INFO - Done. Returned value was: None
[2023-03-01 12:35:16,740] {taskinstance.py:1192} INFO - Marking task as SUCCESS. dag_id=with_python_operator, task_id=greet, execution_date=20221029T100500, start_date=20230301T123514, end_date=20230301T123516
[2023-03-01 12:35:17,293] {taskinstance.py:1246} INFO - 0 downstream tasks scheduled from follow-on schedule check
[2023-03-01 12:35:17,438] {local_task_job.py:146} INFO - Task exited with return code 0
