[2023-03-01 12:55:47,235] {taskinstance.py:877} INFO - Dependencies all met for <TaskInstance: with_python_operator.get_age 2022-11-21T19:05:00+00:00 [queued]>
[2023-03-01 12:55:47,444] {taskinstance.py:877} INFO - Dependencies all met for <TaskInstance: with_python_operator.get_age 2022-11-21T19:05:00+00:00 [queued]>
[2023-03-01 12:55:47,448] {taskinstance.py:1068} INFO - 
--------------------------------------------------------------------------------
[2023-03-01 12:55:47,450] {taskinstance.py:1069} INFO - Starting attempt 1 of 2
[2023-03-01 12:55:47,452] {taskinstance.py:1070} INFO - 
--------------------------------------------------------------------------------
[2023-03-01 12:55:47,596] {taskinstance.py:1089} INFO - Executing <Task(PythonOperator): get_age> on 2022-11-21T19:05:00+00:00
[2023-03-01 12:55:47,615] {standard_task_runner.py:52} INFO - Started process 15583 to run task
[2023-03-01 12:55:47,646] {standard_task_runner.py:76} INFO - Running: ['airflow', 'tasks', 'run', 'with_python_operator', 'get_age', '2022-11-21T19:05:00+00:00', '--job-id', '3688', '--pool', 'default_pool', '--raw', '--subdir', 'DAGS_FOLDER/02_python_operator.py', '--cfg-path', '/tmp/tmp6i3ekru3', '--error-file', '/tmp/tmp51p156z4']
[2023-03-01 12:55:47,663] {standard_task_runner.py:77} INFO - Job 3688: Subtask get_age
[2023-03-01 12:55:48,191] {logging_mixin.py:104} INFO - Running <TaskInstance: with_python_operator.get_age 2022-11-21T19:05:00+00:00 [running]> on host abe4c4997ef7
[2023-03-01 12:55:48,586] {taskinstance.py:1283} INFO - Exporting the following env vars:
AIRFLOW_CTX_DAG_OWNER=dataheroes
AIRFLOW_CTX_DAG_ID=with_python_operator
AIRFLOW_CTX_TASK_ID=get_age
AIRFLOW_CTX_EXECUTION_DATE=2022-11-21T19:05:00+00:00
AIRFLOW_CTX_DAG_RUN_ID=scheduled__2022-11-21T19:05:00+00:00
[2023-03-01 12:55:48,657] {python.py:118} INFO - Done. Returned value was: None
[2023-03-01 12:55:48,759] {taskinstance.py:1192} INFO - Marking task as SUCCESS. dag_id=with_python_operator, task_id=get_age, execution_date=20221121T190500, start_date=20230301T125547, end_date=20230301T125548
[2023-03-01 12:55:49,431] {taskinstance.py:1246} INFO - 0 downstream tasks scheduled from follow-on schedule check
[2023-03-01 12:55:49,485] {local_task_job.py:146} INFO - Task exited with return code 0
