[2023-03-01 13:15:39,691] {taskinstance.py:877} INFO - Dependencies all met for <TaskInstance: with_python_operator.get_age 2022-12-15T10:05:00+00:00 [queued]>
[2023-03-01 13:15:39,998] {taskinstance.py:877} INFO - Dependencies all met for <TaskInstance: with_python_operator.get_age 2022-12-15T10:05:00+00:00 [queued]>
[2023-03-01 13:15:40,008] {taskinstance.py:1068} INFO - 
--------------------------------------------------------------------------------
[2023-03-01 13:15:40,012] {taskinstance.py:1069} INFO - Starting attempt 1 of 2
[2023-03-01 13:15:40,020] {taskinstance.py:1070} INFO - 
--------------------------------------------------------------------------------
[2023-03-01 13:15:40,214] {taskinstance.py:1089} INFO - Executing <Task(PythonOperator): get_age> on 2022-12-15T10:05:00+00:00
[2023-03-01 13:15:40,242] {standard_task_runner.py:52} INFO - Started process 22411 to run task
[2023-03-01 13:15:40,400] {standard_task_runner.py:76} INFO - Running: ['airflow', 'tasks', 'run', 'with_python_operator', 'get_age', '2022-12-15T10:05:00+00:00', '--job-id', '5388', '--pool', 'default_pool', '--raw', '--subdir', 'DAGS_FOLDER/02_python_operator.py', '--cfg-path', '/tmp/tmpbvaz00p_', '--error-file', '/tmp/tmpjj09m8t3']
[2023-03-01 13:15:40,425] {standard_task_runner.py:77} INFO - Job 5388: Subtask get_age
[2023-03-01 13:15:41,476] {logging_mixin.py:104} INFO - Running <TaskInstance: with_python_operator.get_age 2022-12-15T10:05:00+00:00 [running]> on host abe4c4997ef7
[2023-03-01 13:15:42,316] {taskinstance.py:1283} INFO - Exporting the following env vars:
AIRFLOW_CTX_DAG_OWNER=dataheroes
AIRFLOW_CTX_DAG_ID=with_python_operator
AIRFLOW_CTX_TASK_ID=get_age
AIRFLOW_CTX_EXECUTION_DATE=2022-12-15T10:05:00+00:00
AIRFLOW_CTX_DAG_RUN_ID=scheduled__2022-12-15T10:05:00+00:00
[2023-03-01 13:15:42,537] {python.py:118} INFO - Done. Returned value was: None
[2023-03-01 13:15:42,710] {taskinstance.py:1192} INFO - Marking task as SUCCESS. dag_id=with_python_operator, task_id=get_age, execution_date=20221215T100500, start_date=20230301T131539, end_date=20230301T131542
[2023-03-01 13:15:43,224] {taskinstance.py:1246} INFO - 0 downstream tasks scheduled from follow-on schedule check
[2023-03-01 13:15:43,345] {local_task_job.py:146} INFO - Task exited with return code 0
