[2023-03-01 13:00:24,333] {taskinstance.py:877} INFO - Dependencies all met for <TaskInstance: with_python_operator.get_age 2022-11-27T12:05:00+00:00 [queued]>
[2023-03-01 13:00:24,561] {taskinstance.py:877} INFO - Dependencies all met for <TaskInstance: with_python_operator.get_age 2022-11-27T12:05:00+00:00 [queued]>
[2023-03-01 13:00:24,566] {taskinstance.py:1068} INFO - 
--------------------------------------------------------------------------------
[2023-03-01 13:00:24,568] {taskinstance.py:1069} INFO - Starting attempt 1 of 2
[2023-03-01 13:00:24,569] {taskinstance.py:1070} INFO - 
--------------------------------------------------------------------------------
[2023-03-01 13:00:24,652] {taskinstance.py:1089} INFO - Executing <Task(PythonOperator): get_age> on 2022-11-27T12:05:00+00:00
[2023-03-01 13:00:24,665] {standard_task_runner.py:52} INFO - Started process 17209 to run task
[2023-03-01 13:00:24,702] {standard_task_runner.py:76} INFO - Running: ['airflow', 'tasks', 'run', 'with_python_operator', 'get_age', '2022-11-27T12:05:00+00:00', '--job-id', '4094', '--pool', 'default_pool', '--raw', '--subdir', 'DAGS_FOLDER/02_python_operator.py', '--cfg-path', '/tmp/tmpgwi6uhst', '--error-file', '/tmp/tmpnwhs370x']
[2023-03-01 13:00:24,717] {standard_task_runner.py:77} INFO - Job 4094: Subtask get_age
[2023-03-01 13:00:25,040] {logging_mixin.py:104} INFO - Running <TaskInstance: with_python_operator.get_age 2022-11-27T12:05:00+00:00 [running]> on host abe4c4997ef7
[2023-03-01 13:00:25,470] {taskinstance.py:1283} INFO - Exporting the following env vars:
AIRFLOW_CTX_DAG_OWNER=dataheroes
AIRFLOW_CTX_DAG_ID=with_python_operator
AIRFLOW_CTX_TASK_ID=get_age
AIRFLOW_CTX_EXECUTION_DATE=2022-11-27T12:05:00+00:00
AIRFLOW_CTX_DAG_RUN_ID=scheduled__2022-11-27T12:05:00+00:00
[2023-03-01 13:00:25,619] {python.py:118} INFO - Done. Returned value was: None
[2023-03-01 13:00:25,734] {taskinstance.py:1192} INFO - Marking task as SUCCESS. dag_id=with_python_operator, task_id=get_age, execution_date=20221127T120500, start_date=20230301T130024, end_date=20230301T130025
[2023-03-01 13:00:26,043] {taskinstance.py:1246} INFO - 1 downstream tasks scheduled from follow-on schedule check
[2023-03-01 13:00:26,098] {local_task_job.py:146} INFO - Task exited with return code 0
