[2023-03-01 12:51:59,714] {taskinstance.py:877} INFO - Dependencies all met for <TaskInstance: with_python_operator.get_age 2022-11-17T14:05:00+00:00 [queued]>
[2023-03-01 12:51:59,896] {taskinstance.py:877} INFO - Dependencies all met for <TaskInstance: with_python_operator.get_age 2022-11-17T14:05:00+00:00 [queued]>
[2023-03-01 12:51:59,897] {taskinstance.py:1068} INFO - 
--------------------------------------------------------------------------------
[2023-03-01 12:51:59,903] {taskinstance.py:1069} INFO - Starting attempt 1 of 2
[2023-03-01 12:51:59,905] {taskinstance.py:1070} INFO - 
--------------------------------------------------------------------------------
[2023-03-01 12:52:00,132] {taskinstance.py:1089} INFO - Executing <Task(PythonOperator): get_age> on 2022-11-17T14:05:00+00:00
[2023-03-01 12:52:00,166] {standard_task_runner.py:52} INFO - Started process 14369 to run task
[2023-03-01 12:52:00,239] {standard_task_runner.py:76} INFO - Running: ['airflow', 'tasks', 'run', 'with_python_operator', 'get_age', '2022-11-17T14:05:00+00:00', '--job-id', '3384', '--pool', 'default_pool', '--raw', '--subdir', 'DAGS_FOLDER/02_python_operator.py', '--cfg-path', '/tmp/tmpzpuyt6vo', '--error-file', '/tmp/tmpvoa4esht']
[2023-03-01 12:52:00,261] {standard_task_runner.py:77} INFO - Job 3384: Subtask get_age
[2023-03-01 12:52:00,791] {logging_mixin.py:104} INFO - Running <TaskInstance: with_python_operator.get_age 2022-11-17T14:05:00+00:00 [running]> on host abe4c4997ef7
[2023-03-01 12:52:01,280] {taskinstance.py:1283} INFO - Exporting the following env vars:
AIRFLOW_CTX_DAG_OWNER=dataheroes
AIRFLOW_CTX_DAG_ID=with_python_operator
AIRFLOW_CTX_TASK_ID=get_age
AIRFLOW_CTX_EXECUTION_DATE=2022-11-17T14:05:00+00:00
AIRFLOW_CTX_DAG_RUN_ID=scheduled__2022-11-17T14:05:00+00:00
[2023-03-01 12:52:01,389] {python.py:118} INFO - Done. Returned value was: None
[2023-03-01 12:52:01,465] {taskinstance.py:1192} INFO - Marking task as SUCCESS. dag_id=with_python_operator, task_id=get_age, execution_date=20221117T140500, start_date=20230301T125159, end_date=20230301T125201
[2023-03-01 12:52:01,877] {taskinstance.py:1246} INFO - 0 downstream tasks scheduled from follow-on schedule check
[2023-03-01 12:52:01,981] {local_task_job.py:146} INFO - Task exited with return code 0
