[2023-03-01 13:11:48,798] {taskinstance.py:877} INFO - Dependencies all met for <TaskInstance: with_python_operator.get_name 2022-12-10T22:05:00+00:00 [queued]>
[2023-03-01 13:11:49,346] {taskinstance.py:877} INFO - Dependencies all met for <TaskInstance: with_python_operator.get_name 2022-12-10T22:05:00+00:00 [queued]>
[2023-03-01 13:11:49,366] {taskinstance.py:1068} INFO - 
--------------------------------------------------------------------------------
[2023-03-01 13:11:49,376] {taskinstance.py:1069} INFO - Starting attempt 1 of 2
[2023-03-01 13:11:49,383] {taskinstance.py:1070} INFO - 
--------------------------------------------------------------------------------
[2023-03-01 13:11:49,483] {taskinstance.py:1089} INFO - Executing <Task(PythonOperator): get_name> on 2022-12-10T22:05:00+00:00
[2023-03-01 13:11:49,501] {standard_task_runner.py:52} INFO - Started process 21091 to run task
[2023-03-01 13:11:49,559] {standard_task_runner.py:76} INFO - Running: ['airflow', 'tasks', 'run', 'with_python_operator', 'get_name', '2022-12-10T22:05:00+00:00', '--job-id', '5060', '--pool', 'default_pool', '--raw', '--subdir', 'DAGS_FOLDER/02_python_operator.py', '--cfg-path', '/tmp/tmprrdckq53', '--error-file', '/tmp/tmp02m2gli2']
[2023-03-01 13:11:49,567] {standard_task_runner.py:77} INFO - Job 5060: Subtask get_name
[2023-03-01 13:11:50,383] {logging_mixin.py:104} INFO - Running <TaskInstance: with_python_operator.get_name 2022-12-10T22:05:00+00:00 [running]> on host abe4c4997ef7
[2023-03-01 13:11:50,720] {taskinstance.py:1283} INFO - Exporting the following env vars:
AIRFLOW_CTX_DAG_OWNER=dataheroes
AIRFLOW_CTX_DAG_ID=with_python_operator
AIRFLOW_CTX_TASK_ID=get_name
AIRFLOW_CTX_EXECUTION_DATE=2022-12-10T22:05:00+00:00
AIRFLOW_CTX_DAG_RUN_ID=scheduled__2022-12-10T22:05:00+00:00
[2023-03-01 13:11:50,996] {python.py:118} INFO - Done. Returned value was: None
[2023-03-01 13:11:51,137] {taskinstance.py:1192} INFO - Marking task as SUCCESS. dag_id=with_python_operator, task_id=get_name, execution_date=20221210T220500, start_date=20230301T131148, end_date=20230301T131151
[2023-03-01 13:11:51,589] {taskinstance.py:1246} INFO - 0 downstream tasks scheduled from follow-on schedule check
[2023-03-01 13:11:51,804] {local_task_job.py:146} INFO - Task exited with return code 0
