[2023-03-01 12:21:52,964] {taskinstance.py:877} INFO - Dependencies all met for <TaskInstance: with_python_operator.get_name 2022-10-15T19:05:00+00:00 [queued]>
[2023-03-01 12:21:53,515] {taskinstance.py:877} INFO - Dependencies all met for <TaskInstance: with_python_operator.get_name 2022-10-15T19:05:00+00:00 [queued]>
[2023-03-01 12:21:53,520] {taskinstance.py:1068} INFO - 
--------------------------------------------------------------------------------
[2023-03-01 12:21:53,522] {taskinstance.py:1069} INFO - Starting attempt 1 of 2
[2023-03-01 12:21:53,524] {taskinstance.py:1070} INFO - 
--------------------------------------------------------------------------------
[2023-03-01 12:21:53,987] {taskinstance.py:1089} INFO - Executing <Task(PythonOperator): get_name> on 2022-10-15T19:05:00+00:00
[2023-03-01 12:21:54,060] {standard_task_runner.py:52} INFO - Started process 4909 to run task
[2023-03-01 12:21:54,172] {standard_task_runner.py:76} INFO - Running: ['airflow', 'tasks', 'run', 'with_python_operator', 'get_name', '2022-10-15T19:05:00+00:00', '--job-id', '1019', '--pool', 'default_pool', '--raw', '--subdir', 'DAGS_FOLDER/02_python_operator.py', '--cfg-path', '/tmp/tmpk9vmo_70', '--error-file', '/tmp/tmpa7xch8_b']
[2023-03-01 12:21:54,190] {standard_task_runner.py:77} INFO - Job 1019: Subtask get_name
[2023-03-01 12:21:55,278] {logging_mixin.py:104} INFO - Running <TaskInstance: with_python_operator.get_name 2022-10-15T19:05:00+00:00 [running]> on host abe4c4997ef7
[2023-03-01 12:21:55,941] {taskinstance.py:1283} INFO - Exporting the following env vars:
AIRFLOW_CTX_DAG_OWNER=dataheroes
AIRFLOW_CTX_DAG_ID=with_python_operator
AIRFLOW_CTX_TASK_ID=get_name
AIRFLOW_CTX_EXECUTION_DATE=2022-10-15T19:05:00+00:00
AIRFLOW_CTX_DAG_RUN_ID=scheduled__2022-10-15T19:05:00+00:00
[2023-03-01 12:21:56,160] {python.py:118} INFO - Done. Returned value was: None
[2023-03-01 12:21:56,339] {taskinstance.py:1192} INFO - Marking task as SUCCESS. dag_id=with_python_operator, task_id=get_name, execution_date=20221015T190500, start_date=20230301T122153, end_date=20230301T122156
[2023-03-01 12:21:57,301] {taskinstance.py:1246} INFO - 0 downstream tasks scheduled from follow-on schedule check
[2023-03-01 12:21:57,477] {local_task_job.py:146} INFO - Task exited with return code 0
