[2023-03-01 12:54:59,332] {taskinstance.py:877} INFO - Dependencies all met for <TaskInstance: with_python_operator.get_age 2022-11-20T23:05:00+00:00 [queued]>
[2023-03-01 12:54:59,803] {taskinstance.py:877} INFO - Dependencies all met for <TaskInstance: with_python_operator.get_age 2022-11-20T23:05:00+00:00 [queued]>
[2023-03-01 12:54:59,809] {taskinstance.py:1068} INFO - 
--------------------------------------------------------------------------------
[2023-03-01 12:54:59,814] {taskinstance.py:1069} INFO - Starting attempt 1 of 2
[2023-03-01 12:54:59,818] {taskinstance.py:1070} INFO - 
--------------------------------------------------------------------------------
[2023-03-01 12:54:59,973] {taskinstance.py:1089} INFO - Executing <Task(PythonOperator): get_age> on 2022-11-20T23:05:00+00:00
[2023-03-01 12:55:00,066] {standard_task_runner.py:76} INFO - Running: ['airflow', 'tasks', 'run', 'with_python_operator', 'get_age', '2022-11-20T23:05:00+00:00', '--job-id', '3624', '--pool', 'default_pool', '--raw', '--subdir', 'DAGS_FOLDER/02_python_operator.py', '--cfg-path', '/tmp/tmp05pck2ge', '--error-file', '/tmp/tmpkq4qwhrk']
[2023-03-01 12:55:00,073] {standard_task_runner.py:77} INFO - Job 3624: Subtask get_age
[2023-03-01 12:54:59,995] {standard_task_runner.py:52} INFO - Started process 15331 to run task
[2023-03-01 12:55:00,850] {logging_mixin.py:104} INFO - Running <TaskInstance: with_python_operator.get_age 2022-11-20T23:05:00+00:00 [running]> on host abe4c4997ef7
[2023-03-01 12:55:01,506] {taskinstance.py:1283} INFO - Exporting the following env vars:
AIRFLOW_CTX_DAG_OWNER=dataheroes
AIRFLOW_CTX_DAG_ID=with_python_operator
AIRFLOW_CTX_TASK_ID=get_age
AIRFLOW_CTX_EXECUTION_DATE=2022-11-20T23:05:00+00:00
AIRFLOW_CTX_DAG_RUN_ID=scheduled__2022-11-20T23:05:00+00:00
[2023-03-01 12:55:01,794] {python.py:118} INFO - Done. Returned value was: None
[2023-03-01 12:55:02,236] {taskinstance.py:1192} INFO - Marking task as SUCCESS. dag_id=with_python_operator, task_id=get_age, execution_date=20221120T230500, start_date=20230301T125459, end_date=20230301T125502
[2023-03-01 12:55:02,929] {taskinstance.py:1246} INFO - 0 downstream tasks scheduled from follow-on schedule check
[2023-03-01 12:55:03,004] {local_task_job.py:146} INFO - Task exited with return code 0
