[2023-03-01 13:00:04,821] {taskinstance.py:877} INFO - Dependencies all met for <TaskInstance: with_python_operator.greet 2022-11-26T18:05:00+00:00 [queued]>
[2023-03-01 13:00:05,087] {taskinstance.py:877} INFO - Dependencies all met for <TaskInstance: with_python_operator.greet 2022-11-26T18:05:00+00:00 [queued]>
[2023-03-01 13:00:05,090] {taskinstance.py:1068} INFO - 
--------------------------------------------------------------------------------
[2023-03-01 13:00:05,092] {taskinstance.py:1069} INFO - Starting attempt 1 of 2
[2023-03-01 13:00:05,093] {taskinstance.py:1070} INFO - 
--------------------------------------------------------------------------------
[2023-03-01 13:00:05,338] {taskinstance.py:1089} INFO - Executing <Task(PythonOperator): greet> on 2022-11-26T18:05:00+00:00
[2023-03-01 13:00:05,378] {standard_task_runner.py:52} INFO - Started process 17073 to run task
[2023-03-01 13:00:05,445] {standard_task_runner.py:76} INFO - Running: ['airflow', 'tasks', 'run', 'with_python_operator', 'greet', '2022-11-26T18:05:00+00:00', '--job-id', '4059', '--pool', 'default_pool', '--raw', '--subdir', 'DAGS_FOLDER/02_python_operator.py', '--cfg-path', '/tmp/tmpw5pwa0br', '--error-file', '/tmp/tmp2fnpxvyi']
[2023-03-01 13:00:05,447] {standard_task_runner.py:77} INFO - Job 4059: Subtask greet
[2023-03-01 13:00:06,129] {logging_mixin.py:104} INFO - Running <TaskInstance: with_python_operator.greet 2022-11-26T18:05:00+00:00 [running]> on host abe4c4997ef7
[2023-03-01 13:00:06,618] {taskinstance.py:1283} INFO - Exporting the following env vars:
AIRFLOW_CTX_DAG_OWNER=dataheroes
AIRFLOW_CTX_DAG_ID=with_python_operator
AIRFLOW_CTX_TASK_ID=greet
AIRFLOW_CTX_EXECUTION_DATE=2022-11-26T18:05:00+00:00
AIRFLOW_CTX_DAG_RUN_ID=scheduled__2022-11-26T18:05:00+00:00
[2023-03-01 13:00:06,639] {logging_mixin.py:104} INFO - some dict:  {'a': 1, 'b': 2}
[2023-03-01 13:00:06,855] {logging_mixin.py:104} INFO - Hello World! My name is Reza Primasatya, and I am 17 years old!
[2023-03-01 13:00:06,856] {python.py:118} INFO - Done. Returned value was: None
[2023-03-01 13:00:06,944] {taskinstance.py:1192} INFO - Marking task as SUCCESS. dag_id=with_python_operator, task_id=greet, execution_date=20221126T180500, start_date=20230301T130004, end_date=20230301T130006
[2023-03-01 13:00:07,081] {taskinstance.py:1246} INFO - 0 downstream tasks scheduled from follow-on schedule check
[2023-03-01 13:00:07,171] {local_task_job.py:146} INFO - Task exited with return code 0
