[2023-03-01 13:04:56,584] {taskinstance.py:877} INFO - Dependencies all met for <TaskInstance: with_python_operator.get_name 2022-12-03T03:05:00+00:00 [queued]>
[2023-03-01 13:04:56,722] {taskinstance.py:877} INFO - Dependencies all met for <TaskInstance: with_python_operator.get_name 2022-12-03T03:05:00+00:00 [queued]>
[2023-03-01 13:04:56,727] {taskinstance.py:1068} INFO - 
--------------------------------------------------------------------------------
[2023-03-01 13:04:56,729] {taskinstance.py:1069} INFO - Starting attempt 1 of 2
[2023-03-01 13:04:56,730] {taskinstance.py:1070} INFO - 
--------------------------------------------------------------------------------
[2023-03-01 13:04:56,859] {taskinstance.py:1089} INFO - Executing <Task(PythonOperator): get_name> on 2022-12-03T03:05:00+00:00
[2023-03-01 13:04:56,874] {standard_task_runner.py:52} INFO - Started process 18881 to run task
[2023-03-01 13:04:56,903] {standard_task_runner.py:76} INFO - Running: ['airflow', 'tasks', 'run', 'with_python_operator', 'get_name', '2022-12-03T03:05:00+00:00', '--job-id', '4510', '--pool', 'default_pool', '--raw', '--subdir', 'DAGS_FOLDER/02_python_operator.py', '--cfg-path', '/tmp/tmpwd685xal', '--error-file', '/tmp/tmp_po1_8dz']
[2023-03-01 13:04:56,910] {standard_task_runner.py:77} INFO - Job 4510: Subtask get_name
[2023-03-01 13:04:57,038] {logging_mixin.py:104} INFO - Running <TaskInstance: with_python_operator.get_name 2022-12-03T03:05:00+00:00 [running]> on host abe4c4997ef7
[2023-03-01 13:04:57,294] {taskinstance.py:1283} INFO - Exporting the following env vars:
AIRFLOW_CTX_DAG_OWNER=dataheroes
AIRFLOW_CTX_DAG_ID=with_python_operator
AIRFLOW_CTX_TASK_ID=get_name
AIRFLOW_CTX_EXECUTION_DATE=2022-12-03T03:05:00+00:00
AIRFLOW_CTX_DAG_RUN_ID=scheduled__2022-12-03T03:05:00+00:00
[2023-03-01 13:04:57,450] {python.py:118} INFO - Done. Returned value was: None
[2023-03-01 13:04:57,529] {taskinstance.py:1192} INFO - Marking task as SUCCESS. dag_id=with_python_operator, task_id=get_name, execution_date=20221203T030500, start_date=20230301T130456, end_date=20230301T130457
[2023-03-01 13:04:57,781] {taskinstance.py:1246} INFO - 0 downstream tasks scheduled from follow-on schedule check
[2023-03-01 13:04:57,822] {local_task_job.py:146} INFO - Task exited with return code 0
