[2023-03-01 12:35:40,321] {taskinstance.py:877} INFO - Dependencies all met for <TaskInstance: with_python_operator.get_name 2022-10-30T08:05:00+00:00 [queued]>
[2023-03-01 12:35:40,585] {taskinstance.py:877} INFO - Dependencies all met for <TaskInstance: with_python_operator.get_name 2022-10-30T08:05:00+00:00 [queued]>
[2023-03-01 12:35:40,594] {taskinstance.py:1068} INFO - 
--------------------------------------------------------------------------------
[2023-03-01 12:35:40,595] {taskinstance.py:1069} INFO - Starting attempt 1 of 2
[2023-03-01 12:35:40,596] {taskinstance.py:1070} INFO - 
--------------------------------------------------------------------------------
[2023-03-01 12:35:40,847] {taskinstance.py:1089} INFO - Executing <Task(PythonOperator): get_name> on 2022-10-30T08:05:00+00:00
[2023-03-01 12:35:40,904] {standard_task_runner.py:76} INFO - Running: ['airflow', 'tasks', 'run', 'with_python_operator', 'get_name', '2022-10-30T08:05:00+00:00', '--job-id', '2065', '--pool', 'default_pool', '--raw', '--subdir', 'DAGS_FOLDER/02_python_operator.py', '--cfg-path', '/tmp/tmpa7f0mje2', '--error-file', '/tmp/tmp350c9s71']
[2023-03-01 12:35:40,911] {standard_task_runner.py:77} INFO - Job 2065: Subtask get_name
[2023-03-01 12:35:40,855] {standard_task_runner.py:52} INFO - Started process 9089 to run task
[2023-03-01 12:35:41,762] {logging_mixin.py:104} INFO - Running <TaskInstance: with_python_operator.get_name 2022-10-30T08:05:00+00:00 [running]> on host abe4c4997ef7
[2023-03-01 12:35:42,228] {taskinstance.py:1283} INFO - Exporting the following env vars:
AIRFLOW_CTX_DAG_OWNER=dataheroes
AIRFLOW_CTX_DAG_ID=with_python_operator
AIRFLOW_CTX_TASK_ID=get_name
AIRFLOW_CTX_EXECUTION_DATE=2022-10-30T08:05:00+00:00
AIRFLOW_CTX_DAG_RUN_ID=scheduled__2022-10-30T08:05:00+00:00
[2023-03-01 12:35:42,416] {python.py:118} INFO - Done. Returned value was: None
[2023-03-01 12:35:42,544] {taskinstance.py:1192} INFO - Marking task as SUCCESS. dag_id=with_python_operator, task_id=get_name, execution_date=20221030T080500, start_date=20230301T123540, end_date=20230301T123542
[2023-03-01 12:35:42,963] {taskinstance.py:1246} INFO - 1 downstream tasks scheduled from follow-on schedule check
[2023-03-01 12:35:43,149] {local_task_job.py:146} INFO - Task exited with return code 0
