[2023-03-01 12:13:00,118] {taskinstance.py:877} INFO - Dependencies all met for <TaskInstance: with_python_operator.greet 2022-10-06T08:05:00+00:00 [queued]>
[2023-03-01 12:13:00,506] {taskinstance.py:877} INFO - Dependencies all met for <TaskInstance: with_python_operator.greet 2022-10-06T08:05:00+00:00 [queued]>
[2023-03-01 12:13:00,527] {taskinstance.py:1068} INFO - 
--------------------------------------------------------------------------------
[2023-03-01 12:13:00,531] {taskinstance.py:1069} INFO - Starting attempt 1 of 2
[2023-03-01 12:13:00,541] {taskinstance.py:1070} INFO - 
--------------------------------------------------------------------------------
[2023-03-01 12:13:00,951] {taskinstance.py:1089} INFO - Executing <Task(PythonOperator): greet> on 2022-10-06T08:05:00+00:00
[2023-03-01 12:13:00,972] {standard_task_runner.py:52} INFO - Started process 1679 to run task
[2023-03-01 12:13:01,099] {standard_task_runner.py:76} INFO - Running: ['airflow', 'tasks', 'run', 'with_python_operator', 'greet', '2022-10-06T08:05:00+00:00', '--job-id', '272', '--pool', 'default_pool', '--raw', '--subdir', 'DAGS_FOLDER/02_python_operator.py', '--cfg-path', '/tmp/tmppqj6jr01', '--error-file', '/tmp/tmplo__lgyb']
[2023-03-01 12:13:01,121] {standard_task_runner.py:77} INFO - Job 272: Subtask greet
[2023-03-01 12:13:02,088] {logging_mixin.py:104} INFO - Running <TaskInstance: with_python_operator.greet 2022-10-06T08:05:00+00:00 [running]> on host abe4c4997ef7
[2023-03-01 12:13:02,937] {taskinstance.py:1283} INFO - Exporting the following env vars:
AIRFLOW_CTX_DAG_OWNER=dataheroes
AIRFLOW_CTX_DAG_ID=with_python_operator
AIRFLOW_CTX_TASK_ID=greet
AIRFLOW_CTX_EXECUTION_DATE=2022-10-06T08:05:00+00:00
AIRFLOW_CTX_DAG_RUN_ID=scheduled__2022-10-06T08:05:00+00:00
[2023-03-01 12:13:02,949] {logging_mixin.py:104} INFO - some dict:  {'a': 1, 'b': 2}
[2023-03-01 12:13:03,255] {logging_mixin.py:104} INFO - Hello World! My name is Reza Primasatya, and I am 17 years old!
[2023-03-01 12:13:03,265] {python.py:118} INFO - Done. Returned value was: None
[2023-03-01 12:13:03,527] {taskinstance.py:1192} INFO - Marking task as SUCCESS. dag_id=with_python_operator, task_id=greet, execution_date=20221006T080500, start_date=20230301T121300, end_date=20230301T121303
[2023-03-01 12:13:04,489] {taskinstance.py:1246} INFO - 0 downstream tasks scheduled from follow-on schedule check
[2023-03-01 12:13:04,599] {local_task_job.py:146} INFO - Task exited with return code 0
