[2023-03-01 12:55:59,120] {taskinstance.py:877} INFO - Dependencies all met for <TaskInstance: with_python_operator.greet 2022-11-21T21:05:00+00:00 [queued]>
[2023-03-01 12:55:59,519] {taskinstance.py:877} INFO - Dependencies all met for <TaskInstance: with_python_operator.greet 2022-11-21T21:05:00+00:00 [queued]>
[2023-03-01 12:55:59,521] {taskinstance.py:1068} INFO - 
--------------------------------------------------------------------------------
[2023-03-01 12:55:59,527] {taskinstance.py:1069} INFO - Starting attempt 1 of 2
[2023-03-01 12:55:59,531] {taskinstance.py:1070} INFO - 
--------------------------------------------------------------------------------
[2023-03-01 12:55:59,734] {taskinstance.py:1089} INFO - Executing <Task(PythonOperator): greet> on 2022-11-21T21:05:00+00:00
[2023-03-01 12:55:59,767] {standard_task_runner.py:52} INFO - Started process 15673 to run task
[2023-03-01 12:55:59,883] {standard_task_runner.py:76} INFO - Running: ['airflow', 'tasks', 'run', 'with_python_operator', 'greet', '2022-11-21T21:05:00+00:00', '--job-id', '3709', '--pool', 'default_pool', '--raw', '--subdir', 'DAGS_FOLDER/02_python_operator.py', '--cfg-path', '/tmp/tmp6hx9p6so', '--error-file', '/tmp/tmppyrch79m']
[2023-03-01 12:55:59,890] {standard_task_runner.py:77} INFO - Job 3709: Subtask greet
[2023-03-01 12:56:00,098] {logging_mixin.py:104} INFO - Running <TaskInstance: with_python_operator.greet 2022-11-21T21:05:00+00:00 [running]> on host abe4c4997ef7
[2023-03-01 12:56:00,868] {taskinstance.py:1283} INFO - Exporting the following env vars:
AIRFLOW_CTX_DAG_OWNER=dataheroes
AIRFLOW_CTX_DAG_ID=with_python_operator
AIRFLOW_CTX_TASK_ID=greet
AIRFLOW_CTX_EXECUTION_DATE=2022-11-21T21:05:00+00:00
AIRFLOW_CTX_DAG_RUN_ID=scheduled__2022-11-21T21:05:00+00:00
[2023-03-01 12:56:00,883] {logging_mixin.py:104} INFO - some dict:  {'a': 1, 'b': 2}
[2023-03-01 12:56:01,066] {logging_mixin.py:104} INFO - Hello World! My name is Reza Primasatya, and I am 17 years old!
[2023-03-01 12:56:01,071] {python.py:118} INFO - Done. Returned value was: None
[2023-03-01 12:56:01,177] {taskinstance.py:1192} INFO - Marking task as SUCCESS. dag_id=with_python_operator, task_id=greet, execution_date=20221121T210500, start_date=20230301T125559, end_date=20230301T125601
[2023-03-01 12:56:01,473] {taskinstance.py:1246} INFO - 0 downstream tasks scheduled from follow-on schedule check
[2023-03-01 12:56:01,549] {local_task_job.py:146} INFO - Task exited with return code 0
