[2023-03-01 13:08:26,433] {taskinstance.py:877} INFO - Dependencies all met for <TaskInstance: with_python_operator.get_age 2022-12-07T04:05:00+00:00 [queued]>
[2023-03-01 13:08:26,641] {taskinstance.py:877} INFO - Dependencies all met for <TaskInstance: with_python_operator.get_age 2022-12-07T04:05:00+00:00 [queued]>
[2023-03-01 13:08:26,646] {taskinstance.py:1068} INFO - 
--------------------------------------------------------------------------------
[2023-03-01 13:08:26,649] {taskinstance.py:1069} INFO - Starting attempt 1 of 2
[2023-03-01 13:08:26,650] {taskinstance.py:1070} INFO - 
--------------------------------------------------------------------------------
[2023-03-01 13:08:26,869] {taskinstance.py:1089} INFO - Executing <Task(PythonOperator): get_age> on 2022-12-07T04:05:00+00:00
[2023-03-01 13:08:26,898] {standard_task_runner.py:52} INFO - Started process 20035 to run task
[2023-03-01 13:08:27,011] {standard_task_runner.py:76} INFO - Running: ['airflow', 'tasks', 'run', 'with_python_operator', 'get_age', '2022-12-07T04:05:00+00:00', '--job-id', '4795', '--pool', 'default_pool', '--raw', '--subdir', 'DAGS_FOLDER/02_python_operator.py', '--cfg-path', '/tmp/tmpx6wsl7l0', '--error-file', '/tmp/tmpiei7civ3']
[2023-03-01 13:08:27,023] {standard_task_runner.py:77} INFO - Job 4795: Subtask get_age
[2023-03-01 13:08:27,745] {logging_mixin.py:104} INFO - Running <TaskInstance: with_python_operator.get_age 2022-12-07T04:05:00+00:00 [running]> on host abe4c4997ef7
[2023-03-01 13:08:28,247] {taskinstance.py:1283} INFO - Exporting the following env vars:
AIRFLOW_CTX_DAG_OWNER=dataheroes
AIRFLOW_CTX_DAG_ID=with_python_operator
AIRFLOW_CTX_TASK_ID=get_age
AIRFLOW_CTX_EXECUTION_DATE=2022-12-07T04:05:00+00:00
AIRFLOW_CTX_DAG_RUN_ID=scheduled__2022-12-07T04:05:00+00:00
[2023-03-01 13:08:28,389] {python.py:118} INFO - Done. Returned value was: None
[2023-03-01 13:08:28,556] {taskinstance.py:1192} INFO - Marking task as SUCCESS. dag_id=with_python_operator, task_id=get_age, execution_date=20221207T040500, start_date=20230301T130826, end_date=20230301T130828
[2023-03-01 13:08:28,998] {taskinstance.py:1246} INFO - 0 downstream tasks scheduled from follow-on schedule check
[2023-03-01 13:08:29,180] {local_task_job.py:146} INFO - Task exited with return code 0
