[2023-03-01 12:32:05,503] {taskinstance.py:877} INFO - Dependencies all met for <TaskInstance: with_python_operator.greet 2022-10-26T01:05:00+00:00 [queued]>
[2023-03-01 12:32:05,580] {taskinstance.py:877} INFO - Dependencies all met for <TaskInstance: with_python_operator.greet 2022-10-26T01:05:00+00:00 [queued]>
[2023-03-01 12:32:05,585] {taskinstance.py:1068} INFO - 
--------------------------------------------------------------------------------
[2023-03-01 12:32:05,593] {taskinstance.py:1069} INFO - Starting attempt 1 of 2
[2023-03-01 12:32:05,598] {taskinstance.py:1070} INFO - 
--------------------------------------------------------------------------------
[2023-03-01 12:32:05,726] {taskinstance.py:1089} INFO - Executing <Task(PythonOperator): greet> on 2022-10-26T01:05:00+00:00
[2023-03-01 12:32:05,767] {standard_task_runner.py:52} INFO - Started process 7933 to run task
[2023-03-01 12:32:05,817] {standard_task_runner.py:76} INFO - Running: ['airflow', 'tasks', 'run', 'with_python_operator', 'greet', '2022-10-26T01:05:00+00:00', '--job-id', '1775', '--pool', 'default_pool', '--raw', '--subdir', 'DAGS_FOLDER/02_python_operator.py', '--cfg-path', '/tmp/tmph1m629cc', '--error-file', '/tmp/tmpfg71b4dn']
[2023-03-01 12:32:05,837] {standard_task_runner.py:77} INFO - Job 1775: Subtask greet
[2023-03-01 12:32:06,289] {logging_mixin.py:104} INFO - Running <TaskInstance: with_python_operator.greet 2022-10-26T01:05:00+00:00 [running]> on host abe4c4997ef7
[2023-03-01 12:32:07,044] {taskinstance.py:1283} INFO - Exporting the following env vars:
AIRFLOW_CTX_DAG_OWNER=dataheroes
AIRFLOW_CTX_DAG_ID=with_python_operator
AIRFLOW_CTX_TASK_ID=greet
AIRFLOW_CTX_EXECUTION_DATE=2022-10-26T01:05:00+00:00
AIRFLOW_CTX_DAG_RUN_ID=scheduled__2022-10-26T01:05:00+00:00
[2023-03-01 12:32:07,050] {logging_mixin.py:104} INFO - some dict:  {'a': 1, 'b': 2}
[2023-03-01 12:32:07,191] {logging_mixin.py:104} INFO - Hello World! My name is Reza Primasatya, and I am 17 years old!
[2023-03-01 12:32:07,198] {python.py:118} INFO - Done. Returned value was: None
[2023-03-01 12:32:07,272] {taskinstance.py:1192} INFO - Marking task as SUCCESS. dag_id=with_python_operator, task_id=greet, execution_date=20221026T010500, start_date=20230301T123205, end_date=20230301T123207
[2023-03-01 12:32:07,824] {taskinstance.py:1246} INFO - 0 downstream tasks scheduled from follow-on schedule check
[2023-03-01 12:32:07,907] {local_task_job.py:146} INFO - Task exited with return code 0
