[2023-03-01 12:43:34,281] {taskinstance.py:877} INFO - Dependencies all met for <TaskInstance: with_python_operator.greet 2022-11-07T21:05:00+00:00 [queued]>
[2023-03-01 12:43:34,445] {taskinstance.py:877} INFO - Dependencies all met for <TaskInstance: with_python_operator.greet 2022-11-07T21:05:00+00:00 [queued]>
[2023-03-01 12:43:34,447] {taskinstance.py:1068} INFO - 
--------------------------------------------------------------------------------
[2023-03-01 12:43:34,448] {taskinstance.py:1069} INFO - Starting attempt 1 of 2
[2023-03-01 12:43:34,452] {taskinstance.py:1070} INFO - 
--------------------------------------------------------------------------------
[2023-03-01 12:43:34,642] {taskinstance.py:1089} INFO - Executing <Task(PythonOperator): greet> on 2022-11-07T21:05:00+00:00
[2023-03-01 12:43:34,662] {standard_task_runner.py:52} INFO - Started process 11629 to run task
[2023-03-01 12:43:34,711] {standard_task_runner.py:76} INFO - Running: ['airflow', 'tasks', 'run', 'with_python_operator', 'greet', '2022-11-07T21:05:00+00:00', '--job-id', '2698', '--pool', 'default_pool', '--raw', '--subdir', 'DAGS_FOLDER/02_python_operator.py', '--cfg-path', '/tmp/tmpqsvx3q9u', '--error-file', '/tmp/tmp4zxn3nt_']
[2023-03-01 12:43:34,720] {standard_task_runner.py:77} INFO - Job 2698: Subtask greet
[2023-03-01 12:43:35,303] {logging_mixin.py:104} INFO - Running <TaskInstance: with_python_operator.greet 2022-11-07T21:05:00+00:00 [running]> on host abe4c4997ef7
[2023-03-01 12:43:35,933] {taskinstance.py:1283} INFO - Exporting the following env vars:
AIRFLOW_CTX_DAG_OWNER=dataheroes
AIRFLOW_CTX_DAG_ID=with_python_operator
AIRFLOW_CTX_TASK_ID=greet
AIRFLOW_CTX_EXECUTION_DATE=2022-11-07T21:05:00+00:00
AIRFLOW_CTX_DAG_RUN_ID=scheduled__2022-11-07T21:05:00+00:00
[2023-03-01 12:43:35,956] {logging_mixin.py:104} INFO - some dict:  {'a': 1, 'b': 2}
[2023-03-01 12:43:36,276] {logging_mixin.py:104} INFO - Hello World! My name is Reza Primasatya, and I am 17 years old!
[2023-03-01 12:43:36,287] {python.py:118} INFO - Done. Returned value was: None
[2023-03-01 12:43:36,449] {taskinstance.py:1192} INFO - Marking task as SUCCESS. dag_id=with_python_operator, task_id=greet, execution_date=20221107T210500, start_date=20230301T124334, end_date=20230301T124336
[2023-03-01 12:43:36,889] {taskinstance.py:1246} INFO - 0 downstream tasks scheduled from follow-on schedule check
[2023-03-01 12:43:37,001] {local_task_job.py:146} INFO - Task exited with return code 0
