[2023-03-01 09:05:02,810] {taskinstance.py:877} INFO - Dependencies all met for <TaskInstance: docker_operator_dag.print_current_date 2023-03-01T08:05:00+00:00 [queued]>
[2023-03-01 09:05:02,854] {taskinstance.py:877} INFO - Dependencies all met for <TaskInstance: docker_operator_dag.print_current_date 2023-03-01T08:05:00+00:00 [queued]>
[2023-03-01 09:05:02,856] {taskinstance.py:1068} INFO - 
--------------------------------------------------------------------------------
[2023-03-01 09:05:02,857] {taskinstance.py:1069} INFO - Starting attempt 1 of 2
[2023-03-01 09:05:02,858] {taskinstance.py:1070} INFO - 
--------------------------------------------------------------------------------
[2023-03-01 09:05:02,928] {taskinstance.py:1089} INFO - Executing <Task(BashOperator): print_current_date> on 2023-03-01T08:05:00+00:00
[2023-03-01 09:05:02,941] {standard_task_runner.py:52} INFO - Started process 128 to run task
[2023-03-01 09:05:02,953] {standard_task_runner.py:76} INFO - Running: ['airflow', 'tasks', 'run', 'docker_operator_dag', 'print_current_date', '2023-03-01T08:05:00+00:00', '--job-id', '19', '--pool', 'default_pool', '--raw', '--subdir', 'DAGS_FOLDER/helloairflow/hello.py', '--cfg-path', '/tmp/tmp49edr1x8', '--error-file', '/tmp/tmpsvv2peuj']
[2023-03-01 09:05:02,956] {standard_task_runner.py:77} INFO - Job 19: Subtask print_current_date
[2023-03-01 09:05:03,077] {logging_mixin.py:104} INFO - Running <TaskInstance: docker_operator_dag.print_current_date 2023-03-01T08:05:00+00:00 [running]> on host d6ae11b410f8
[2023-03-01 09:05:03,191] {taskinstance.py:1283} INFO - Exporting the following env vars:
AIRFLOW_CTX_DAG_OWNER=Nama Masing Masing
AIRFLOW_CTX_DAG_ID=docker_operator_dag
AIRFLOW_CTX_TASK_ID=print_current_date
AIRFLOW_CTX_EXECUTION_DATE=2023-03-01T08:05:00+00:00
AIRFLOW_CTX_DAG_RUN_ID=scheduled__2023-03-01T08:05:00+00:00
[2023-03-01 09:05:03,197] {bash.py:135} INFO - Tmp dir root location: 
 /tmp
[2023-03-01 09:05:03,201] {bash.py:158} INFO - Running command: date
[2023-03-01 09:05:03,219] {bash.py:169} INFO - Output:
[2023-03-01 09:05:03,288] {bash.py:173} INFO - Wed Mar  1 09:05:03 UTC 2023
[2023-03-01 09:05:03,290] {bash.py:177} INFO - Command exited with return code 0
[2023-03-01 09:05:03,349] {taskinstance.py:1192} INFO - Marking task as SUCCESS. dag_id=docker_operator_dag, task_id=print_current_date, execution_date=20230301T080500, start_date=20230301T090502, end_date=20230301T090503
[2023-03-01 09:05:03,419] {taskinstance.py:1246} INFO - 2 downstream tasks scheduled from follow-on schedule check
[2023-03-01 09:05:03,461] {local_task_job.py:146} INFO - Task exited with return code 0
