[2023-03-01 12:34:11,829] {taskinstance.py:877} INFO - Dependencies all met for <TaskInstance: with_python_operator.greet 2022-10-28T07:05:00+00:00 [queued]>
[2023-03-01 12:34:12,080] {taskinstance.py:877} INFO - Dependencies all met for <TaskInstance: with_python_operator.greet 2022-10-28T07:05:00+00:00 [queued]>
[2023-03-01 12:34:12,096] {taskinstance.py:1068} INFO - 
--------------------------------------------------------------------------------
[2023-03-01 12:34:12,099] {taskinstance.py:1069} INFO - Starting attempt 1 of 2
[2023-03-01 12:34:12,102] {taskinstance.py:1070} INFO - 
--------------------------------------------------------------------------------
[2023-03-01 12:34:12,240] {taskinstance.py:1089} INFO - Executing <Task(PythonOperator): greet> on 2022-10-28T07:05:00+00:00
[2023-03-01 12:34:12,258] {standard_task_runner.py:52} INFO - Started process 8587 to run task
[2023-03-01 12:34:12,330] {standard_task_runner.py:76} INFO - Running: ['airflow', 'tasks', 'run', 'with_python_operator', 'greet', '2022-10-28T07:05:00+00:00', '--job-id', '1937', '--pool', 'default_pool', '--raw', '--subdir', 'DAGS_FOLDER/02_python_operator.py', '--cfg-path', '/tmp/tmpak6j9i18', '--error-file', '/tmp/tmp8fxw9wxu']
[2023-03-01 12:34:12,351] {standard_task_runner.py:77} INFO - Job 1937: Subtask greet
[2023-03-01 12:34:12,756] {logging_mixin.py:104} INFO - Running <TaskInstance: with_python_operator.greet 2022-10-28T07:05:00+00:00 [running]> on host abe4c4997ef7
[2023-03-01 12:34:13,472] {taskinstance.py:1283} INFO - Exporting the following env vars:
AIRFLOW_CTX_DAG_OWNER=dataheroes
AIRFLOW_CTX_DAG_ID=with_python_operator
AIRFLOW_CTX_TASK_ID=greet
AIRFLOW_CTX_EXECUTION_DATE=2022-10-28T07:05:00+00:00
AIRFLOW_CTX_DAG_RUN_ID=scheduled__2022-10-28T07:05:00+00:00
[2023-03-01 12:34:13,481] {logging_mixin.py:104} INFO - some dict:  {'a': 1, 'b': 2}
[2023-03-01 12:34:13,715] {logging_mixin.py:104} INFO - Hello World! My name is Reza Primasatya, and I am 17 years old!
[2023-03-01 12:34:13,716] {python.py:118} INFO - Done. Returned value was: None
[2023-03-01 12:34:13,820] {taskinstance.py:1192} INFO - Marking task as SUCCESS. dag_id=with_python_operator, task_id=greet, execution_date=20221028T070500, start_date=20230301T123411, end_date=20230301T123413
[2023-03-01 12:34:14,102] {taskinstance.py:1246} INFO - 0 downstream tasks scheduled from follow-on schedule check
[2023-03-01 12:34:14,384] {local_task_job.py:146} INFO - Task exited with return code 0
