[2023-03-01 12:36:16,576] {taskinstance.py:877} INFO - Dependencies all met for <TaskInstance: with_python_operator.get_name 2022-10-30T22:05:00+00:00 [queued]>
[2023-03-01 12:36:16,824] {taskinstance.py:877} INFO - Dependencies all met for <TaskInstance: with_python_operator.get_name 2022-10-30T22:05:00+00:00 [queued]>
[2023-03-01 12:36:16,829] {taskinstance.py:1068} INFO - 
--------------------------------------------------------------------------------
[2023-03-01 12:36:16,830] {taskinstance.py:1069} INFO - Starting attempt 1 of 2
[2023-03-01 12:36:16,831] {taskinstance.py:1070} INFO - 
--------------------------------------------------------------------------------
[2023-03-01 12:36:16,931] {taskinstance.py:1089} INFO - Executing <Task(PythonOperator): get_name> on 2022-10-30T22:05:00+00:00
[2023-03-01 12:36:16,941] {standard_task_runner.py:52} INFO - Started process 9275 to run task
[2023-03-01 12:36:16,983] {standard_task_runner.py:76} INFO - Running: ['airflow', 'tasks', 'run', 'with_python_operator', 'get_name', '2022-10-30T22:05:00+00:00', '--job-id', '2110', '--pool', 'default_pool', '--raw', '--subdir', 'DAGS_FOLDER/02_python_operator.py', '--cfg-path', '/tmp/tmpnvtzcj37', '--error-file', '/tmp/tmpnlec867c']
[2023-03-01 12:36:16,990] {standard_task_runner.py:77} INFO - Job 2110: Subtask get_name
[2023-03-01 12:36:17,448] {logging_mixin.py:104} INFO - Running <TaskInstance: with_python_operator.get_name 2022-10-30T22:05:00+00:00 [running]> on host abe4c4997ef7
[2023-03-01 12:36:17,854] {taskinstance.py:1283} INFO - Exporting the following env vars:
AIRFLOW_CTX_DAG_OWNER=dataheroes
AIRFLOW_CTX_DAG_ID=with_python_operator
AIRFLOW_CTX_TASK_ID=get_name
AIRFLOW_CTX_EXECUTION_DATE=2022-10-30T22:05:00+00:00
AIRFLOW_CTX_DAG_RUN_ID=scheduled__2022-10-30T22:05:00+00:00
[2023-03-01 12:36:18,112] {python.py:118} INFO - Done. Returned value was: None
[2023-03-01 12:36:18,326] {taskinstance.py:1192} INFO - Marking task as SUCCESS. dag_id=with_python_operator, task_id=get_name, execution_date=20221030T220500, start_date=20230301T123616, end_date=20230301T123618
[2023-03-01 12:36:18,863] {taskinstance.py:1246} INFO - 0 downstream tasks scheduled from follow-on schedule check
[2023-03-01 12:36:18,959] {local_task_job.py:146} INFO - Task exited with return code 0
