[2023-03-01 13:03:23,778] {taskinstance.py:877} INFO - Dependencies all met for <TaskInstance: with_python_operator.get_name 2022-12-01T04:05:00+00:00 [queued]>
[2023-03-01 13:03:24,024] {taskinstance.py:877} INFO - Dependencies all met for <TaskInstance: with_python_operator.get_name 2022-12-01T04:05:00+00:00 [queued]>
[2023-03-01 13:03:24,026] {taskinstance.py:1068} INFO - 
--------------------------------------------------------------------------------
[2023-03-01 13:03:24,027] {taskinstance.py:1069} INFO - Starting attempt 1 of 2
[2023-03-01 13:03:24,028] {taskinstance.py:1070} INFO - 
--------------------------------------------------------------------------------
[2023-03-01 13:03:24,231] {taskinstance.py:1089} INFO - Executing <Task(PythonOperator): get_name> on 2022-12-01T04:05:00+00:00
[2023-03-01 13:03:24,285] {standard_task_runner.py:76} INFO - Running: ['airflow', 'tasks', 'run', 'with_python_operator', 'get_name', '2022-12-01T04:05:00+00:00', '--job-id', '4366', '--pool', 'default_pool', '--raw', '--subdir', 'DAGS_FOLDER/02_python_operator.py', '--cfg-path', '/tmp/tmpqmbw4zl8', '--error-file', '/tmp/tmpxiqehaln']
[2023-03-01 13:03:24,288] {standard_task_runner.py:77} INFO - Job 4366: Subtask get_name
[2023-03-01 13:03:24,261] {standard_task_runner.py:52} INFO - Started process 18321 to run task
[2023-03-01 13:03:24,962] {logging_mixin.py:104} INFO - Running <TaskInstance: with_python_operator.get_name 2022-12-01T04:05:00+00:00 [running]> on host abe4c4997ef7
[2023-03-01 13:03:25,316] {taskinstance.py:1283} INFO - Exporting the following env vars:
AIRFLOW_CTX_DAG_OWNER=dataheroes
AIRFLOW_CTX_DAG_ID=with_python_operator
AIRFLOW_CTX_TASK_ID=get_name
AIRFLOW_CTX_EXECUTION_DATE=2022-12-01T04:05:00+00:00
AIRFLOW_CTX_DAG_RUN_ID=scheduled__2022-12-01T04:05:00+00:00
[2023-03-01 13:03:25,444] {python.py:118} INFO - Done. Returned value was: None
[2023-03-01 13:03:25,549] {taskinstance.py:1192} INFO - Marking task as SUCCESS. dag_id=with_python_operator, task_id=get_name, execution_date=20221201T040500, start_date=20230301T130323, end_date=20230301T130325
[2023-03-01 13:03:26,384] {taskinstance.py:1246} INFO - 0 downstream tasks scheduled from follow-on schedule check
[2023-03-01 13:03:26,513] {local_task_job.py:146} INFO - Task exited with return code 0
