[2023-03-01 13:28:37,451] {taskinstance.py:877} INFO - Dependencies all met for <TaskInstance: postgres_operator.insert_into_table 2022-01-18T00:00:00+00:00 [queued]>
[2023-03-01 13:28:37,565] {taskinstance.py:877} INFO - Dependencies all met for <TaskInstance: postgres_operator.insert_into_table 2022-01-18T00:00:00+00:00 [queued]>
[2023-03-01 13:28:37,567] {taskinstance.py:1068} INFO - 
--------------------------------------------------------------------------------
[2023-03-01 13:28:37,569] {taskinstance.py:1069} INFO - Starting attempt 1 of 6
[2023-03-01 13:28:37,570] {taskinstance.py:1070} INFO - 
--------------------------------------------------------------------------------
[2023-03-01 13:28:37,615] {taskinstance.py:1089} INFO - Executing <Task(PostgresOperator): insert_into_table> on 2022-01-18T00:00:00+00:00
[2023-03-01 13:28:37,622] {standard_task_runner.py:52} INFO - Started process 23185 to run task
[2023-03-01 13:28:37,644] {standard_task_runner.py:76} INFO - Running: ['airflow', 'tasks', 'run', 'postgres_operator', 'insert_into_table', '2022-01-18T00:00:00+00:00', '--job-id', '5587', '--pool', 'default_pool', '--raw', '--subdir', 'DAGS_FOLDER/06_postgres_operator.py', '--cfg-path', '/tmp/tmp0m1cyy_e', '--error-file', '/tmp/tmpees_qdc3']
[2023-03-01 13:28:37,645] {standard_task_runner.py:77} INFO - Job 5587: Subtask insert_into_table
[2023-03-01 13:28:37,824] {logging_mixin.py:104} INFO - Running <TaskInstance: postgres_operator.insert_into_table 2022-01-18T00:00:00+00:00 [running]> on host abe4c4997ef7
[2023-03-01 13:28:38,010] {taskinstance.py:1283} INFO - Exporting the following env vars:
AIRFLOW_CTX_DAG_OWNER=dataheroes
AIRFLOW_CTX_DAG_ID=postgres_operator
AIRFLOW_CTX_TASK_ID=insert_into_table
AIRFLOW_CTX_EXECUTION_DATE=2022-01-18T00:00:00+00:00
AIRFLOW_CTX_DAG_RUN_ID=scheduled__2022-01-18T00:00:00+00:00
[2023-03-01 13:28:38,013] {postgres.py:69} INFO - Executing: 
            insert into fellowship_member(name,age,address) values ( 'Reza', 17, 'DPS')
        
[2023-03-01 13:28:38,072] {base.py:78} INFO - Using connection to: id: fellowship_postgres. Host: 192.168.32.3, Port: 5432, Schema: fellowship9, Login: airflow, Password: XXXXXXXX, extra: None
[2023-03-01 13:28:38,086] {dbapi.py:180} INFO - Running statement: 
            insert into fellowship_member(name,age,address) values ( 'Reza', 17, 'DPS')
        , parameters: None
[2023-03-01 13:28:38,088] {dbapi.py:186} INFO - Rows affected: 1
[2023-03-01 13:28:38,137] {taskinstance.py:1192} INFO - Marking task as SUCCESS. dag_id=postgres_operator, task_id=insert_into_table, execution_date=20220118T000000, start_date=20230301T132837, end_date=20230301T132838
[2023-03-01 13:28:38,945] {taskinstance.py:1246} INFO - 0 downstream tasks scheduled from follow-on schedule check
[2023-03-01 13:28:39,031] {local_task_job.py:146} INFO - Task exited with return code 0
