[2023-03-01 12:43:44,470] {taskinstance.py:877} INFO - Dependencies all met for <TaskInstance: with_python_operator.get_name 2022-11-08T07:05:00+00:00 [queued]>
[2023-03-01 12:43:44,720] {taskinstance.py:877} INFO - Dependencies all met for <TaskInstance: with_python_operator.get_name 2022-11-08T07:05:00+00:00 [queued]>
[2023-03-01 12:43:44,723] {taskinstance.py:1068} INFO - 
--------------------------------------------------------------------------------
[2023-03-01 12:43:44,727] {taskinstance.py:1069} INFO - Starting attempt 1 of 2
[2023-03-01 12:43:44,755] {taskinstance.py:1070} INFO - 
--------------------------------------------------------------------------------
[2023-03-01 12:43:44,979] {taskinstance.py:1089} INFO - Executing <Task(PythonOperator): get_name> on 2022-11-08T07:05:00+00:00
[2023-03-01 12:43:45,055] {standard_task_runner.py:76} INFO - Running: ['airflow', 'tasks', 'run', 'with_python_operator', 'get_name', '2022-11-08T07:05:00+00:00', '--job-id', '2715', '--pool', 'default_pool', '--raw', '--subdir', 'DAGS_FOLDER/02_python_operator.py', '--cfg-path', '/tmp/tmpex3hn3ro', '--error-file', '/tmp/tmpmjlf8k_g']
[2023-03-01 12:43:45,063] {standard_task_runner.py:77} INFO - Job 2715: Subtask get_name
[2023-03-01 12:43:45,022] {standard_task_runner.py:52} INFO - Started process 11695 to run task
[2023-03-01 12:43:45,494] {logging_mixin.py:104} INFO - Running <TaskInstance: with_python_operator.get_name 2022-11-08T07:05:00+00:00 [running]> on host abe4c4997ef7
[2023-03-01 12:43:45,865] {taskinstance.py:1283} INFO - Exporting the following env vars:
AIRFLOW_CTX_DAG_OWNER=dataheroes
AIRFLOW_CTX_DAG_ID=with_python_operator
AIRFLOW_CTX_TASK_ID=get_name
AIRFLOW_CTX_EXECUTION_DATE=2022-11-08T07:05:00+00:00
AIRFLOW_CTX_DAG_RUN_ID=scheduled__2022-11-08T07:05:00+00:00
[2023-03-01 12:43:46,145] {python.py:118} INFO - Done. Returned value was: None
[2023-03-01 12:43:46,259] {taskinstance.py:1192} INFO - Marking task as SUCCESS. dag_id=with_python_operator, task_id=get_name, execution_date=20221108T070500, start_date=20230301T124344, end_date=20230301T124346
[2023-03-01 12:43:46,654] {taskinstance.py:1246} INFO - 1 downstream tasks scheduled from follow-on schedule check
[2023-03-01 12:43:46,843] {local_task_job.py:146} INFO - Task exited with return code 0
