[2023-03-01 13:02:19,694] {taskinstance.py:877} INFO - Dependencies all met for <TaskInstance: with_python_operator.get_name 2022-11-29T14:05:00+00:00 [queued]>
[2023-03-01 13:02:19,930] {taskinstance.py:877} INFO - Dependencies all met for <TaskInstance: with_python_operator.get_name 2022-11-29T14:05:00+00:00 [queued]>
[2023-03-01 13:02:19,940] {taskinstance.py:1068} INFO - 
--------------------------------------------------------------------------------
[2023-03-01 13:02:19,946] {taskinstance.py:1069} INFO - Starting attempt 1 of 2
[2023-03-01 13:02:19,947] {taskinstance.py:1070} INFO - 
--------------------------------------------------------------------------------
[2023-03-01 13:02:20,078] {taskinstance.py:1089} INFO - Executing <Task(PythonOperator): get_name> on 2022-11-29T14:05:00+00:00
[2023-03-01 13:02:20,115] {standard_task_runner.py:52} INFO - Started process 17844 to run task
[2023-03-01 13:02:20,175] {standard_task_runner.py:76} INFO - Running: ['airflow', 'tasks', 'run', 'with_python_operator', 'get_name', '2022-11-29T14:05:00+00:00', '--job-id', '4249', '--pool', 'default_pool', '--raw', '--subdir', 'DAGS_FOLDER/02_python_operator.py', '--cfg-path', '/tmp/tmp3b4y_ni1', '--error-file', '/tmp/tmpon1n5avz']
[2023-03-01 13:02:20,189] {standard_task_runner.py:77} INFO - Job 4249: Subtask get_name
[2023-03-01 13:02:21,026] {logging_mixin.py:104} INFO - Running <TaskInstance: with_python_operator.get_name 2022-11-29T14:05:00+00:00 [running]> on host abe4c4997ef7
[2023-03-01 13:02:21,642] {taskinstance.py:1283} INFO - Exporting the following env vars:
AIRFLOW_CTX_DAG_OWNER=dataheroes
AIRFLOW_CTX_DAG_ID=with_python_operator
AIRFLOW_CTX_TASK_ID=get_name
AIRFLOW_CTX_EXECUTION_DATE=2022-11-29T14:05:00+00:00
AIRFLOW_CTX_DAG_RUN_ID=scheduled__2022-11-29T14:05:00+00:00
[2023-03-01 13:02:21,838] {python.py:118} INFO - Done. Returned value was: None
[2023-03-01 13:02:21,938] {taskinstance.py:1192} INFO - Marking task as SUCCESS. dag_id=with_python_operator, task_id=get_name, execution_date=20221129T140500, start_date=20230301T130219, end_date=20230301T130221
[2023-03-01 13:02:22,663] {taskinstance.py:1246} INFO - 0 downstream tasks scheduled from follow-on schedule check
[2023-03-01 13:02:22,754] {local_task_job.py:146} INFO - Task exited with return code 0
