[2023-03-01 12:16:32,064] {taskinstance.py:877} INFO - Dependencies all met for <TaskInstance: with_python_operator.greet 2022-10-09T22:05:00+00:00 [queued]>
[2023-03-01 12:16:32,196] {taskinstance.py:877} INFO - Dependencies all met for <TaskInstance: with_python_operator.greet 2022-10-09T22:05:00+00:00 [queued]>
[2023-03-01 12:16:32,197] {taskinstance.py:1068} INFO - 
--------------------------------------------------------------------------------
[2023-03-01 12:16:32,198] {taskinstance.py:1069} INFO - Starting attempt 1 of 2
[2023-03-01 12:16:32,199] {taskinstance.py:1070} INFO - 
--------------------------------------------------------------------------------
[2023-03-01 12:16:32,313] {taskinstance.py:1089} INFO - Executing <Task(PythonOperator): greet> on 2022-10-09T22:05:00+00:00
[2023-03-01 12:16:32,332] {standard_task_runner.py:52} INFO - Started process 3043 to run task
[2023-03-01 12:16:32,371] {standard_task_runner.py:76} INFO - Running: ['airflow', 'tasks', 'run', 'with_python_operator', 'greet', '2022-10-09T22:05:00+00:00', '--job-id', '578', '--pool', 'default_pool', '--raw', '--subdir', 'DAGS_FOLDER/02_python_operator.py', '--cfg-path', '/tmp/tmp2aipxubq', '--error-file', '/tmp/tmpcv3qy5ow']
[2023-03-01 12:16:32,375] {standard_task_runner.py:77} INFO - Job 578: Subtask greet
[2023-03-01 12:16:32,563] {logging_mixin.py:104} INFO - Running <TaskInstance: with_python_operator.greet 2022-10-09T22:05:00+00:00 [running]> on host abe4c4997ef7
[2023-03-01 12:16:32,842] {taskinstance.py:1283} INFO - Exporting the following env vars:
AIRFLOW_CTX_DAG_OWNER=dataheroes
AIRFLOW_CTX_DAG_ID=with_python_operator
AIRFLOW_CTX_TASK_ID=greet
AIRFLOW_CTX_EXECUTION_DATE=2022-10-09T22:05:00+00:00
AIRFLOW_CTX_DAG_RUN_ID=scheduled__2022-10-09T22:05:00+00:00
[2023-03-01 12:16:32,846] {logging_mixin.py:104} INFO - some dict:  {'a': 1, 'b': 2}
[2023-03-01 12:16:32,937] {logging_mixin.py:104} INFO - Hello World! My name is Reza Primasatya, and I am 17 years old!
[2023-03-01 12:16:32,939] {python.py:118} INFO - Done. Returned value was: None
[2023-03-01 12:16:33,003] {taskinstance.py:1192} INFO - Marking task as SUCCESS. dag_id=with_python_operator, task_id=greet, execution_date=20221009T220500, start_date=20230301T121632, end_date=20230301T121633
[2023-03-01 12:16:33,662] {taskinstance.py:1246} INFO - 0 downstream tasks scheduled from follow-on schedule check
[2023-03-01 12:16:33,716] {local_task_job.py:146} INFO - Task exited with return code 0
