[2023-03-01 12:17:31,144] {taskinstance.py:877} INFO - Dependencies all met for <TaskInstance: with_python_operator.get_age 2022-10-11T05:05:00+00:00 [queued]>
[2023-03-01 12:17:31,458] {taskinstance.py:877} INFO - Dependencies all met for <TaskInstance: with_python_operator.get_age 2022-10-11T05:05:00+00:00 [queued]>
[2023-03-01 12:17:31,465] {taskinstance.py:1068} INFO - 
--------------------------------------------------------------------------------
[2023-03-01 12:17:31,466] {taskinstance.py:1069} INFO - Starting attempt 1 of 2
[2023-03-01 12:17:31,467] {taskinstance.py:1070} INFO - 
--------------------------------------------------------------------------------
[2023-03-01 12:17:31,719] {taskinstance.py:1089} INFO - Executing <Task(PythonOperator): get_age> on 2022-10-11T05:05:00+00:00
[2023-03-01 12:17:31,790] {standard_task_runner.py:52} INFO - Started process 3485 to run task
[2023-03-01 12:17:31,901] {standard_task_runner.py:76} INFO - Running: ['airflow', 'tasks', 'run', 'with_python_operator', 'get_age', '2022-10-11T05:05:00+00:00', '--job-id', '675', '--pool', 'default_pool', '--raw', '--subdir', 'DAGS_FOLDER/02_python_operator.py', '--cfg-path', '/tmp/tmp8_1dmol1', '--error-file', '/tmp/tmp6stpmgcd']
[2023-03-01 12:17:31,914] {standard_task_runner.py:77} INFO - Job 675: Subtask get_age
[2023-03-01 12:17:32,779] {logging_mixin.py:104} INFO - Running <TaskInstance: with_python_operator.get_age 2022-10-11T05:05:00+00:00 [running]> on host abe4c4997ef7
[2023-03-01 12:17:33,506] {taskinstance.py:1283} INFO - Exporting the following env vars:
AIRFLOW_CTX_DAG_OWNER=dataheroes
AIRFLOW_CTX_DAG_ID=with_python_operator
AIRFLOW_CTX_TASK_ID=get_age
AIRFLOW_CTX_EXECUTION_DATE=2022-10-11T05:05:00+00:00
AIRFLOW_CTX_DAG_RUN_ID=scheduled__2022-10-11T05:05:00+00:00
[2023-03-01 12:17:33,695] {python.py:118} INFO - Done. Returned value was: None
[2023-03-01 12:17:33,823] {taskinstance.py:1192} INFO - Marking task as SUCCESS. dag_id=with_python_operator, task_id=get_age, execution_date=20221011T050500, start_date=20230301T121731, end_date=20230301T121733
[2023-03-01 12:17:34,412] {taskinstance.py:1246} INFO - 0 downstream tasks scheduled from follow-on schedule check
[2023-03-01 12:17:34,586] {local_task_job.py:146} INFO - Task exited with return code 0
