[2023-03-01 12:56:51,805] {taskinstance.py:877} INFO - Dependencies all met for <TaskInstance: with_python_operator.get_age 2022-11-23T07:05:00+00:00 [queued]>
[2023-03-01 12:56:52,007] {taskinstance.py:877} INFO - Dependencies all met for <TaskInstance: with_python_operator.get_age 2022-11-23T07:05:00+00:00 [queued]>
[2023-03-01 12:56:52,021] {taskinstance.py:1068} INFO - 
--------------------------------------------------------------------------------
[2023-03-01 12:56:52,023] {taskinstance.py:1069} INFO - Starting attempt 1 of 2
[2023-03-01 12:56:52,023] {taskinstance.py:1070} INFO - 
--------------------------------------------------------------------------------
[2023-03-01 12:56:52,134] {taskinstance.py:1089} INFO - Executing <Task(PythonOperator): get_age> on 2022-11-23T07:05:00+00:00
[2023-03-01 12:56:52,155] {standard_task_runner.py:52} INFO - Started process 16005 to run task
[2023-03-01 12:56:52,188] {standard_task_runner.py:76} INFO - Running: ['airflow', 'tasks', 'run', 'with_python_operator', 'get_age', '2022-11-23T07:05:00+00:00', '--job-id', '3794', '--pool', 'default_pool', '--raw', '--subdir', 'DAGS_FOLDER/02_python_operator.py', '--cfg-path', '/tmp/tmp08w261ls', '--error-file', '/tmp/tmpaw8t0kzr']
[2023-03-01 12:56:52,195] {standard_task_runner.py:77} INFO - Job 3794: Subtask get_age
[2023-03-01 12:56:52,797] {logging_mixin.py:104} INFO - Running <TaskInstance: with_python_operator.get_age 2022-11-23T07:05:00+00:00 [running]> on host abe4c4997ef7
[2023-03-01 12:56:53,176] {taskinstance.py:1283} INFO - Exporting the following env vars:
AIRFLOW_CTX_DAG_OWNER=dataheroes
AIRFLOW_CTX_DAG_ID=with_python_operator
AIRFLOW_CTX_TASK_ID=get_age
AIRFLOW_CTX_EXECUTION_DATE=2022-11-23T07:05:00+00:00
AIRFLOW_CTX_DAG_RUN_ID=scheduled__2022-11-23T07:05:00+00:00
[2023-03-01 12:56:53,328] {python.py:118} INFO - Done. Returned value was: None
[2023-03-01 12:56:53,456] {taskinstance.py:1192} INFO - Marking task as SUCCESS. dag_id=with_python_operator, task_id=get_age, execution_date=20221123T070500, start_date=20230301T125651, end_date=20230301T125653
[2023-03-01 12:56:54,078] {taskinstance.py:1246} INFO - 0 downstream tasks scheduled from follow-on schedule check
[2023-03-01 12:56:54,288] {local_task_job.py:146} INFO - Task exited with return code 0
