[2023-03-01 12:38:16,336] {taskinstance.py:877} INFO - Dependencies all met for <TaskInstance: with_python_operator.get_name 2022-11-02T06:05:00+00:00 [queued]>
[2023-03-01 12:38:16,678] {taskinstance.py:877} INFO - Dependencies all met for <TaskInstance: with_python_operator.get_name 2022-11-02T06:05:00+00:00 [queued]>
[2023-03-01 12:38:16,693] {taskinstance.py:1068} INFO - 
--------------------------------------------------------------------------------
[2023-03-01 12:38:16,695] {taskinstance.py:1069} INFO - Starting attempt 1 of 2
[2023-03-01 12:38:16,697] {taskinstance.py:1070} INFO - 
--------------------------------------------------------------------------------
[2023-03-01 12:38:16,978] {taskinstance.py:1089} INFO - Executing <Task(PythonOperator): get_name> on 2022-11-02T06:05:00+00:00
[2023-03-01 12:38:17,118] {standard_task_runner.py:76} INFO - Running: ['airflow', 'tasks', 'run', 'with_python_operator', 'get_name', '2022-11-02T06:05:00+00:00', '--job-id', '2280', '--pool', 'default_pool', '--raw', '--subdir', 'DAGS_FOLDER/02_python_operator.py', '--cfg-path', '/tmp/tmpvkda5psu', '--error-file', '/tmp/tmpk0zc04z0']
[2023-03-01 12:38:17,124] {standard_task_runner.py:77} INFO - Job 2280: Subtask get_name
[2023-03-01 12:38:17,058] {standard_task_runner.py:52} INFO - Started process 9955 to run task
[2023-03-01 12:38:17,721] {logging_mixin.py:104} INFO - Running <TaskInstance: with_python_operator.get_name 2022-11-02T06:05:00+00:00 [running]> on host abe4c4997ef7
[2023-03-01 12:38:18,228] {taskinstance.py:1283} INFO - Exporting the following env vars:
AIRFLOW_CTX_DAG_OWNER=dataheroes
AIRFLOW_CTX_DAG_ID=with_python_operator
AIRFLOW_CTX_TASK_ID=get_name
AIRFLOW_CTX_EXECUTION_DATE=2022-11-02T06:05:00+00:00
AIRFLOW_CTX_DAG_RUN_ID=scheduled__2022-11-02T06:05:00+00:00
[2023-03-01 12:38:18,439] {python.py:118} INFO - Done. Returned value was: None
[2023-03-01 12:38:18,627] {taskinstance.py:1192} INFO - Marking task as SUCCESS. dag_id=with_python_operator, task_id=get_name, execution_date=20221102T060500, start_date=20230301T123816, end_date=20230301T123818
[2023-03-01 12:38:19,624] {taskinstance.py:1246} INFO - 0 downstream tasks scheduled from follow-on schedule check
[2023-03-01 12:38:19,783] {local_task_job.py:146} INFO - Task exited with return code 0
