[2023-03-01 13:07:09,075] {taskinstance.py:877} INFO - Dependencies all met for <TaskInstance: with_python_operator.get_name 2022-12-05T15:05:00+00:00 [queued]>
[2023-03-01 13:07:09,318] {taskinstance.py:877} INFO - Dependencies all met for <TaskInstance: with_python_operator.get_name 2022-12-05T15:05:00+00:00 [queued]>
[2023-03-01 13:07:09,319] {taskinstance.py:1068} INFO - 
--------------------------------------------------------------------------------
[2023-03-01 13:07:09,320] {taskinstance.py:1069} INFO - Starting attempt 1 of 2
[2023-03-01 13:07:09,321] {taskinstance.py:1070} INFO - 
--------------------------------------------------------------------------------
[2023-03-01 13:07:09,504] {taskinstance.py:1089} INFO - Executing <Task(PythonOperator): get_name> on 2022-12-05T15:05:00+00:00
[2023-03-01 13:07:09,567] {standard_task_runner.py:76} INFO - Running: ['airflow', 'tasks', 'run', 'with_python_operator', 'get_name', '2022-12-05T15:05:00+00:00', '--job-id', '4689', '--pool', 'default_pool', '--raw', '--subdir', 'DAGS_FOLDER/02_python_operator.py', '--cfg-path', '/tmp/tmp0lid3h_4', '--error-file', '/tmp/tmp7j6fvzm_']
[2023-03-01 13:07:09,579] {standard_task_runner.py:77} INFO - Job 4689: Subtask get_name
[2023-03-01 13:07:09,544] {standard_task_runner.py:52} INFO - Started process 19605 to run task
[2023-03-01 13:07:10,041] {logging_mixin.py:104} INFO - Running <TaskInstance: with_python_operator.get_name 2022-12-05T15:05:00+00:00 [running]> on host abe4c4997ef7
[2023-03-01 13:07:10,909] {taskinstance.py:1283} INFO - Exporting the following env vars:
AIRFLOW_CTX_DAG_OWNER=dataheroes
AIRFLOW_CTX_DAG_ID=with_python_operator
AIRFLOW_CTX_TASK_ID=get_name
AIRFLOW_CTX_EXECUTION_DATE=2022-12-05T15:05:00+00:00
AIRFLOW_CTX_DAG_RUN_ID=scheduled__2022-12-05T15:05:00+00:00
[2023-03-01 13:07:11,234] {python.py:118} INFO - Done. Returned value was: None
[2023-03-01 13:07:11,330] {taskinstance.py:1192} INFO - Marking task as SUCCESS. dag_id=with_python_operator, task_id=get_name, execution_date=20221205T150500, start_date=20230301T130709, end_date=20230301T130711
[2023-03-01 13:07:11,756] {taskinstance.py:1246} INFO - 0 downstream tasks scheduled from follow-on schedule check
[2023-03-01 13:07:11,861] {local_task_job.py:146} INFO - Task exited with return code 0
