[2023-03-01 12:24:00,771] {taskinstance.py:877} INFO - Dependencies all met for <TaskInstance: with_python_operator.get_age 2022-10-17T21:05:00+00:00 [queued]>
[2023-03-01 12:24:00,902] {taskinstance.py:877} INFO - Dependencies all met for <TaskInstance: with_python_operator.get_age 2022-10-17T21:05:00+00:00 [queued]>
[2023-03-01 12:24:00,904] {taskinstance.py:1068} INFO - 
--------------------------------------------------------------------------------
[2023-03-01 12:24:00,905] {taskinstance.py:1069} INFO - Starting attempt 1 of 2
[2023-03-01 12:24:00,906] {taskinstance.py:1070} INFO - 
--------------------------------------------------------------------------------
[2023-03-01 12:24:01,095] {taskinstance.py:1089} INFO - Executing <Task(PythonOperator): get_age> on 2022-10-17T21:05:00+00:00
[2023-03-01 12:24:01,125] {standard_task_runner.py:52} INFO - Started process 5503 to run task
[2023-03-01 12:24:01,178] {standard_task_runner.py:76} INFO - Running: ['airflow', 'tasks', 'run', 'with_python_operator', 'get_age', '2022-10-17T21:05:00+00:00', '--job-id', '1168', '--pool', 'default_pool', '--raw', '--subdir', 'DAGS_FOLDER/02_python_operator.py', '--cfg-path', '/tmp/tmp0xgd3xvu', '--error-file', '/tmp/tmpemn8h3gz']
[2023-03-01 12:24:01,205] {standard_task_runner.py:77} INFO - Job 1168: Subtask get_age
[2023-03-01 12:24:01,830] {logging_mixin.py:104} INFO - Running <TaskInstance: with_python_operator.get_age 2022-10-17T21:05:00+00:00 [running]> on host abe4c4997ef7
[2023-03-01 12:24:02,562] {taskinstance.py:1283} INFO - Exporting the following env vars:
AIRFLOW_CTX_DAG_OWNER=dataheroes
AIRFLOW_CTX_DAG_ID=with_python_operator
AIRFLOW_CTX_TASK_ID=get_age
AIRFLOW_CTX_EXECUTION_DATE=2022-10-17T21:05:00+00:00
AIRFLOW_CTX_DAG_RUN_ID=scheduled__2022-10-17T21:05:00+00:00
[2023-03-01 12:24:02,713] {python.py:118} INFO - Done. Returned value was: None
[2023-03-01 12:24:02,816] {taskinstance.py:1192} INFO - Marking task as SUCCESS. dag_id=with_python_operator, task_id=get_age, execution_date=20221017T210500, start_date=20230301T122400, end_date=20230301T122402
[2023-03-01 12:24:03,415] {taskinstance.py:1246} INFO - 0 downstream tasks scheduled from follow-on schedule check
[2023-03-01 12:24:03,614] {local_task_job.py:146} INFO - Task exited with return code 0
