[2023-03-01 12:25:40,082] {taskinstance.py:877} INFO - Dependencies all met for <TaskInstance: with_python_operator.greet 2022-10-19T06:05:00+00:00 [queued]>
[2023-03-01 12:25:40,236] {taskinstance.py:877} INFO - Dependencies all met for <TaskInstance: with_python_operator.greet 2022-10-19T06:05:00+00:00 [queued]>
[2023-03-01 12:25:40,242] {taskinstance.py:1068} INFO - 
--------------------------------------------------------------------------------
[2023-03-01 12:25:40,246] {taskinstance.py:1069} INFO - Starting attempt 1 of 2
[2023-03-01 12:25:40,247] {taskinstance.py:1070} INFO - 
--------------------------------------------------------------------------------
[2023-03-01 12:25:40,380] {taskinstance.py:1089} INFO - Executing <Task(PythonOperator): greet> on 2022-10-19T06:05:00+00:00
[2023-03-01 12:25:40,439] {standard_task_runner.py:76} INFO - Running: ['airflow', 'tasks', 'run', 'with_python_operator', 'greet', '2022-10-19T06:05:00+00:00', '--job-id', '1282', '--pool', 'default_pool', '--raw', '--subdir', 'DAGS_FOLDER/02_python_operator.py', '--cfg-path', '/tmp/tmpwllcfbft', '--error-file', '/tmp/tmpf9o6cdm6']
[2023-03-01 12:25:40,448] {standard_task_runner.py:77} INFO - Job 1282: Subtask greet
[2023-03-01 12:25:40,407] {standard_task_runner.py:52} INFO - Started process 5955 to run task
[2023-03-01 12:25:40,847] {logging_mixin.py:104} INFO - Running <TaskInstance: with_python_operator.greet 2022-10-19T06:05:00+00:00 [running]> on host abe4c4997ef7
[2023-03-01 12:25:41,193] {taskinstance.py:1283} INFO - Exporting the following env vars:
AIRFLOW_CTX_DAG_OWNER=dataheroes
AIRFLOW_CTX_DAG_ID=with_python_operator
AIRFLOW_CTX_TASK_ID=greet
AIRFLOW_CTX_EXECUTION_DATE=2022-10-19T06:05:00+00:00
AIRFLOW_CTX_DAG_RUN_ID=scheduled__2022-10-19T06:05:00+00:00
[2023-03-01 12:25:41,196] {logging_mixin.py:104} INFO - some dict:  {'a': 1, 'b': 2}
[2023-03-01 12:25:41,317] {logging_mixin.py:104} INFO - Hello World! My name is Reza Primasatya, and I am 17 years old!
[2023-03-01 12:25:41,320] {python.py:118} INFO - Done. Returned value was: None
[2023-03-01 12:25:41,370] {taskinstance.py:1192} INFO - Marking task as SUCCESS. dag_id=with_python_operator, task_id=greet, execution_date=20221019T060500, start_date=20230301T122540, end_date=20230301T122541
[2023-03-01 12:25:41,709] {taskinstance.py:1246} INFO - 0 downstream tasks scheduled from follow-on schedule check
[2023-03-01 12:25:41,803] {local_task_job.py:146} INFO - Task exited with return code 0
