[2023-03-01 12:19:26,459] {taskinstance.py:877} INFO - Dependencies all met for <TaskInstance: with_python_operator.get_name 2022-10-13T00:05:00+00:00 [queued]>
[2023-03-01 12:19:26,592] {taskinstance.py:877} INFO - Dependencies all met for <TaskInstance: with_python_operator.get_name 2022-10-13T00:05:00+00:00 [queued]>
[2023-03-01 12:19:26,597] {taskinstance.py:1068} INFO - 
--------------------------------------------------------------------------------
[2023-03-01 12:19:26,600] {taskinstance.py:1069} INFO - Starting attempt 1 of 2
[2023-03-01 12:19:26,601] {taskinstance.py:1070} INFO - 
--------------------------------------------------------------------------------
[2023-03-01 12:19:26,734] {taskinstance.py:1089} INFO - Executing <Task(PythonOperator): get_name> on 2022-10-13T00:05:00+00:00
[2023-03-01 12:19:26,775] {standard_task_runner.py:76} INFO - Running: ['airflow', 'tasks', 'run', 'with_python_operator', 'get_name', '2022-10-13T00:05:00+00:00', '--job-id', '824', '--pool', 'default_pool', '--raw', '--subdir', 'DAGS_FOLDER/02_python_operator.py', '--cfg-path', '/tmp/tmpi5iydg6i', '--error-file', '/tmp/tmp3l9y_ij5']
[2023-03-01 12:19:26,780] {standard_task_runner.py:77} INFO - Job 824: Subtask get_name
[2023-03-01 12:19:26,746] {standard_task_runner.py:52} INFO - Started process 4123 to run task
[2023-03-01 12:19:27,120] {logging_mixin.py:104} INFO - Running <TaskInstance: with_python_operator.get_name 2022-10-13T00:05:00+00:00 [running]> on host abe4c4997ef7
[2023-03-01 12:19:27,562] {taskinstance.py:1283} INFO - Exporting the following env vars:
AIRFLOW_CTX_DAG_OWNER=dataheroes
AIRFLOW_CTX_DAG_ID=with_python_operator
AIRFLOW_CTX_TASK_ID=get_name
AIRFLOW_CTX_EXECUTION_DATE=2022-10-13T00:05:00+00:00
AIRFLOW_CTX_DAG_RUN_ID=scheduled__2022-10-13T00:05:00+00:00
[2023-03-01 12:19:27,729] {python.py:118} INFO - Done. Returned value was: None
[2023-03-01 12:19:27,817] {taskinstance.py:1192} INFO - Marking task as SUCCESS. dag_id=with_python_operator, task_id=get_name, execution_date=20221013T000500, start_date=20230301T121926, end_date=20230301T121927
[2023-03-01 12:19:28,118] {taskinstance.py:1246} INFO - 1 downstream tasks scheduled from follow-on schedule check
[2023-03-01 12:19:28,209] {local_task_job.py:146} INFO - Task exited with return code 0
