[2023-03-01 13:05:27,373] {taskinstance.py:877} INFO - Dependencies all met for <TaskInstance: with_python_operator.get_name 2022-12-03T18:05:00+00:00 [queued]>
[2023-03-01 13:05:27,663] {taskinstance.py:877} INFO - Dependencies all met for <TaskInstance: with_python_operator.get_name 2022-12-03T18:05:00+00:00 [queued]>
[2023-03-01 13:05:27,680] {taskinstance.py:1068} INFO - 
--------------------------------------------------------------------------------
[2023-03-01 13:05:27,685] {taskinstance.py:1069} INFO - Starting attempt 1 of 2
[2023-03-01 13:05:27,687] {taskinstance.py:1070} INFO - 
--------------------------------------------------------------------------------
[2023-03-01 13:05:27,959] {taskinstance.py:1089} INFO - Executing <Task(PythonOperator): get_name> on 2022-12-03T18:05:00+00:00
[2023-03-01 13:05:27,982] {standard_task_runner.py:52} INFO - Started process 19067 to run task
[2023-03-01 13:05:28,071] {standard_task_runner.py:76} INFO - Running: ['airflow', 'tasks', 'run', 'with_python_operator', 'get_name', '2022-12-03T18:05:00+00:00', '--job-id', '4553', '--pool', 'default_pool', '--raw', '--subdir', 'DAGS_FOLDER/02_python_operator.py', '--cfg-path', '/tmp/tmpemlphv4s', '--error-file', '/tmp/tmp7u04m9ib']
[2023-03-01 13:05:28,083] {standard_task_runner.py:77} INFO - Job 4553: Subtask get_name
[2023-03-01 13:05:28,627] {logging_mixin.py:104} INFO - Running <TaskInstance: with_python_operator.get_name 2022-12-03T18:05:00+00:00 [running]> on host abe4c4997ef7
[2023-03-01 13:05:29,285] {taskinstance.py:1283} INFO - Exporting the following env vars:
AIRFLOW_CTX_DAG_OWNER=dataheroes
AIRFLOW_CTX_DAG_ID=with_python_operator
AIRFLOW_CTX_TASK_ID=get_name
AIRFLOW_CTX_EXECUTION_DATE=2022-12-03T18:05:00+00:00
AIRFLOW_CTX_DAG_RUN_ID=scheduled__2022-12-03T18:05:00+00:00
[2023-03-01 13:05:29,454] {python.py:118} INFO - Done. Returned value was: None
[2023-03-01 13:05:29,631] {taskinstance.py:1192} INFO - Marking task as SUCCESS. dag_id=with_python_operator, task_id=get_name, execution_date=20221203T180500, start_date=20230301T130527, end_date=20230301T130529
[2023-03-01 13:05:30,246] {taskinstance.py:1246} INFO - 1 downstream tasks scheduled from follow-on schedule check
[2023-03-01 13:05:30,365] {local_task_job.py:146} INFO - Task exited with return code 0
