[2023-03-01 12:55:03,568] {taskinstance.py:877} INFO - Dependencies all met for <TaskInstance: with_python_operator.get_name 2022-11-21T01:05:00+00:00 [queued]>
[2023-03-01 12:55:04,005] {taskinstance.py:877} INFO - Dependencies all met for <TaskInstance: with_python_operator.get_name 2022-11-21T01:05:00+00:00 [queued]>
[2023-03-01 12:55:04,018] {taskinstance.py:1068} INFO - 
--------------------------------------------------------------------------------
[2023-03-01 12:55:04,031] {taskinstance.py:1069} INFO - Starting attempt 1 of 2
[2023-03-01 12:55:04,036] {taskinstance.py:1070} INFO - 
--------------------------------------------------------------------------------
[2023-03-01 12:55:04,289] {taskinstance.py:1089} INFO - Executing <Task(PythonOperator): get_name> on 2022-11-21T01:05:00+00:00
[2023-03-01 12:55:04,347] {standard_task_runner.py:76} INFO - Running: ['airflow', 'tasks', 'run', 'with_python_operator', 'get_name', '2022-11-21T01:05:00+00:00', '--job-id', '3630', '--pool', 'default_pool', '--raw', '--subdir', 'DAGS_FOLDER/02_python_operator.py', '--cfg-path', '/tmp/tmp1xp5jsea', '--error-file', '/tmp/tmpytn2avj8']
[2023-03-01 12:55:04,349] {standard_task_runner.py:77} INFO - Job 3630: Subtask get_name
[2023-03-01 12:55:04,335] {standard_task_runner.py:52} INFO - Started process 15353 to run task
[2023-03-01 12:55:05,041] {logging_mixin.py:104} INFO - Running <TaskInstance: with_python_operator.get_name 2022-11-21T01:05:00+00:00 [running]> on host abe4c4997ef7
[2023-03-01 12:55:05,961] {taskinstance.py:1283} INFO - Exporting the following env vars:
AIRFLOW_CTX_DAG_OWNER=dataheroes
AIRFLOW_CTX_DAG_ID=with_python_operator
AIRFLOW_CTX_TASK_ID=get_name
AIRFLOW_CTX_EXECUTION_DATE=2022-11-21T01:05:00+00:00
AIRFLOW_CTX_DAG_RUN_ID=scheduled__2022-11-21T01:05:00+00:00
[2023-03-01 12:55:06,224] {python.py:118} INFO - Done. Returned value was: None
[2023-03-01 12:55:06,414] {taskinstance.py:1192} INFO - Marking task as SUCCESS. dag_id=with_python_operator, task_id=get_name, execution_date=20221121T010500, start_date=20230301T125503, end_date=20230301T125506
[2023-03-01 12:55:07,129] {taskinstance.py:1246} INFO - 1 downstream tasks scheduled from follow-on schedule check
[2023-03-01 12:55:07,163] {local_task_job.py:146} INFO - Task exited with return code 0
