[2023-03-01 12:14:57,520] {taskinstance.py:877} INFO - Dependencies all met for <TaskInstance: with_python_operator.get_age 2022-10-08T08:05:00+00:00 [queued]>
[2023-03-01 12:14:57,604] {taskinstance.py:877} INFO - Dependencies all met for <TaskInstance: with_python_operator.get_age 2022-10-08T08:05:00+00:00 [queued]>
[2023-03-01 12:14:57,607] {taskinstance.py:1068} INFO - 
--------------------------------------------------------------------------------
[2023-03-01 12:14:57,609] {taskinstance.py:1069} INFO - Starting attempt 1 of 2
[2023-03-01 12:14:57,610] {taskinstance.py:1070} INFO - 
--------------------------------------------------------------------------------
[2023-03-01 12:14:57,693] {taskinstance.py:1089} INFO - Executing <Task(PythonOperator): get_age> on 2022-10-08T08:05:00+00:00
[2023-03-01 12:14:57,704] {standard_task_runner.py:52} INFO - Started process 2384 to run task
[2023-03-01 12:14:57,737] {standard_task_runner.py:76} INFO - Running: ['airflow', 'tasks', 'run', 'with_python_operator', 'get_age', '2022-10-08T08:05:00+00:00', '--job-id', '431', '--pool', 'default_pool', '--raw', '--subdir', 'DAGS_FOLDER/02_python_operator.py', '--cfg-path', '/tmp/tmp6pr279cs', '--error-file', '/tmp/tmp8ahjlgoq']
[2023-03-01 12:14:57,739] {standard_task_runner.py:77} INFO - Job 431: Subtask get_age
[2023-03-01 12:14:58,044] {logging_mixin.py:104} INFO - Running <TaskInstance: with_python_operator.get_age 2022-10-08T08:05:00+00:00 [running]> on host abe4c4997ef7
[2023-03-01 12:14:58,345] {taskinstance.py:1283} INFO - Exporting the following env vars:
AIRFLOW_CTX_DAG_OWNER=dataheroes
AIRFLOW_CTX_DAG_ID=with_python_operator
AIRFLOW_CTX_TASK_ID=get_age
AIRFLOW_CTX_EXECUTION_DATE=2022-10-08T08:05:00+00:00
AIRFLOW_CTX_DAG_RUN_ID=scheduled__2022-10-08T08:05:00+00:00
[2023-03-01 12:14:58,386] {python.py:118} INFO - Done. Returned value was: None
[2023-03-01 12:14:58,457] {taskinstance.py:1192} INFO - Marking task as SUCCESS. dag_id=with_python_operator, task_id=get_age, execution_date=20221008T080500, start_date=20230301T121457, end_date=20230301T121458
[2023-03-01 12:14:58,693] {taskinstance.py:1246} INFO - 0 downstream tasks scheduled from follow-on schedule check
[2023-03-01 12:14:58,834] {local_task_job.py:146} INFO - Task exited with return code 0
