[2023-03-01 12:16:00,365] {taskinstance.py:877} INFO - Dependencies all met for <TaskInstance: with_python_operator.greet 2022-10-09T00:05:00+00:00 [queued]>
[2023-03-01 12:16:00,663] {taskinstance.py:877} INFO - Dependencies all met for <TaskInstance: with_python_operator.greet 2022-10-09T00:05:00+00:00 [queued]>
[2023-03-01 12:16:00,682] {taskinstance.py:1068} INFO - 
--------------------------------------------------------------------------------
[2023-03-01 12:16:00,683] {taskinstance.py:1069} INFO - Starting attempt 1 of 2
[2023-03-01 12:16:00,691] {taskinstance.py:1070} INFO - 
--------------------------------------------------------------------------------
[2023-03-01 12:16:00,995] {taskinstance.py:1089} INFO - Executing <Task(PythonOperator): greet> on 2022-10-09T00:05:00+00:00
[2023-03-01 12:16:01,062] {standard_task_runner.py:52} INFO - Started process 2886 to run task
[2023-03-01 12:16:01,277] {standard_task_runner.py:76} INFO - Running: ['airflow', 'tasks', 'run', 'with_python_operator', 'greet', '2022-10-09T00:05:00+00:00', '--job-id', '536', '--pool', 'default_pool', '--raw', '--subdir', 'DAGS_FOLDER/02_python_operator.py', '--cfg-path', '/tmp/tmp7192q9wh', '--error-file', '/tmp/tmpwknobr4t']
[2023-03-01 12:16:01,288] {standard_task_runner.py:77} INFO - Job 536: Subtask greet
[2023-03-01 12:16:02,339] {logging_mixin.py:104} INFO - Running <TaskInstance: with_python_operator.greet 2022-10-09T00:05:00+00:00 [running]> on host abe4c4997ef7
[2023-03-01 12:16:03,121] {taskinstance.py:1283} INFO - Exporting the following env vars:
AIRFLOW_CTX_DAG_OWNER=dataheroes
AIRFLOW_CTX_DAG_ID=with_python_operator
AIRFLOW_CTX_TASK_ID=greet
AIRFLOW_CTX_EXECUTION_DATE=2022-10-09T00:05:00+00:00
AIRFLOW_CTX_DAG_RUN_ID=scheduled__2022-10-09T00:05:00+00:00
[2023-03-01 12:16:03,163] {logging_mixin.py:104} INFO - some dict:  {'a': 1, 'b': 2}
[2023-03-01 12:16:03,727] {logging_mixin.py:104} INFO - Hello World! My name is Reza Primasatya, and I am 17 years old!
[2023-03-01 12:16:03,731] {python.py:118} INFO - Done. Returned value was: None
[2023-03-01 12:16:03,980] {taskinstance.py:1192} INFO - Marking task as SUCCESS. dag_id=with_python_operator, task_id=greet, execution_date=20221009T000500, start_date=20230301T121600, end_date=20230301T121603
[2023-03-01 12:16:04,315] {taskinstance.py:1246} INFO - 0 downstream tasks scheduled from follow-on schedule check
[2023-03-01 12:16:04,468] {local_task_job.py:146} INFO - Task exited with return code 0
