[2023-03-01 12:42:53,495] {taskinstance.py:877} INFO - Dependencies all met for <TaskInstance: with_python_operator.get_name 2022-11-07T14:05:00+00:00 [queued]>
[2023-03-01 12:42:53,729] {taskinstance.py:877} INFO - Dependencies all met for <TaskInstance: with_python_operator.get_name 2022-11-07T14:05:00+00:00 [queued]>
[2023-03-01 12:42:53,743] {taskinstance.py:1068} INFO - 
--------------------------------------------------------------------------------
[2023-03-01 12:42:53,746] {taskinstance.py:1069} INFO - Starting attempt 1 of 2
[2023-03-01 12:42:53,748] {taskinstance.py:1070} INFO - 
--------------------------------------------------------------------------------
[2023-03-01 12:42:53,939] {taskinstance.py:1089} INFO - Executing <Task(PythonOperator): get_name> on 2022-11-07T14:05:00+00:00
[2023-03-01 12:42:53,969] {standard_task_runner.py:52} INFO - Started process 11455 to run task
[2023-03-01 12:42:54,059] {standard_task_runner.py:76} INFO - Running: ['airflow', 'tasks', 'run', 'with_python_operator', 'get_name', '2022-11-07T14:05:00+00:00', '--job-id', '2656', '--pool', 'default_pool', '--raw', '--subdir', 'DAGS_FOLDER/02_python_operator.py', '--cfg-path', '/tmp/tmpn_2o3my3', '--error-file', '/tmp/tmpvl5mli33']
[2023-03-01 12:42:54,065] {standard_task_runner.py:77} INFO - Job 2656: Subtask get_name
[2023-03-01 12:42:54,849] {logging_mixin.py:104} INFO - Running <TaskInstance: with_python_operator.get_name 2022-11-07T14:05:00+00:00 [running]> on host abe4c4997ef7
[2023-03-01 12:42:55,429] {taskinstance.py:1283} INFO - Exporting the following env vars:
AIRFLOW_CTX_DAG_OWNER=dataheroes
AIRFLOW_CTX_DAG_ID=with_python_operator
AIRFLOW_CTX_TASK_ID=get_name
AIRFLOW_CTX_EXECUTION_DATE=2022-11-07T14:05:00+00:00
AIRFLOW_CTX_DAG_RUN_ID=scheduled__2022-11-07T14:05:00+00:00
[2023-03-01 12:42:55,767] {python.py:118} INFO - Done. Returned value was: None
[2023-03-01 12:42:56,000] {taskinstance.py:1192} INFO - Marking task as SUCCESS. dag_id=with_python_operator, task_id=get_name, execution_date=20221107T140500, start_date=20230301T124253, end_date=20230301T124255
[2023-03-01 12:42:56,471] {taskinstance.py:1246} INFO - 1 downstream tasks scheduled from follow-on schedule check
[2023-03-01 12:42:56,549] {local_task_job.py:146} INFO - Task exited with return code 0
