[2023-03-01 12:37:38,673] {taskinstance.py:877} INFO - Dependencies all met for <TaskInstance: with_python_operator.get_age 2022-11-01T13:05:00+00:00 [queued]>
[2023-03-01 12:37:38,805] {taskinstance.py:877} INFO - Dependencies all met for <TaskInstance: with_python_operator.get_age 2022-11-01T13:05:00+00:00 [queued]>
[2023-03-01 12:37:38,807] {taskinstance.py:1068} INFO - 
--------------------------------------------------------------------------------
[2023-03-01 12:37:38,814] {taskinstance.py:1069} INFO - Starting attempt 1 of 2
[2023-03-01 12:37:38,819] {taskinstance.py:1070} INFO - 
--------------------------------------------------------------------------------
[2023-03-01 12:37:39,015] {taskinstance.py:1089} INFO - Executing <Task(PythonOperator): get_age> on 2022-11-01T13:05:00+00:00
[2023-03-01 12:37:39,053] {standard_task_runner.py:52} INFO - Started process 9749 to run task
[2023-03-01 12:37:39,115] {standard_task_runner.py:76} INFO - Running: ['airflow', 'tasks', 'run', 'with_python_operator', 'get_age', '2022-11-01T13:05:00+00:00', '--job-id', '2229', '--pool', 'default_pool', '--raw', '--subdir', 'DAGS_FOLDER/02_python_operator.py', '--cfg-path', '/tmp/tmpm_ttpc4d', '--error-file', '/tmp/tmpetoihjwh']
[2023-03-01 12:37:39,126] {standard_task_runner.py:77} INFO - Job 2229: Subtask get_age
[2023-03-01 12:37:39,709] {logging_mixin.py:104} INFO - Running <TaskInstance: with_python_operator.get_age 2022-11-01T13:05:00+00:00 [running]> on host abe4c4997ef7
[2023-03-01 12:37:40,222] {taskinstance.py:1283} INFO - Exporting the following env vars:
AIRFLOW_CTX_DAG_OWNER=dataheroes
AIRFLOW_CTX_DAG_ID=with_python_operator
AIRFLOW_CTX_TASK_ID=get_age
AIRFLOW_CTX_EXECUTION_DATE=2022-11-01T13:05:00+00:00
AIRFLOW_CTX_DAG_RUN_ID=scheduled__2022-11-01T13:05:00+00:00
[2023-03-01 12:37:40,424] {python.py:118} INFO - Done. Returned value was: None
[2023-03-01 12:37:40,596] {taskinstance.py:1192} INFO - Marking task as SUCCESS. dag_id=with_python_operator, task_id=get_age, execution_date=20221101T130500, start_date=20230301T123738, end_date=20230301T123740
[2023-03-01 12:37:41,144] {taskinstance.py:1246} INFO - 1 downstream tasks scheduled from follow-on schedule check
[2023-03-01 12:37:41,269] {local_task_job.py:146} INFO - Task exited with return code 0
