[2023-03-01 13:12:31,786] {taskinstance.py:877} INFO - Dependencies all met for <TaskInstance: with_python_operator.get_age 2022-12-11T16:05:00+00:00 [queued]>
[2023-03-01 13:12:32,182] {taskinstance.py:877} INFO - Dependencies all met for <TaskInstance: with_python_operator.get_age 2022-12-11T16:05:00+00:00 [queued]>
[2023-03-01 13:12:32,185] {taskinstance.py:1068} INFO - 
--------------------------------------------------------------------------------
[2023-03-01 13:12:32,187] {taskinstance.py:1069} INFO - Starting attempt 1 of 2
[2023-03-01 13:12:32,188] {taskinstance.py:1070} INFO - 
--------------------------------------------------------------------------------
[2023-03-01 13:12:32,272] {taskinstance.py:1089} INFO - Executing <Task(PythonOperator): get_age> on 2022-12-11T16:05:00+00:00
[2023-03-01 13:12:32,290] {standard_task_runner.py:52} INFO - Started process 21335 to run task
[2023-03-01 13:12:32,378] {standard_task_runner.py:76} INFO - Running: ['airflow', 'tasks', 'run', 'with_python_operator', 'get_age', '2022-12-11T16:05:00+00:00', '--job-id', '5120', '--pool', 'default_pool', '--raw', '--subdir', 'DAGS_FOLDER/02_python_operator.py', '--cfg-path', '/tmp/tmp34_yw7ij', '--error-file', '/tmp/tmplrfog0f6']
[2023-03-01 13:12:32,390] {standard_task_runner.py:77} INFO - Job 5120: Subtask get_age
[2023-03-01 13:12:33,113] {logging_mixin.py:104} INFO - Running <TaskInstance: with_python_operator.get_age 2022-12-11T16:05:00+00:00 [running]> on host abe4c4997ef7
[2023-03-01 13:12:33,606] {taskinstance.py:1283} INFO - Exporting the following env vars:
AIRFLOW_CTX_DAG_OWNER=dataheroes
AIRFLOW_CTX_DAG_ID=with_python_operator
AIRFLOW_CTX_TASK_ID=get_age
AIRFLOW_CTX_EXECUTION_DATE=2022-12-11T16:05:00+00:00
AIRFLOW_CTX_DAG_RUN_ID=scheduled__2022-12-11T16:05:00+00:00
[2023-03-01 13:12:33,719] {python.py:118} INFO - Done. Returned value was: None
[2023-03-01 13:12:33,791] {taskinstance.py:1192} INFO - Marking task as SUCCESS. dag_id=with_python_operator, task_id=get_age, execution_date=20221211T160500, start_date=20230301T131231, end_date=20230301T131233
[2023-03-01 13:12:34,152] {taskinstance.py:1246} INFO - 0 downstream tasks scheduled from follow-on schedule check
[2023-03-01 13:12:34,338] {local_task_job.py:146} INFO - Task exited with return code 0
