[2023-03-01 12:21:51,090] {taskinstance.py:877} INFO - Dependencies all met for <TaskInstance: with_python_operator.get_age 2022-10-15T17:05:00+00:00 [queued]>
[2023-03-01 12:21:51,289] {taskinstance.py:877} INFO - Dependencies all met for <TaskInstance: with_python_operator.get_age 2022-10-15T17:05:00+00:00 [queued]>
[2023-03-01 12:21:51,291] {taskinstance.py:1068} INFO - 
--------------------------------------------------------------------------------
[2023-03-01 12:21:51,292] {taskinstance.py:1069} INFO - Starting attempt 1 of 2
[2023-03-01 12:21:51,292] {taskinstance.py:1070} INFO - 
--------------------------------------------------------------------------------
[2023-03-01 12:21:51,496] {taskinstance.py:1089} INFO - Executing <Task(PythonOperator): get_age> on 2022-10-15T17:05:00+00:00
[2023-03-01 12:21:51,535] {standard_task_runner.py:52} INFO - Started process 4897 to run task
[2023-03-01 12:21:51,615] {standard_task_runner.py:76} INFO - Running: ['airflow', 'tasks', 'run', 'with_python_operator', 'get_age', '2022-10-15T17:05:00+00:00', '--job-id', '1015', '--pool', 'default_pool', '--raw', '--subdir', 'DAGS_FOLDER/02_python_operator.py', '--cfg-path', '/tmp/tmp4vfb9qy4', '--error-file', '/tmp/tmp91lujwc8']
[2023-03-01 12:21:51,629] {standard_task_runner.py:77} INFO - Job 1015: Subtask get_age
[2023-03-01 12:21:52,259] {logging_mixin.py:104} INFO - Running <TaskInstance: with_python_operator.get_age 2022-10-15T17:05:00+00:00 [running]> on host abe4c4997ef7
[2023-03-01 12:21:53,132] {taskinstance.py:1283} INFO - Exporting the following env vars:
AIRFLOW_CTX_DAG_OWNER=dataheroes
AIRFLOW_CTX_DAG_ID=with_python_operator
AIRFLOW_CTX_TASK_ID=get_age
AIRFLOW_CTX_EXECUTION_DATE=2022-10-15T17:05:00+00:00
AIRFLOW_CTX_DAG_RUN_ID=scheduled__2022-10-15T17:05:00+00:00
[2023-03-01 12:21:53,218] {python.py:118} INFO - Done. Returned value was: None
[2023-03-01 12:21:53,321] {taskinstance.py:1192} INFO - Marking task as SUCCESS. dag_id=with_python_operator, task_id=get_age, execution_date=20221015T170500, start_date=20230301T122151, end_date=20230301T122153
[2023-03-01 12:21:53,949] {taskinstance.py:1246} INFO - 1 downstream tasks scheduled from follow-on schedule check
[2023-03-01 12:21:54,065] {local_task_job.py:146} INFO - Task exited with return code 0
