[2023-03-01 12:57:43,908] {taskinstance.py:877} INFO - Dependencies all met for <TaskInstance: with_python_operator.get_age 2022-11-24T05:05:00+00:00 [queued]>
[2023-03-01 12:57:43,957] {taskinstance.py:877} INFO - Dependencies all met for <TaskInstance: with_python_operator.get_age 2022-11-24T05:05:00+00:00 [queued]>
[2023-03-01 12:57:43,958] {taskinstance.py:1068} INFO - 
--------------------------------------------------------------------------------
[2023-03-01 12:57:43,961] {taskinstance.py:1069} INFO - Starting attempt 1 of 2
[2023-03-01 12:57:43,962] {taskinstance.py:1070} INFO - 
--------------------------------------------------------------------------------
[2023-03-01 12:57:44,022] {taskinstance.py:1089} INFO - Executing <Task(PythonOperator): get_age> on 2022-11-24T05:05:00+00:00
[2023-03-01 12:57:44,037] {standard_task_runner.py:76} INFO - Running: ['airflow', 'tasks', 'run', 'with_python_operator', 'get_age', '2022-11-24T05:05:00+00:00', '--job-id', '3863', '--pool', 'default_pool', '--raw', '--subdir', 'DAGS_FOLDER/02_python_operator.py', '--cfg-path', '/tmp/tmpl9uhjpzq', '--error-file', '/tmp/tmpjyke25bc']
[2023-03-01 12:57:44,039] {standard_task_runner.py:77} INFO - Job 3863: Subtask get_age
[2023-03-01 12:57:44,028] {standard_task_runner.py:52} INFO - Started process 16273 to run task
[2023-03-01 12:57:44,235] {logging_mixin.py:104} INFO - Running <TaskInstance: with_python_operator.get_age 2022-11-24T05:05:00+00:00 [running]> on host abe4c4997ef7
[2023-03-01 12:57:44,373] {taskinstance.py:1283} INFO - Exporting the following env vars:
AIRFLOW_CTX_DAG_OWNER=dataheroes
AIRFLOW_CTX_DAG_ID=with_python_operator
AIRFLOW_CTX_TASK_ID=get_age
AIRFLOW_CTX_EXECUTION_DATE=2022-11-24T05:05:00+00:00
AIRFLOW_CTX_DAG_RUN_ID=scheduled__2022-11-24T05:05:00+00:00
[2023-03-01 12:57:44,430] {python.py:118} INFO - Done. Returned value was: None
[2023-03-01 12:57:44,496] {taskinstance.py:1192} INFO - Marking task as SUCCESS. dag_id=with_python_operator, task_id=get_age, execution_date=20221124T050500, start_date=20230301T125743, end_date=20230301T125744
[2023-03-01 12:57:44,700] {taskinstance.py:1246} INFO - 0 downstream tasks scheduled from follow-on schedule check
[2023-03-01 12:57:44,775] {local_task_job.py:146} INFO - Task exited with return code 0
