[2023-03-01 13:10:12,194] {taskinstance.py:877} INFO - Dependencies all met for <TaskInstance: with_python_operator.get_age 2022-12-08T20:05:00+00:00 [queued]>
[2023-03-01 13:10:12,416] {taskinstance.py:877} INFO - Dependencies all met for <TaskInstance: with_python_operator.get_age 2022-12-08T20:05:00+00:00 [queued]>
[2023-03-01 13:10:12,417] {taskinstance.py:1068} INFO - 
--------------------------------------------------------------------------------
[2023-03-01 13:10:12,418] {taskinstance.py:1069} INFO - Starting attempt 1 of 2
[2023-03-01 13:10:12,421] {taskinstance.py:1070} INFO - 
--------------------------------------------------------------------------------
[2023-03-01 13:10:12,668] {taskinstance.py:1089} INFO - Executing <Task(PythonOperator): get_age> on 2022-12-08T20:05:00+00:00
[2023-03-01 13:10:12,698] {standard_task_runner.py:52} INFO - Started process 20529 to run task
[2023-03-01 13:10:12,757] {standard_task_runner.py:76} INFO - Running: ['airflow', 'tasks', 'run', 'with_python_operator', 'get_age', '2022-12-08T20:05:00+00:00', '--job-id', '4920', '--pool', 'default_pool', '--raw', '--subdir', 'DAGS_FOLDER/02_python_operator.py', '--cfg-path', '/tmp/tmp95lk1fz0', '--error-file', '/tmp/tmpl3ficz7x']
[2023-03-01 13:10:12,767] {standard_task_runner.py:77} INFO - Job 4920: Subtask get_age
[2023-03-01 13:10:13,149] {logging_mixin.py:104} INFO - Running <TaskInstance: with_python_operator.get_age 2022-12-08T20:05:00+00:00 [running]> on host abe4c4997ef7
[2023-03-01 13:10:13,535] {taskinstance.py:1283} INFO - Exporting the following env vars:
AIRFLOW_CTX_DAG_OWNER=dataheroes
AIRFLOW_CTX_DAG_ID=with_python_operator
AIRFLOW_CTX_TASK_ID=get_age
AIRFLOW_CTX_EXECUTION_DATE=2022-12-08T20:05:00+00:00
AIRFLOW_CTX_DAG_RUN_ID=scheduled__2022-12-08T20:05:00+00:00
[2023-03-01 13:10:13,656] {python.py:118} INFO - Done. Returned value was: None
[2023-03-01 13:10:13,820] {taskinstance.py:1192} INFO - Marking task as SUCCESS. dag_id=with_python_operator, task_id=get_age, execution_date=20221208T200500, start_date=20230301T131012, end_date=20230301T131013
[2023-03-01 13:10:14,297] {taskinstance.py:1246} INFO - 0 downstream tasks scheduled from follow-on schedule check
[2023-03-01 13:10:14,416] {local_task_job.py:146} INFO - Task exited with return code 0
