[2023-03-01 12:33:11,355] {taskinstance.py:877} INFO - Dependencies all met for <TaskInstance: with_python_operator.get_age 2022-10-27T11:05:00+00:00 [queued]>
[2023-03-01 12:33:11,579] {taskinstance.py:877} INFO - Dependencies all met for <TaskInstance: with_python_operator.get_age 2022-10-27T11:05:00+00:00 [queued]>
[2023-03-01 12:33:11,585] {taskinstance.py:1068} INFO - 
--------------------------------------------------------------------------------
[2023-03-01 12:33:11,598] {taskinstance.py:1069} INFO - Starting attempt 1 of 2
[2023-03-01 12:33:11,604] {taskinstance.py:1070} INFO - 
--------------------------------------------------------------------------------
[2023-03-01 12:33:11,855] {taskinstance.py:1089} INFO - Executing <Task(PythonOperator): get_age> on 2022-10-27T11:05:00+00:00
[2023-03-01 12:33:11,888] {standard_task_runner.py:52} INFO - Started process 8277 to run task
[2023-03-01 12:33:11,978] {standard_task_runner.py:76} INFO - Running: ['airflow', 'tasks', 'run', 'with_python_operator', 'get_age', '2022-10-27T11:05:00+00:00', '--job-id', '1860', '--pool', 'default_pool', '--raw', '--subdir', 'DAGS_FOLDER/02_python_operator.py', '--cfg-path', '/tmp/tmptmdkf2q6', '--error-file', '/tmp/tmpod95freu']
[2023-03-01 12:33:11,980] {standard_task_runner.py:77} INFO - Job 1860: Subtask get_age
[2023-03-01 12:33:12,419] {logging_mixin.py:104} INFO - Running <TaskInstance: with_python_operator.get_age 2022-10-27T11:05:00+00:00 [running]> on host abe4c4997ef7
[2023-03-01 12:33:12,997] {taskinstance.py:1283} INFO - Exporting the following env vars:
AIRFLOW_CTX_DAG_OWNER=dataheroes
AIRFLOW_CTX_DAG_ID=with_python_operator
AIRFLOW_CTX_TASK_ID=get_age
AIRFLOW_CTX_EXECUTION_DATE=2022-10-27T11:05:00+00:00
AIRFLOW_CTX_DAG_RUN_ID=scheduled__2022-10-27T11:05:00+00:00
[2023-03-01 12:33:13,109] {python.py:118} INFO - Done. Returned value was: None
[2023-03-01 12:33:13,202] {taskinstance.py:1192} INFO - Marking task as SUCCESS. dag_id=with_python_operator, task_id=get_age, execution_date=20221027T110500, start_date=20230301T123311, end_date=20230301T123313
[2023-03-01 12:33:14,019] {taskinstance.py:1246} INFO - 0 downstream tasks scheduled from follow-on schedule check
[2023-03-01 12:33:14,135] {local_task_job.py:146} INFO - Task exited with return code 0
