[2023-03-01 12:18:40,663] {taskinstance.py:877} INFO - Dependencies all met for <TaskInstance: with_python_operator.get_name 2022-10-12T09:05:00+00:00 [queued]>
[2023-03-01 12:18:40,974] {taskinstance.py:877} INFO - Dependencies all met for <TaskInstance: with_python_operator.get_name 2022-10-12T09:05:00+00:00 [queued]>
[2023-03-01 12:18:40,989] {taskinstance.py:1068} INFO - 
--------------------------------------------------------------------------------
[2023-03-01 12:18:40,992] {taskinstance.py:1069} INFO - Starting attempt 1 of 2
[2023-03-01 12:18:40,996] {taskinstance.py:1070} INFO - 
--------------------------------------------------------------------------------
[2023-03-01 12:18:41,209] {taskinstance.py:1089} INFO - Executing <Task(PythonOperator): get_name> on 2022-10-12T09:05:00+00:00
[2023-03-01 12:18:41,231] {standard_task_runner.py:52} INFO - Started process 3935 to run task
[2023-03-01 12:18:41,292] {standard_task_runner.py:76} INFO - Running: ['airflow', 'tasks', 'run', 'with_python_operator', 'get_name', '2022-10-12T09:05:00+00:00', '--job-id', '774', '--pool', 'default_pool', '--raw', '--subdir', 'DAGS_FOLDER/02_python_operator.py', '--cfg-path', '/tmp/tmppn5nasa3', '--error-file', '/tmp/tmp52dq6w85']
[2023-03-01 12:18:41,294] {standard_task_runner.py:77} INFO - Job 774: Subtask get_name
[2023-03-01 12:18:42,013] {logging_mixin.py:104} INFO - Running <TaskInstance: with_python_operator.get_name 2022-10-12T09:05:00+00:00 [running]> on host abe4c4997ef7
[2023-03-01 12:18:42,708] {taskinstance.py:1283} INFO - Exporting the following env vars:
AIRFLOW_CTX_DAG_OWNER=dataheroes
AIRFLOW_CTX_DAG_ID=with_python_operator
AIRFLOW_CTX_TASK_ID=get_name
AIRFLOW_CTX_EXECUTION_DATE=2022-10-12T09:05:00+00:00
AIRFLOW_CTX_DAG_RUN_ID=scheduled__2022-10-12T09:05:00+00:00
[2023-03-01 12:18:42,917] {python.py:118} INFO - Done. Returned value was: None
[2023-03-01 12:18:43,062] {taskinstance.py:1192} INFO - Marking task as SUCCESS. dag_id=with_python_operator, task_id=get_name, execution_date=20221012T090500, start_date=20230301T121840, end_date=20230301T121843
[2023-03-01 12:18:43,637] {taskinstance.py:1246} INFO - 0 downstream tasks scheduled from follow-on schedule check
[2023-03-01 12:18:43,715] {local_task_job.py:146} INFO - Task exited with return code 0
