[2023-03-01 13:13:36,497] {taskinstance.py:877} INFO - Dependencies all met for <TaskInstance: with_python_operator.get_age 2022-12-12T21:05:00+00:00 [queued]>
[2023-03-01 13:13:36,979] {taskinstance.py:877} INFO - Dependencies all met for <TaskInstance: with_python_operator.get_age 2022-12-12T21:05:00+00:00 [queued]>
[2023-03-01 13:13:36,996] {taskinstance.py:1068} INFO - 
--------------------------------------------------------------------------------
[2023-03-01 13:13:36,997] {taskinstance.py:1069} INFO - Starting attempt 1 of 2
[2023-03-01 13:13:37,008] {taskinstance.py:1070} INFO - 
--------------------------------------------------------------------------------
[2023-03-01 13:13:37,203] {taskinstance.py:1089} INFO - Executing <Task(PythonOperator): get_age> on 2022-12-12T21:05:00+00:00
[2023-03-01 13:13:37,248] {standard_task_runner.py:52} INFO - Started process 21681 to run task
[2023-03-01 13:13:37,283] {standard_task_runner.py:76} INFO - Running: ['airflow', 'tasks', 'run', 'with_python_operator', 'get_age', '2022-12-12T21:05:00+00:00', '--job-id', '5207', '--pool', 'default_pool', '--raw', '--subdir', 'DAGS_FOLDER/02_python_operator.py', '--cfg-path', '/tmp/tmp5174bgo9', '--error-file', '/tmp/tmp2odx1skw']
[2023-03-01 13:13:37,292] {standard_task_runner.py:77} INFO - Job 5207: Subtask get_age
[2023-03-01 13:13:37,874] {logging_mixin.py:104} INFO - Running <TaskInstance: with_python_operator.get_age 2022-12-12T21:05:00+00:00 [running]> on host abe4c4997ef7
[2023-03-01 13:13:38,556] {taskinstance.py:1283} INFO - Exporting the following env vars:
AIRFLOW_CTX_DAG_OWNER=dataheroes
AIRFLOW_CTX_DAG_ID=with_python_operator
AIRFLOW_CTX_TASK_ID=get_age
AIRFLOW_CTX_EXECUTION_DATE=2022-12-12T21:05:00+00:00
AIRFLOW_CTX_DAG_RUN_ID=scheduled__2022-12-12T21:05:00+00:00
[2023-03-01 13:13:38,733] {python.py:118} INFO - Done. Returned value was: None
[2023-03-01 13:13:38,875] {taskinstance.py:1192} INFO - Marking task as SUCCESS. dag_id=with_python_operator, task_id=get_age, execution_date=20221212T210500, start_date=20230301T131336, end_date=20230301T131338
[2023-03-01 13:13:39,560] {taskinstance.py:1246} INFO - 0 downstream tasks scheduled from follow-on schedule check
[2023-03-01 13:13:39,706] {local_task_job.py:146} INFO - Task exited with return code 0
