[2023-03-01 13:11:34,388] {taskinstance.py:877} INFO - Dependencies all met for <TaskInstance: with_python_operator.greet 2022-12-10T05:05:00+00:00 [queued]>
[2023-03-01 13:11:34,596] {taskinstance.py:877} INFO - Dependencies all met for <TaskInstance: with_python_operator.greet 2022-12-10T05:05:00+00:00 [queued]>
[2023-03-01 13:11:34,607] {taskinstance.py:1068} INFO - 
--------------------------------------------------------------------------------
[2023-03-01 13:11:34,608] {taskinstance.py:1069} INFO - Starting attempt 1 of 2
[2023-03-01 13:11:34,609] {taskinstance.py:1070} INFO - 
--------------------------------------------------------------------------------
[2023-03-01 13:11:34,783] {taskinstance.py:1089} INFO - Executing <Task(PythonOperator): greet> on 2022-12-10T05:05:00+00:00
[2023-03-01 13:11:34,830] {standard_task_runner.py:52} INFO - Started process 20997 to run task
[2023-03-01 13:11:34,893] {standard_task_runner.py:76} INFO - Running: ['airflow', 'tasks', 'run', 'with_python_operator', 'greet', '2022-12-10T05:05:00+00:00', '--job-id', '5037', '--pool', 'default_pool', '--raw', '--subdir', 'DAGS_FOLDER/02_python_operator.py', '--cfg-path', '/tmp/tmp6ehfq8y0', '--error-file', '/tmp/tmp_nzqdn32']
[2023-03-01 13:11:34,908] {standard_task_runner.py:77} INFO - Job 5037: Subtask greet
[2023-03-01 13:11:35,683] {logging_mixin.py:104} INFO - Running <TaskInstance: with_python_operator.greet 2022-12-10T05:05:00+00:00 [running]> on host abe4c4997ef7
[2023-03-01 13:11:36,303] {taskinstance.py:1283} INFO - Exporting the following env vars:
AIRFLOW_CTX_DAG_OWNER=dataheroes
AIRFLOW_CTX_DAG_ID=with_python_operator
AIRFLOW_CTX_TASK_ID=greet
AIRFLOW_CTX_EXECUTION_DATE=2022-12-10T05:05:00+00:00
AIRFLOW_CTX_DAG_RUN_ID=scheduled__2022-12-10T05:05:00+00:00
[2023-03-01 13:11:36,306] {logging_mixin.py:104} INFO - some dict:  {'a': 1, 'b': 2}
[2023-03-01 13:11:36,538] {logging_mixin.py:104} INFO - Hello World! My name is Reza Primasatya, and I am 17 years old!
[2023-03-01 13:11:36,540] {python.py:118} INFO - Done. Returned value was: None
[2023-03-01 13:11:36,851] {taskinstance.py:1192} INFO - Marking task as SUCCESS. dag_id=with_python_operator, task_id=greet, execution_date=20221210T050500, start_date=20230301T131134, end_date=20230301T131136
[2023-03-01 13:11:37,563] {taskinstance.py:1246} INFO - 0 downstream tasks scheduled from follow-on schedule check
[2023-03-01 13:11:37,666] {local_task_job.py:146} INFO - Task exited with return code 0
