[2023-03-01 13:11:26,446] {taskinstance.py:877} INFO - Dependencies all met for <TaskInstance: with_python_operator.greet 2022-12-10T02:05:00+00:00 [queued]>
[2023-03-01 13:11:26,716] {taskinstance.py:877} INFO - Dependencies all met for <TaskInstance: with_python_operator.greet 2022-12-10T02:05:00+00:00 [queued]>
[2023-03-01 13:11:26,719] {taskinstance.py:1068} INFO - 
--------------------------------------------------------------------------------
[2023-03-01 13:11:26,720] {taskinstance.py:1069} INFO - Starting attempt 1 of 2
[2023-03-01 13:11:26,723] {taskinstance.py:1070} INFO - 
--------------------------------------------------------------------------------
[2023-03-01 13:11:26,968] {taskinstance.py:1089} INFO - Executing <Task(PythonOperator): greet> on 2022-12-10T02:05:00+00:00
[2023-03-01 13:11:27,004] {standard_task_runner.py:52} INFO - Started process 20953 to run task
[2023-03-01 13:11:27,129] {standard_task_runner.py:76} INFO - Running: ['airflow', 'tasks', 'run', 'with_python_operator', 'greet', '2022-12-10T02:05:00+00:00', '--job-id', '5025', '--pool', 'default_pool', '--raw', '--subdir', 'DAGS_FOLDER/02_python_operator.py', '--cfg-path', '/tmp/tmp2jzfo1rv', '--error-file', '/tmp/tmpvdnyd9a1']
[2023-03-01 13:11:27,138] {standard_task_runner.py:77} INFO - Job 5025: Subtask greet
[2023-03-01 13:11:28,363] {logging_mixin.py:104} INFO - Running <TaskInstance: with_python_operator.greet 2022-12-10T02:05:00+00:00 [running]> on host abe4c4997ef7
[2023-03-01 13:11:29,235] {taskinstance.py:1283} INFO - Exporting the following env vars:
AIRFLOW_CTX_DAG_OWNER=dataheroes
AIRFLOW_CTX_DAG_ID=with_python_operator
AIRFLOW_CTX_TASK_ID=greet
AIRFLOW_CTX_EXECUTION_DATE=2022-12-10T02:05:00+00:00
AIRFLOW_CTX_DAG_RUN_ID=scheduled__2022-12-10T02:05:00+00:00
[2023-03-01 13:11:29,244] {logging_mixin.py:104} INFO - some dict:  {'a': 1, 'b': 2}
[2023-03-01 13:11:29,423] {logging_mixin.py:104} INFO - Hello World! My name is Reza Primasatya, and I am 17 years old!
[2023-03-01 13:11:29,437] {python.py:118} INFO - Done. Returned value was: None
[2023-03-01 13:11:29,647] {taskinstance.py:1192} INFO - Marking task as SUCCESS. dag_id=with_python_operator, task_id=greet, execution_date=20221210T020500, start_date=20230301T131126, end_date=20230301T131129
[2023-03-01 13:11:30,134] {taskinstance.py:1246} INFO - 0 downstream tasks scheduled from follow-on schedule check
[2023-03-01 13:11:30,283] {local_task_job.py:146} INFO - Task exited with return code 0
