[2023-03-01 12:57:51,213] {taskinstance.py:877} INFO - Dependencies all met for <TaskInstance: with_python_operator.get_name 2022-11-24T10:05:00+00:00 [queued]>
[2023-03-01 12:57:51,334] {taskinstance.py:877} INFO - Dependencies all met for <TaskInstance: with_python_operator.get_name 2022-11-24T10:05:00+00:00 [queued]>
[2023-03-01 12:57:51,336] {taskinstance.py:1068} INFO - 
--------------------------------------------------------------------------------
[2023-03-01 12:57:51,338] {taskinstance.py:1069} INFO - Starting attempt 1 of 2
[2023-03-01 12:57:51,339] {taskinstance.py:1070} INFO - 
--------------------------------------------------------------------------------
[2023-03-01 12:57:51,514] {taskinstance.py:1089} INFO - Executing <Task(PythonOperator): get_name> on 2022-11-24T10:05:00+00:00
[2023-03-01 12:57:51,629] {standard_task_runner.py:76} INFO - Running: ['airflow', 'tasks', 'run', 'with_python_operator', 'get_name', '2022-11-24T10:05:00+00:00', '--job-id', '3877', '--pool', 'default_pool', '--raw', '--subdir', 'DAGS_FOLDER/02_python_operator.py', '--cfg-path', '/tmp/tmpf27j4q12', '--error-file', '/tmp/tmpmb127god']
[2023-03-01 12:57:51,632] {standard_task_runner.py:77} INFO - Job 3877: Subtask get_name
[2023-03-01 12:57:51,578] {standard_task_runner.py:52} INFO - Started process 16337 to run task
[2023-03-01 12:57:52,068] {logging_mixin.py:104} INFO - Running <TaskInstance: with_python_operator.get_name 2022-11-24T10:05:00+00:00 [running]> on host abe4c4997ef7
[2023-03-01 12:57:52,432] {taskinstance.py:1283} INFO - Exporting the following env vars:
AIRFLOW_CTX_DAG_OWNER=dataheroes
AIRFLOW_CTX_DAG_ID=with_python_operator
AIRFLOW_CTX_TASK_ID=get_name
AIRFLOW_CTX_EXECUTION_DATE=2022-11-24T10:05:00+00:00
AIRFLOW_CTX_DAG_RUN_ID=scheduled__2022-11-24T10:05:00+00:00
[2023-03-01 12:57:52,709] {python.py:118} INFO - Done. Returned value was: None
[2023-03-01 12:57:52,848] {taskinstance.py:1192} INFO - Marking task as SUCCESS. dag_id=with_python_operator, task_id=get_name, execution_date=20221124T100500, start_date=20230301T125751, end_date=20230301T125752
[2023-03-01 12:57:53,008] {taskinstance.py:1246} INFO - 1 downstream tasks scheduled from follow-on schedule check
[2023-03-01 12:57:53,115] {local_task_job.py:146} INFO - Task exited with return code 0
