[2023-03-01 13:09:47,097] {taskinstance.py:877} INFO - Dependencies all met for <TaskInstance: with_python_operator.greet 2022-12-08T00:05:00+00:00 [queued]>
[2023-03-01 13:09:47,461] {taskinstance.py:877} INFO - Dependencies all met for <TaskInstance: with_python_operator.greet 2022-12-08T00:05:00+00:00 [queued]>
[2023-03-01 13:09:47,486] {taskinstance.py:1068} INFO - 
--------------------------------------------------------------------------------
[2023-03-01 13:09:47,490] {taskinstance.py:1069} INFO - Starting attempt 1 of 2
[2023-03-01 13:09:47,505] {taskinstance.py:1070} INFO - 
--------------------------------------------------------------------------------
[2023-03-01 13:09:47,828] {taskinstance.py:1089} INFO - Executing <Task(PythonOperator): greet> on 2022-12-08T00:05:00+00:00
[2023-03-01 13:09:47,858] {standard_task_runner.py:52} INFO - Started process 20387 to run task
[2023-03-01 13:09:47,960] {standard_task_runner.py:76} INFO - Running: ['airflow', 'tasks', 'run', 'with_python_operator', 'greet', '2022-12-08T00:05:00+00:00', '--job-id', '4883', '--pool', 'default_pool', '--raw', '--subdir', 'DAGS_FOLDER/02_python_operator.py', '--cfg-path', '/tmp/tmpusgxoiwl', '--error-file', '/tmp/tmpuwqesw7b']
[2023-03-01 13:09:47,980] {standard_task_runner.py:77} INFO - Job 4883: Subtask greet
[2023-03-01 13:09:48,608] {logging_mixin.py:104} INFO - Running <TaskInstance: with_python_operator.greet 2022-12-08T00:05:00+00:00 [running]> on host abe4c4997ef7
[2023-03-01 13:09:49,452] {taskinstance.py:1283} INFO - Exporting the following env vars:
AIRFLOW_CTX_DAG_OWNER=dataheroes
AIRFLOW_CTX_DAG_ID=with_python_operator
AIRFLOW_CTX_TASK_ID=greet
AIRFLOW_CTX_EXECUTION_DATE=2022-12-08T00:05:00+00:00
AIRFLOW_CTX_DAG_RUN_ID=scheduled__2022-12-08T00:05:00+00:00
[2023-03-01 13:09:49,458] {logging_mixin.py:104} INFO - some dict:  {'a': 1, 'b': 2}
[2023-03-01 13:09:49,616] {logging_mixin.py:104} INFO - Hello World! My name is Reza Primasatya, and I am 17 years old!
[2023-03-01 13:09:49,627] {python.py:118} INFO - Done. Returned value was: None
[2023-03-01 13:09:49,803] {taskinstance.py:1192} INFO - Marking task as SUCCESS. dag_id=with_python_operator, task_id=greet, execution_date=20221208T000500, start_date=20230301T130947, end_date=20230301T130949
[2023-03-01 13:09:50,348] {taskinstance.py:1246} INFO - 0 downstream tasks scheduled from follow-on schedule check
[2023-03-01 13:09:50,530] {local_task_job.py:146} INFO - Task exited with return code 0
