[2023-03-01 12:57:52,902] {taskinstance.py:877} INFO - Dependencies all met for <TaskInstance: with_python_operator.greet 2022-11-24T07:05:00+00:00 [queued]>
[2023-03-01 12:57:53,244] {taskinstance.py:877} INFO - Dependencies all met for <TaskInstance: with_python_operator.greet 2022-11-24T07:05:00+00:00 [queued]>
[2023-03-01 12:57:53,252] {taskinstance.py:1068} INFO - 
--------------------------------------------------------------------------------
[2023-03-01 12:57:53,255] {taskinstance.py:1069} INFO - Starting attempt 1 of 2
[2023-03-01 12:57:53,256] {taskinstance.py:1070} INFO - 
--------------------------------------------------------------------------------
[2023-03-01 12:57:53,353] {taskinstance.py:1089} INFO - Executing <Task(PythonOperator): greet> on 2022-11-24T07:05:00+00:00
[2023-03-01 12:57:53,426] {standard_task_runner.py:76} INFO - Running: ['airflow', 'tasks', 'run', 'with_python_operator', 'greet', '2022-11-24T07:05:00+00:00', '--job-id', '3880', '--pool', 'default_pool', '--raw', '--subdir', 'DAGS_FOLDER/02_python_operator.py', '--cfg-path', '/tmp/tmp_a2e8n1i', '--error-file', '/tmp/tmpvwq_yk7m']
[2023-03-01 12:57:53,381] {standard_task_runner.py:52} INFO - Started process 16351 to run task
[2023-03-01 12:57:53,445] {standard_task_runner.py:77} INFO - Job 3880: Subtask greet
[2023-03-01 12:57:53,952] {logging_mixin.py:104} INFO - Running <TaskInstance: with_python_operator.greet 2022-11-24T07:05:00+00:00 [running]> on host abe4c4997ef7
[2023-03-01 12:57:54,477] {taskinstance.py:1283} INFO - Exporting the following env vars:
AIRFLOW_CTX_DAG_OWNER=dataheroes
AIRFLOW_CTX_DAG_ID=with_python_operator
AIRFLOW_CTX_TASK_ID=greet
AIRFLOW_CTX_EXECUTION_DATE=2022-11-24T07:05:00+00:00
AIRFLOW_CTX_DAG_RUN_ID=scheduled__2022-11-24T07:05:00+00:00
[2023-03-01 12:57:54,520] {logging_mixin.py:104} INFO - some dict:  {'a': 1, 'b': 2}
[2023-03-01 12:57:54,760] {logging_mixin.py:104} INFO - Hello World! My name is Reza Primasatya, and I am 17 years old!
[2023-03-01 12:57:54,771] {python.py:118} INFO - Done. Returned value was: None
[2023-03-01 12:57:54,850] {taskinstance.py:1192} INFO - Marking task as SUCCESS. dag_id=with_python_operator, task_id=greet, execution_date=20221124T070500, start_date=20230301T125752, end_date=20230301T125754
[2023-03-01 12:57:55,319] {taskinstance.py:1246} INFO - 0 downstream tasks scheduled from follow-on schedule check
[2023-03-01 12:57:55,477] {local_task_job.py:146} INFO - Task exited with return code 0
