[2023-03-01 12:19:31,973] {taskinstance.py:877} INFO - Dependencies all met for <TaskInstance: with_python_operator.get_name 2022-10-13T04:05:00+00:00 [queued]>
[2023-03-01 12:19:32,111] {taskinstance.py:877} INFO - Dependencies all met for <TaskInstance: with_python_operator.get_name 2022-10-13T04:05:00+00:00 [queued]>
[2023-03-01 12:19:32,114] {taskinstance.py:1068} INFO - 
--------------------------------------------------------------------------------
[2023-03-01 12:19:32,115] {taskinstance.py:1069} INFO - Starting attempt 1 of 2
[2023-03-01 12:19:32,116] {taskinstance.py:1070} INFO - 
--------------------------------------------------------------------------------
[2023-03-01 12:19:32,189] {taskinstance.py:1089} INFO - Executing <Task(PythonOperator): get_name> on 2022-10-13T04:05:00+00:00
[2023-03-01 12:19:32,201] {standard_task_runner.py:52} INFO - Started process 4165 to run task
[2023-03-01 12:19:32,265] {standard_task_runner.py:76} INFO - Running: ['airflow', 'tasks', 'run', 'with_python_operator', 'get_name', '2022-10-13T04:05:00+00:00', '--job-id', '833', '--pool', 'default_pool', '--raw', '--subdir', 'DAGS_FOLDER/02_python_operator.py', '--cfg-path', '/tmp/tmpzw6b_nh5', '--error-file', '/tmp/tmpqft073y4']
[2023-03-01 12:19:32,272] {standard_task_runner.py:77} INFO - Job 833: Subtask get_name
[2023-03-01 12:19:32,774] {logging_mixin.py:104} INFO - Running <TaskInstance: with_python_operator.get_name 2022-10-13T04:05:00+00:00 [running]> on host abe4c4997ef7
[2023-03-01 12:19:33,450] {taskinstance.py:1283} INFO - Exporting the following env vars:
AIRFLOW_CTX_DAG_OWNER=dataheroes
AIRFLOW_CTX_DAG_ID=with_python_operator
AIRFLOW_CTX_TASK_ID=get_name
AIRFLOW_CTX_EXECUTION_DATE=2022-10-13T04:05:00+00:00
AIRFLOW_CTX_DAG_RUN_ID=scheduled__2022-10-13T04:05:00+00:00
[2023-03-01 12:19:33,700] {python.py:118} INFO - Done. Returned value was: None
[2023-03-01 12:19:33,776] {taskinstance.py:1192} INFO - Marking task as SUCCESS. dag_id=with_python_operator, task_id=get_name, execution_date=20221013T040500, start_date=20230301T121931, end_date=20230301T121933
[2023-03-01 12:19:33,985] {taskinstance.py:1246} INFO - 0 downstream tasks scheduled from follow-on schedule check
[2023-03-01 12:19:34,081] {local_task_job.py:146} INFO - Task exited with return code 0
