[2023-03-01 12:49:53,243] {taskinstance.py:877} INFO - Dependencies all met for <TaskInstance: with_python_operator.get_name 2022-11-15T07:05:00+00:00 [queued]>
[2023-03-01 12:49:53,538] {taskinstance.py:877} INFO - Dependencies all met for <TaskInstance: with_python_operator.get_name 2022-11-15T07:05:00+00:00 [queued]>
[2023-03-01 12:49:53,545] {taskinstance.py:1068} INFO - 
--------------------------------------------------------------------------------
[2023-03-01 12:49:53,551] {taskinstance.py:1069} INFO - Starting attempt 1 of 2
[2023-03-01 12:49:53,552] {taskinstance.py:1070} INFO - 
--------------------------------------------------------------------------------
[2023-03-01 12:49:53,780] {taskinstance.py:1089} INFO - Executing <Task(PythonOperator): get_name> on 2022-11-15T07:05:00+00:00
[2023-03-01 12:49:53,875] {standard_task_runner.py:76} INFO - Running: ['airflow', 'tasks', 'run', 'with_python_operator', 'get_name', '2022-11-15T07:05:00+00:00', '--job-id', '3218', '--pool', 'default_pool', '--raw', '--subdir', 'DAGS_FOLDER/02_python_operator.py', '--cfg-path', '/tmp/tmpi0i_0cxi', '--error-file', '/tmp/tmpd0zu427n']
[2023-03-01 12:49:53,830] {standard_task_runner.py:52} INFO - Started process 13703 to run task
[2023-03-01 12:49:53,879] {standard_task_runner.py:77} INFO - Job 3218: Subtask get_name
[2023-03-01 12:49:54,470] {logging_mixin.py:104} INFO - Running <TaskInstance: with_python_operator.get_name 2022-11-15T07:05:00+00:00 [running]> on host abe4c4997ef7
[2023-03-01 12:49:54,781] {taskinstance.py:1283} INFO - Exporting the following env vars:
AIRFLOW_CTX_DAG_OWNER=dataheroes
AIRFLOW_CTX_DAG_ID=with_python_operator
AIRFLOW_CTX_TASK_ID=get_name
AIRFLOW_CTX_EXECUTION_DATE=2022-11-15T07:05:00+00:00
AIRFLOW_CTX_DAG_RUN_ID=scheduled__2022-11-15T07:05:00+00:00
[2023-03-01 12:49:55,073] {python.py:118} INFO - Done. Returned value was: None
[2023-03-01 12:49:55,190] {taskinstance.py:1192} INFO - Marking task as SUCCESS. dag_id=with_python_operator, task_id=get_name, execution_date=20221115T070500, start_date=20230301T124953, end_date=20230301T124955
[2023-03-01 12:49:55,488] {taskinstance.py:1246} INFO - 1 downstream tasks scheduled from follow-on schedule check
[2023-03-01 12:49:55,655] {local_task_job.py:146} INFO - Task exited with return code 0
