[2023-03-01 12:46:51,170] {taskinstance.py:877} INFO - Dependencies all met for <TaskInstance: with_python_operator.get_name 2022-11-11T22:05:00+00:00 [queued]>
[2023-03-01 12:46:51,476] {taskinstance.py:877} INFO - Dependencies all met for <TaskInstance: with_python_operator.get_name 2022-11-11T22:05:00+00:00 [queued]>
[2023-03-01 12:46:51,489] {taskinstance.py:1068} INFO - 
--------------------------------------------------------------------------------
[2023-03-01 12:46:51,492] {taskinstance.py:1069} INFO - Starting attempt 1 of 2
[2023-03-01 12:46:51,494] {taskinstance.py:1070} INFO - 
--------------------------------------------------------------------------------
[2023-03-01 12:46:51,678] {taskinstance.py:1089} INFO - Executing <Task(PythonOperator): get_name> on 2022-11-11T22:05:00+00:00
[2023-03-01 12:46:51,711] {standard_task_runner.py:52} INFO - Started process 12721 to run task
[2023-03-01 12:46:51,908] {standard_task_runner.py:76} INFO - Running: ['airflow', 'tasks', 'run', 'with_python_operator', 'get_name', '2022-11-11T22:05:00+00:00', '--job-id', '2972', '--pool', 'default_pool', '--raw', '--subdir', 'DAGS_FOLDER/02_python_operator.py', '--cfg-path', '/tmp/tmplpo1s82t', '--error-file', '/tmp/tmplo_t5nl6']
[2023-03-01 12:46:51,924] {standard_task_runner.py:77} INFO - Job 2972: Subtask get_name
[2023-03-01 12:46:52,473] {logging_mixin.py:104} INFO - Running <TaskInstance: with_python_operator.get_name 2022-11-11T22:05:00+00:00 [running]> on host abe4c4997ef7
[2023-03-01 12:46:52,950] {taskinstance.py:1283} INFO - Exporting the following env vars:
AIRFLOW_CTX_DAG_OWNER=dataheroes
AIRFLOW_CTX_DAG_ID=with_python_operator
AIRFLOW_CTX_TASK_ID=get_name
AIRFLOW_CTX_EXECUTION_DATE=2022-11-11T22:05:00+00:00
AIRFLOW_CTX_DAG_RUN_ID=scheduled__2022-11-11T22:05:00+00:00
[2023-03-01 12:46:53,208] {python.py:118} INFO - Done. Returned value was: None
[2023-03-01 12:46:53,366] {taskinstance.py:1192} INFO - Marking task as SUCCESS. dag_id=with_python_operator, task_id=get_name, execution_date=20221111T220500, start_date=20230301T124651, end_date=20230301T124653
[2023-03-01 12:46:53,617] {taskinstance.py:1246} INFO - 0 downstream tasks scheduled from follow-on schedule check
[2023-03-01 12:46:53,678] {local_task_job.py:146} INFO - Task exited with return code 0
