[2023-03-01 12:49:22,150] {taskinstance.py:877} INFO - Dependencies all met for <TaskInstance: with_python_operator.greet 2022-11-14T15:05:00+00:00 [queued]>
[2023-03-01 12:49:22,349] {taskinstance.py:877} INFO - Dependencies all met for <TaskInstance: with_python_operator.greet 2022-11-14T15:05:00+00:00 [queued]>
[2023-03-01 12:49:22,361] {taskinstance.py:1068} INFO - 
--------------------------------------------------------------------------------
[2023-03-01 12:49:22,364] {taskinstance.py:1069} INFO - Starting attempt 1 of 2
[2023-03-01 12:49:22,366] {taskinstance.py:1070} INFO - 
--------------------------------------------------------------------------------
[2023-03-01 12:49:22,520] {taskinstance.py:1089} INFO - Executing <Task(PythonOperator): greet> on 2022-11-14T15:05:00+00:00
[2023-03-01 12:49:22,571] {standard_task_runner.py:76} INFO - Running: ['airflow', 'tasks', 'run', 'with_python_operator', 'greet', '2022-11-14T15:05:00+00:00', '--job-id', '3178', '--pool', 'default_pool', '--raw', '--subdir', 'DAGS_FOLDER/02_python_operator.py', '--cfg-path', '/tmp/tmp43aqzxu0', '--error-file', '/tmp/tmppus5an1m']
[2023-03-01 12:49:22,573] {standard_task_runner.py:77} INFO - Job 3178: Subtask greet
[2023-03-01 12:49:22,542] {standard_task_runner.py:52} INFO - Started process 13535 to run task
[2023-03-01 12:49:22,881] {logging_mixin.py:104} INFO - Running <TaskInstance: with_python_operator.greet 2022-11-14T15:05:00+00:00 [running]> on host abe4c4997ef7
[2023-03-01 12:49:23,194] {taskinstance.py:1283} INFO - Exporting the following env vars:
AIRFLOW_CTX_DAG_OWNER=dataheroes
AIRFLOW_CTX_DAG_ID=with_python_operator
AIRFLOW_CTX_TASK_ID=greet
AIRFLOW_CTX_EXECUTION_DATE=2022-11-14T15:05:00+00:00
AIRFLOW_CTX_DAG_RUN_ID=scheduled__2022-11-14T15:05:00+00:00
[2023-03-01 12:49:23,197] {logging_mixin.py:104} INFO - some dict:  {'a': 1, 'b': 2}
[2023-03-01 12:49:23,288] {logging_mixin.py:104} INFO - Hello World! My name is Reza Primasatya, and I am 17 years old!
[2023-03-01 12:49:23,294] {python.py:118} INFO - Done. Returned value was: None
[2023-03-01 12:49:23,353] {taskinstance.py:1192} INFO - Marking task as SUCCESS. dag_id=with_python_operator, task_id=greet, execution_date=20221114T150500, start_date=20230301T124922, end_date=20230301T124923
[2023-03-01 12:49:23,600] {taskinstance.py:1246} INFO - 0 downstream tasks scheduled from follow-on schedule check
[2023-03-01 12:49:23,666] {local_task_job.py:146} INFO - Task exited with return code 0
