[2023-03-01 12:51:33,808] {taskinstance.py:877} INFO - Dependencies all met for <TaskInstance: with_python_operator.get_age 2022-11-16T22:05:00+00:00 [queued]>
[2023-03-01 12:51:33,868] {taskinstance.py:877} INFO - Dependencies all met for <TaskInstance: with_python_operator.get_age 2022-11-16T22:05:00+00:00 [queued]>
[2023-03-01 12:51:33,869] {taskinstance.py:1068} INFO - 
--------------------------------------------------------------------------------
[2023-03-01 12:51:33,870] {taskinstance.py:1069} INFO - Starting attempt 1 of 2
[2023-03-01 12:51:33,871] {taskinstance.py:1070} INFO - 
--------------------------------------------------------------------------------
[2023-03-01 12:51:33,945] {taskinstance.py:1089} INFO - Executing <Task(PythonOperator): get_age> on 2022-11-16T22:05:00+00:00
[2023-03-01 12:51:33,970] {standard_task_runner.py:52} INFO - Started process 14179 to run task
[2023-03-01 12:51:33,996] {standard_task_runner.py:76} INFO - Running: ['airflow', 'tasks', 'run', 'with_python_operator', 'get_age', '2022-11-16T22:05:00+00:00', '--job-id', '3340', '--pool', 'default_pool', '--raw', '--subdir', 'DAGS_FOLDER/02_python_operator.py', '--cfg-path', '/tmp/tmp7bi9op6h', '--error-file', '/tmp/tmproc3go5k']
[2023-03-01 12:51:34,013] {standard_task_runner.py:77} INFO - Job 3340: Subtask get_age
[2023-03-01 12:51:34,273] {logging_mixin.py:104} INFO - Running <TaskInstance: with_python_operator.get_age 2022-11-16T22:05:00+00:00 [running]> on host abe4c4997ef7
[2023-03-01 12:51:34,505] {taskinstance.py:1283} INFO - Exporting the following env vars:
AIRFLOW_CTX_DAG_OWNER=dataheroes
AIRFLOW_CTX_DAG_ID=with_python_operator
AIRFLOW_CTX_TASK_ID=get_age
AIRFLOW_CTX_EXECUTION_DATE=2022-11-16T22:05:00+00:00
AIRFLOW_CTX_DAG_RUN_ID=scheduled__2022-11-16T22:05:00+00:00
[2023-03-01 12:51:34,570] {python.py:118} INFO - Done. Returned value was: None
[2023-03-01 12:51:34,630] {taskinstance.py:1192} INFO - Marking task as SUCCESS. dag_id=with_python_operator, task_id=get_age, execution_date=20221116T220500, start_date=20230301T125133, end_date=20230301T125134
[2023-03-01 12:51:34,940] {taskinstance.py:1246} INFO - 0 downstream tasks scheduled from follow-on schedule check
[2023-03-01 12:51:34,995] {local_task_job.py:146} INFO - Task exited with return code 0
