[2023-03-01 12:53:39,330] {taskinstance.py:877} INFO - Dependencies all met for <TaskInstance: with_python_operator.get_age 2022-11-19T10:05:00+00:00 [queued]>
[2023-03-01 12:53:39,408] {taskinstance.py:877} INFO - Dependencies all met for <TaskInstance: with_python_operator.get_age 2022-11-19T10:05:00+00:00 [queued]>
[2023-03-01 12:53:39,409] {taskinstance.py:1068} INFO - 
--------------------------------------------------------------------------------
[2023-03-01 12:53:39,411] {taskinstance.py:1069} INFO - Starting attempt 1 of 2
[2023-03-01 12:53:39,412] {taskinstance.py:1070} INFO - 
--------------------------------------------------------------------------------
[2023-03-01 12:53:39,480] {taskinstance.py:1089} INFO - Executing <Task(PythonOperator): get_age> on 2022-11-19T10:05:00+00:00
[2023-03-01 12:53:39,490] {standard_task_runner.py:52} INFO - Started process 14895 to run task
[2023-03-01 12:53:39,531] {standard_task_runner.py:76} INFO - Running: ['airflow', 'tasks', 'run', 'with_python_operator', 'get_age', '2022-11-19T10:05:00+00:00', '--job-id', '3517', '--pool', 'default_pool', '--raw', '--subdir', 'DAGS_FOLDER/02_python_operator.py', '--cfg-path', '/tmp/tmp4b3dr2b8', '--error-file', '/tmp/tmp64uvo2w0']
[2023-03-01 12:53:39,540] {standard_task_runner.py:77} INFO - Job 3517: Subtask get_age
[2023-03-01 12:53:39,849] {logging_mixin.py:104} INFO - Running <TaskInstance: with_python_operator.get_age 2022-11-19T10:05:00+00:00 [running]> on host abe4c4997ef7
[2023-03-01 12:53:40,118] {taskinstance.py:1283} INFO - Exporting the following env vars:
AIRFLOW_CTX_DAG_OWNER=dataheroes
AIRFLOW_CTX_DAG_ID=with_python_operator
AIRFLOW_CTX_TASK_ID=get_age
AIRFLOW_CTX_EXECUTION_DATE=2022-11-19T10:05:00+00:00
AIRFLOW_CTX_DAG_RUN_ID=scheduled__2022-11-19T10:05:00+00:00
[2023-03-01 12:53:40,194] {python.py:118} INFO - Done. Returned value was: None
[2023-03-01 12:53:40,307] {taskinstance.py:1192} INFO - Marking task as SUCCESS. dag_id=with_python_operator, task_id=get_age, execution_date=20221119T100500, start_date=20230301T125339, end_date=20230301T125340
[2023-03-01 12:53:40,596] {taskinstance.py:1246} INFO - 0 downstream tasks scheduled from follow-on schedule check
[2023-03-01 12:53:40,649] {local_task_job.py:146} INFO - Task exited with return code 0
