[2023-03-01 12:35:10,932] {taskinstance.py:877} INFO - Dependencies all met for <TaskInstance: with_python_operator.get_name 2022-10-29T13:05:00+00:00 [queued]>
[2023-03-01 12:35:11,098] {taskinstance.py:877} INFO - Dependencies all met for <TaskInstance: with_python_operator.get_name 2022-10-29T13:05:00+00:00 [queued]>
[2023-03-01 12:35:11,100] {taskinstance.py:1068} INFO - 
--------------------------------------------------------------------------------
[2023-03-01 12:35:11,104] {taskinstance.py:1069} INFO - Starting attempt 1 of 2
[2023-03-01 12:35:11,109] {taskinstance.py:1070} INFO - 
--------------------------------------------------------------------------------
[2023-03-01 12:35:11,224] {taskinstance.py:1089} INFO - Executing <Task(PythonOperator): get_name> on 2022-10-29T13:05:00+00:00
[2023-03-01 12:35:11,239] {standard_task_runner.py:52} INFO - Started process 8883 to run task
[2023-03-01 12:35:11,272] {standard_task_runner.py:76} INFO - Running: ['airflow', 'tasks', 'run', 'with_python_operator', 'get_name', '2022-10-29T13:05:00+00:00', '--job-id', '2012', '--pool', 'default_pool', '--raw', '--subdir', 'DAGS_FOLDER/02_python_operator.py', '--cfg-path', '/tmp/tmp0h3za9qv', '--error-file', '/tmp/tmp0cp69_u2']
[2023-03-01 12:35:11,287] {standard_task_runner.py:77} INFO - Job 2012: Subtask get_name
[2023-03-01 12:35:11,666] {logging_mixin.py:104} INFO - Running <TaskInstance: with_python_operator.get_name 2022-10-29T13:05:00+00:00 [running]> on host abe4c4997ef7
[2023-03-01 12:35:12,034] {taskinstance.py:1283} INFO - Exporting the following env vars:
AIRFLOW_CTX_DAG_OWNER=dataheroes
AIRFLOW_CTX_DAG_ID=with_python_operator
AIRFLOW_CTX_TASK_ID=get_name
AIRFLOW_CTX_EXECUTION_DATE=2022-10-29T13:05:00+00:00
AIRFLOW_CTX_DAG_RUN_ID=scheduled__2022-10-29T13:05:00+00:00
[2023-03-01 12:35:12,222] {python.py:118} INFO - Done. Returned value was: None
[2023-03-01 12:35:12,387] {taskinstance.py:1192} INFO - Marking task as SUCCESS. dag_id=with_python_operator, task_id=get_name, execution_date=20221029T130500, start_date=20230301T123510, end_date=20230301T123512
[2023-03-01 12:35:13,270] {taskinstance.py:1246} INFO - 0 downstream tasks scheduled from follow-on schedule check
[2023-03-01 12:35:13,386] {local_task_job.py:146} INFO - Task exited with return code 0
