[2023-03-01 12:55:44,619] {taskinstance.py:877} INFO - Dependencies all met for <TaskInstance: with_python_operator.get_name 2022-11-21T18:05:00+00:00 [queued]>
[2023-03-01 12:55:44,815] {taskinstance.py:877} INFO - Dependencies all met for <TaskInstance: with_python_operator.get_name 2022-11-21T18:05:00+00:00 [queued]>
[2023-03-01 12:55:44,820] {taskinstance.py:1068} INFO - 
--------------------------------------------------------------------------------
[2023-03-01 12:55:44,825] {taskinstance.py:1069} INFO - Starting attempt 1 of 2
[2023-03-01 12:55:44,829] {taskinstance.py:1070} INFO - 
--------------------------------------------------------------------------------
[2023-03-01 12:55:44,925] {taskinstance.py:1089} INFO - Executing <Task(PythonOperator): get_name> on 2022-11-21T18:05:00+00:00
[2023-03-01 12:55:44,943] {standard_task_runner.py:52} INFO - Started process 15567 to run task
[2023-03-01 12:55:44,975] {standard_task_runner.py:76} INFO - Running: ['airflow', 'tasks', 'run', 'with_python_operator', 'get_name', '2022-11-21T18:05:00+00:00', '--job-id', '3685', '--pool', 'default_pool', '--raw', '--subdir', 'DAGS_FOLDER/02_python_operator.py', '--cfg-path', '/tmp/tmpjuwydvug', '--error-file', '/tmp/tmpmg2pj84r']
[2023-03-01 12:55:44,997] {standard_task_runner.py:77} INFO - Job 3685: Subtask get_name
[2023-03-01 12:55:45,278] {logging_mixin.py:104} INFO - Running <TaskInstance: with_python_operator.get_name 2022-11-21T18:05:00+00:00 [running]> on host abe4c4997ef7
[2023-03-01 12:55:45,662] {taskinstance.py:1283} INFO - Exporting the following env vars:
AIRFLOW_CTX_DAG_OWNER=dataheroes
AIRFLOW_CTX_DAG_ID=with_python_operator
AIRFLOW_CTX_TASK_ID=get_name
AIRFLOW_CTX_EXECUTION_DATE=2022-11-21T18:05:00+00:00
AIRFLOW_CTX_DAG_RUN_ID=scheduled__2022-11-21T18:05:00+00:00
[2023-03-01 12:55:45,809] {python.py:118} INFO - Done. Returned value was: None
[2023-03-01 12:55:45,914] {taskinstance.py:1192} INFO - Marking task as SUCCESS. dag_id=with_python_operator, task_id=get_name, execution_date=20221121T180500, start_date=20230301T125544, end_date=20230301T125545
[2023-03-01 12:55:46,342] {taskinstance.py:1246} INFO - 0 downstream tasks scheduled from follow-on schedule check
[2023-03-01 12:55:46,428] {local_task_job.py:146} INFO - Task exited with return code 0
