[2023-03-01 13:14:03,098] {taskinstance.py:877} INFO - Dependencies all met for <TaskInstance: with_python_operator.get_name 2022-12-13T13:05:00+00:00 [queued]>
[2023-03-01 13:14:03,412] {taskinstance.py:877} INFO - Dependencies all met for <TaskInstance: with_python_operator.get_name 2022-12-13T13:05:00+00:00 [queued]>
[2023-03-01 13:14:03,416] {taskinstance.py:1068} INFO - 
--------------------------------------------------------------------------------
[2023-03-01 13:14:03,421] {taskinstance.py:1069} INFO - Starting attempt 1 of 2
[2023-03-01 13:14:03,430] {taskinstance.py:1070} INFO - 
--------------------------------------------------------------------------------
[2023-03-01 13:14:03,664] {taskinstance.py:1089} INFO - Executing <Task(PythonOperator): get_name> on 2022-12-13T13:05:00+00:00
[2023-03-01 13:14:03,720] {standard_task_runner.py:76} INFO - Running: ['airflow', 'tasks', 'run', 'with_python_operator', 'get_name', '2022-12-13T13:05:00+00:00', '--job-id', '5252', '--pool', 'default_pool', '--raw', '--subdir', 'DAGS_FOLDER/02_python_operator.py', '--cfg-path', '/tmp/tmpk2uxr5ts', '--error-file', '/tmp/tmpyexvqh3o']
[2023-03-01 13:14:03,742] {standard_task_runner.py:77} INFO - Job 5252: Subtask get_name
[2023-03-01 13:14:03,693] {standard_task_runner.py:52} INFO - Started process 21865 to run task
[2023-03-01 13:14:04,099] {logging_mixin.py:104} INFO - Running <TaskInstance: with_python_operator.get_name 2022-12-13T13:05:00+00:00 [running]> on host abe4c4997ef7
[2023-03-01 13:14:04,687] {taskinstance.py:1283} INFO - Exporting the following env vars:
AIRFLOW_CTX_DAG_OWNER=dataheroes
AIRFLOW_CTX_DAG_ID=with_python_operator
AIRFLOW_CTX_TASK_ID=get_name
AIRFLOW_CTX_EXECUTION_DATE=2022-12-13T13:05:00+00:00
AIRFLOW_CTX_DAG_RUN_ID=scheduled__2022-12-13T13:05:00+00:00
[2023-03-01 13:14:04,955] {python.py:118} INFO - Done. Returned value was: None
[2023-03-01 13:14:05,071] {taskinstance.py:1192} INFO - Marking task as SUCCESS. dag_id=with_python_operator, task_id=get_name, execution_date=20221213T130500, start_date=20230301T131403, end_date=20230301T131405
[2023-03-01 13:14:06,162] {taskinstance.py:1246} INFO - 0 downstream tasks scheduled from follow-on schedule check
[2023-03-01 13:14:06,299] {local_task_job.py:146} INFO - Task exited with return code 0
