[2023-03-01 07:20:36,502] {taskinstance.py:877} INFO - Dependencies all met for <TaskInstance: docker_operator_dag.print_current_date 2023-03-01T06:05:00+00:00 [queued]>
[2023-03-01 07:20:36,533] {taskinstance.py:877} INFO - Dependencies all met for <TaskInstance: docker_operator_dag.print_current_date 2023-03-01T06:05:00+00:00 [queued]>
[2023-03-01 07:20:36,534] {taskinstance.py:1068} INFO - 
--------------------------------------------------------------------------------
[2023-03-01 07:20:36,535] {taskinstance.py:1069} INFO - Starting attempt 1 of 2
[2023-03-01 07:20:36,535] {taskinstance.py:1070} INFO - 
--------------------------------------------------------------------------------
[2023-03-01 07:20:36,567] {taskinstance.py:1089} INFO - Executing <Task(BashOperator): print_current_date> on 2023-03-01T06:05:00+00:00
[2023-03-01 07:20:36,587] {standard_task_runner.py:52} INFO - Started process 108 to run task
[2023-03-01 07:20:36,617] {standard_task_runner.py:76} INFO - Running: ['airflow', 'tasks', 'run', 'docker_operator_dag', 'print_current_date', '2023-03-01T06:05:00+00:00', '--job-id', '4', '--pool', 'default_pool', '--raw', '--subdir', 'DAGS_FOLDER/helloairflow/hello.py', '--cfg-path', '/tmp/tmpvpxe2w_l', '--error-file', '/tmp/tmphqy1i53q']
[2023-03-01 07:20:36,620] {standard_task_runner.py:77} INFO - Job 4: Subtask print_current_date
[2023-03-01 07:20:36,767] {logging_mixin.py:104} INFO - Running <TaskInstance: docker_operator_dag.print_current_date 2023-03-01T06:05:00+00:00 [running]> on host dc56e153d71f
[2023-03-01 07:20:36,888] {taskinstance.py:1283} INFO - Exporting the following env vars:
AIRFLOW_CTX_DAG_OWNER=Nama Masing Masing
AIRFLOW_CTX_DAG_ID=docker_operator_dag
AIRFLOW_CTX_TASK_ID=print_current_date
AIRFLOW_CTX_EXECUTION_DATE=2023-03-01T06:05:00+00:00
AIRFLOW_CTX_DAG_RUN_ID=scheduled__2023-03-01T06:05:00+00:00
[2023-03-01 07:20:36,891] {bash.py:135} INFO - Tmp dir root location: 
 /tmp
[2023-03-01 07:20:36,894] {bash.py:158} INFO - Running command: date
[2023-03-01 07:20:36,912] {bash.py:169} INFO - Output:
[2023-03-01 07:20:37,001] {bash.py:173} INFO - Wed Mar  1 07:20:36 UTC 2023
[2023-03-01 07:20:37,004] {bash.py:177} INFO - Command exited with return code 0
[2023-03-01 07:20:37,112] {taskinstance.py:1192} INFO - Marking task as SUCCESS. dag_id=docker_operator_dag, task_id=print_current_date, execution_date=20230301T060500, start_date=20230301T072036, end_date=20230301T072037
[2023-03-01 07:20:37,196] {taskinstance.py:1246} INFO - 2 downstream tasks scheduled from follow-on schedule check
[2023-03-01 07:20:37,226] {local_task_job.py:146} INFO - Task exited with return code 0
