[2023-03-01 12:40:45,763] {taskinstance.py:877} INFO - Dependencies all met for <TaskInstance: with_python_operator.get_name 2022-11-05T06:05:00+00:00 [queued]>
[2023-03-01 12:40:46,034] {taskinstance.py:877} INFO - Dependencies all met for <TaskInstance: with_python_operator.get_name 2022-11-05T06:05:00+00:00 [queued]>
[2023-03-01 12:40:46,047] {taskinstance.py:1068} INFO - 
--------------------------------------------------------------------------------
[2023-03-01 12:40:46,049] {taskinstance.py:1069} INFO - Starting attempt 1 of 2
[2023-03-01 12:40:46,058] {taskinstance.py:1070} INFO - 
--------------------------------------------------------------------------------
[2023-03-01 12:40:46,222] {taskinstance.py:1089} INFO - Executing <Task(PythonOperator): get_name> on 2022-11-05T06:05:00+00:00
[2023-03-01 12:40:46,246] {standard_task_runner.py:52} INFO - Started process 10797 to run task
[2023-03-01 12:40:46,455] {standard_task_runner.py:76} INFO - Running: ['airflow', 'tasks', 'run', 'with_python_operator', 'get_name', '2022-11-05T06:05:00+00:00', '--job-id', '2490', '--pool', 'default_pool', '--raw', '--subdir', 'DAGS_FOLDER/02_python_operator.py', '--cfg-path', '/tmp/tmpksp38ms2', '--error-file', '/tmp/tmph9ldcva3']
[2023-03-01 12:40:46,484] {standard_task_runner.py:77} INFO - Job 2490: Subtask get_name
[2023-03-01 12:40:47,021] {logging_mixin.py:104} INFO - Running <TaskInstance: with_python_operator.get_name 2022-11-05T06:05:00+00:00 [running]> on host abe4c4997ef7
[2023-03-01 12:40:47,578] {taskinstance.py:1283} INFO - Exporting the following env vars:
AIRFLOW_CTX_DAG_OWNER=dataheroes
AIRFLOW_CTX_DAG_ID=with_python_operator
AIRFLOW_CTX_TASK_ID=get_name
AIRFLOW_CTX_EXECUTION_DATE=2022-11-05T06:05:00+00:00
AIRFLOW_CTX_DAG_RUN_ID=scheduled__2022-11-05T06:05:00+00:00
[2023-03-01 12:40:47,860] {python.py:118} INFO - Done. Returned value was: None
[2023-03-01 12:40:48,037] {taskinstance.py:1192} INFO - Marking task as SUCCESS. dag_id=with_python_operator, task_id=get_name, execution_date=20221105T060500, start_date=20230301T124045, end_date=20230301T124048
[2023-03-01 12:40:48,552] {taskinstance.py:1246} INFO - 0 downstream tasks scheduled from follow-on schedule check
[2023-03-01 12:40:48,644] {local_task_job.py:146} INFO - Task exited with return code 0
