[2023-03-01 12:37:13,445] {taskinstance.py:877} INFO - Dependencies all met for <TaskInstance: with_python_operator.greet 2022-10-31T19:05:00+00:00 [queued]>
[2023-03-01 12:37:13,631] {taskinstance.py:877} INFO - Dependencies all met for <TaskInstance: with_python_operator.greet 2022-10-31T19:05:00+00:00 [queued]>
[2023-03-01 12:37:13,642] {taskinstance.py:1068} INFO - 
--------------------------------------------------------------------------------
[2023-03-01 12:37:13,644] {taskinstance.py:1069} INFO - Starting attempt 1 of 2
[2023-03-01 12:37:13,645] {taskinstance.py:1070} INFO - 
--------------------------------------------------------------------------------
[2023-03-01 12:37:13,842] {taskinstance.py:1089} INFO - Executing <Task(PythonOperator): greet> on 2022-10-31T19:05:00+00:00
[2023-03-01 12:37:13,948] {standard_task_runner.py:76} INFO - Running: ['airflow', 'tasks', 'run', 'with_python_operator', 'greet', '2022-10-31T19:05:00+00:00', '--job-id', '2188', '--pool', 'default_pool', '--raw', '--subdir', 'DAGS_FOLDER/02_python_operator.py', '--cfg-path', '/tmp/tmps2v1ef4n', '--error-file', '/tmp/tmp1paic4_0']
[2023-03-01 12:37:13,953] {standard_task_runner.py:77} INFO - Job 2188: Subtask greet
[2023-03-01 12:37:13,893] {standard_task_runner.py:52} INFO - Started process 9579 to run task
[2023-03-01 12:37:14,533] {logging_mixin.py:104} INFO - Running <TaskInstance: with_python_operator.greet 2022-10-31T19:05:00+00:00 [running]> on host abe4c4997ef7
[2023-03-01 12:37:14,875] {taskinstance.py:1283} INFO - Exporting the following env vars:
AIRFLOW_CTX_DAG_OWNER=dataheroes
AIRFLOW_CTX_DAG_ID=with_python_operator
AIRFLOW_CTX_TASK_ID=greet
AIRFLOW_CTX_EXECUTION_DATE=2022-10-31T19:05:00+00:00
AIRFLOW_CTX_DAG_RUN_ID=scheduled__2022-10-31T19:05:00+00:00
[2023-03-01 12:37:14,894] {logging_mixin.py:104} INFO - some dict:  {'a': 1, 'b': 2}
[2023-03-01 12:37:15,166] {logging_mixin.py:104} INFO - Hello World! My name is Reza Primasatya, and I am 17 years old!
[2023-03-01 12:37:15,173] {python.py:118} INFO - Done. Returned value was: None
[2023-03-01 12:37:15,330] {taskinstance.py:1192} INFO - Marking task as SUCCESS. dag_id=with_python_operator, task_id=greet, execution_date=20221031T190500, start_date=20230301T123713, end_date=20230301T123715
[2023-03-01 12:37:15,635] {taskinstance.py:1246} INFO - 0 downstream tasks scheduled from follow-on schedule check
[2023-03-01 12:37:15,759] {local_task_job.py:146} INFO - Task exited with return code 0
