[2023-03-01 12:35:03,187] {taskinstance.py:877} INFO - Dependencies all met for <TaskInstance: with_python_operator.get_age 2022-10-29T08:05:00+00:00 [queued]>
[2023-03-01 12:35:03,240] {taskinstance.py:877} INFO - Dependencies all met for <TaskInstance: with_python_operator.get_age 2022-10-29T08:05:00+00:00 [queued]>
[2023-03-01 12:35:03,242] {taskinstance.py:1068} INFO - 
--------------------------------------------------------------------------------
[2023-03-01 12:35:03,243] {taskinstance.py:1069} INFO - Starting attempt 1 of 2
[2023-03-01 12:35:03,244] {taskinstance.py:1070} INFO - 
--------------------------------------------------------------------------------
[2023-03-01 12:35:03,320] {taskinstance.py:1089} INFO - Executing <Task(PythonOperator): get_age> on 2022-10-29T08:05:00+00:00
[2023-03-01 12:35:03,366] {standard_task_runner.py:76} INFO - Running: ['airflow', 'tasks', 'run', 'with_python_operator', 'get_age', '2022-10-29T08:05:00+00:00', '--job-id', '1999', '--pool', 'default_pool', '--raw', '--subdir', 'DAGS_FOLDER/02_python_operator.py', '--cfg-path', '/tmp/tmpvx1he630', '--error-file', '/tmp/tmpna_l3o1x']
[2023-03-01 12:35:03,368] {standard_task_runner.py:77} INFO - Job 1999: Subtask get_age
[2023-03-01 12:35:03,346] {standard_task_runner.py:52} INFO - Started process 8825 to run task
[2023-03-01 12:35:03,641] {logging_mixin.py:104} INFO - Running <TaskInstance: with_python_operator.get_age 2022-10-29T08:05:00+00:00 [running]> on host abe4c4997ef7
[2023-03-01 12:35:04,003] {taskinstance.py:1283} INFO - Exporting the following env vars:
AIRFLOW_CTX_DAG_OWNER=dataheroes
AIRFLOW_CTX_DAG_ID=with_python_operator
AIRFLOW_CTX_TASK_ID=get_age
AIRFLOW_CTX_EXECUTION_DATE=2022-10-29T08:05:00+00:00
AIRFLOW_CTX_DAG_RUN_ID=scheduled__2022-10-29T08:05:00+00:00
[2023-03-01 12:35:04,093] {python.py:118} INFO - Done. Returned value was: None
[2023-03-01 12:35:04,188] {taskinstance.py:1192} INFO - Marking task as SUCCESS. dag_id=with_python_operator, task_id=get_age, execution_date=20221029T080500, start_date=20230301T123503, end_date=20230301T123504
[2023-03-01 12:35:04,491] {taskinstance.py:1246} INFO - 0 downstream tasks scheduled from follow-on schedule check
[2023-03-01 12:35:04,593] {local_task_job.py:146} INFO - Task exited with return code 0
