[2023-03-01 12:57:03,009] {taskinstance.py:877} INFO - Dependencies all met for <TaskInstance: with_python_operator.get_age 2022-11-23T13:05:00+00:00 [queued]>
[2023-03-01 12:57:03,249] {taskinstance.py:877} INFO - Dependencies all met for <TaskInstance: with_python_operator.get_age 2022-11-23T13:05:00+00:00 [queued]>
[2023-03-01 12:57:03,261] {taskinstance.py:1068} INFO - 
--------------------------------------------------------------------------------
[2023-03-01 12:57:03,264] {taskinstance.py:1069} INFO - Starting attempt 1 of 2
[2023-03-01 12:57:03,273] {taskinstance.py:1070} INFO - 
--------------------------------------------------------------------------------
[2023-03-01 12:57:03,574] {taskinstance.py:1089} INFO - Executing <Task(PythonOperator): get_age> on 2022-11-23T13:05:00+00:00
[2023-03-01 12:57:03,623] {standard_task_runner.py:52} INFO - Started process 16091 to run task
[2023-03-01 12:57:03,759] {standard_task_runner.py:76} INFO - Running: ['airflow', 'tasks', 'run', 'with_python_operator', 'get_age', '2022-11-23T13:05:00+00:00', '--job-id', '3813', '--pool', 'default_pool', '--raw', '--subdir', 'DAGS_FOLDER/02_python_operator.py', '--cfg-path', '/tmp/tmp_u7k3z5e', '--error-file', '/tmp/tmpkapb7y6x']
[2023-03-01 12:57:03,764] {standard_task_runner.py:77} INFO - Job 3813: Subtask get_age
[2023-03-01 12:57:04,288] {logging_mixin.py:104} INFO - Running <TaskInstance: with_python_operator.get_age 2022-11-23T13:05:00+00:00 [running]> on host abe4c4997ef7
[2023-03-01 12:57:05,255] {taskinstance.py:1283} INFO - Exporting the following env vars:
AIRFLOW_CTX_DAG_OWNER=dataheroes
AIRFLOW_CTX_DAG_ID=with_python_operator
AIRFLOW_CTX_TASK_ID=get_age
AIRFLOW_CTX_EXECUTION_DATE=2022-11-23T13:05:00+00:00
AIRFLOW_CTX_DAG_RUN_ID=scheduled__2022-11-23T13:05:00+00:00
[2023-03-01 12:57:05,338] {python.py:118} INFO - Done. Returned value was: None
[2023-03-01 12:57:05,408] {taskinstance.py:1192} INFO - Marking task as SUCCESS. dag_id=with_python_operator, task_id=get_age, execution_date=20221123T130500, start_date=20230301T125703, end_date=20230301T125705
[2023-03-01 12:57:05,744] {taskinstance.py:1246} INFO - 1 downstream tasks scheduled from follow-on schedule check
[2023-03-01 12:57:05,911] {local_task_job.py:146} INFO - Task exited with return code 0
