[2023-03-01 12:30:21,594] {taskinstance.py:877} INFO - Dependencies all met for <TaskInstance: with_python_operator.get_age 2022-10-24T14:05:00+00:00 [queued]>
[2023-03-01 12:30:21,683] {taskinstance.py:877} INFO - Dependencies all met for <TaskInstance: with_python_operator.get_age 2022-10-24T14:05:00+00:00 [queued]>
[2023-03-01 12:30:21,685] {taskinstance.py:1068} INFO - 
--------------------------------------------------------------------------------
[2023-03-01 12:30:21,686] {taskinstance.py:1069} INFO - Starting attempt 1 of 2
[2023-03-01 12:30:21,687] {taskinstance.py:1070} INFO - 
--------------------------------------------------------------------------------
[2023-03-01 12:30:21,860] {taskinstance.py:1089} INFO - Executing <Task(PythonOperator): get_age> on 2022-10-24T14:05:00+00:00
[2023-03-01 12:30:21,897] {standard_task_runner.py:52} INFO - Started process 7433 to run task
[2023-03-01 12:30:22,002] {standard_task_runner.py:76} INFO - Running: ['airflow', 'tasks', 'run', 'with_python_operator', 'get_age', '2022-10-24T14:05:00+00:00', '--job-id', '1649', '--pool', 'default_pool', '--raw', '--subdir', 'DAGS_FOLDER/02_python_operator.py', '--cfg-path', '/tmp/tmp0oomoam9', '--error-file', '/tmp/tmpmzo1ji76']
[2023-03-01 12:30:22,014] {standard_task_runner.py:77} INFO - Job 1649: Subtask get_age
[2023-03-01 12:30:22,829] {logging_mixin.py:104} INFO - Running <TaskInstance: with_python_operator.get_age 2022-10-24T14:05:00+00:00 [running]> on host abe4c4997ef7
[2023-03-01 12:30:23,503] {taskinstance.py:1283} INFO - Exporting the following env vars:
AIRFLOW_CTX_DAG_OWNER=dataheroes
AIRFLOW_CTX_DAG_ID=with_python_operator
AIRFLOW_CTX_TASK_ID=get_age
AIRFLOW_CTX_EXECUTION_DATE=2022-10-24T14:05:00+00:00
AIRFLOW_CTX_DAG_RUN_ID=scheduled__2022-10-24T14:05:00+00:00
[2023-03-01 12:30:23,570] {python.py:118} INFO - Done. Returned value was: None
[2023-03-01 12:30:23,750] {taskinstance.py:1192} INFO - Marking task as SUCCESS. dag_id=with_python_operator, task_id=get_age, execution_date=20221024T140500, start_date=20230301T123021, end_date=20230301T123023
[2023-03-01 12:30:24,220] {taskinstance.py:1246} INFO - 1 downstream tasks scheduled from follow-on schedule check
[2023-03-01 12:30:24,385] {local_task_job.py:146} INFO - Task exited with return code 0
