[2023-03-01 13:02:14,386] {taskinstance.py:877} INFO - Dependencies all met for <TaskInstance: with_python_operator.get_age 2022-11-29T11:05:00+00:00 [queued]>
[2023-03-01 13:02:14,622] {taskinstance.py:877} INFO - Dependencies all met for <TaskInstance: with_python_operator.get_age 2022-11-29T11:05:00+00:00 [queued]>
[2023-03-01 13:02:14,638] {taskinstance.py:1068} INFO - 
--------------------------------------------------------------------------------
[2023-03-01 13:02:14,643] {taskinstance.py:1069} INFO - Starting attempt 1 of 2
[2023-03-01 13:02:14,645] {taskinstance.py:1070} INFO - 
--------------------------------------------------------------------------------
[2023-03-01 13:02:14,856] {taskinstance.py:1089} INFO - Executing <Task(PythonOperator): get_age> on 2022-11-29T11:05:00+00:00
[2023-03-01 13:02:14,893] {standard_task_runner.py:52} INFO - Started process 17810 to run task
[2023-03-01 13:02:14,943] {standard_task_runner.py:76} INFO - Running: ['airflow', 'tasks', 'run', 'with_python_operator', 'get_age', '2022-11-29T11:05:00+00:00', '--job-id', '4241', '--pool', 'default_pool', '--raw', '--subdir', 'DAGS_FOLDER/02_python_operator.py', '--cfg-path', '/tmp/tmpnk8t3oeh', '--error-file', '/tmp/tmps7phrdc9']
[2023-03-01 13:02:14,957] {standard_task_runner.py:77} INFO - Job 4241: Subtask get_age
[2023-03-01 13:02:15,529] {logging_mixin.py:104} INFO - Running <TaskInstance: with_python_operator.get_age 2022-11-29T11:05:00+00:00 [running]> on host abe4c4997ef7
[2023-03-01 13:02:16,031] {taskinstance.py:1283} INFO - Exporting the following env vars:
AIRFLOW_CTX_DAG_OWNER=dataheroes
AIRFLOW_CTX_DAG_ID=with_python_operator
AIRFLOW_CTX_TASK_ID=get_age
AIRFLOW_CTX_EXECUTION_DATE=2022-11-29T11:05:00+00:00
AIRFLOW_CTX_DAG_RUN_ID=scheduled__2022-11-29T11:05:00+00:00
[2023-03-01 13:02:16,222] {python.py:118} INFO - Done. Returned value was: None
[2023-03-01 13:02:16,358] {taskinstance.py:1192} INFO - Marking task as SUCCESS. dag_id=with_python_operator, task_id=get_age, execution_date=20221129T110500, start_date=20230301T130214, end_date=20230301T130216
[2023-03-01 13:02:17,171] {taskinstance.py:1246} INFO - 0 downstream tasks scheduled from follow-on schedule check
[2023-03-01 13:02:17,325] {local_task_job.py:146} INFO - Task exited with return code 0
