[2023-03-01 12:30:19,820] {taskinstance.py:877} INFO - Dependencies all met for <TaskInstance: with_python_operator.get_age 2022-10-24T12:05:00+00:00 [queued]>
[2023-03-01 12:30:20,269] {taskinstance.py:877} INFO - Dependencies all met for <TaskInstance: with_python_operator.get_age 2022-10-24T12:05:00+00:00 [queued]>
[2023-03-01 12:30:20,293] {taskinstance.py:1068} INFO - 
--------------------------------------------------------------------------------
[2023-03-01 12:30:20,304] {taskinstance.py:1069} INFO - Starting attempt 1 of 2
[2023-03-01 12:30:20,321] {taskinstance.py:1070} INFO - 
--------------------------------------------------------------------------------
[2023-03-01 12:30:20,533] {taskinstance.py:1089} INFO - Executing <Task(PythonOperator): get_age> on 2022-10-24T12:05:00+00:00
[2023-03-01 12:30:20,637] {standard_task_runner.py:76} INFO - Running: ['airflow', 'tasks', 'run', 'with_python_operator', 'get_age', '2022-10-24T12:05:00+00:00', '--job-id', '1647', '--pool', 'default_pool', '--raw', '--subdir', 'DAGS_FOLDER/02_python_operator.py', '--cfg-path', '/tmp/tmp6rbzknkd', '--error-file', '/tmp/tmpvvmzo6g8']
[2023-03-01 12:30:20,640] {standard_task_runner.py:77} INFO - Job 1647: Subtask get_age
[2023-03-01 12:30:20,620] {standard_task_runner.py:52} INFO - Started process 7423 to run task
[2023-03-01 12:30:21,488] {logging_mixin.py:104} INFO - Running <TaskInstance: with_python_operator.get_age 2022-10-24T12:05:00+00:00 [running]> on host abe4c4997ef7
[2023-03-01 12:30:22,017] {taskinstance.py:1283} INFO - Exporting the following env vars:
AIRFLOW_CTX_DAG_OWNER=dataheroes
AIRFLOW_CTX_DAG_ID=with_python_operator
AIRFLOW_CTX_TASK_ID=get_age
AIRFLOW_CTX_EXECUTION_DATE=2022-10-24T12:05:00+00:00
AIRFLOW_CTX_DAG_RUN_ID=scheduled__2022-10-24T12:05:00+00:00
[2023-03-01 12:30:22,230] {python.py:118} INFO - Done. Returned value was: None
[2023-03-01 12:30:22,402] {taskinstance.py:1192} INFO - Marking task as SUCCESS. dag_id=with_python_operator, task_id=get_age, execution_date=20221024T120500, start_date=20230301T123019, end_date=20230301T123022
[2023-03-01 12:30:22,901] {taskinstance.py:1246} INFO - 1 downstream tasks scheduled from follow-on schedule check
[2023-03-01 12:30:23,065] {local_task_job.py:146} INFO - Task exited with return code 0
