[2023-03-01 12:50:14,817] {taskinstance.py:877} INFO - Dependencies all met for <TaskInstance: with_python_operator.greet 2022-11-15T12:05:00+00:00 [queued]>
[2023-03-01 12:50:15,083] {taskinstance.py:877} INFO - Dependencies all met for <TaskInstance: with_python_operator.greet 2022-11-15T12:05:00+00:00 [queued]>
[2023-03-01 12:50:15,090] {taskinstance.py:1068} INFO - 
--------------------------------------------------------------------------------
[2023-03-01 12:50:15,099] {taskinstance.py:1069} INFO - Starting attempt 1 of 2
[2023-03-01 12:50:15,103] {taskinstance.py:1070} INFO - 
--------------------------------------------------------------------------------
[2023-03-01 12:50:15,343] {taskinstance.py:1089} INFO - Executing <Task(PythonOperator): greet> on 2022-11-15T12:05:00+00:00
[2023-03-01 12:50:15,383] {standard_task_runner.py:52} INFO - Started process 13833 to run task
[2023-03-01 12:50:15,442] {standard_task_runner.py:76} INFO - Running: ['airflow', 'tasks', 'run', 'with_python_operator', 'greet', '2022-11-15T12:05:00+00:00', '--job-id', '3252', '--pool', 'default_pool', '--raw', '--subdir', 'DAGS_FOLDER/02_python_operator.py', '--cfg-path', '/tmp/tmpzx_5jqo5', '--error-file', '/tmp/tmpl_f4z2ke']
[2023-03-01 12:50:15,472] {standard_task_runner.py:77} INFO - Job 3252: Subtask greet
[2023-03-01 12:50:16,327] {logging_mixin.py:104} INFO - Running <TaskInstance: with_python_operator.greet 2022-11-15T12:05:00+00:00 [running]> on host abe4c4997ef7
[2023-03-01 12:50:16,901] {taskinstance.py:1283} INFO - Exporting the following env vars:
AIRFLOW_CTX_DAG_OWNER=dataheroes
AIRFLOW_CTX_DAG_ID=with_python_operator
AIRFLOW_CTX_TASK_ID=greet
AIRFLOW_CTX_EXECUTION_DATE=2022-11-15T12:05:00+00:00
AIRFLOW_CTX_DAG_RUN_ID=scheduled__2022-11-15T12:05:00+00:00
[2023-03-01 12:50:16,909] {logging_mixin.py:104} INFO - some dict:  {'a': 1, 'b': 2}
[2023-03-01 12:50:17,095] {logging_mixin.py:104} INFO - Hello World! My name is Reza Primasatya, and I am 17 years old!
[2023-03-01 12:50:17,097] {python.py:118} INFO - Done. Returned value was: None
[2023-03-01 12:50:17,151] {taskinstance.py:1192} INFO - Marking task as SUCCESS. dag_id=with_python_operator, task_id=greet, execution_date=20221115T120500, start_date=20230301T125014, end_date=20230301T125017
[2023-03-01 12:50:17,448] {taskinstance.py:1246} INFO - 0 downstream tasks scheduled from follow-on schedule check
[2023-03-01 12:50:17,523] {local_task_job.py:146} INFO - Task exited with return code 0
