[2023-03-01 13:12:19,524] {taskinstance.py:877} INFO - Dependencies all met for <TaskInstance: with_python_operator.get_name 2022-12-11T08:05:00+00:00 [queued]>
[2023-03-01 13:12:19,739] {taskinstance.py:877} INFO - Dependencies all met for <TaskInstance: with_python_operator.get_name 2022-12-11T08:05:00+00:00 [queued]>
[2023-03-01 13:12:19,745] {taskinstance.py:1068} INFO - 
--------------------------------------------------------------------------------
[2023-03-01 13:12:19,746] {taskinstance.py:1069} INFO - Starting attempt 1 of 2
[2023-03-01 13:12:19,747] {taskinstance.py:1070} INFO - 
--------------------------------------------------------------------------------
[2023-03-01 13:12:19,937] {taskinstance.py:1089} INFO - Executing <Task(PythonOperator): get_name> on 2022-12-11T08:05:00+00:00
[2023-03-01 13:12:19,971] {standard_task_runner.py:52} INFO - Started process 21249 to run task
[2023-03-01 13:12:20,072] {standard_task_runner.py:76} INFO - Running: ['airflow', 'tasks', 'run', 'with_python_operator', 'get_name', '2022-12-11T08:05:00+00:00', '--job-id', '5099', '--pool', 'default_pool', '--raw', '--subdir', 'DAGS_FOLDER/02_python_operator.py', '--cfg-path', '/tmp/tmpnxy1u8ao', '--error-file', '/tmp/tmp3_4tl30f']
[2023-03-01 13:12:20,086] {standard_task_runner.py:77} INFO - Job 5099: Subtask get_name
[2023-03-01 13:12:20,687] {logging_mixin.py:104} INFO - Running <TaskInstance: with_python_operator.get_name 2022-12-11T08:05:00+00:00 [running]> on host abe4c4997ef7
[2023-03-01 13:12:21,201] {taskinstance.py:1283} INFO - Exporting the following env vars:
AIRFLOW_CTX_DAG_OWNER=dataheroes
AIRFLOW_CTX_DAG_ID=with_python_operator
AIRFLOW_CTX_TASK_ID=get_name
AIRFLOW_CTX_EXECUTION_DATE=2022-12-11T08:05:00+00:00
AIRFLOW_CTX_DAG_RUN_ID=scheduled__2022-12-11T08:05:00+00:00
[2023-03-01 13:12:21,361] {python.py:118} INFO - Done. Returned value was: None
[2023-03-01 13:12:21,469] {taskinstance.py:1192} INFO - Marking task as SUCCESS. dag_id=with_python_operator, task_id=get_name, execution_date=20221211T080500, start_date=20230301T131219, end_date=20230301T131221
[2023-03-01 13:12:21,844] {taskinstance.py:1246} INFO - 0 downstream tasks scheduled from follow-on schedule check
[2023-03-01 13:12:22,019] {local_task_job.py:146} INFO - Task exited with return code 0
