[2023-03-01 12:55:19,402] {taskinstance.py:877} INFO - Dependencies all met for <TaskInstance: with_python_operator.get_name 2022-11-21T11:05:00+00:00 [queued]>
[2023-03-01 12:55:19,617] {taskinstance.py:877} INFO - Dependencies all met for <TaskInstance: with_python_operator.get_name 2022-11-21T11:05:00+00:00 [queued]>
[2023-03-01 12:55:19,621] {taskinstance.py:1068} INFO - 
--------------------------------------------------------------------------------
[2023-03-01 12:55:19,622] {taskinstance.py:1069} INFO - Starting attempt 1 of 2
[2023-03-01 12:55:19,623] {taskinstance.py:1070} INFO - 
--------------------------------------------------------------------------------
[2023-03-01 12:55:19,706] {taskinstance.py:1089} INFO - Executing <Task(PythonOperator): get_name> on 2022-11-21T11:05:00+00:00
[2023-03-01 12:55:19,730] {standard_task_runner.py:52} INFO - Started process 15457 to run task
[2023-03-01 12:55:19,822] {standard_task_runner.py:76} INFO - Running: ['airflow', 'tasks', 'run', 'with_python_operator', 'get_name', '2022-11-21T11:05:00+00:00', '--job-id', '3656', '--pool', 'default_pool', '--raw', '--subdir', 'DAGS_FOLDER/02_python_operator.py', '--cfg-path', '/tmp/tmpsn15rboi', '--error-file', '/tmp/tmpiha7og4m']
[2023-03-01 12:55:19,834] {standard_task_runner.py:77} INFO - Job 3656: Subtask get_name
[2023-03-01 12:55:20,291] {logging_mixin.py:104} INFO - Running <TaskInstance: with_python_operator.get_name 2022-11-21T11:05:00+00:00 [running]> on host abe4c4997ef7
[2023-03-01 12:55:20,924] {taskinstance.py:1283} INFO - Exporting the following env vars:
AIRFLOW_CTX_DAG_OWNER=dataheroes
AIRFLOW_CTX_DAG_ID=with_python_operator
AIRFLOW_CTX_TASK_ID=get_name
AIRFLOW_CTX_EXECUTION_DATE=2022-11-21T11:05:00+00:00
AIRFLOW_CTX_DAG_RUN_ID=scheduled__2022-11-21T11:05:00+00:00
[2023-03-01 12:55:21,123] {python.py:118} INFO - Done. Returned value was: None
[2023-03-01 12:55:21,208] {taskinstance.py:1192} INFO - Marking task as SUCCESS. dag_id=with_python_operator, task_id=get_name, execution_date=20221121T110500, start_date=20230301T125519, end_date=20230301T125521
[2023-03-01 12:55:21,529] {taskinstance.py:1246} INFO - 1 downstream tasks scheduled from follow-on schedule check
[2023-03-01 12:55:21,584] {local_task_job.py:146} INFO - Task exited with return code 0
