[2023-03-01 13:13:30,405] {taskinstance.py:877} INFO - Dependencies all met for <TaskInstance: with_python_operator.get_age 2022-12-12T18:05:00+00:00 [queued]>
[2023-03-01 13:13:30,879] {taskinstance.py:877} INFO - Dependencies all met for <TaskInstance: with_python_operator.get_age 2022-12-12T18:05:00+00:00 [queued]>
[2023-03-01 13:13:30,898] {taskinstance.py:1068} INFO - 
--------------------------------------------------------------------------------
[2023-03-01 13:13:30,900] {taskinstance.py:1069} INFO - Starting attempt 1 of 2
[2023-03-01 13:13:30,904] {taskinstance.py:1070} INFO - 
--------------------------------------------------------------------------------
[2023-03-01 13:13:31,046] {taskinstance.py:1089} INFO - Executing <Task(PythonOperator): get_age> on 2022-12-12T18:05:00+00:00
[2023-03-01 13:13:31,128] {standard_task_runner.py:52} INFO - Started process 21647 to run task
[2023-03-01 13:13:31,227] {standard_task_runner.py:76} INFO - Running: ['airflow', 'tasks', 'run', 'with_python_operator', 'get_age', '2022-12-12T18:05:00+00:00', '--job-id', '5200', '--pool', 'default_pool', '--raw', '--subdir', 'DAGS_FOLDER/02_python_operator.py', '--cfg-path', '/tmp/tmp9s1l24uo', '--error-file', '/tmp/tmp6y02nm40']
[2023-03-01 13:13:31,236] {standard_task_runner.py:77} INFO - Job 5200: Subtask get_age
[2023-03-01 13:13:32,014] {logging_mixin.py:104} INFO - Running <TaskInstance: with_python_operator.get_age 2022-12-12T18:05:00+00:00 [running]> on host abe4c4997ef7
[2023-03-01 13:13:32,456] {taskinstance.py:1283} INFO - Exporting the following env vars:
AIRFLOW_CTX_DAG_OWNER=dataheroes
AIRFLOW_CTX_DAG_ID=with_python_operator
AIRFLOW_CTX_TASK_ID=get_age
AIRFLOW_CTX_EXECUTION_DATE=2022-12-12T18:05:00+00:00
AIRFLOW_CTX_DAG_RUN_ID=scheduled__2022-12-12T18:05:00+00:00
[2023-03-01 13:13:32,637] {python.py:118} INFO - Done. Returned value was: None
[2023-03-01 13:13:32,788] {taskinstance.py:1192} INFO - Marking task as SUCCESS. dag_id=with_python_operator, task_id=get_age, execution_date=20221212T180500, start_date=20230301T131330, end_date=20230301T131332
[2023-03-01 13:13:33,874] {taskinstance.py:1246} INFO - 1 downstream tasks scheduled from follow-on schedule check
[2023-03-01 13:13:33,995] {local_task_job.py:146} INFO - Task exited with return code 0
