[2023-03-01 13:07:16,666] {taskinstance.py:877} INFO - Dependencies all met for <TaskInstance: with_python_operator.get_name 2022-12-05T19:05:00+00:00 [queued]>
[2023-03-01 13:07:17,027] {taskinstance.py:877} INFO - Dependencies all met for <TaskInstance: with_python_operator.get_name 2022-12-05T19:05:00+00:00 [queued]>
[2023-03-01 13:07:17,028] {taskinstance.py:1068} INFO - 
--------------------------------------------------------------------------------
[2023-03-01 13:07:17,030] {taskinstance.py:1069} INFO - Starting attempt 1 of 2
[2023-03-01 13:07:17,034] {taskinstance.py:1070} INFO - 
--------------------------------------------------------------------------------
[2023-03-01 13:07:17,195] {taskinstance.py:1089} INFO - Executing <Task(PythonOperator): get_name> on 2022-12-05T19:05:00+00:00
[2023-03-01 13:07:17,251] {standard_task_runner.py:52} INFO - Started process 19655 to run task
[2023-03-01 13:07:17,340] {standard_task_runner.py:76} INFO - Running: ['airflow', 'tasks', 'run', 'with_python_operator', 'get_name', '2022-12-05T19:05:00+00:00', '--job-id', '4700', '--pool', 'default_pool', '--raw', '--subdir', 'DAGS_FOLDER/02_python_operator.py', '--cfg-path', '/tmp/tmpd894zzg1', '--error-file', '/tmp/tmp2q23o4wr']
[2023-03-01 13:07:17,354] {standard_task_runner.py:77} INFO - Job 4700: Subtask get_name
[2023-03-01 13:07:17,912] {logging_mixin.py:104} INFO - Running <TaskInstance: with_python_operator.get_name 2022-12-05T19:05:00+00:00 [running]> on host abe4c4997ef7
[2023-03-01 13:07:18,397] {taskinstance.py:1283} INFO - Exporting the following env vars:
AIRFLOW_CTX_DAG_OWNER=dataheroes
AIRFLOW_CTX_DAG_ID=with_python_operator
AIRFLOW_CTX_TASK_ID=get_name
AIRFLOW_CTX_EXECUTION_DATE=2022-12-05T19:05:00+00:00
AIRFLOW_CTX_DAG_RUN_ID=scheduled__2022-12-05T19:05:00+00:00
[2023-03-01 13:07:18,635] {python.py:118} INFO - Done. Returned value was: None
[2023-03-01 13:07:18,869] {taskinstance.py:1192} INFO - Marking task as SUCCESS. dag_id=with_python_operator, task_id=get_name, execution_date=20221205T190500, start_date=20230301T130716, end_date=20230301T130718
[2023-03-01 13:07:19,581] {taskinstance.py:1246} INFO - 1 downstream tasks scheduled from follow-on schedule check
[2023-03-01 13:07:19,754] {local_task_job.py:146} INFO - Task exited with return code 0
