[2023-03-01 12:14:55,557] {taskinstance.py:877} INFO - Dependencies all met for <TaskInstance: with_python_operator.greet 2022-10-08T04:05:00+00:00 [queued]>
[2023-03-01 12:14:55,675] {taskinstance.py:877} INFO - Dependencies all met for <TaskInstance: with_python_operator.greet 2022-10-08T04:05:00+00:00 [queued]>
[2023-03-01 12:14:55,677] {taskinstance.py:1068} INFO - 
--------------------------------------------------------------------------------
[2023-03-01 12:14:55,678] {taskinstance.py:1069} INFO - Starting attempt 1 of 2
[2023-03-01 12:14:55,679] {taskinstance.py:1070} INFO - 
--------------------------------------------------------------------------------
[2023-03-01 12:14:55,749] {taskinstance.py:1089} INFO - Executing <Task(PythonOperator): greet> on 2022-10-08T04:05:00+00:00
[2023-03-01 12:14:55,761] {standard_task_runner.py:52} INFO - Started process 2367 to run task
[2023-03-01 12:14:55,797] {standard_task_runner.py:76} INFO - Running: ['airflow', 'tasks', 'run', 'with_python_operator', 'greet', '2022-10-08T04:05:00+00:00', '--job-id', '427', '--pool', 'default_pool', '--raw', '--subdir', 'DAGS_FOLDER/02_python_operator.py', '--cfg-path', '/tmp/tmp9vm35hs9', '--error-file', '/tmp/tmpycswfb4x']
[2023-03-01 12:14:55,804] {standard_task_runner.py:77} INFO - Job 427: Subtask greet
[2023-03-01 12:14:56,209] {logging_mixin.py:104} INFO - Running <TaskInstance: with_python_operator.greet 2022-10-08T04:05:00+00:00 [running]> on host abe4c4997ef7
[2023-03-01 12:14:56,585] {taskinstance.py:1283} INFO - Exporting the following env vars:
AIRFLOW_CTX_DAG_OWNER=dataheroes
AIRFLOW_CTX_DAG_ID=with_python_operator
AIRFLOW_CTX_TASK_ID=greet
AIRFLOW_CTX_EXECUTION_DATE=2022-10-08T04:05:00+00:00
AIRFLOW_CTX_DAG_RUN_ID=scheduled__2022-10-08T04:05:00+00:00
[2023-03-01 12:14:56,588] {logging_mixin.py:104} INFO - some dict:  {'a': 1, 'b': 2}
[2023-03-01 12:14:56,666] {logging_mixin.py:104} INFO - Hello World! My name is Reza Primasatya, and I am 17 years old!
[2023-03-01 12:14:56,668] {python.py:118} INFO - Done. Returned value was: None
[2023-03-01 12:14:56,732] {taskinstance.py:1192} INFO - Marking task as SUCCESS. dag_id=with_python_operator, task_id=greet, execution_date=20221008T040500, start_date=20230301T121455, end_date=20230301T121456
[2023-03-01 12:14:56,946] {taskinstance.py:1246} INFO - 0 downstream tasks scheduled from follow-on schedule check
[2023-03-01 12:14:57,030] {local_task_job.py:146} INFO - Task exited with return code 0
