[2023-03-01 13:01:50,736] {taskinstance.py:877} INFO - Dependencies all met for <TaskInstance: with_python_operator.get_name 2022-11-28T21:05:00+00:00 [queued]>
[2023-03-01 13:01:50,833] {taskinstance.py:877} INFO - Dependencies all met for <TaskInstance: with_python_operator.get_name 2022-11-28T21:05:00+00:00 [queued]>
[2023-03-01 13:01:50,835] {taskinstance.py:1068} INFO - 
--------------------------------------------------------------------------------
[2023-03-01 13:01:50,836] {taskinstance.py:1069} INFO - Starting attempt 1 of 2
[2023-03-01 13:01:50,837] {taskinstance.py:1070} INFO - 
--------------------------------------------------------------------------------
[2023-03-01 13:01:50,915] {taskinstance.py:1089} INFO - Executing <Task(PythonOperator): get_name> on 2022-11-28T21:05:00+00:00
[2023-03-01 13:01:50,951] {standard_task_runner.py:76} INFO - Running: ['airflow', 'tasks', 'run', 'with_python_operator', 'get_name', '2022-11-28T21:05:00+00:00', '--job-id', '4201', '--pool', 'default_pool', '--raw', '--subdir', 'DAGS_FOLDER/02_python_operator.py', '--cfg-path', '/tmp/tmp1xp0x6ev', '--error-file', '/tmp/tmp4fiu__2l']
[2023-03-01 13:01:50,955] {standard_task_runner.py:77} INFO - Job 4201: Subtask get_name
[2023-03-01 13:01:50,925] {standard_task_runner.py:52} INFO - Started process 17636 to run task
[2023-03-01 13:01:51,235] {logging_mixin.py:104} INFO - Running <TaskInstance: with_python_operator.get_name 2022-11-28T21:05:00+00:00 [running]> on host abe4c4997ef7
[2023-03-01 13:01:51,525] {taskinstance.py:1283} INFO - Exporting the following env vars:
AIRFLOW_CTX_DAG_OWNER=dataheroes
AIRFLOW_CTX_DAG_ID=with_python_operator
AIRFLOW_CTX_TASK_ID=get_name
AIRFLOW_CTX_EXECUTION_DATE=2022-11-28T21:05:00+00:00
AIRFLOW_CTX_DAG_RUN_ID=scheduled__2022-11-28T21:05:00+00:00
[2023-03-01 13:01:51,642] {python.py:118} INFO - Done. Returned value was: None
[2023-03-01 13:01:51,695] {taskinstance.py:1192} INFO - Marking task as SUCCESS. dag_id=with_python_operator, task_id=get_name, execution_date=20221128T210500, start_date=20230301T130150, end_date=20230301T130151
[2023-03-01 13:01:51,992] {taskinstance.py:1246} INFO - 0 downstream tasks scheduled from follow-on schedule check
[2023-03-01 13:01:52,085] {local_task_job.py:146} INFO - Task exited with return code 0
