[2023-03-01 13:10:04,117] {taskinstance.py:877} INFO - Dependencies all met for <TaskInstance: with_python_operator.get_age 2022-12-08T15:05:00+00:00 [queued]>
[2023-03-01 13:10:04,170] {taskinstance.py:877} INFO - Dependencies all met for <TaskInstance: with_python_operator.get_age 2022-12-08T15:05:00+00:00 [queued]>
[2023-03-01 13:10:04,178] {taskinstance.py:1068} INFO - 
--------------------------------------------------------------------------------
[2023-03-01 13:10:04,191] {taskinstance.py:1069} INFO - Starting attempt 1 of 2
[2023-03-01 13:10:04,197] {taskinstance.py:1070} INFO - 
--------------------------------------------------------------------------------
[2023-03-01 13:10:04,267] {taskinstance.py:1089} INFO - Executing <Task(PythonOperator): get_age> on 2022-12-08T15:05:00+00:00
[2023-03-01 13:10:04,272] {standard_task_runner.py:52} INFO - Started process 20471 to run task
[2023-03-01 13:10:04,300] {standard_task_runner.py:76} INFO - Running: ['airflow', 'tasks', 'run', 'with_python_operator', 'get_age', '2022-12-08T15:05:00+00:00', '--job-id', '4909', '--pool', 'default_pool', '--raw', '--subdir', 'DAGS_FOLDER/02_python_operator.py', '--cfg-path', '/tmp/tmpwldxs50g', '--error-file', '/tmp/tmprrd4ubvi']
[2023-03-01 13:10:04,306] {standard_task_runner.py:77} INFO - Job 4909: Subtask get_age
[2023-03-01 13:10:04,454] {logging_mixin.py:104} INFO - Running <TaskInstance: with_python_operator.get_age 2022-12-08T15:05:00+00:00 [running]> on host abe4c4997ef7
[2023-03-01 13:10:04,592] {taskinstance.py:1283} INFO - Exporting the following env vars:
AIRFLOW_CTX_DAG_OWNER=dataheroes
AIRFLOW_CTX_DAG_ID=with_python_operator
AIRFLOW_CTX_TASK_ID=get_age
AIRFLOW_CTX_EXECUTION_DATE=2022-12-08T15:05:00+00:00
AIRFLOW_CTX_DAG_RUN_ID=scheduled__2022-12-08T15:05:00+00:00
[2023-03-01 13:10:04,680] {python.py:118} INFO - Done. Returned value was: None
[2023-03-01 13:10:04,776] {taskinstance.py:1192} INFO - Marking task as SUCCESS. dag_id=with_python_operator, task_id=get_age, execution_date=20221208T150500, start_date=20230301T131004, end_date=20230301T131004
[2023-03-01 13:10:05,044] {taskinstance.py:1246} INFO - 0 downstream tasks scheduled from follow-on schedule check
[2023-03-01 13:10:05,112] {local_task_job.py:146} INFO - Task exited with return code 0
