[2023-03-01 12:23:44,206] {taskinstance.py:877} INFO - Dependencies all met for <TaskInstance: with_python_operator.get_age 2022-10-17T10:05:00+00:00 [queued]>
[2023-03-01 12:23:44,303] {taskinstance.py:877} INFO - Dependencies all met for <TaskInstance: with_python_operator.get_age 2022-10-17T10:05:00+00:00 [queued]>
[2023-03-01 12:23:44,304] {taskinstance.py:1068} INFO - 
--------------------------------------------------------------------------------
[2023-03-01 12:23:44,306] {taskinstance.py:1069} INFO - Starting attempt 1 of 2
[2023-03-01 12:23:44,308] {taskinstance.py:1070} INFO - 
--------------------------------------------------------------------------------
[2023-03-01 12:23:44,396] {taskinstance.py:1089} INFO - Executing <Task(PythonOperator): get_age> on 2022-10-17T10:05:00+00:00
[2023-03-01 12:23:44,427] {standard_task_runner.py:76} INFO - Running: ['airflow', 'tasks', 'run', 'with_python_operator', 'get_age', '2022-10-17T10:05:00+00:00', '--job-id', '1140', '--pool', 'default_pool', '--raw', '--subdir', 'DAGS_FOLDER/02_python_operator.py', '--cfg-path', '/tmp/tmpcluazud6', '--error-file', '/tmp/tmpbif36f8h']
[2023-03-01 12:23:44,434] {standard_task_runner.py:77} INFO - Job 1140: Subtask get_age
[2023-03-01 12:23:44,414] {standard_task_runner.py:52} INFO - Started process 5393 to run task
[2023-03-01 12:23:45,319] {logging_mixin.py:104} INFO - Running <TaskInstance: with_python_operator.get_age 2022-10-17T10:05:00+00:00 [running]> on host abe4c4997ef7
[2023-03-01 12:23:45,854] {taskinstance.py:1283} INFO - Exporting the following env vars:
AIRFLOW_CTX_DAG_OWNER=dataheroes
AIRFLOW_CTX_DAG_ID=with_python_operator
AIRFLOW_CTX_TASK_ID=get_age
AIRFLOW_CTX_EXECUTION_DATE=2022-10-17T10:05:00+00:00
AIRFLOW_CTX_DAG_RUN_ID=scheduled__2022-10-17T10:05:00+00:00
[2023-03-01 12:23:46,001] {python.py:118} INFO - Done. Returned value was: None
[2023-03-01 12:23:46,123] {taskinstance.py:1192} INFO - Marking task as SUCCESS. dag_id=with_python_operator, task_id=get_age, execution_date=20221017T100500, start_date=20230301T122344, end_date=20230301T122346
[2023-03-01 12:23:46,514] {taskinstance.py:1246} INFO - 1 downstream tasks scheduled from follow-on schedule check
[2023-03-01 12:23:46,597] {local_task_job.py:146} INFO - Task exited with return code 0
