[2023-03-01 12:59:23,107] {taskinstance.py:877} INFO - Dependencies all met for <TaskInstance: with_python_operator.get_name 2022-11-26T08:05:00+00:00 [queued]>
[2023-03-01 12:59:23,340] {taskinstance.py:877} INFO - Dependencies all met for <TaskInstance: with_python_operator.get_name 2022-11-26T08:05:00+00:00 [queued]>
[2023-03-01 12:59:23,344] {taskinstance.py:1068} INFO - 
--------------------------------------------------------------------------------
[2023-03-01 12:59:23,346] {taskinstance.py:1069} INFO - Starting attempt 1 of 2
[2023-03-01 12:59:23,348] {taskinstance.py:1070} INFO - 
--------------------------------------------------------------------------------
[2023-03-01 12:59:23,495] {taskinstance.py:1089} INFO - Executing <Task(PythonOperator): get_name> on 2022-11-26T08:05:00+00:00
[2023-03-01 12:59:23,546] {standard_task_runner.py:52} INFO - Started process 16881 to run task
[2023-03-01 12:59:23,590] {standard_task_runner.py:76} INFO - Running: ['airflow', 'tasks', 'run', 'with_python_operator', 'get_name', '2022-11-26T08:05:00+00:00', '--job-id', '4011', '--pool', 'default_pool', '--raw', '--subdir', 'DAGS_FOLDER/02_python_operator.py', '--cfg-path', '/tmp/tmpahs8mzov', '--error-file', '/tmp/tmpcbic7fyv']
[2023-03-01 12:59:23,597] {standard_task_runner.py:77} INFO - Job 4011: Subtask get_name
[2023-03-01 12:59:24,113] {logging_mixin.py:104} INFO - Running <TaskInstance: with_python_operator.get_name 2022-11-26T08:05:00+00:00 [running]> on host abe4c4997ef7
[2023-03-01 12:59:24,605] {taskinstance.py:1283} INFO - Exporting the following env vars:
AIRFLOW_CTX_DAG_OWNER=dataheroes
AIRFLOW_CTX_DAG_ID=with_python_operator
AIRFLOW_CTX_TASK_ID=get_name
AIRFLOW_CTX_EXECUTION_DATE=2022-11-26T08:05:00+00:00
AIRFLOW_CTX_DAG_RUN_ID=scheduled__2022-11-26T08:05:00+00:00
[2023-03-01 12:59:24,819] {python.py:118} INFO - Done. Returned value was: None
[2023-03-01 12:59:24,901] {taskinstance.py:1192} INFO - Marking task as SUCCESS. dag_id=with_python_operator, task_id=get_name, execution_date=20221126T080500, start_date=20230301T125923, end_date=20230301T125924
[2023-03-01 12:59:25,159] {taskinstance.py:1246} INFO - 1 downstream tasks scheduled from follow-on schedule check
[2023-03-01 12:59:25,243] {local_task_job.py:146} INFO - Task exited with return code 0
