[2023-03-01 13:03:52,044] {taskinstance.py:877} INFO - Dependencies all met for <TaskInstance: with_python_operator.get_name 2022-12-01T17:05:00+00:00 [queued]>
[2023-03-01 13:03:52,092] {taskinstance.py:877} INFO - Dependencies all met for <TaskInstance: with_python_operator.get_name 2022-12-01T17:05:00+00:00 [queued]>
[2023-03-01 13:03:52,097] {taskinstance.py:1068} INFO - 
--------------------------------------------------------------------------------
[2023-03-01 13:03:52,099] {taskinstance.py:1069} INFO - Starting attempt 1 of 2
[2023-03-01 13:03:52,100] {taskinstance.py:1070} INFO - 
--------------------------------------------------------------------------------
[2023-03-01 13:03:52,143] {taskinstance.py:1089} INFO - Executing <Task(PythonOperator): get_name> on 2022-12-01T17:05:00+00:00
[2023-03-01 13:03:52,176] {standard_task_runner.py:76} INFO - Running: ['airflow', 'tasks', 'run', 'with_python_operator', 'get_name', '2022-12-01T17:05:00+00:00', '--job-id', '4411', '--pool', 'default_pool', '--raw', '--subdir', 'DAGS_FOLDER/02_python_operator.py', '--cfg-path', '/tmp/tmpl0u_wejt', '--error-file', '/tmp/tmp3cfgpxb5']
[2023-03-01 13:03:52,162] {standard_task_runner.py:52} INFO - Started process 18481 to run task
[2023-03-01 13:03:52,179] {standard_task_runner.py:77} INFO - Job 4411: Subtask get_name
[2023-03-01 13:03:52,420] {logging_mixin.py:104} INFO - Running <TaskInstance: with_python_operator.get_name 2022-12-01T17:05:00+00:00 [running]> on host abe4c4997ef7
[2023-03-01 13:03:52,656] {taskinstance.py:1283} INFO - Exporting the following env vars:
AIRFLOW_CTX_DAG_OWNER=dataheroes
AIRFLOW_CTX_DAG_ID=with_python_operator
AIRFLOW_CTX_TASK_ID=get_name
AIRFLOW_CTX_EXECUTION_DATE=2022-12-01T17:05:00+00:00
AIRFLOW_CTX_DAG_RUN_ID=scheduled__2022-12-01T17:05:00+00:00
[2023-03-01 13:03:52,767] {python.py:118} INFO - Done. Returned value was: None
[2023-03-01 13:03:52,798] {taskinstance.py:1192} INFO - Marking task as SUCCESS. dag_id=with_python_operator, task_id=get_name, execution_date=20221201T170500, start_date=20230301T130352, end_date=20230301T130352
[2023-03-01 13:03:53,003] {taskinstance.py:1246} INFO - 0 downstream tasks scheduled from follow-on schedule check
[2023-03-01 13:03:53,065] {local_task_job.py:146} INFO - Task exited with return code 0
