[2023-03-01 13:11:51,209] {taskinstance.py:877} INFO - Dependencies all met for <TaskInstance: with_python_operator.greet 2022-12-10T12:05:00+00:00 [queued]>
[2023-03-01 13:11:51,368] {taskinstance.py:877} INFO - Dependencies all met for <TaskInstance: with_python_operator.greet 2022-12-10T12:05:00+00:00 [queued]>
[2023-03-01 13:11:51,372] {taskinstance.py:1068} INFO - 
--------------------------------------------------------------------------------
[2023-03-01 13:11:51,372] {taskinstance.py:1069} INFO - Starting attempt 1 of 2
[2023-03-01 13:11:51,373] {taskinstance.py:1070} INFO - 
--------------------------------------------------------------------------------
[2023-03-01 13:11:51,717] {taskinstance.py:1089} INFO - Executing <Task(PythonOperator): greet> on 2022-12-10T12:05:00+00:00
[2023-03-01 13:11:51,789] {standard_task_runner.py:76} INFO - Running: ['airflow', 'tasks', 'run', 'with_python_operator', 'greet', '2022-12-10T12:05:00+00:00', '--job-id', '5064', '--pool', 'default_pool', '--raw', '--subdir', 'DAGS_FOLDER/02_python_operator.py', '--cfg-path', '/tmp/tmpz6_p7xn1', '--error-file', '/tmp/tmpx2n2vn3i']
[2023-03-01 13:11:51,792] {standard_task_runner.py:77} INFO - Job 5064: Subtask greet
[2023-03-01 13:11:51,767] {standard_task_runner.py:52} INFO - Started process 21107 to run task
[2023-03-01 13:11:52,211] {logging_mixin.py:104} INFO - Running <TaskInstance: with_python_operator.greet 2022-12-10T12:05:00+00:00 [running]> on host abe4c4997ef7
[2023-03-01 13:11:52,567] {taskinstance.py:1283} INFO - Exporting the following env vars:
AIRFLOW_CTX_DAG_OWNER=dataheroes
AIRFLOW_CTX_DAG_ID=with_python_operator
AIRFLOW_CTX_TASK_ID=greet
AIRFLOW_CTX_EXECUTION_DATE=2022-12-10T12:05:00+00:00
AIRFLOW_CTX_DAG_RUN_ID=scheduled__2022-12-10T12:05:00+00:00
[2023-03-01 13:11:52,593] {logging_mixin.py:104} INFO - some dict:  {'a': 1, 'b': 2}
[2023-03-01 13:11:52,832] {logging_mixin.py:104} INFO - Hello World! My name is Reza Primasatya, and I am 17 years old!
[2023-03-01 13:11:52,837] {python.py:118} INFO - Done. Returned value was: None
[2023-03-01 13:11:52,929] {taskinstance.py:1192} INFO - Marking task as SUCCESS. dag_id=with_python_operator, task_id=greet, execution_date=20221210T120500, start_date=20230301T131151, end_date=20230301T131152
[2023-03-01 13:11:53,258] {taskinstance.py:1246} INFO - 0 downstream tasks scheduled from follow-on schedule check
[2023-03-01 13:11:53,363] {local_task_job.py:146} INFO - Task exited with return code 0
