[2023-03-01 12:31:21,871] {taskinstance.py:877} INFO - Dependencies all met for <TaskInstance: with_python_operator.greet 2022-10-25T05:05:00+00:00 [queued]>
[2023-03-01 12:31:22,132] {taskinstance.py:877} INFO - Dependencies all met for <TaskInstance: with_python_operator.greet 2022-10-25T05:05:00+00:00 [queued]>
[2023-03-01 12:31:22,135] {taskinstance.py:1068} INFO - 
--------------------------------------------------------------------------------
[2023-03-01 12:31:22,140] {taskinstance.py:1069} INFO - Starting attempt 1 of 2
[2023-03-01 12:31:22,146] {taskinstance.py:1070} INFO - 
--------------------------------------------------------------------------------
[2023-03-01 12:31:22,351] {taskinstance.py:1089} INFO - Executing <Task(PythonOperator): greet> on 2022-10-25T05:05:00+00:00
[2023-03-01 12:31:22,360] {standard_task_runner.py:52} INFO - Started process 7735 to run task
[2023-03-01 12:31:22,443] {standard_task_runner.py:76} INFO - Running: ['airflow', 'tasks', 'run', 'with_python_operator', 'greet', '2022-10-25T05:05:00+00:00', '--job-id', '1725', '--pool', 'default_pool', '--raw', '--subdir', 'DAGS_FOLDER/02_python_operator.py', '--cfg-path', '/tmp/tmph9zfc0dl', '--error-file', '/tmp/tmp53tuk6zg']
[2023-03-01 12:31:22,462] {standard_task_runner.py:77} INFO - Job 1725: Subtask greet
[2023-03-01 12:31:23,076] {logging_mixin.py:104} INFO - Running <TaskInstance: with_python_operator.greet 2022-10-25T05:05:00+00:00 [running]> on host abe4c4997ef7
[2023-03-01 12:31:23,629] {taskinstance.py:1283} INFO - Exporting the following env vars:
AIRFLOW_CTX_DAG_OWNER=dataheroes
AIRFLOW_CTX_DAG_ID=with_python_operator
AIRFLOW_CTX_TASK_ID=greet
AIRFLOW_CTX_EXECUTION_DATE=2022-10-25T05:05:00+00:00
AIRFLOW_CTX_DAG_RUN_ID=scheduled__2022-10-25T05:05:00+00:00
[2023-03-01 12:31:23,644] {logging_mixin.py:104} INFO - some dict:  {'a': 1, 'b': 2}
[2023-03-01 12:31:23,930] {logging_mixin.py:104} INFO - Hello World! My name is Reza Primasatya, and I am 17 years old!
[2023-03-01 12:31:23,937] {python.py:118} INFO - Done. Returned value was: None
[2023-03-01 12:31:24,095] {taskinstance.py:1192} INFO - Marking task as SUCCESS. dag_id=with_python_operator, task_id=greet, execution_date=20221025T050500, start_date=20230301T123121, end_date=20230301T123124
[2023-03-01 12:31:24,542] {taskinstance.py:1246} INFO - 0 downstream tasks scheduled from follow-on schedule check
[2023-03-01 12:31:24,704] {local_task_job.py:146} INFO - Task exited with return code 0
