[2023-03-01 12:15:05,097] {taskinstance.py:877} INFO - Dependencies all met for <TaskInstance: with_python_operator.get_age 2022-10-08T12:05:00+00:00 [queued]>
[2023-03-01 12:15:05,205] {taskinstance.py:877} INFO - Dependencies all met for <TaskInstance: with_python_operator.get_age 2022-10-08T12:05:00+00:00 [queued]>
[2023-03-01 12:15:05,206] {taskinstance.py:1068} INFO - 
--------------------------------------------------------------------------------
[2023-03-01 12:15:05,207] {taskinstance.py:1069} INFO - Starting attempt 1 of 2
[2023-03-01 12:15:05,208] {taskinstance.py:1070} INFO - 
--------------------------------------------------------------------------------
[2023-03-01 12:15:05,280] {taskinstance.py:1089} INFO - Executing <Task(PythonOperator): get_age> on 2022-10-08T12:05:00+00:00
[2023-03-01 12:15:05,290] {standard_task_runner.py:52} INFO - Started process 2450 to run task
[2023-03-01 12:15:05,334] {standard_task_runner.py:76} INFO - Running: ['airflow', 'tasks', 'run', 'with_python_operator', 'get_age', '2022-10-08T12:05:00+00:00', '--job-id', '445', '--pool', 'default_pool', '--raw', '--subdir', 'DAGS_FOLDER/02_python_operator.py', '--cfg-path', '/tmp/tmp_lrv7qr0', '--error-file', '/tmp/tmpjtzyhm4y']
[2023-03-01 12:15:05,336] {standard_task_runner.py:77} INFO - Job 445: Subtask get_age
[2023-03-01 12:15:05,890] {logging_mixin.py:104} INFO - Running <TaskInstance: with_python_operator.get_age 2022-10-08T12:05:00+00:00 [running]> on host abe4c4997ef7
[2023-03-01 12:15:06,310] {taskinstance.py:1283} INFO - Exporting the following env vars:
AIRFLOW_CTX_DAG_OWNER=dataheroes
AIRFLOW_CTX_DAG_ID=with_python_operator
AIRFLOW_CTX_TASK_ID=get_age
AIRFLOW_CTX_EXECUTION_DATE=2022-10-08T12:05:00+00:00
AIRFLOW_CTX_DAG_RUN_ID=scheduled__2022-10-08T12:05:00+00:00
[2023-03-01 12:15:06,397] {python.py:118} INFO - Done. Returned value was: None
[2023-03-01 12:15:06,517] {taskinstance.py:1192} INFO - Marking task as SUCCESS. dag_id=with_python_operator, task_id=get_age, execution_date=20221008T120500, start_date=20230301T121505, end_date=20230301T121506
[2023-03-01 12:15:07,304] {taskinstance.py:1246} INFO - 1 downstream tasks scheduled from follow-on schedule check
[2023-03-01 12:15:07,446] {local_task_job.py:146} INFO - Task exited with return code 0
