[2023-03-01 12:34:16,803] {taskinstance.py:877} INFO - Dependencies all met for <TaskInstance: with_python_operator.greet 2022-10-28T10:05:00+00:00 [queued]>
[2023-03-01 12:34:17,133] {taskinstance.py:877} INFO - Dependencies all met for <TaskInstance: with_python_operator.greet 2022-10-28T10:05:00+00:00 [queued]>
[2023-03-01 12:34:17,140] {taskinstance.py:1068} INFO - 
--------------------------------------------------------------------------------
[2023-03-01 12:34:17,141] {taskinstance.py:1069} INFO - Starting attempt 1 of 2
[2023-03-01 12:34:17,143] {taskinstance.py:1070} INFO - 
--------------------------------------------------------------------------------
[2023-03-01 12:34:17,428] {taskinstance.py:1089} INFO - Executing <Task(PythonOperator): greet> on 2022-10-28T10:05:00+00:00
[2023-03-01 12:34:17,548] {standard_task_runner.py:76} INFO - Running: ['airflow', 'tasks', 'run', 'with_python_operator', 'greet', '2022-10-28T10:05:00+00:00', '--job-id', '1947', '--pool', 'default_pool', '--raw', '--subdir', 'DAGS_FOLDER/02_python_operator.py', '--cfg-path', '/tmp/tmp5cl78t7y', '--error-file', '/tmp/tmprepvb8pn']
[2023-03-01 12:34:17,566] {standard_task_runner.py:77} INFO - Job 1947: Subtask greet
[2023-03-01 12:34:17,476] {standard_task_runner.py:52} INFO - Started process 8625 to run task
[2023-03-01 12:34:18,005] {logging_mixin.py:104} INFO - Running <TaskInstance: with_python_operator.greet 2022-10-28T10:05:00+00:00 [running]> on host abe4c4997ef7
[2023-03-01 12:34:18,710] {taskinstance.py:1283} INFO - Exporting the following env vars:
AIRFLOW_CTX_DAG_OWNER=dataheroes
AIRFLOW_CTX_DAG_ID=with_python_operator
AIRFLOW_CTX_TASK_ID=greet
AIRFLOW_CTX_EXECUTION_DATE=2022-10-28T10:05:00+00:00
AIRFLOW_CTX_DAG_RUN_ID=scheduled__2022-10-28T10:05:00+00:00
[2023-03-01 12:34:18,717] {logging_mixin.py:104} INFO - some dict:  {'a': 1, 'b': 2}
[2023-03-01 12:34:18,994] {logging_mixin.py:104} INFO - Hello World! My name is Reza Primasatya, and I am 17 years old!
[2023-03-01 12:34:19,002] {python.py:118} INFO - Done. Returned value was: None
[2023-03-01 12:34:19,114] {taskinstance.py:1192} INFO - Marking task as SUCCESS. dag_id=with_python_operator, task_id=greet, execution_date=20221028T100500, start_date=20230301T123416, end_date=20230301T123419
[2023-03-01 12:34:19,394] {taskinstance.py:1246} INFO - 0 downstream tasks scheduled from follow-on schedule check
[2023-03-01 12:34:19,477] {local_task_job.py:146} INFO - Task exited with return code 0
