[2023-03-01 12:17:46,627] {taskinstance.py:877} INFO - Dependencies all met for <TaskInstance: with_python_operator.get_name 2022-10-11T10:05:00+00:00 [queued]>
[2023-03-01 12:17:46,761] {taskinstance.py:877} INFO - Dependencies all met for <TaskInstance: with_python_operator.get_name 2022-10-11T10:05:00+00:00 [queued]>
[2023-03-01 12:17:46,769] {taskinstance.py:1068} INFO - 
--------------------------------------------------------------------------------
[2023-03-01 12:17:46,773] {taskinstance.py:1069} INFO - Starting attempt 1 of 2
[2023-03-01 12:17:46,774] {taskinstance.py:1070} INFO - 
--------------------------------------------------------------------------------
[2023-03-01 12:17:46,946] {taskinstance.py:1089} INFO - Executing <Task(PythonOperator): get_name> on 2022-10-11T10:05:00+00:00
[2023-03-01 12:17:46,955] {standard_task_runner.py:52} INFO - Started process 3603 to run task
[2023-03-01 12:17:47,015] {standard_task_runner.py:76} INFO - Running: ['airflow', 'tasks', 'run', 'with_python_operator', 'get_name', '2022-10-11T10:05:00+00:00', '--job-id', '698', '--pool', 'default_pool', '--raw', '--subdir', 'DAGS_FOLDER/02_python_operator.py', '--cfg-path', '/tmp/tmp5av5mi_7', '--error-file', '/tmp/tmpxout0vbh']
[2023-03-01 12:17:47,018] {standard_task_runner.py:77} INFO - Job 698: Subtask get_name
[2023-03-01 12:17:47,693] {logging_mixin.py:104} INFO - Running <TaskInstance: with_python_operator.get_name 2022-10-11T10:05:00+00:00 [running]> on host abe4c4997ef7
[2023-03-01 12:17:47,995] {taskinstance.py:1283} INFO - Exporting the following env vars:
AIRFLOW_CTX_DAG_OWNER=dataheroes
AIRFLOW_CTX_DAG_ID=with_python_operator
AIRFLOW_CTX_TASK_ID=get_name
AIRFLOW_CTX_EXECUTION_DATE=2022-10-11T10:05:00+00:00
AIRFLOW_CTX_DAG_RUN_ID=scheduled__2022-10-11T10:05:00+00:00
[2023-03-01 12:17:48,241] {python.py:118} INFO - Done. Returned value was: None
[2023-03-01 12:17:48,328] {taskinstance.py:1192} INFO - Marking task as SUCCESS. dag_id=with_python_operator, task_id=get_name, execution_date=20221011T100500, start_date=20230301T121746, end_date=20230301T121748
[2023-03-01 12:17:48,858] {taskinstance.py:1246} INFO - 0 downstream tasks scheduled from follow-on schedule check
[2023-03-01 12:17:49,045] {local_task_job.py:146} INFO - Task exited with return code 0
