[2023-03-01 12:40:21,430] {taskinstance.py:877} INFO - Dependencies all met for <TaskInstance: with_python_operator.get_age 2022-11-04T15:05:00+00:00 [queued]>
[2023-03-01 12:40:21,625] {taskinstance.py:877} INFO - Dependencies all met for <TaskInstance: with_python_operator.get_age 2022-11-04T15:05:00+00:00 [queued]>
[2023-03-01 12:40:21,628] {taskinstance.py:1068} INFO - 
--------------------------------------------------------------------------------
[2023-03-01 12:40:21,629] {taskinstance.py:1069} INFO - Starting attempt 1 of 2
[2023-03-01 12:40:21,631] {taskinstance.py:1070} INFO - 
--------------------------------------------------------------------------------
[2023-03-01 12:40:21,695] {taskinstance.py:1089} INFO - Executing <Task(PythonOperator): get_age> on 2022-11-04T15:05:00+00:00
[2023-03-01 12:40:21,721] {standard_task_runner.py:52} INFO - Started process 10627 to run task
[2023-03-01 12:40:21,771] {standard_task_runner.py:76} INFO - Running: ['airflow', 'tasks', 'run', 'with_python_operator', 'get_age', '2022-11-04T15:05:00+00:00', '--job-id', '2450', '--pool', 'default_pool', '--raw', '--subdir', 'DAGS_FOLDER/02_python_operator.py', '--cfg-path', '/tmp/tmpm4bord4c', '--error-file', '/tmp/tmpb5iwc5nn']
[2023-03-01 12:40:21,782] {standard_task_runner.py:77} INFO - Job 2450: Subtask get_age
[2023-03-01 12:40:22,396] {logging_mixin.py:104} INFO - Running <TaskInstance: with_python_operator.get_age 2022-11-04T15:05:00+00:00 [running]> on host abe4c4997ef7
[2023-03-01 12:40:22,929] {taskinstance.py:1283} INFO - Exporting the following env vars:
AIRFLOW_CTX_DAG_OWNER=dataheroes
AIRFLOW_CTX_DAG_ID=with_python_operator
AIRFLOW_CTX_TASK_ID=get_age
AIRFLOW_CTX_EXECUTION_DATE=2022-11-04T15:05:00+00:00
AIRFLOW_CTX_DAG_RUN_ID=scheduled__2022-11-04T15:05:00+00:00
[2023-03-01 12:40:23,087] {python.py:118} INFO - Done. Returned value was: None
[2023-03-01 12:40:23,185] {taskinstance.py:1192} INFO - Marking task as SUCCESS. dag_id=with_python_operator, task_id=get_age, execution_date=20221104T150500, start_date=20230301T124021, end_date=20230301T124023
[2023-03-01 12:40:23,716] {taskinstance.py:1246} INFO - 0 downstream tasks scheduled from follow-on schedule check
[2023-03-01 12:40:23,827] {local_task_job.py:146} INFO - Task exited with return code 0
