[2023-03-01 13:08:19,399] {taskinstance.py:877} INFO - Dependencies all met for <TaskInstance: with_python_operator.get_name 2022-12-06T23:05:00+00:00 [queued]>
[2023-03-01 13:08:19,834] {taskinstance.py:877} INFO - Dependencies all met for <TaskInstance: with_python_operator.get_name 2022-12-06T23:05:00+00:00 [queued]>
[2023-03-01 13:08:19,852] {taskinstance.py:1068} INFO - 
--------------------------------------------------------------------------------
[2023-03-01 13:08:19,856] {taskinstance.py:1069} INFO - Starting attempt 1 of 2
[2023-03-01 13:08:19,857] {taskinstance.py:1070} INFO - 
--------------------------------------------------------------------------------
[2023-03-01 13:08:20,120] {taskinstance.py:1089} INFO - Executing <Task(PythonOperator): get_name> on 2022-12-06T23:05:00+00:00
[2023-03-01 13:08:20,155] {standard_task_runner.py:52} INFO - Started process 19989 to run task
[2023-03-01 13:08:20,283] {standard_task_runner.py:76} INFO - Running: ['airflow', 'tasks', 'run', 'with_python_operator', 'get_name', '2022-12-06T23:05:00+00:00', '--job-id', '4784', '--pool', 'default_pool', '--raw', '--subdir', 'DAGS_FOLDER/02_python_operator.py', '--cfg-path', '/tmp/tmp5r5e9db7', '--error-file', '/tmp/tmps9ffrhez']
[2023-03-01 13:08:20,293] {standard_task_runner.py:77} INFO - Job 4784: Subtask get_name
[2023-03-01 13:08:21,017] {logging_mixin.py:104} INFO - Running <TaskInstance: with_python_operator.get_name 2022-12-06T23:05:00+00:00 [running]> on host abe4c4997ef7
[2023-03-01 13:08:21,519] {taskinstance.py:1283} INFO - Exporting the following env vars:
AIRFLOW_CTX_DAG_OWNER=dataheroes
AIRFLOW_CTX_DAG_ID=with_python_operator
AIRFLOW_CTX_TASK_ID=get_name
AIRFLOW_CTX_EXECUTION_DATE=2022-12-06T23:05:00+00:00
AIRFLOW_CTX_DAG_RUN_ID=scheduled__2022-12-06T23:05:00+00:00
[2023-03-01 13:08:21,828] {python.py:118} INFO - Done. Returned value was: None
[2023-03-01 13:08:22,021] {taskinstance.py:1192} INFO - Marking task as SUCCESS. dag_id=with_python_operator, task_id=get_name, execution_date=20221206T230500, start_date=20230301T130819, end_date=20230301T130822
[2023-03-01 13:08:22,839] {taskinstance.py:1246} INFO - 0 downstream tasks scheduled from follow-on schedule check
[2023-03-01 13:08:23,082] {local_task_job.py:146} INFO - Task exited with return code 0
