[2023-03-01 12:15:00,992] {taskinstance.py:877} INFO - Dependencies all met for <TaskInstance: with_python_operator.get_name 2022-10-08T10:05:00+00:00 [queued]>
[2023-03-01 12:15:01,146] {taskinstance.py:877} INFO - Dependencies all met for <TaskInstance: with_python_operator.get_name 2022-10-08T10:05:00+00:00 [queued]>
[2023-03-01 12:15:01,148] {taskinstance.py:1068} INFO - 
--------------------------------------------------------------------------------
[2023-03-01 12:15:01,149] {taskinstance.py:1069} INFO - Starting attempt 1 of 2
[2023-03-01 12:15:01,150] {taskinstance.py:1070} INFO - 
--------------------------------------------------------------------------------
[2023-03-01 12:15:01,274] {taskinstance.py:1089} INFO - Executing <Task(PythonOperator): get_name> on 2022-10-08T10:05:00+00:00
[2023-03-01 12:15:01,321] {standard_task_runner.py:76} INFO - Running: ['airflow', 'tasks', 'run', 'with_python_operator', 'get_name', '2022-10-08T10:05:00+00:00', '--job-id', '438', '--pool', 'default_pool', '--raw', '--subdir', 'DAGS_FOLDER/02_python_operator.py', '--cfg-path', '/tmp/tmpgkgkny0r', '--error-file', '/tmp/tmpomy_wp6l']
[2023-03-01 12:15:01,324] {standard_task_runner.py:77} INFO - Job 438: Subtask get_name
[2023-03-01 12:15:01,295] {standard_task_runner.py:52} INFO - Started process 2412 to run task
[2023-03-01 12:15:01,739] {logging_mixin.py:104} INFO - Running <TaskInstance: with_python_operator.get_name 2022-10-08T10:05:00+00:00 [running]> on host abe4c4997ef7
[2023-03-01 12:15:02,071] {taskinstance.py:1283} INFO - Exporting the following env vars:
AIRFLOW_CTX_DAG_OWNER=dataheroes
AIRFLOW_CTX_DAG_ID=with_python_operator
AIRFLOW_CTX_TASK_ID=get_name
AIRFLOW_CTX_EXECUTION_DATE=2022-10-08T10:05:00+00:00
AIRFLOW_CTX_DAG_RUN_ID=scheduled__2022-10-08T10:05:00+00:00
[2023-03-01 12:15:02,203] {python.py:118} INFO - Done. Returned value was: None
[2023-03-01 12:15:02,275] {taskinstance.py:1192} INFO - Marking task as SUCCESS. dag_id=with_python_operator, task_id=get_name, execution_date=20221008T100500, start_date=20230301T121501, end_date=20230301T121502
[2023-03-01 12:15:02,520] {taskinstance.py:1246} INFO - 0 downstream tasks scheduled from follow-on schedule check
[2023-03-01 12:15:02,647] {local_task_job.py:146} INFO - Task exited with return code 0
