[2023-03-01 12:50:55,757] {taskinstance.py:877} INFO - Dependencies all met for <TaskInstance: with_python_operator.get_age 2022-11-16T11:05:00+00:00 [queued]>
[2023-03-01 12:50:56,189] {taskinstance.py:877} INFO - Dependencies all met for <TaskInstance: with_python_operator.get_age 2022-11-16T11:05:00+00:00 [queued]>
[2023-03-01 12:50:56,198] {taskinstance.py:1068} INFO - 
--------------------------------------------------------------------------------
[2023-03-01 12:50:56,201] {taskinstance.py:1069} INFO - Starting attempt 1 of 2
[2023-03-01 12:50:56,202] {taskinstance.py:1070} INFO - 
--------------------------------------------------------------------------------
[2023-03-01 12:50:56,388] {taskinstance.py:1089} INFO - Executing <Task(PythonOperator): get_age> on 2022-11-16T11:05:00+00:00
[2023-03-01 12:50:56,476] {standard_task_runner.py:76} INFO - Running: ['airflow', 'tasks', 'run', 'with_python_operator', 'get_age', '2022-11-16T11:05:00+00:00', '--job-id', '3301', '--pool', 'default_pool', '--raw', '--subdir', 'DAGS_FOLDER/02_python_operator.py', '--cfg-path', '/tmp/tmpi3ptmh4t', '--error-file', '/tmp/tmpsf2iyw0z']
[2023-03-01 12:50:56,487] {standard_task_runner.py:77} INFO - Job 3301: Subtask get_age
[2023-03-01 12:50:56,420] {standard_task_runner.py:52} INFO - Started process 14038 to run task
[2023-03-01 12:50:57,287] {logging_mixin.py:104} INFO - Running <TaskInstance: with_python_operator.get_age 2022-11-16T11:05:00+00:00 [running]> on host abe4c4997ef7
[2023-03-01 12:50:57,987] {taskinstance.py:1283} INFO - Exporting the following env vars:
AIRFLOW_CTX_DAG_OWNER=dataheroes
AIRFLOW_CTX_DAG_ID=with_python_operator
AIRFLOW_CTX_TASK_ID=get_age
AIRFLOW_CTX_EXECUTION_DATE=2022-11-16T11:05:00+00:00
AIRFLOW_CTX_DAG_RUN_ID=scheduled__2022-11-16T11:05:00+00:00
[2023-03-01 12:50:58,119] {python.py:118} INFO - Done. Returned value was: None
[2023-03-01 12:50:58,288] {taskinstance.py:1192} INFO - Marking task as SUCCESS. dag_id=with_python_operator, task_id=get_age, execution_date=20221116T110500, start_date=20230301T125055, end_date=20230301T125058
[2023-03-01 12:50:58,702] {taskinstance.py:1246} INFO - 0 downstream tasks scheduled from follow-on schedule check
[2023-03-01 12:50:58,820] {local_task_job.py:146} INFO - Task exited with return code 0
