[2023-03-01 12:39:30,102] {taskinstance.py:877} INFO - Dependencies all met for <TaskInstance: with_python_operator.greet 2022-11-03T10:05:00+00:00 [queued]>
[2023-03-01 12:39:30,314] {taskinstance.py:877} INFO - Dependencies all met for <TaskInstance: with_python_operator.greet 2022-11-03T10:05:00+00:00 [queued]>
[2023-03-01 12:39:30,317] {taskinstance.py:1068} INFO - 
--------------------------------------------------------------------------------
[2023-03-01 12:39:30,330] {taskinstance.py:1069} INFO - Starting attempt 1 of 2
[2023-03-01 12:39:30,334] {taskinstance.py:1070} INFO - 
--------------------------------------------------------------------------------
[2023-03-01 12:39:30,551] {taskinstance.py:1089} INFO - Executing <Task(PythonOperator): greet> on 2022-11-03T10:05:00+00:00
[2023-03-01 12:39:30,591] {standard_task_runner.py:52} INFO - Started process 10361 to run task
[2023-03-01 12:39:30,691] {standard_task_runner.py:76} INFO - Running: ['airflow', 'tasks', 'run', 'with_python_operator', 'greet', '2022-11-03T10:05:00+00:00', '--job-id', '2381', '--pool', 'default_pool', '--raw', '--subdir', 'DAGS_FOLDER/02_python_operator.py', '--cfg-path', '/tmp/tmpx6eknn7z', '--error-file', '/tmp/tmp4ar8uvd6']
[2023-03-01 12:39:30,705] {standard_task_runner.py:77} INFO - Job 2381: Subtask greet
[2023-03-01 12:39:31,247] {logging_mixin.py:104} INFO - Running <TaskInstance: with_python_operator.greet 2022-11-03T10:05:00+00:00 [running]> on host abe4c4997ef7
[2023-03-01 12:39:31,581] {taskinstance.py:1283} INFO - Exporting the following env vars:
AIRFLOW_CTX_DAG_OWNER=dataheroes
AIRFLOW_CTX_DAG_ID=with_python_operator
AIRFLOW_CTX_TASK_ID=greet
AIRFLOW_CTX_EXECUTION_DATE=2022-11-03T10:05:00+00:00
AIRFLOW_CTX_DAG_RUN_ID=scheduled__2022-11-03T10:05:00+00:00
[2023-03-01 12:39:31,590] {logging_mixin.py:104} INFO - some dict:  {'a': 1, 'b': 2}
[2023-03-01 12:39:31,824] {logging_mixin.py:104} INFO - Hello World! My name is Reza Primasatya, and I am 17 years old!
[2023-03-01 12:39:31,827] {python.py:118} INFO - Done. Returned value was: None
[2023-03-01 12:39:31,939] {taskinstance.py:1192} INFO - Marking task as SUCCESS. dag_id=with_python_operator, task_id=greet, execution_date=20221103T100500, start_date=20230301T123930, end_date=20230301T123931
[2023-03-01 12:39:32,325] {taskinstance.py:1246} INFO - 0 downstream tasks scheduled from follow-on schedule check
[2023-03-01 12:39:32,539] {local_task_job.py:146} INFO - Task exited with return code 0
