[2023-03-01 12:33:09,076] {taskinstance.py:877} INFO - Dependencies all met for <TaskInstance: with_python_operator.get_name 2022-10-27T09:05:00+00:00 [queued]>
[2023-03-01 12:33:09,273] {taskinstance.py:877} INFO - Dependencies all met for <TaskInstance: with_python_operator.get_name 2022-10-27T09:05:00+00:00 [queued]>
[2023-03-01 12:33:09,277] {taskinstance.py:1068} INFO - 
--------------------------------------------------------------------------------
[2023-03-01 12:33:09,278] {taskinstance.py:1069} INFO - Starting attempt 1 of 2
[2023-03-01 12:33:09,293] {taskinstance.py:1070} INFO - 
--------------------------------------------------------------------------------
[2023-03-01 12:33:09,444] {taskinstance.py:1089} INFO - Executing <Task(PythonOperator): get_name> on 2022-10-27T09:05:00+00:00
[2023-03-01 12:33:09,531] {standard_task_runner.py:52} INFO - Started process 8257 to run task
[2023-03-01 12:33:09,661] {standard_task_runner.py:76} INFO - Running: ['airflow', 'tasks', 'run', 'with_python_operator', 'get_name', '2022-10-27T09:05:00+00:00', '--job-id', '1856', '--pool', 'default_pool', '--raw', '--subdir', 'DAGS_FOLDER/02_python_operator.py', '--cfg-path', '/tmp/tmpemz23n9i', '--error-file', '/tmp/tmpltyz3l__']
[2023-03-01 12:33:09,680] {standard_task_runner.py:77} INFO - Job 1856: Subtask get_name
[2023-03-01 12:33:10,126] {logging_mixin.py:104} INFO - Running <TaskInstance: with_python_operator.get_name 2022-10-27T09:05:00+00:00 [running]> on host abe4c4997ef7
[2023-03-01 12:33:10,609] {taskinstance.py:1283} INFO - Exporting the following env vars:
AIRFLOW_CTX_DAG_OWNER=dataheroes
AIRFLOW_CTX_DAG_ID=with_python_operator
AIRFLOW_CTX_TASK_ID=get_name
AIRFLOW_CTX_EXECUTION_DATE=2022-10-27T09:05:00+00:00
AIRFLOW_CTX_DAG_RUN_ID=scheduled__2022-10-27T09:05:00+00:00
[2023-03-01 12:33:10,822] {python.py:118} INFO - Done. Returned value was: None
[2023-03-01 12:33:10,935] {taskinstance.py:1192} INFO - Marking task as SUCCESS. dag_id=with_python_operator, task_id=get_name, execution_date=20221027T090500, start_date=20230301T123309, end_date=20230301T123310
[2023-03-01 12:33:11,151] {taskinstance.py:1246} INFO - 1 downstream tasks scheduled from follow-on schedule check
[2023-03-01 12:33:11,205] {local_task_job.py:146} INFO - Task exited with return code 0
