[2023-03-01 13:11:53,899] {taskinstance.py:877} INFO - Dependencies all met for <TaskInstance: with_python_operator.greet 2022-12-10T14:05:00+00:00 [queued]>
[2023-03-01 13:11:54,067] {taskinstance.py:877} INFO - Dependencies all met for <TaskInstance: with_python_operator.greet 2022-12-10T14:05:00+00:00 [queued]>
[2023-03-01 13:11:54,072] {taskinstance.py:1068} INFO - 
--------------------------------------------------------------------------------
[2023-03-01 13:11:54,073] {taskinstance.py:1069} INFO - Starting attempt 1 of 2
[2023-03-01 13:11:54,074] {taskinstance.py:1070} INFO - 
--------------------------------------------------------------------------------
[2023-03-01 13:11:54,190] {taskinstance.py:1089} INFO - Executing <Task(PythonOperator): greet> on 2022-12-10T14:05:00+00:00
[2023-03-01 13:11:54,250] {standard_task_runner.py:76} INFO - Running: ['airflow', 'tasks', 'run', 'with_python_operator', 'greet', '2022-12-10T14:05:00+00:00', '--job-id', '5069', '--pool', 'default_pool', '--raw', '--subdir', 'DAGS_FOLDER/02_python_operator.py', '--cfg-path', '/tmp/tmpove5g6hk', '--error-file', '/tmp/tmp_vo979mn']
[2023-03-01 13:11:54,252] {standard_task_runner.py:77} INFO - Job 5069: Subtask greet
[2023-03-01 13:11:54,221] {standard_task_runner.py:52} INFO - Started process 21121 to run task
[2023-03-01 13:11:54,668] {logging_mixin.py:104} INFO - Running <TaskInstance: with_python_operator.greet 2022-12-10T14:05:00+00:00 [running]> on host abe4c4997ef7
[2023-03-01 13:11:54,898] {taskinstance.py:1283} INFO - Exporting the following env vars:
AIRFLOW_CTX_DAG_OWNER=dataheroes
AIRFLOW_CTX_DAG_ID=with_python_operator
AIRFLOW_CTX_TASK_ID=greet
AIRFLOW_CTX_EXECUTION_DATE=2022-12-10T14:05:00+00:00
AIRFLOW_CTX_DAG_RUN_ID=scheduled__2022-12-10T14:05:00+00:00
[2023-03-01 13:11:54,901] {logging_mixin.py:104} INFO - some dict:  {'a': 1, 'b': 2}
[2023-03-01 13:11:55,045] {logging_mixin.py:104} INFO - Hello World! My name is Reza Primasatya, and I am 17 years old!
[2023-03-01 13:11:55,050] {python.py:118} INFO - Done. Returned value was: None
[2023-03-01 13:11:55,111] {taskinstance.py:1192} INFO - Marking task as SUCCESS. dag_id=with_python_operator, task_id=greet, execution_date=20221210T140500, start_date=20230301T131153, end_date=20230301T131155
[2023-03-01 13:11:55,240] {taskinstance.py:1246} INFO - 0 downstream tasks scheduled from follow-on schedule check
[2023-03-01 13:11:55,310] {local_task_job.py:146} INFO - Task exited with return code 0
