[2023-03-01 12:46:01,529] {taskinstance.py:877} INFO - Dependencies all met for <TaskInstance: with_python_operator.get_age 2022-11-11T02:05:00+00:00 [queued]>
[2023-03-01 12:46:01,836] {taskinstance.py:877} INFO - Dependencies all met for <TaskInstance: with_python_operator.get_age 2022-11-11T02:05:00+00:00 [queued]>
[2023-03-01 12:46:01,840] {taskinstance.py:1068} INFO - 
--------------------------------------------------------------------------------
[2023-03-01 12:46:01,859] {taskinstance.py:1069} INFO - Starting attempt 1 of 2
[2023-03-01 12:46:01,862] {taskinstance.py:1070} INFO - 
--------------------------------------------------------------------------------
[2023-03-01 12:46:02,082] {taskinstance.py:1089} INFO - Executing <Task(PythonOperator): get_age> on 2022-11-11T02:05:00+00:00
[2023-03-01 12:46:02,100] {standard_task_runner.py:52} INFO - Started process 12473 to run task
[2023-03-01 12:46:02,176] {standard_task_runner.py:76} INFO - Running: ['airflow', 'tasks', 'run', 'with_python_operator', 'get_age', '2022-11-11T02:05:00+00:00', '--job-id', '2909', '--pool', 'default_pool', '--raw', '--subdir', 'DAGS_FOLDER/02_python_operator.py', '--cfg-path', '/tmp/tmpmo42aq4j', '--error-file', '/tmp/tmpwb50nje0']
[2023-03-01 12:46:02,196] {standard_task_runner.py:77} INFO - Job 2909: Subtask get_age
[2023-03-01 12:46:02,479] {logging_mixin.py:104} INFO - Running <TaskInstance: with_python_operator.get_age 2022-11-11T02:05:00+00:00 [running]> on host abe4c4997ef7
[2023-03-01 12:46:03,044] {taskinstance.py:1283} INFO - Exporting the following env vars:
AIRFLOW_CTX_DAG_OWNER=dataheroes
AIRFLOW_CTX_DAG_ID=with_python_operator
AIRFLOW_CTX_TASK_ID=get_age
AIRFLOW_CTX_EXECUTION_DATE=2022-11-11T02:05:00+00:00
AIRFLOW_CTX_DAG_RUN_ID=scheduled__2022-11-11T02:05:00+00:00
[2023-03-01 12:46:03,188] {python.py:118} INFO - Done. Returned value was: None
[2023-03-01 12:46:03,335] {taskinstance.py:1192} INFO - Marking task as SUCCESS. dag_id=with_python_operator, task_id=get_age, execution_date=20221111T020500, start_date=20230301T124601, end_date=20230301T124603
[2023-03-01 12:46:04,433] {taskinstance.py:1246} INFO - 1 downstream tasks scheduled from follow-on schedule check
[2023-03-01 12:46:04,572] {local_task_job.py:146} INFO - Task exited with return code 0
