[2023-03-01 12:29:47,114] {taskinstance.py:877} INFO - Dependencies all met for <TaskInstance: with_python_operator.get_age 2022-10-23T16:05:00+00:00 [queued]>
[2023-03-01 12:29:47,243] {taskinstance.py:877} INFO - Dependencies all met for <TaskInstance: with_python_operator.get_age 2022-10-23T16:05:00+00:00 [queued]>
[2023-03-01 12:29:47,252] {taskinstance.py:1068} INFO - 
--------------------------------------------------------------------------------
[2023-03-01 12:29:47,254] {taskinstance.py:1069} INFO - Starting attempt 1 of 2
[2023-03-01 12:29:47,254] {taskinstance.py:1070} INFO - 
--------------------------------------------------------------------------------
[2023-03-01 12:29:47,310] {taskinstance.py:1089} INFO - Executing <Task(PythonOperator): get_age> on 2022-10-23T16:05:00+00:00
[2023-03-01 12:29:47,321] {standard_task_runner.py:52} INFO - Started process 7194 to run task
[2023-03-01 12:29:47,374] {standard_task_runner.py:76} INFO - Running: ['airflow', 'tasks', 'run', 'with_python_operator', 'get_age', '2022-10-23T16:05:00+00:00', '--job-id', '1593', '--pool', 'default_pool', '--raw', '--subdir', 'DAGS_FOLDER/02_python_operator.py', '--cfg-path', '/tmp/tmpg0tz3qct', '--error-file', '/tmp/tmp5sd3_23u']
[2023-03-01 12:29:47,384] {standard_task_runner.py:77} INFO - Job 1593: Subtask get_age
[2023-03-01 12:29:47,568] {logging_mixin.py:104} INFO - Running <TaskInstance: with_python_operator.get_age 2022-10-23T16:05:00+00:00 [running]> on host abe4c4997ef7
[2023-03-01 12:29:47,733] {taskinstance.py:1283} INFO - Exporting the following env vars:
AIRFLOW_CTX_DAG_OWNER=dataheroes
AIRFLOW_CTX_DAG_ID=with_python_operator
AIRFLOW_CTX_TASK_ID=get_age
AIRFLOW_CTX_EXECUTION_DATE=2022-10-23T16:05:00+00:00
AIRFLOW_CTX_DAG_RUN_ID=scheduled__2022-10-23T16:05:00+00:00
[2023-03-01 12:29:47,812] {python.py:118} INFO - Done. Returned value was: None
[2023-03-01 12:29:47,859] {taskinstance.py:1192} INFO - Marking task as SUCCESS. dag_id=with_python_operator, task_id=get_age, execution_date=20221023T160500, start_date=20230301T122947, end_date=20230301T122947
[2023-03-01 12:29:48,114] {taskinstance.py:1246} INFO - 1 downstream tasks scheduled from follow-on schedule check
[2023-03-01 12:29:48,211] {local_task_job.py:146} INFO - Task exited with return code 0
