[2023-03-01 12:21:56,628] {taskinstance.py:877} INFO - Dependencies all met for <TaskInstance: with_python_operator.get_name 2022-10-15T22:05:00+00:00 [queued]>
[2023-03-01 12:21:56,907] {taskinstance.py:877} INFO - Dependencies all met for <TaskInstance: with_python_operator.get_name 2022-10-15T22:05:00+00:00 [queued]>
[2023-03-01 12:21:56,912] {taskinstance.py:1068} INFO - 
--------------------------------------------------------------------------------
[2023-03-01 12:21:56,913] {taskinstance.py:1069} INFO - Starting attempt 1 of 2
[2023-03-01 12:21:56,917] {taskinstance.py:1070} INFO - 
--------------------------------------------------------------------------------
[2023-03-01 12:21:57,116] {taskinstance.py:1089} INFO - Executing <Task(PythonOperator): get_name> on 2022-10-15T22:05:00+00:00
[2023-03-01 12:21:57,184] {standard_task_runner.py:76} INFO - Running: ['airflow', 'tasks', 'run', 'with_python_operator', 'get_name', '2022-10-15T22:05:00+00:00', '--job-id', '1024', '--pool', 'default_pool', '--raw', '--subdir', 'DAGS_FOLDER/02_python_operator.py', '--cfg-path', '/tmp/tmpsj1sobt7', '--error-file', '/tmp/tmpx_cvve2v']
[2023-03-01 12:21:57,218] {standard_task_runner.py:77} INFO - Job 1024: Subtask get_name
[2023-03-01 12:21:57,135] {standard_task_runner.py:52} INFO - Started process 4929 to run task
[2023-03-01 12:21:58,158] {logging_mixin.py:104} INFO - Running <TaskInstance: with_python_operator.get_name 2022-10-15T22:05:00+00:00 [running]> on host abe4c4997ef7
[2023-03-01 12:21:58,744] {taskinstance.py:1283} INFO - Exporting the following env vars:
AIRFLOW_CTX_DAG_OWNER=dataheroes
AIRFLOW_CTX_DAG_ID=with_python_operator
AIRFLOW_CTX_TASK_ID=get_name
AIRFLOW_CTX_EXECUTION_DATE=2022-10-15T22:05:00+00:00
AIRFLOW_CTX_DAG_RUN_ID=scheduled__2022-10-15T22:05:00+00:00
[2023-03-01 12:21:59,158] {python.py:118} INFO - Done. Returned value was: None
[2023-03-01 12:21:59,273] {taskinstance.py:1192} INFO - Marking task as SUCCESS. dag_id=with_python_operator, task_id=get_name, execution_date=20221015T220500, start_date=20230301T122156, end_date=20230301T122159
[2023-03-01 12:21:59,798] {taskinstance.py:1246} INFO - 0 downstream tasks scheduled from follow-on schedule check
[2023-03-01 12:22:00,052] {local_task_job.py:146} INFO - Task exited with return code 0
