[2023-03-01 12:32:53,680] {taskinstance.py:877} INFO - Dependencies all met for <TaskInstance: with_python_operator.get_name 2022-10-26T23:05:00+00:00 [queued]>
[2023-03-01 12:32:53,720] {taskinstance.py:877} INFO - Dependencies all met for <TaskInstance: with_python_operator.get_name 2022-10-26T23:05:00+00:00 [queued]>
[2023-03-01 12:32:53,722] {taskinstance.py:1068} INFO - 
--------------------------------------------------------------------------------
[2023-03-01 12:32:53,723] {taskinstance.py:1069} INFO - Starting attempt 1 of 2
[2023-03-01 12:32:53,724] {taskinstance.py:1070} INFO - 
--------------------------------------------------------------------------------
[2023-03-01 12:32:53,778] {taskinstance.py:1089} INFO - Executing <Task(PythonOperator): get_name> on 2022-10-26T23:05:00+00:00
[2023-03-01 12:32:53,786] {standard_task_runner.py:52} INFO - Started process 8141 to run task
[2023-03-01 12:32:53,813] {standard_task_runner.py:76} INFO - Running: ['airflow', 'tasks', 'run', 'with_python_operator', 'get_name', '2022-10-26T23:05:00+00:00', '--job-id', '1830', '--pool', 'default_pool', '--raw', '--subdir', 'DAGS_FOLDER/02_python_operator.py', '--cfg-path', '/tmp/tmpzzjakoaj', '--error-file', '/tmp/tmpal5h2oe6']
[2023-03-01 12:32:53,816] {standard_task_runner.py:77} INFO - Job 1830: Subtask get_name
[2023-03-01 12:32:54,022] {logging_mixin.py:104} INFO - Running <TaskInstance: with_python_operator.get_name 2022-10-26T23:05:00+00:00 [running]> on host abe4c4997ef7
[2023-03-01 12:32:54,177] {taskinstance.py:1283} INFO - Exporting the following env vars:
AIRFLOW_CTX_DAG_OWNER=dataheroes
AIRFLOW_CTX_DAG_ID=with_python_operator
AIRFLOW_CTX_TASK_ID=get_name
AIRFLOW_CTX_EXECUTION_DATE=2022-10-26T23:05:00+00:00
AIRFLOW_CTX_DAG_RUN_ID=scheduled__2022-10-26T23:05:00+00:00
[2023-03-01 12:32:54,292] {python.py:118} INFO - Done. Returned value was: None
[2023-03-01 12:32:54,379] {taskinstance.py:1192} INFO - Marking task as SUCCESS. dag_id=with_python_operator, task_id=get_name, execution_date=20221026T230500, start_date=20230301T123253, end_date=20230301T123254
[2023-03-01 12:32:54,541] {taskinstance.py:1246} INFO - 0 downstream tasks scheduled from follow-on schedule check
[2023-03-01 12:32:54,591] {local_task_job.py:146} INFO - Task exited with return code 0
