[2023-03-01 12:56:49,046] {taskinstance.py:877} INFO - Dependencies all met for <TaskInstance: with_python_operator.get_age 2022-11-23T05:05:00+00:00 [queued]>
[2023-03-01 12:56:49,247] {taskinstance.py:877} INFO - Dependencies all met for <TaskInstance: with_python_operator.get_age 2022-11-23T05:05:00+00:00 [queued]>
[2023-03-01 12:56:49,249] {taskinstance.py:1068} INFO - 
--------------------------------------------------------------------------------
[2023-03-01 12:56:49,251] {taskinstance.py:1069} INFO - Starting attempt 1 of 2
[2023-03-01 12:56:49,252] {taskinstance.py:1070} INFO - 
--------------------------------------------------------------------------------
[2023-03-01 12:56:49,387] {taskinstance.py:1089} INFO - Executing <Task(PythonOperator): get_age> on 2022-11-23T05:05:00+00:00
[2023-03-01 12:56:49,401] {standard_task_runner.py:52} INFO - Started process 15985 to run task
[2023-03-01 12:56:49,447] {standard_task_runner.py:76} INFO - Running: ['airflow', 'tasks', 'run', 'with_python_operator', 'get_age', '2022-11-23T05:05:00+00:00', '--job-id', '3789', '--pool', 'default_pool', '--raw', '--subdir', 'DAGS_FOLDER/02_python_operator.py', '--cfg-path', '/tmp/tmpl482ldk3', '--error-file', '/tmp/tmp7kc4hx3u']
[2023-03-01 12:56:49,450] {standard_task_runner.py:77} INFO - Job 3789: Subtask get_age
[2023-03-01 12:56:49,887] {logging_mixin.py:104} INFO - Running <TaskInstance: with_python_operator.get_age 2022-11-23T05:05:00+00:00 [running]> on host abe4c4997ef7
[2023-03-01 12:56:50,220] {taskinstance.py:1283} INFO - Exporting the following env vars:
AIRFLOW_CTX_DAG_OWNER=dataheroes
AIRFLOW_CTX_DAG_ID=with_python_operator
AIRFLOW_CTX_TASK_ID=get_age
AIRFLOW_CTX_EXECUTION_DATE=2022-11-23T05:05:00+00:00
AIRFLOW_CTX_DAG_RUN_ID=scheduled__2022-11-23T05:05:00+00:00
[2023-03-01 12:56:50,299] {python.py:118} INFO - Done. Returned value was: None
[2023-03-01 12:56:50,358] {taskinstance.py:1192} INFO - Marking task as SUCCESS. dag_id=with_python_operator, task_id=get_age, execution_date=20221123T050500, start_date=20230301T125649, end_date=20230301T125650
[2023-03-01 12:56:50,637] {taskinstance.py:1246} INFO - 0 downstream tasks scheduled from follow-on schedule check
[2023-03-01 12:56:50,702] {local_task_job.py:146} INFO - Task exited with return code 0
