[2023-03-01 13:07:47,508] {taskinstance.py:877} INFO - Dependencies all met for <TaskInstance: with_python_operator.greet 2022-12-06T09:05:00+00:00 [queued]>
[2023-03-01 13:07:47,550] {taskinstance.py:877} INFO - Dependencies all met for <TaskInstance: with_python_operator.greet 2022-12-06T09:05:00+00:00 [queued]>
[2023-03-01 13:07:47,551] {taskinstance.py:1068} INFO - 
--------------------------------------------------------------------------------
[2023-03-01 13:07:47,552] {taskinstance.py:1069} INFO - Starting attempt 1 of 2
[2023-03-01 13:07:47,553] {taskinstance.py:1070} INFO - 
--------------------------------------------------------------------------------
[2023-03-01 13:07:47,588] {taskinstance.py:1089} INFO - Executing <Task(PythonOperator): greet> on 2022-12-06T09:05:00+00:00
[2023-03-01 13:07:47,594] {standard_task_runner.py:52} INFO - Started process 19845 to run task
[2023-03-01 13:07:47,609] {standard_task_runner.py:76} INFO - Running: ['airflow', 'tasks', 'run', 'with_python_operator', 'greet', '2022-12-06T09:05:00+00:00', '--job-id', '4752', '--pool', 'default_pool', '--raw', '--subdir', 'DAGS_FOLDER/02_python_operator.py', '--cfg-path', '/tmp/tmp8vb5lpb6', '--error-file', '/tmp/tmpn26h7t4c']
[2023-03-01 13:07:47,611] {standard_task_runner.py:77} INFO - Job 4752: Subtask greet
[2023-03-01 13:07:47,712] {logging_mixin.py:104} INFO - Running <TaskInstance: with_python_operator.greet 2022-12-06T09:05:00+00:00 [running]> on host abe4c4997ef7
[2023-03-01 13:07:47,812] {taskinstance.py:1283} INFO - Exporting the following env vars:
AIRFLOW_CTX_DAG_OWNER=dataheroes
AIRFLOW_CTX_DAG_ID=with_python_operator
AIRFLOW_CTX_TASK_ID=greet
AIRFLOW_CTX_EXECUTION_DATE=2022-12-06T09:05:00+00:00
AIRFLOW_CTX_DAG_RUN_ID=scheduled__2022-12-06T09:05:00+00:00
[2023-03-01 13:07:47,816] {logging_mixin.py:104} INFO - some dict:  {'a': 1, 'b': 2}
[2023-03-01 13:07:47,898] {logging_mixin.py:104} INFO - Hello World! My name is Reza Primasatya, and I am 17 years old!
[2023-03-01 13:07:47,903] {python.py:118} INFO - Done. Returned value was: None
[2023-03-01 13:07:47,979] {taskinstance.py:1192} INFO - Marking task as SUCCESS. dag_id=with_python_operator, task_id=greet, execution_date=20221206T090500, start_date=20230301T130747, end_date=20230301T130747
[2023-03-01 13:07:48,107] {taskinstance.py:1246} INFO - 0 downstream tasks scheduled from follow-on schedule check
[2023-03-01 13:07:48,149] {local_task_job.py:146} INFO - Task exited with return code 0
