[2023-03-01 12:36:12,528] {taskinstance.py:877} INFO - Dependencies all met for <TaskInstance: with_python_operator.greet 2022-10-30T15:05:00+00:00 [queued]>
[2023-03-01 12:36:12,611] {taskinstance.py:877} INFO - Dependencies all met for <TaskInstance: with_python_operator.greet 2022-10-30T15:05:00+00:00 [queued]>
[2023-03-01 12:36:12,614] {taskinstance.py:1068} INFO - 
--------------------------------------------------------------------------------
[2023-03-01 12:36:12,616] {taskinstance.py:1069} INFO - Starting attempt 1 of 2
[2023-03-01 12:36:12,616] {taskinstance.py:1070} INFO - 
--------------------------------------------------------------------------------
[2023-03-01 12:36:12,733] {taskinstance.py:1089} INFO - Executing <Task(PythonOperator): greet> on 2022-10-30T15:05:00+00:00
[2023-03-01 12:36:12,761] {standard_task_runner.py:52} INFO - Started process 9241 to run task
[2023-03-01 12:36:12,820] {standard_task_runner.py:76} INFO - Running: ['airflow', 'tasks', 'run', 'with_python_operator', 'greet', '2022-10-30T15:05:00+00:00', '--job-id', '2102', '--pool', 'default_pool', '--raw', '--subdir', 'DAGS_FOLDER/02_python_operator.py', '--cfg-path', '/tmp/tmph2x5q_32', '--error-file', '/tmp/tmpkdo48za1']
[2023-03-01 12:36:12,837] {standard_task_runner.py:77} INFO - Job 2102: Subtask greet
[2023-03-01 12:36:13,224] {logging_mixin.py:104} INFO - Running <TaskInstance: with_python_operator.greet 2022-10-30T15:05:00+00:00 [running]> on host abe4c4997ef7
[2023-03-01 12:36:13,927] {taskinstance.py:1283} INFO - Exporting the following env vars:
AIRFLOW_CTX_DAG_OWNER=dataheroes
AIRFLOW_CTX_DAG_ID=with_python_operator
AIRFLOW_CTX_TASK_ID=greet
AIRFLOW_CTX_EXECUTION_DATE=2022-10-30T15:05:00+00:00
AIRFLOW_CTX_DAG_RUN_ID=scheduled__2022-10-30T15:05:00+00:00
[2023-03-01 12:36:13,930] {logging_mixin.py:104} INFO - some dict:  {'a': 1, 'b': 2}
[2023-03-01 12:36:14,155] {logging_mixin.py:104} INFO - Hello World! My name is Reza Primasatya, and I am 17 years old!
[2023-03-01 12:36:14,161] {python.py:118} INFO - Done. Returned value was: None
[2023-03-01 12:36:14,247] {taskinstance.py:1192} INFO - Marking task as SUCCESS. dag_id=with_python_operator, task_id=greet, execution_date=20221030T150500, start_date=20230301T123612, end_date=20230301T123614
[2023-03-01 12:36:14,641] {taskinstance.py:1246} INFO - 0 downstream tasks scheduled from follow-on schedule check
[2023-03-01 12:36:14,716] {local_task_job.py:146} INFO - Task exited with return code 0
