[2023-03-01 12:45:28,374] {taskinstance.py:877} INFO - Dependencies all met for <TaskInstance: with_python_operator.greet 2022-11-10T01:05:00+00:00 [queued]>
[2023-03-01 12:45:28,478] {taskinstance.py:877} INFO - Dependencies all met for <TaskInstance: with_python_operator.greet 2022-11-10T01:05:00+00:00 [queued]>
[2023-03-01 12:45:28,481] {taskinstance.py:1068} INFO - 
--------------------------------------------------------------------------------
[2023-03-01 12:45:28,482] {taskinstance.py:1069} INFO - Starting attempt 1 of 2
[2023-03-01 12:45:28,483] {taskinstance.py:1070} INFO - 
--------------------------------------------------------------------------------
[2023-03-01 12:45:28,552] {taskinstance.py:1089} INFO - Executing <Task(PythonOperator): greet> on 2022-11-10T01:05:00+00:00
[2023-03-01 12:45:28,563] {standard_task_runner.py:52} INFO - Started process 12231 to run task
[2023-03-01 12:45:28,593] {standard_task_runner.py:76} INFO - Running: ['airflow', 'tasks', 'run', 'with_python_operator', 'greet', '2022-11-10T01:05:00+00:00', '--job-id', '2851', '--pool', 'default_pool', '--raw', '--subdir', 'DAGS_FOLDER/02_python_operator.py', '--cfg-path', '/tmp/tmpilq1kdcr', '--error-file', '/tmp/tmpe8116p52']
[2023-03-01 12:45:28,599] {standard_task_runner.py:77} INFO - Job 2851: Subtask greet
[2023-03-01 12:45:28,957] {logging_mixin.py:104} INFO - Running <TaskInstance: with_python_operator.greet 2022-11-10T01:05:00+00:00 [running]> on host abe4c4997ef7
[2023-03-01 12:45:29,330] {taskinstance.py:1283} INFO - Exporting the following env vars:
AIRFLOW_CTX_DAG_OWNER=dataheroes
AIRFLOW_CTX_DAG_ID=with_python_operator
AIRFLOW_CTX_TASK_ID=greet
AIRFLOW_CTX_EXECUTION_DATE=2022-11-10T01:05:00+00:00
AIRFLOW_CTX_DAG_RUN_ID=scheduled__2022-11-10T01:05:00+00:00
[2023-03-01 12:45:29,338] {logging_mixin.py:104} INFO - some dict:  {'a': 1, 'b': 2}
[2023-03-01 12:45:29,437] {logging_mixin.py:104} INFO - Hello World! My name is Reza Primasatya, and I am 17 years old!
[2023-03-01 12:45:29,441] {python.py:118} INFO - Done. Returned value was: None
[2023-03-01 12:45:29,500] {taskinstance.py:1192} INFO - Marking task as SUCCESS. dag_id=with_python_operator, task_id=greet, execution_date=20221110T010500, start_date=20230301T124528, end_date=20230301T124529
[2023-03-01 12:45:29,704] {taskinstance.py:1246} INFO - 0 downstream tasks scheduled from follow-on schedule check
[2023-03-01 12:45:29,783] {local_task_job.py:146} INFO - Task exited with return code 0
