[2023-03-01 12:54:46,239] {taskinstance.py:877} INFO - Dependencies all met for <TaskInstance: with_python_operator.get_name 2022-11-20T15:05:00+00:00 [queued]>
[2023-03-01 12:54:46,443] {taskinstance.py:877} INFO - Dependencies all met for <TaskInstance: with_python_operator.get_name 2022-11-20T15:05:00+00:00 [queued]>
[2023-03-01 12:54:46,445] {taskinstance.py:1068} INFO - 
--------------------------------------------------------------------------------
[2023-03-01 12:54:46,446] {taskinstance.py:1069} INFO - Starting attempt 1 of 2
[2023-03-01 12:54:46,448] {taskinstance.py:1070} INFO - 
--------------------------------------------------------------------------------
[2023-03-01 12:54:46,545] {taskinstance.py:1089} INFO - Executing <Task(PythonOperator): get_name> on 2022-11-20T15:05:00+00:00
[2023-03-01 12:54:46,628] {standard_task_runner.py:76} INFO - Running: ['airflow', 'tasks', 'run', 'with_python_operator', 'get_name', '2022-11-20T15:05:00+00:00', '--job-id', '3603', '--pool', 'default_pool', '--raw', '--subdir', 'DAGS_FOLDER/02_python_operator.py', '--cfg-path', '/tmp/tmpbn8gq8od', '--error-file', '/tmp/tmp4e3k9l30']
[2023-03-01 12:54:46,631] {standard_task_runner.py:77} INFO - Job 3603: Subtask get_name
[2023-03-01 12:54:46,575] {standard_task_runner.py:52} INFO - Started process 15241 to run task
[2023-03-01 12:54:47,383] {logging_mixin.py:104} INFO - Running <TaskInstance: with_python_operator.get_name 2022-11-20T15:05:00+00:00 [running]> on host abe4c4997ef7
[2023-03-01 12:54:47,791] {taskinstance.py:1283} INFO - Exporting the following env vars:
AIRFLOW_CTX_DAG_OWNER=dataheroes
AIRFLOW_CTX_DAG_ID=with_python_operator
AIRFLOW_CTX_TASK_ID=get_name
AIRFLOW_CTX_EXECUTION_DATE=2022-11-20T15:05:00+00:00
AIRFLOW_CTX_DAG_RUN_ID=scheduled__2022-11-20T15:05:00+00:00
[2023-03-01 12:54:47,950] {python.py:118} INFO - Done. Returned value was: None
[2023-03-01 12:54:48,015] {taskinstance.py:1192} INFO - Marking task as SUCCESS. dag_id=with_python_operator, task_id=get_name, execution_date=20221120T150500, start_date=20230301T125446, end_date=20230301T125448
[2023-03-01 12:54:48,355] {taskinstance.py:1246} INFO - 0 downstream tasks scheduled from follow-on schedule check
[2023-03-01 12:54:48,521] {local_task_job.py:146} INFO - Task exited with return code 0
