[2023-03-01 13:14:23,013] {taskinstance.py:877} INFO - Dependencies all met for <TaskInstance: with_python_operator.greet 2022-12-13T18:05:00+00:00 [queued]>
[2023-03-01 13:14:23,215] {taskinstance.py:877} INFO - Dependencies all met for <TaskInstance: with_python_operator.greet 2022-12-13T18:05:00+00:00 [queued]>
[2023-03-01 13:14:23,217] {taskinstance.py:1068} INFO - 
--------------------------------------------------------------------------------
[2023-03-01 13:14:23,224] {taskinstance.py:1069} INFO - Starting attempt 1 of 2
[2023-03-01 13:14:23,228] {taskinstance.py:1070} INFO - 
--------------------------------------------------------------------------------
[2023-03-01 13:14:23,369] {taskinstance.py:1089} INFO - Executing <Task(PythonOperator): greet> on 2022-12-13T18:05:00+00:00
[2023-03-01 13:14:23,435] {standard_task_runner.py:76} INFO - Running: ['airflow', 'tasks', 'run', 'with_python_operator', 'greet', '2022-12-13T18:05:00+00:00', '--job-id', '5288', '--pool', 'default_pool', '--raw', '--subdir', 'DAGS_FOLDER/02_python_operator.py', '--cfg-path', '/tmp/tmp93l3za0i', '--error-file', '/tmp/tmp5eoop8mn']
[2023-03-01 13:14:23,392] {standard_task_runner.py:52} INFO - Started process 22005 to run task
[2023-03-01 13:14:23,453] {standard_task_runner.py:77} INFO - Job 5288: Subtask greet
[2023-03-01 13:14:24,030] {logging_mixin.py:104} INFO - Running <TaskInstance: with_python_operator.greet 2022-12-13T18:05:00+00:00 [running]> on host abe4c4997ef7
[2023-03-01 13:14:24,679] {taskinstance.py:1283} INFO - Exporting the following env vars:
AIRFLOW_CTX_DAG_OWNER=dataheroes
AIRFLOW_CTX_DAG_ID=with_python_operator
AIRFLOW_CTX_TASK_ID=greet
AIRFLOW_CTX_EXECUTION_DATE=2022-12-13T18:05:00+00:00
AIRFLOW_CTX_DAG_RUN_ID=scheduled__2022-12-13T18:05:00+00:00
[2023-03-01 13:14:24,687] {logging_mixin.py:104} INFO - some dict:  {'a': 1, 'b': 2}
[2023-03-01 13:14:24,844] {logging_mixin.py:104} INFO - Hello World! My name is Reza Primasatya, and I am 17 years old!
[2023-03-01 13:14:24,848] {python.py:118} INFO - Done. Returned value was: None
[2023-03-01 13:14:25,045] {taskinstance.py:1192} INFO - Marking task as SUCCESS. dag_id=with_python_operator, task_id=greet, execution_date=20221213T180500, start_date=20230301T131423, end_date=20230301T131425
[2023-03-01 13:14:25,710] {taskinstance.py:1246} INFO - 0 downstream tasks scheduled from follow-on schedule check
[2023-03-01 13:14:25,914] {local_task_job.py:146} INFO - Task exited with return code 0
