[2023-03-01 12:18:53,244] {taskinstance.py:877} INFO - Dependencies all met for <TaskInstance: with_python_operator.greet 2022-10-12T08:05:00+00:00 [queued]>
[2023-03-01 12:18:53,368] {taskinstance.py:877} INFO - Dependencies all met for <TaskInstance: with_python_operator.greet 2022-10-12T08:05:00+00:00 [queued]>
[2023-03-01 12:18:53,374] {taskinstance.py:1068} INFO - 
--------------------------------------------------------------------------------
[2023-03-01 12:18:53,377] {taskinstance.py:1069} INFO - Starting attempt 1 of 2
[2023-03-01 12:18:53,378] {taskinstance.py:1070} INFO - 
--------------------------------------------------------------------------------
[2023-03-01 12:18:53,572] {taskinstance.py:1089} INFO - Executing <Task(PythonOperator): greet> on 2022-10-12T08:05:00+00:00
[2023-03-01 12:18:53,746] {standard_task_runner.py:76} INFO - Running: ['airflow', 'tasks', 'run', 'with_python_operator', 'greet', '2022-10-12T08:05:00+00:00', '--job-id', '795', '--pool', 'default_pool', '--raw', '--subdir', 'DAGS_FOLDER/02_python_operator.py', '--cfg-path', '/tmp/tmpkqdaf2_b', '--error-file', '/tmp/tmpo7hd5ljd']
[2023-03-01 12:18:53,757] {standard_task_runner.py:77} INFO - Job 795: Subtask greet
[2023-03-01 12:18:53,652] {standard_task_runner.py:52} INFO - Started process 4003 to run task
[2023-03-01 12:18:54,282] {logging_mixin.py:104} INFO - Running <TaskInstance: with_python_operator.greet 2022-10-12T08:05:00+00:00 [running]> on host abe4c4997ef7
[2023-03-01 12:18:54,909] {taskinstance.py:1283} INFO - Exporting the following env vars:
AIRFLOW_CTX_DAG_OWNER=dataheroes
AIRFLOW_CTX_DAG_ID=with_python_operator
AIRFLOW_CTX_TASK_ID=greet
AIRFLOW_CTX_EXECUTION_DATE=2022-10-12T08:05:00+00:00
AIRFLOW_CTX_DAG_RUN_ID=scheduled__2022-10-12T08:05:00+00:00
[2023-03-01 12:18:54,929] {logging_mixin.py:104} INFO - some dict:  {'a': 1, 'b': 2}
[2023-03-01 12:18:55,067] {logging_mixin.py:104} INFO - Hello World! My name is Reza Primasatya, and I am 17 years old!
[2023-03-01 12:18:55,070] {python.py:118} INFO - Done. Returned value was: None
[2023-03-01 12:18:55,151] {taskinstance.py:1192} INFO - Marking task as SUCCESS. dag_id=with_python_operator, task_id=greet, execution_date=20221012T080500, start_date=20230301T121853, end_date=20230301T121855
[2023-03-01 12:18:55,607] {taskinstance.py:1246} INFO - 0 downstream tasks scheduled from follow-on schedule check
[2023-03-01 12:18:55,789] {local_task_job.py:146} INFO - Task exited with return code 0
