[2023-03-01 12:50:46,070] {taskinstance.py:877} INFO - Dependencies all met for <TaskInstance: with_python_operator.get_age 2022-11-16T05:05:00+00:00 [queued]>
[2023-03-01 12:50:46,266] {taskinstance.py:877} INFO - Dependencies all met for <TaskInstance: with_python_operator.get_age 2022-11-16T05:05:00+00:00 [queued]>
[2023-03-01 12:50:46,268] {taskinstance.py:1068} INFO - 
--------------------------------------------------------------------------------
[2023-03-01 12:50:46,270] {taskinstance.py:1069} INFO - Starting attempt 1 of 2
[2023-03-01 12:50:46,272] {taskinstance.py:1070} INFO - 
--------------------------------------------------------------------------------
[2023-03-01 12:50:46,430] {taskinstance.py:1089} INFO - Executing <Task(PythonOperator): get_age> on 2022-11-16T05:05:00+00:00
[2023-03-01 12:50:46,439] {standard_task_runner.py:52} INFO - Started process 13971 to run task
[2023-03-01 12:50:46,544] {standard_task_runner.py:76} INFO - Running: ['airflow', 'tasks', 'run', 'with_python_operator', 'get_age', '2022-11-16T05:05:00+00:00', '--job-id', '3287', '--pool', 'default_pool', '--raw', '--subdir', 'DAGS_FOLDER/02_python_operator.py', '--cfg-path', '/tmp/tmp3z062p4x', '--error-file', '/tmp/tmp2237s61i']
[2023-03-01 12:50:46,565] {standard_task_runner.py:77} INFO - Job 3287: Subtask get_age
[2023-03-01 12:50:47,128] {logging_mixin.py:104} INFO - Running <TaskInstance: with_python_operator.get_age 2022-11-16T05:05:00+00:00 [running]> on host abe4c4997ef7
[2023-03-01 12:50:47,797] {taskinstance.py:1283} INFO - Exporting the following env vars:
AIRFLOW_CTX_DAG_OWNER=dataheroes
AIRFLOW_CTX_DAG_ID=with_python_operator
AIRFLOW_CTX_TASK_ID=get_age
AIRFLOW_CTX_EXECUTION_DATE=2022-11-16T05:05:00+00:00
AIRFLOW_CTX_DAG_RUN_ID=scheduled__2022-11-16T05:05:00+00:00
[2023-03-01 12:50:48,036] {python.py:118} INFO - Done. Returned value was: None
[2023-03-01 12:50:48,269] {taskinstance.py:1192} INFO - Marking task as SUCCESS. dag_id=with_python_operator, task_id=get_age, execution_date=20221116T050500, start_date=20230301T125046, end_date=20230301T125048
[2023-03-01 12:50:48,924] {taskinstance.py:1246} INFO - 1 downstream tasks scheduled from follow-on schedule check
[2023-03-01 12:50:49,056] {local_task_job.py:146} INFO - Task exited with return code 0
