[2023-03-01 13:02:45,615] {taskinstance.py:877} INFO - Dependencies all met for <TaskInstance: with_python_operator.get_age 2022-11-30T08:05:00+00:00 [queued]>
[2023-03-01 13:02:45,905] {taskinstance.py:877} INFO - Dependencies all met for <TaskInstance: with_python_operator.get_age 2022-11-30T08:05:00+00:00 [queued]>
[2023-03-01 13:02:45,913] {taskinstance.py:1068} INFO - 
--------------------------------------------------------------------------------
[2023-03-01 13:02:45,937] {taskinstance.py:1069} INFO - Starting attempt 1 of 2
[2023-03-01 13:02:45,938] {taskinstance.py:1070} INFO - 
--------------------------------------------------------------------------------
[2023-03-01 13:02:46,200] {taskinstance.py:1089} INFO - Executing <Task(PythonOperator): get_age> on 2022-11-30T08:05:00+00:00
[2023-03-01 13:02:46,238] {standard_task_runner.py:52} INFO - Started process 18034 to run task
[2023-03-01 13:02:46,323] {standard_task_runner.py:76} INFO - Running: ['airflow', 'tasks', 'run', 'with_python_operator', 'get_age', '2022-11-30T08:05:00+00:00', '--job-id', '4297', '--pool', 'default_pool', '--raw', '--subdir', 'DAGS_FOLDER/02_python_operator.py', '--cfg-path', '/tmp/tmpmxyhvm8z', '--error-file', '/tmp/tmp5fkge0uq']
[2023-03-01 13:02:46,330] {standard_task_runner.py:77} INFO - Job 4297: Subtask get_age
[2023-03-01 13:02:46,864] {logging_mixin.py:104} INFO - Running <TaskInstance: with_python_operator.get_age 2022-11-30T08:05:00+00:00 [running]> on host abe4c4997ef7
[2023-03-01 13:02:47,479] {taskinstance.py:1283} INFO - Exporting the following env vars:
AIRFLOW_CTX_DAG_OWNER=dataheroes
AIRFLOW_CTX_DAG_ID=with_python_operator
AIRFLOW_CTX_TASK_ID=get_age
AIRFLOW_CTX_EXECUTION_DATE=2022-11-30T08:05:00+00:00
AIRFLOW_CTX_DAG_RUN_ID=scheduled__2022-11-30T08:05:00+00:00
[2023-03-01 13:02:47,590] {python.py:118} INFO - Done. Returned value was: None
[2023-03-01 13:02:47,725] {taskinstance.py:1192} INFO - Marking task as SUCCESS. dag_id=with_python_operator, task_id=get_age, execution_date=20221130T080500, start_date=20230301T130245, end_date=20230301T130247
[2023-03-01 13:02:48,119] {taskinstance.py:1246} INFO - 1 downstream tasks scheduled from follow-on schedule check
[2023-03-01 13:02:48,194] {local_task_job.py:146} INFO - Task exited with return code 0
