[2023-03-01 12:36:36,213] {taskinstance.py:877} INFO - Dependencies all met for <TaskInstance: with_python_operator.get_name 2022-10-31T10:05:00+00:00 [queued]>
[2023-03-01 12:36:36,255] {taskinstance.py:877} INFO - Dependencies all met for <TaskInstance: with_python_operator.get_name 2022-10-31T10:05:00+00:00 [queued]>
[2023-03-01 12:36:36,258] {taskinstance.py:1068} INFO - 
--------------------------------------------------------------------------------
[2023-03-01 12:36:36,260] {taskinstance.py:1069} INFO - Starting attempt 1 of 2
[2023-03-01 12:36:36,262] {taskinstance.py:1070} INFO - 
--------------------------------------------------------------------------------
[2023-03-01 12:36:36,361] {taskinstance.py:1089} INFO - Executing <Task(PythonOperator): get_name> on 2022-10-31T10:05:00+00:00
[2023-03-01 12:36:36,373] {standard_task_runner.py:52} INFO - Started process 9409 to run task
[2023-03-01 12:36:36,457] {standard_task_runner.py:76} INFO - Running: ['airflow', 'tasks', 'run', 'with_python_operator', 'get_name', '2022-10-31T10:05:00+00:00', '--job-id', '2143', '--pool', 'default_pool', '--raw', '--subdir', 'DAGS_FOLDER/02_python_operator.py', '--cfg-path', '/tmp/tmpk1lauqaa', '--error-file', '/tmp/tmplmc5l1_c']
[2023-03-01 12:36:36,459] {standard_task_runner.py:77} INFO - Job 2143: Subtask get_name
[2023-03-01 12:36:37,167] {logging_mixin.py:104} INFO - Running <TaskInstance: with_python_operator.get_name 2022-10-31T10:05:00+00:00 [running]> on host abe4c4997ef7
[2023-03-01 12:36:37,711] {taskinstance.py:1283} INFO - Exporting the following env vars:
AIRFLOW_CTX_DAG_OWNER=dataheroes
AIRFLOW_CTX_DAG_ID=with_python_operator
AIRFLOW_CTX_TASK_ID=get_name
AIRFLOW_CTX_EXECUTION_DATE=2022-10-31T10:05:00+00:00
AIRFLOW_CTX_DAG_RUN_ID=scheduled__2022-10-31T10:05:00+00:00
[2023-03-01 12:36:37,828] {python.py:118} INFO - Done. Returned value was: None
[2023-03-01 12:36:37,947] {taskinstance.py:1192} INFO - Marking task as SUCCESS. dag_id=with_python_operator, task_id=get_name, execution_date=20221031T100500, start_date=20230301T123636, end_date=20230301T123637
[2023-03-01 12:36:38,716] {taskinstance.py:1246} INFO - 0 downstream tasks scheduled from follow-on schedule check
[2023-03-01 12:36:38,837] {local_task_job.py:146} INFO - Task exited with return code 0
