[2023-03-01 12:14:22,775] {taskinstance.py:877} INFO - Dependencies all met for <TaskInstance: with_python_operator.get_age 2022-10-07T12:05:00+00:00 [queued]>
[2023-03-01 12:14:22,878] {taskinstance.py:877} INFO - Dependencies all met for <TaskInstance: with_python_operator.get_age 2022-10-07T12:05:00+00:00 [queued]>
[2023-03-01 12:14:22,881] {taskinstance.py:1068} INFO - 
--------------------------------------------------------------------------------
[2023-03-01 12:14:22,882] {taskinstance.py:1069} INFO - Starting attempt 1 of 2
[2023-03-01 12:14:22,883] {taskinstance.py:1070} INFO - 
--------------------------------------------------------------------------------
[2023-03-01 12:14:22,942] {taskinstance.py:1089} INFO - Executing <Task(PythonOperator): get_age> on 2022-10-07T12:05:00+00:00
[2023-03-01 12:14:22,954] {standard_task_runner.py:52} INFO - Started process 2115 to run task
[2023-03-01 12:14:22,988] {standard_task_runner.py:76} INFO - Running: ['airflow', 'tasks', 'run', 'with_python_operator', 'get_age', '2022-10-07T12:05:00+00:00', '--job-id', '369', '--pool', 'default_pool', '--raw', '--subdir', 'DAGS_FOLDER/02_python_operator.py', '--cfg-path', '/tmp/tmpjzpjkqmm', '--error-file', '/tmp/tmp0cet_zoh']
[2023-03-01 12:14:22,991] {standard_task_runner.py:77} INFO - Job 369: Subtask get_age
[2023-03-01 12:14:23,269] {logging_mixin.py:104} INFO - Running <TaskInstance: with_python_operator.get_age 2022-10-07T12:05:00+00:00 [running]> on host abe4c4997ef7
[2023-03-01 12:14:23,516] {taskinstance.py:1283} INFO - Exporting the following env vars:
AIRFLOW_CTX_DAG_OWNER=dataheroes
AIRFLOW_CTX_DAG_ID=with_python_operator
AIRFLOW_CTX_TASK_ID=get_age
AIRFLOW_CTX_EXECUTION_DATE=2022-10-07T12:05:00+00:00
AIRFLOW_CTX_DAG_RUN_ID=scheduled__2022-10-07T12:05:00+00:00
[2023-03-01 12:14:23,562] {python.py:118} INFO - Done. Returned value was: None
[2023-03-01 12:14:23,607] {taskinstance.py:1192} INFO - Marking task as SUCCESS. dag_id=with_python_operator, task_id=get_age, execution_date=20221007T120500, start_date=20230301T121422, end_date=20230301T121423
[2023-03-01 12:14:24,272] {taskinstance.py:1246} INFO - 0 downstream tasks scheduled from follow-on schedule check
[2023-03-01 12:14:24,333] {local_task_job.py:146} INFO - Task exited with return code 0
