[2023-03-01 13:09:28,260] {taskinstance.py:877} INFO - Dependencies all met for <TaskInstance: with_python_operator.get_age 2022-12-08T03:05:00+00:00 [queued]>
[2023-03-01 13:09:28,900] {taskinstance.py:877} INFO - Dependencies all met for <TaskInstance: with_python_operator.get_age 2022-12-08T03:05:00+00:00 [queued]>
[2023-03-01 13:09:28,918] {taskinstance.py:1068} INFO - 
--------------------------------------------------------------------------------
[2023-03-01 13:09:28,926] {taskinstance.py:1069} INFO - Starting attempt 1 of 2
[2023-03-01 13:09:28,936] {taskinstance.py:1070} INFO - 
--------------------------------------------------------------------------------
[2023-03-01 13:09:29,878] {taskinstance.py:1089} INFO - Executing <Task(PythonOperator): get_age> on 2022-12-08T03:05:00+00:00
[2023-03-01 13:09:29,993] {standard_task_runner.py:52} INFO - Started process 20313 to run task
[2023-03-01 13:09:30,075] {standard_task_runner.py:76} INFO - Running: ['airflow', 'tasks', 'run', 'with_python_operator', 'get_age', '2022-12-08T03:05:00+00:00', '--job-id', '4865', '--pool', 'default_pool', '--raw', '--subdir', 'DAGS_FOLDER/02_python_operator.py', '--cfg-path', '/tmp/tmpqsdk_xpf', '--error-file', '/tmp/tmpqoee0c_3']
[2023-03-01 13:09:30,078] {standard_task_runner.py:77} INFO - Job 4865: Subtask get_age
[2023-03-01 13:09:30,959] {logging_mixin.py:104} INFO - Running <TaskInstance: with_python_operator.get_age 2022-12-08T03:05:00+00:00 [running]> on host abe4c4997ef7
[2023-03-01 13:09:34,449] {taskinstance.py:1283} INFO - Exporting the following env vars:
AIRFLOW_CTX_DAG_OWNER=dataheroes
AIRFLOW_CTX_DAG_ID=with_python_operator
AIRFLOW_CTX_TASK_ID=get_age
AIRFLOW_CTX_EXECUTION_DATE=2022-12-08T03:05:00+00:00
AIRFLOW_CTX_DAG_RUN_ID=scheduled__2022-12-08T03:05:00+00:00
[2023-03-01 13:09:34,772] {python.py:118} INFO - Done. Returned value was: None
[2023-03-01 13:09:35,063] {taskinstance.py:1192} INFO - Marking task as SUCCESS. dag_id=with_python_operator, task_id=get_age, execution_date=20221208T030500, start_date=20230301T130928, end_date=20230301T130935
[2023-03-01 13:09:35,562] {local_task_job.py:188} WARNING - State of this instance has been externally set to success. Terminating instance.
[2023-03-01 13:09:35,589] {process_utils.py:100} INFO - Sending Signals.SIGTERM to GPID 20313
[2023-03-01 13:09:35,616] {taskinstance.py:1265} ERROR - Received SIGTERM. Terminating subprocesses.
[2023-03-01 13:09:35,743] {process_utils.py:66} INFO - Process psutil.Process(pid=20313, status='terminated', exitcode=1, started='13:09:29') (20313) terminated with exit code 1
