[2023-03-01 12:35:12,984] {taskinstance.py:877} INFO - Dependencies all met for <TaskInstance: with_python_operator.get_name 2022-10-29T14:05:00+00:00 [queued]>
[2023-03-01 12:35:13,197] {taskinstance.py:877} INFO - Dependencies all met for <TaskInstance: with_python_operator.get_name 2022-10-29T14:05:00+00:00 [queued]>
[2023-03-01 12:35:13,199] {taskinstance.py:1068} INFO - 
--------------------------------------------------------------------------------
[2023-03-01 12:35:13,201] {taskinstance.py:1069} INFO - Starting attempt 1 of 2
[2023-03-01 12:35:13,206] {taskinstance.py:1070} INFO - 
--------------------------------------------------------------------------------
[2023-03-01 12:35:13,319] {taskinstance.py:1089} INFO - Executing <Task(PythonOperator): get_name> on 2022-10-29T14:05:00+00:00
[2023-03-01 12:35:13,336] {standard_task_runner.py:52} INFO - Started process 8897 to run task
[2023-03-01 12:35:13,437] {standard_task_runner.py:76} INFO - Running: ['airflow', 'tasks', 'run', 'with_python_operator', 'get_name', '2022-10-29T14:05:00+00:00', '--job-id', '2016', '--pool', 'default_pool', '--raw', '--subdir', 'DAGS_FOLDER/02_python_operator.py', '--cfg-path', '/tmp/tmp4r1baunw', '--error-file', '/tmp/tmp6wk3q2za']
[2023-03-01 12:35:13,468] {standard_task_runner.py:77} INFO - Job 2016: Subtask get_name
[2023-03-01 12:35:14,336] {logging_mixin.py:104} INFO - Running <TaskInstance: with_python_operator.get_name 2022-10-29T14:05:00+00:00 [running]> on host abe4c4997ef7
[2023-03-01 12:35:14,759] {taskinstance.py:1283} INFO - Exporting the following env vars:
AIRFLOW_CTX_DAG_OWNER=dataheroes
AIRFLOW_CTX_DAG_ID=with_python_operator
AIRFLOW_CTX_TASK_ID=get_name
AIRFLOW_CTX_EXECUTION_DATE=2022-10-29T14:05:00+00:00
AIRFLOW_CTX_DAG_RUN_ID=scheduled__2022-10-29T14:05:00+00:00
[2023-03-01 12:35:14,899] {python.py:118} INFO - Done. Returned value was: None
[2023-03-01 12:35:14,979] {taskinstance.py:1192} INFO - Marking task as SUCCESS. dag_id=with_python_operator, task_id=get_name, execution_date=20221029T140500, start_date=20230301T123513, end_date=20230301T123514
[2023-03-01 12:35:15,607] {taskinstance.py:1246} INFO - 1 downstream tasks scheduled from follow-on schedule check
[2023-03-01 12:35:15,764] {local_task_job.py:146} INFO - Task exited with return code 0
