[2023-03-01 12:48:09,014] {taskinstance.py:877} INFO - Dependencies all met for <TaskInstance: with_python_operator.greet 2022-11-13T05:05:00+00:00 [queued]>
[2023-03-01 12:48:09,236] {taskinstance.py:877} INFO - Dependencies all met for <TaskInstance: with_python_operator.greet 2022-11-13T05:05:00+00:00 [queued]>
[2023-03-01 12:48:09,239] {taskinstance.py:1068} INFO - 
--------------------------------------------------------------------------------
[2023-03-01 12:48:09,248] {taskinstance.py:1069} INFO - Starting attempt 1 of 2
[2023-03-01 12:48:09,250] {taskinstance.py:1070} INFO - 
--------------------------------------------------------------------------------
[2023-03-01 12:48:09,390] {taskinstance.py:1089} INFO - Executing <Task(PythonOperator): greet> on 2022-11-13T05:05:00+00:00
[2023-03-01 12:48:09,398] {standard_task_runner.py:52} INFO - Started process 13161 to run task
[2023-03-01 12:48:09,439] {standard_task_runner.py:76} INFO - Running: ['airflow', 'tasks', 'run', 'with_python_operator', 'greet', '2022-11-13T05:05:00+00:00', '--job-id', '3084', '--pool', 'default_pool', '--raw', '--subdir', 'DAGS_FOLDER/02_python_operator.py', '--cfg-path', '/tmp/tmpsm05mx0m', '--error-file', '/tmp/tmp4b4xf39d']
[2023-03-01 12:48:09,441] {standard_task_runner.py:77} INFO - Job 3084: Subtask greet
[2023-03-01 12:48:09,786] {logging_mixin.py:104} INFO - Running <TaskInstance: with_python_operator.greet 2022-11-13T05:05:00+00:00 [running]> on host abe4c4997ef7
[2023-03-01 12:48:09,988] {taskinstance.py:1283} INFO - Exporting the following env vars:
AIRFLOW_CTX_DAG_OWNER=dataheroes
AIRFLOW_CTX_DAG_ID=with_python_operator
AIRFLOW_CTX_TASK_ID=greet
AIRFLOW_CTX_EXECUTION_DATE=2022-11-13T05:05:00+00:00
AIRFLOW_CTX_DAG_RUN_ID=scheduled__2022-11-13T05:05:00+00:00
[2023-03-01 12:48:09,993] {logging_mixin.py:104} INFO - some dict:  {'a': 1, 'b': 2}
[2023-03-01 12:48:10,067] {logging_mixin.py:104} INFO - Hello World! My name is Reza Primasatya, and I am 17 years old!
[2023-03-01 12:48:10,071] {python.py:118} INFO - Done. Returned value was: None
[2023-03-01 12:48:10,124] {taskinstance.py:1192} INFO - Marking task as SUCCESS. dag_id=with_python_operator, task_id=greet, execution_date=20221113T050500, start_date=20230301T124809, end_date=20230301T124810
[2023-03-01 12:48:10,238] {taskinstance.py:1246} INFO - 0 downstream tasks scheduled from follow-on schedule check
[2023-03-01 12:48:10,303] {local_task_job.py:146} INFO - Task exited with return code 0
