[2023-03-01 12:58:53,257] {taskinstance.py:877} INFO - Dependencies all met for <TaskInstance: with_python_operator.get_age 2022-11-25T15:05:00+00:00 [queued]>
[2023-03-01 12:58:53,402] {taskinstance.py:877} INFO - Dependencies all met for <TaskInstance: with_python_operator.get_age 2022-11-25T15:05:00+00:00 [queued]>
[2023-03-01 12:58:53,403] {taskinstance.py:1068} INFO - 
--------------------------------------------------------------------------------
[2023-03-01 12:58:53,404] {taskinstance.py:1069} INFO - Starting attempt 1 of 2
[2023-03-01 12:58:53,404] {taskinstance.py:1070} INFO - 
--------------------------------------------------------------------------------
[2023-03-01 12:58:53,580] {taskinstance.py:1089} INFO - Executing <Task(PythonOperator): get_age> on 2022-11-25T15:05:00+00:00
[2023-03-01 12:58:53,685] {standard_task_runner.py:76} INFO - Running: ['airflow', 'tasks', 'run', 'with_python_operator', 'get_age', '2022-11-25T15:05:00+00:00', '--job-id', '3962', '--pool', 'default_pool', '--raw', '--subdir', 'DAGS_FOLDER/02_python_operator.py', '--cfg-path', '/tmp/tmp2iv1pgmx', '--error-file', '/tmp/tmp36lnu8c_']
[2023-03-01 12:58:53,692] {standard_task_runner.py:77} INFO - Job 3962: Subtask get_age
[2023-03-01 12:58:53,611] {standard_task_runner.py:52} INFO - Started process 16677 to run task
[2023-03-01 12:58:54,238] {logging_mixin.py:104} INFO - Running <TaskInstance: with_python_operator.get_age 2022-11-25T15:05:00+00:00 [running]> on host abe4c4997ef7
[2023-03-01 12:58:54,796] {taskinstance.py:1283} INFO - Exporting the following env vars:
AIRFLOW_CTX_DAG_OWNER=dataheroes
AIRFLOW_CTX_DAG_ID=with_python_operator
AIRFLOW_CTX_TASK_ID=get_age
AIRFLOW_CTX_EXECUTION_DATE=2022-11-25T15:05:00+00:00
AIRFLOW_CTX_DAG_RUN_ID=scheduled__2022-11-25T15:05:00+00:00
[2023-03-01 12:58:54,963] {python.py:118} INFO - Done. Returned value was: None
[2023-03-01 12:58:55,079] {taskinstance.py:1192} INFO - Marking task as SUCCESS. dag_id=with_python_operator, task_id=get_age, execution_date=20221125T150500, start_date=20230301T125853, end_date=20230301T125855
[2023-03-01 12:58:55,469] {taskinstance.py:1246} INFO - 0 downstream tasks scheduled from follow-on schedule check
[2023-03-01 12:58:55,559] {local_task_job.py:146} INFO - Task exited with return code 0
