[2023-03-01 12:46:55,995] {taskinstance.py:877} INFO - Dependencies all met for <TaskInstance: with_python_operator.get_name 2022-11-12T02:05:00+00:00 [queued]>
[2023-03-01 12:46:56,319] {taskinstance.py:877} INFO - Dependencies all met for <TaskInstance: with_python_operator.get_name 2022-11-12T02:05:00+00:00 [queued]>
[2023-03-01 12:46:56,340] {taskinstance.py:1068} INFO - 
--------------------------------------------------------------------------------
[2023-03-01 12:46:56,341] {taskinstance.py:1069} INFO - Starting attempt 1 of 2
[2023-03-01 12:46:56,342] {taskinstance.py:1070} INFO - 
--------------------------------------------------------------------------------
[2023-03-01 12:46:56,624] {taskinstance.py:1089} INFO - Executing <Task(PythonOperator): get_name> on 2022-11-12T02:05:00+00:00
[2023-03-01 12:46:56,656] {standard_task_runner.py:52} INFO - Started process 12753 to run task
[2023-03-01 12:46:56,745] {standard_task_runner.py:76} INFO - Running: ['airflow', 'tasks', 'run', 'with_python_operator', 'get_name', '2022-11-12T02:05:00+00:00', '--job-id', '2982', '--pool', 'default_pool', '--raw', '--subdir', 'DAGS_FOLDER/02_python_operator.py', '--cfg-path', '/tmp/tmpb2xhmsbg', '--error-file', '/tmp/tmpdu3oyet0']
[2023-03-01 12:46:56,765] {standard_task_runner.py:77} INFO - Job 2982: Subtask get_name
[2023-03-01 12:46:57,191] {logging_mixin.py:104} INFO - Running <TaskInstance: with_python_operator.get_name 2022-11-12T02:05:00+00:00 [running]> on host abe4c4997ef7
[2023-03-01 12:46:57,954] {taskinstance.py:1283} INFO - Exporting the following env vars:
AIRFLOW_CTX_DAG_OWNER=dataheroes
AIRFLOW_CTX_DAG_ID=with_python_operator
AIRFLOW_CTX_TASK_ID=get_name
AIRFLOW_CTX_EXECUTION_DATE=2022-11-12T02:05:00+00:00
AIRFLOW_CTX_DAG_RUN_ID=scheduled__2022-11-12T02:05:00+00:00
[2023-03-01 12:46:58,208] {python.py:118} INFO - Done. Returned value was: None
[2023-03-01 12:46:58,332] {taskinstance.py:1192} INFO - Marking task as SUCCESS. dag_id=with_python_operator, task_id=get_name, execution_date=20221112T020500, start_date=20230301T124656, end_date=20230301T124658
[2023-03-01 12:46:58,779] {taskinstance.py:1246} INFO - 1 downstream tasks scheduled from follow-on schedule check
[2023-03-01 12:46:58,840] {local_task_job.py:146} INFO - Task exited with return code 0
