[2023-03-01 13:13:30,849] {taskinstance.py:877} INFO - Dependencies all met for <TaskInstance: with_python_operator.get_name 2022-12-12T17:05:00+00:00 [queued]>
[2023-03-01 13:13:31,106] {taskinstance.py:877} INFO - Dependencies all met for <TaskInstance: with_python_operator.get_name 2022-12-12T17:05:00+00:00 [queued]>
[2023-03-01 13:13:31,110] {taskinstance.py:1068} INFO - 
--------------------------------------------------------------------------------
[2023-03-01 13:13:31,111] {taskinstance.py:1069} INFO - Starting attempt 1 of 2
[2023-03-01 13:13:31,111] {taskinstance.py:1070} INFO - 
--------------------------------------------------------------------------------
[2023-03-01 13:13:31,299] {taskinstance.py:1089} INFO - Executing <Task(PythonOperator): get_name> on 2022-12-12T17:05:00+00:00
[2023-03-01 13:13:31,328] {standard_task_runner.py:52} INFO - Started process 21651 to run task
[2023-03-01 13:13:31,419] {standard_task_runner.py:76} INFO - Running: ['airflow', 'tasks', 'run', 'with_python_operator', 'get_name', '2022-12-12T17:05:00+00:00', '--job-id', '5201', '--pool', 'default_pool', '--raw', '--subdir', 'DAGS_FOLDER/02_python_operator.py', '--cfg-path', '/tmp/tmp_a3qk0yk', '--error-file', '/tmp/tmpe_7e12ka']
[2023-03-01 13:13:31,452] {standard_task_runner.py:77} INFO - Job 5201: Subtask get_name
[2023-03-01 13:13:32,130] {logging_mixin.py:104} INFO - Running <TaskInstance: with_python_operator.get_name 2022-12-12T17:05:00+00:00 [running]> on host abe4c4997ef7
[2023-03-01 13:13:32,864] {taskinstance.py:1283} INFO - Exporting the following env vars:
AIRFLOW_CTX_DAG_OWNER=dataheroes
AIRFLOW_CTX_DAG_ID=with_python_operator
AIRFLOW_CTX_TASK_ID=get_name
AIRFLOW_CTX_EXECUTION_DATE=2022-12-12T17:05:00+00:00
AIRFLOW_CTX_DAG_RUN_ID=scheduled__2022-12-12T17:05:00+00:00
[2023-03-01 13:13:33,289] {python.py:118} INFO - Done. Returned value was: None
[2023-03-01 13:13:33,618] {taskinstance.py:1192} INFO - Marking task as SUCCESS. dag_id=with_python_operator, task_id=get_name, execution_date=20221212T170500, start_date=20230301T131330, end_date=20230301T131333
[2023-03-01 13:13:34,491] {taskinstance.py:1246} INFO - 0 downstream tasks scheduled from follow-on schedule check
[2023-03-01 13:13:34,634] {local_task_job.py:146} INFO - Task exited with return code 0
