[2023-03-01 13:05:55,215] {taskinstance.py:877} INFO - Dependencies all met for <TaskInstance: with_python_operator.get_age 2022-12-04T05:05:00+00:00 [queued]>
[2023-03-01 13:05:55,276] {taskinstance.py:877} INFO - Dependencies all met for <TaskInstance: with_python_operator.get_age 2022-12-04T05:05:00+00:00 [queued]>
[2023-03-01 13:05:55,278] {taskinstance.py:1068} INFO - 
--------------------------------------------------------------------------------
[2023-03-01 13:05:55,279] {taskinstance.py:1069} INFO - Starting attempt 1 of 2
[2023-03-01 13:05:55,279] {taskinstance.py:1070} INFO - 
--------------------------------------------------------------------------------
[2023-03-01 13:05:55,334] {taskinstance.py:1089} INFO - Executing <Task(PythonOperator): get_age> on 2022-12-04T05:05:00+00:00
[2023-03-01 13:05:55,344] {standard_task_runner.py:52} INFO - Started process 19201 to run task
[2023-03-01 13:05:55,383] {standard_task_runner.py:76} INFO - Running: ['airflow', 'tasks', 'run', 'with_python_operator', 'get_age', '2022-12-04T05:05:00+00:00', '--job-id', '4591', '--pool', 'default_pool', '--raw', '--subdir', 'DAGS_FOLDER/02_python_operator.py', '--cfg-path', '/tmp/tmp2iv1szf9', '--error-file', '/tmp/tmpb70vsg8v']
[2023-03-01 13:05:55,385] {standard_task_runner.py:77} INFO - Job 4591: Subtask get_age
[2023-03-01 13:05:55,578] {logging_mixin.py:104} INFO - Running <TaskInstance: with_python_operator.get_age 2022-12-04T05:05:00+00:00 [running]> on host abe4c4997ef7
[2023-03-01 13:05:55,813] {taskinstance.py:1283} INFO - Exporting the following env vars:
AIRFLOW_CTX_DAG_OWNER=dataheroes
AIRFLOW_CTX_DAG_ID=with_python_operator
AIRFLOW_CTX_TASK_ID=get_age
AIRFLOW_CTX_EXECUTION_DATE=2022-12-04T05:05:00+00:00
AIRFLOW_CTX_DAG_RUN_ID=scheduled__2022-12-04T05:05:00+00:00
[2023-03-01 13:05:55,857] {python.py:118} INFO - Done. Returned value was: None
[2023-03-01 13:05:55,914] {taskinstance.py:1192} INFO - Marking task as SUCCESS. dag_id=with_python_operator, task_id=get_age, execution_date=20221204T050500, start_date=20230301T130555, end_date=20230301T130555
[2023-03-01 13:05:56,035] {taskinstance.py:1246} INFO - 1 downstream tasks scheduled from follow-on schedule check
[2023-03-01 13:05:56,085] {local_task_job.py:146} INFO - Task exited with return code 0
