[2023-03-01 12:23:05,605] {taskinstance.py:877} INFO - Dependencies all met for <TaskInstance: with_python_operator.get_name 2022-10-17T01:05:00+00:00 [queued]>
[2023-03-01 12:23:05,866] {taskinstance.py:877} INFO - Dependencies all met for <TaskInstance: with_python_operator.get_name 2022-10-17T01:05:00+00:00 [queued]>
[2023-03-01 12:23:05,875] {taskinstance.py:1068} INFO - 
--------------------------------------------------------------------------------
[2023-03-01 12:23:05,876] {taskinstance.py:1069} INFO - Starting attempt 1 of 2
[2023-03-01 12:23:05,877] {taskinstance.py:1070} INFO - 
--------------------------------------------------------------------------------
[2023-03-01 12:23:06,057] {taskinstance.py:1089} INFO - Executing <Task(PythonOperator): get_name> on 2022-10-17T01:05:00+00:00
[2023-03-01 12:23:06,109] {standard_task_runner.py:52} INFO - Started process 5253 to run task
[2023-03-01 12:23:06,208] {standard_task_runner.py:76} INFO - Running: ['airflow', 'tasks', 'run', 'with_python_operator', 'get_name', '2022-10-17T01:05:00+00:00', '--job-id', '1104', '--pool', 'default_pool', '--raw', '--subdir', 'DAGS_FOLDER/02_python_operator.py', '--cfg-path', '/tmp/tmpgiry71r3', '--error-file', '/tmp/tmplq1gyuh6']
[2023-03-01 12:23:06,211] {standard_task_runner.py:77} INFO - Job 1104: Subtask get_name
[2023-03-01 12:23:06,840] {logging_mixin.py:104} INFO - Running <TaskInstance: with_python_operator.get_name 2022-10-17T01:05:00+00:00 [running]> on host abe4c4997ef7
[2023-03-01 12:23:07,294] {taskinstance.py:1283} INFO - Exporting the following env vars:
AIRFLOW_CTX_DAG_OWNER=dataheroes
AIRFLOW_CTX_DAG_ID=with_python_operator
AIRFLOW_CTX_TASK_ID=get_name
AIRFLOW_CTX_EXECUTION_DATE=2022-10-17T01:05:00+00:00
AIRFLOW_CTX_DAG_RUN_ID=scheduled__2022-10-17T01:05:00+00:00
[2023-03-01 12:23:07,449] {python.py:118} INFO - Done. Returned value was: None
[2023-03-01 12:23:07,560] {taskinstance.py:1192} INFO - Marking task as SUCCESS. dag_id=with_python_operator, task_id=get_name, execution_date=20221017T010500, start_date=20230301T122305, end_date=20230301T122307
[2023-03-01 12:23:08,235] {taskinstance.py:1246} INFO - 1 downstream tasks scheduled from follow-on schedule check
[2023-03-01 12:23:08,325] {local_task_job.py:146} INFO - Task exited with return code 0
