[2023-03-01 13:16:27,559] {taskinstance.py:877} INFO - Dependencies all met for <TaskInstance: with_python_operator.greet 2022-12-16T00:05:00+00:00 [queued]>
[2023-03-01 13:16:27,947] {taskinstance.py:877} INFO - Dependencies all met for <TaskInstance: with_python_operator.greet 2022-12-16T00:05:00+00:00 [queued]>
[2023-03-01 13:16:27,963] {taskinstance.py:1068} INFO - 
--------------------------------------------------------------------------------
[2023-03-01 13:16:27,968] {taskinstance.py:1069} INFO - Starting attempt 1 of 2
[2023-03-01 13:16:27,969] {taskinstance.py:1070} INFO - 
--------------------------------------------------------------------------------
[2023-03-01 13:16:28,109] {taskinstance.py:1089} INFO - Executing <Task(PythonOperator): greet> on 2022-12-16T00:05:00+00:00
[2023-03-01 13:16:28,125] {standard_task_runner.py:52} INFO - Started process 22655 to run task
[2023-03-01 13:16:28,184] {standard_task_runner.py:76} INFO - Running: ['airflow', 'tasks', 'run', 'with_python_operator', 'greet', '2022-12-16T00:05:00+00:00', '--job-id', '5451', '--pool', 'default_pool', '--raw', '--subdir', 'DAGS_FOLDER/02_python_operator.py', '--cfg-path', '/tmp/tmpe8afffeb', '--error-file', '/tmp/tmpzqnin29a']
[2023-03-01 13:16:28,194] {standard_task_runner.py:77} INFO - Job 5451: Subtask greet
[2023-03-01 13:16:28,871] {logging_mixin.py:104} INFO - Running <TaskInstance: with_python_operator.greet 2022-12-16T00:05:00+00:00 [running]> on host abe4c4997ef7
[2023-03-01 13:16:29,809] {taskinstance.py:1283} INFO - Exporting the following env vars:
AIRFLOW_CTX_DAG_OWNER=dataheroes
AIRFLOW_CTX_DAG_ID=with_python_operator
AIRFLOW_CTX_TASK_ID=greet
AIRFLOW_CTX_EXECUTION_DATE=2022-12-16T00:05:00+00:00
AIRFLOW_CTX_DAG_RUN_ID=scheduled__2022-12-16T00:05:00+00:00
[2023-03-01 13:16:29,846] {logging_mixin.py:104} INFO - some dict:  {'a': 1, 'b': 2}
[2023-03-01 13:16:30,585] {logging_mixin.py:104} INFO - Hello World! My name is Reza Primasatya, and I am 17 years old!
[2023-03-01 13:16:30,594] {python.py:118} INFO - Done. Returned value was: None
[2023-03-01 13:16:30,951] {taskinstance.py:1192} INFO - Marking task as SUCCESS. dag_id=with_python_operator, task_id=greet, execution_date=20221216T000500, start_date=20230301T131627, end_date=20230301T131630
[2023-03-01 13:16:31,385] {taskinstance.py:1246} INFO - 0 downstream tasks scheduled from follow-on schedule check
[2023-03-01 13:16:31,633] {local_task_job.py:146} INFO - Task exited with return code 0
