[2023-03-01 13:04:20,377] {taskinstance.py:877} INFO - Dependencies all met for <TaskInstance: with_python_operator.get_age 2022-12-02T12:05:00+00:00 [queued]>
[2023-03-01 13:04:20,663] {taskinstance.py:877} INFO - Dependencies all met for <TaskInstance: with_python_operator.get_age 2022-12-02T12:05:00+00:00 [queued]>
[2023-03-01 13:04:20,673] {taskinstance.py:1068} INFO - 
--------------------------------------------------------------------------------
[2023-03-01 13:04:20,676] {taskinstance.py:1069} INFO - Starting attempt 1 of 2
[2023-03-01 13:04:20,685] {taskinstance.py:1070} INFO - 
--------------------------------------------------------------------------------
[2023-03-01 13:04:20,782] {taskinstance.py:1089} INFO - Executing <Task(PythonOperator): get_age> on 2022-12-02T12:05:00+00:00
[2023-03-01 13:04:20,797] {standard_task_runner.py:52} INFO - Started process 18689 to run task
[2023-03-01 13:04:20,897] {standard_task_runner.py:76} INFO - Running: ['airflow', 'tasks', 'run', 'with_python_operator', 'get_age', '2022-12-02T12:05:00+00:00', '--job-id', '4459', '--pool', 'default_pool', '--raw', '--subdir', 'DAGS_FOLDER/02_python_operator.py', '--cfg-path', '/tmp/tmpvvszov6z', '--error-file', '/tmp/tmp_5_9u9yc']
[2023-03-01 13:04:20,899] {standard_task_runner.py:77} INFO - Job 4459: Subtask get_age
[2023-03-01 13:04:21,634] {logging_mixin.py:104} INFO - Running <TaskInstance: with_python_operator.get_age 2022-12-02T12:05:00+00:00 [running]> on host abe4c4997ef7
[2023-03-01 13:04:22,231] {taskinstance.py:1283} INFO - Exporting the following env vars:
AIRFLOW_CTX_DAG_OWNER=dataheroes
AIRFLOW_CTX_DAG_ID=with_python_operator
AIRFLOW_CTX_TASK_ID=get_age
AIRFLOW_CTX_EXECUTION_DATE=2022-12-02T12:05:00+00:00
AIRFLOW_CTX_DAG_RUN_ID=scheduled__2022-12-02T12:05:00+00:00
[2023-03-01 13:04:22,366] {python.py:118} INFO - Done. Returned value was: None
[2023-03-01 13:04:22,520] {taskinstance.py:1192} INFO - Marking task as SUCCESS. dag_id=with_python_operator, task_id=get_age, execution_date=20221202T120500, start_date=20230301T130420, end_date=20230301T130422
[2023-03-01 13:04:23,275] {taskinstance.py:1246} INFO - 0 downstream tasks scheduled from follow-on schedule check
[2023-03-01 13:04:23,486] {local_task_job.py:146} INFO - Task exited with return code 0
