[2023-03-01 13:13:28,957] {taskinstance.py:877} INFO - Dependencies all met for <TaskInstance: with_python_operator.greet 2022-12-12T11:05:00+00:00 [queued]>
[2023-03-01 13:13:29,678] {taskinstance.py:877} INFO - Dependencies all met for <TaskInstance: with_python_operator.greet 2022-12-12T11:05:00+00:00 [queued]>
[2023-03-01 13:13:29,682] {taskinstance.py:1068} INFO - 
--------------------------------------------------------------------------------
[2023-03-01 13:13:29,683] {taskinstance.py:1069} INFO - Starting attempt 1 of 2
[2023-03-01 13:13:29,690] {taskinstance.py:1070} INFO - 
--------------------------------------------------------------------------------
[2023-03-01 13:13:29,891] {taskinstance.py:1089} INFO - Executing <Task(PythonOperator): greet> on 2022-12-12T11:05:00+00:00
[2023-03-01 13:13:30,002] {standard_task_runner.py:76} INFO - Running: ['airflow', 'tasks', 'run', 'with_python_operator', 'greet', '2022-12-12T11:05:00+00:00', '--job-id', '5196', '--pool', 'default_pool', '--raw', '--subdir', 'DAGS_FOLDER/02_python_operator.py', '--cfg-path', '/tmp/tmpzwf76k9f', '--error-file', '/tmp/tmpkuzs6h9d']
[2023-03-01 13:13:30,007] {standard_task_runner.py:77} INFO - Job 5196: Subtask greet
[2023-03-01 13:13:29,970] {standard_task_runner.py:52} INFO - Started process 21637 to run task
[2023-03-01 13:13:30,544] {logging_mixin.py:104} INFO - Running <TaskInstance: with_python_operator.greet 2022-12-12T11:05:00+00:00 [running]> on host abe4c4997ef7
[2023-03-01 13:13:31,235] {taskinstance.py:1283} INFO - Exporting the following env vars:
AIRFLOW_CTX_DAG_OWNER=dataheroes
AIRFLOW_CTX_DAG_ID=with_python_operator
AIRFLOW_CTX_TASK_ID=greet
AIRFLOW_CTX_EXECUTION_DATE=2022-12-12T11:05:00+00:00
AIRFLOW_CTX_DAG_RUN_ID=scheduled__2022-12-12T11:05:00+00:00
[2023-03-01 13:13:31,253] {logging_mixin.py:104} INFO - some dict:  {'a': 1, 'b': 2}
[2023-03-01 13:13:31,492] {logging_mixin.py:104} INFO - Hello World! My name is Reza Primasatya, and I am 17 years old!
[2023-03-01 13:13:31,496] {python.py:118} INFO - Done. Returned value was: None
[2023-03-01 13:13:31,683] {taskinstance.py:1192} INFO - Marking task as SUCCESS. dag_id=with_python_operator, task_id=greet, execution_date=20221212T110500, start_date=20230301T131329, end_date=20230301T131331
[2023-03-01 13:13:32,295] {taskinstance.py:1246} INFO - 0 downstream tasks scheduled from follow-on schedule check
[2023-03-01 13:13:32,382] {local_task_job.py:146} INFO - Task exited with return code 0
