[2023-03-01 12:57:42,830] {taskinstance.py:877} INFO - Dependencies all met for <TaskInstance: with_python_operator.get_age 2022-11-24T04:05:00+00:00 [queued]>
[2023-03-01 12:57:42,866] {taskinstance.py:877} INFO - Dependencies all met for <TaskInstance: with_python_operator.get_age 2022-11-24T04:05:00+00:00 [queued]>
[2023-03-01 12:57:42,868] {taskinstance.py:1068} INFO - 
--------------------------------------------------------------------------------
[2023-03-01 12:57:42,869] {taskinstance.py:1069} INFO - Starting attempt 1 of 2
[2023-03-01 12:57:42,869] {taskinstance.py:1070} INFO - 
--------------------------------------------------------------------------------
[2023-03-01 12:57:42,934] {taskinstance.py:1089} INFO - Executing <Task(PythonOperator): get_age> on 2022-11-24T04:05:00+00:00
[2023-03-01 12:57:42,939] {standard_task_runner.py:52} INFO - Started process 16265 to run task
[2023-03-01 12:57:42,963] {standard_task_runner.py:76} INFO - Running: ['airflow', 'tasks', 'run', 'with_python_operator', 'get_age', '2022-11-24T04:05:00+00:00', '--job-id', '3861', '--pool', 'default_pool', '--raw', '--subdir', 'DAGS_FOLDER/02_python_operator.py', '--cfg-path', '/tmp/tmp6pq4cd_r', '--error-file', '/tmp/tmp2wlaqmhc']
[2023-03-01 12:57:42,973] {standard_task_runner.py:77} INFO - Job 3861: Subtask get_age
[2023-03-01 12:57:43,196] {logging_mixin.py:104} INFO - Running <TaskInstance: with_python_operator.get_age 2022-11-24T04:05:00+00:00 [running]> on host abe4c4997ef7
[2023-03-01 12:57:43,387] {taskinstance.py:1283} INFO - Exporting the following env vars:
AIRFLOW_CTX_DAG_OWNER=dataheroes
AIRFLOW_CTX_DAG_ID=with_python_operator
AIRFLOW_CTX_TASK_ID=get_age
AIRFLOW_CTX_EXECUTION_DATE=2022-11-24T04:05:00+00:00
AIRFLOW_CTX_DAG_RUN_ID=scheduled__2022-11-24T04:05:00+00:00
[2023-03-01 12:57:43,446] {python.py:118} INFO - Done. Returned value was: None
[2023-03-01 12:57:43,480] {taskinstance.py:1192} INFO - Marking task as SUCCESS. dag_id=with_python_operator, task_id=get_age, execution_date=20221124T040500, start_date=20230301T125742, end_date=20230301T125743
[2023-03-01 12:57:43,621] {taskinstance.py:1246} INFO - 1 downstream tasks scheduled from follow-on schedule check
[2023-03-01 12:57:43,656] {local_task_job.py:146} INFO - Task exited with return code 0
