[2023-03-01 12:48:09,020] {taskinstance.py:877} INFO - Dependencies all met for <TaskInstance: with_python_operator.greet 2022-11-13T07:05:00+00:00 [queued]>
[2023-03-01 12:48:09,233] {taskinstance.py:877} INFO - Dependencies all met for <TaskInstance: with_python_operator.greet 2022-11-13T07:05:00+00:00 [queued]>
[2023-03-01 12:48:09,237] {taskinstance.py:1068} INFO - 
--------------------------------------------------------------------------------
[2023-03-01 12:48:09,238] {taskinstance.py:1069} INFO - Starting attempt 1 of 2
[2023-03-01 12:48:09,239] {taskinstance.py:1070} INFO - 
--------------------------------------------------------------------------------
[2023-03-01 12:48:09,399] {taskinstance.py:1089} INFO - Executing <Task(PythonOperator): greet> on 2022-11-13T07:05:00+00:00
[2023-03-01 12:48:09,415] {standard_task_runner.py:52} INFO - Started process 13163 to run task
[2023-03-01 12:48:09,473] {standard_task_runner.py:76} INFO - Running: ['airflow', 'tasks', 'run', 'with_python_operator', 'greet', '2022-11-13T07:05:00+00:00', '--job-id', '3085', '--pool', 'default_pool', '--raw', '--subdir', 'DAGS_FOLDER/02_python_operator.py', '--cfg-path', '/tmp/tmpabkx22oh', '--error-file', '/tmp/tmpk98xmpbn']
[2023-03-01 12:48:09,485] {standard_task_runner.py:77} INFO - Job 3085: Subtask greet
[2023-03-01 12:48:09,717] {logging_mixin.py:104} INFO - Running <TaskInstance: with_python_operator.greet 2022-11-13T07:05:00+00:00 [running]> on host abe4c4997ef7
[2023-03-01 12:48:09,984] {taskinstance.py:1283} INFO - Exporting the following env vars:
AIRFLOW_CTX_DAG_OWNER=dataheroes
AIRFLOW_CTX_DAG_ID=with_python_operator
AIRFLOW_CTX_TASK_ID=greet
AIRFLOW_CTX_EXECUTION_DATE=2022-11-13T07:05:00+00:00
AIRFLOW_CTX_DAG_RUN_ID=scheduled__2022-11-13T07:05:00+00:00
[2023-03-01 12:48:09,989] {logging_mixin.py:104} INFO - some dict:  {'a': 1, 'b': 2}
[2023-03-01 12:48:10,053] {logging_mixin.py:104} INFO - Hello World! My name is Reza Primasatya, and I am 17 years old!
[2023-03-01 12:48:10,054] {python.py:118} INFO - Done. Returned value was: None
[2023-03-01 12:48:10,094] {taskinstance.py:1192} INFO - Marking task as SUCCESS. dag_id=with_python_operator, task_id=greet, execution_date=20221113T070500, start_date=20230301T124809, end_date=20230301T124810
[2023-03-01 12:48:10,198] {taskinstance.py:1246} INFO - 0 downstream tasks scheduled from follow-on schedule check
[2023-03-01 12:48:10,251] {local_task_job.py:146} INFO - Task exited with return code 0
