[2023-03-01 12:46:05,544] {taskinstance.py:877} INFO - Dependencies all met for <TaskInstance: with_python_operator.greet 2022-11-10T20:05:00+00:00 [queued]>
[2023-03-01 12:46:05,671] {taskinstance.py:877} INFO - Dependencies all met for <TaskInstance: with_python_operator.greet 2022-11-10T20:05:00+00:00 [queued]>
[2023-03-01 12:46:05,673] {taskinstance.py:1068} INFO - 
--------------------------------------------------------------------------------
[2023-03-01 12:46:05,674] {taskinstance.py:1069} INFO - Starting attempt 1 of 2
[2023-03-01 12:46:05,680] {taskinstance.py:1070} INFO - 
--------------------------------------------------------------------------------
[2023-03-01 12:46:05,805] {taskinstance.py:1089} INFO - Executing <Task(PythonOperator): greet> on 2022-11-10T20:05:00+00:00
[2023-03-01 12:46:05,864] {standard_task_runner.py:76} INFO - Running: ['airflow', 'tasks', 'run', 'with_python_operator', 'greet', '2022-11-10T20:05:00+00:00', '--job-id', '2916', '--pool', 'default_pool', '--raw', '--subdir', 'DAGS_FOLDER/02_python_operator.py', '--cfg-path', '/tmp/tmpo7mli0ch', '--error-file', '/tmp/tmp1y47knwf']
[2023-03-01 12:46:05,867] {standard_task_runner.py:77} INFO - Job 2916: Subtask greet
[2023-03-01 12:46:05,833] {standard_task_runner.py:52} INFO - Started process 12487 to run task
[2023-03-01 12:46:06,337] {logging_mixin.py:104} INFO - Running <TaskInstance: with_python_operator.greet 2022-11-10T20:05:00+00:00 [running]> on host abe4c4997ef7
[2023-03-01 12:46:06,613] {taskinstance.py:1283} INFO - Exporting the following env vars:
AIRFLOW_CTX_DAG_OWNER=dataheroes
AIRFLOW_CTX_DAG_ID=with_python_operator
AIRFLOW_CTX_TASK_ID=greet
AIRFLOW_CTX_EXECUTION_DATE=2022-11-10T20:05:00+00:00
AIRFLOW_CTX_DAG_RUN_ID=scheduled__2022-11-10T20:05:00+00:00
[2023-03-01 12:46:06,645] {logging_mixin.py:104} INFO - some dict:  {'a': 1, 'b': 2}
[2023-03-01 12:46:07,012] {logging_mixin.py:104} INFO - Hello World! My name is Reza Primasatya, and I am 17 years old!
[2023-03-01 12:46:07,014] {python.py:118} INFO - Done. Returned value was: None
[2023-03-01 12:46:07,132] {taskinstance.py:1192} INFO - Marking task as SUCCESS. dag_id=with_python_operator, task_id=greet, execution_date=20221110T200500, start_date=20230301T124605, end_date=20230301T124607
[2023-03-01 12:46:07,256] {taskinstance.py:1246} INFO - 0 downstream tasks scheduled from follow-on schedule check
[2023-03-01 12:46:07,329] {local_task_job.py:146} INFO - Task exited with return code 0
