[2023-03-01 12:44:27,100] {taskinstance.py:877} INFO - Dependencies all met for <TaskInstance: with_python_operator.get_name 2022-11-09T00:05:00+00:00 [queued]>
[2023-03-01 12:44:27,253] {taskinstance.py:877} INFO - Dependencies all met for <TaskInstance: with_python_operator.get_name 2022-11-09T00:05:00+00:00 [queued]>
[2023-03-01 12:44:27,260] {taskinstance.py:1068} INFO - 
--------------------------------------------------------------------------------
[2023-03-01 12:44:27,268] {taskinstance.py:1069} INFO - Starting attempt 1 of 2
[2023-03-01 12:44:27,270] {taskinstance.py:1070} INFO - 
--------------------------------------------------------------------------------
[2023-03-01 12:44:27,386] {taskinstance.py:1089} INFO - Executing <Task(PythonOperator): get_name> on 2022-11-09T00:05:00+00:00
[2023-03-01 12:44:27,402] {standard_task_runner.py:52} INFO - Started process 11893 to run task
[2023-03-01 12:44:27,446] {standard_task_runner.py:76} INFO - Running: ['airflow', 'tasks', 'run', 'with_python_operator', 'get_name', '2022-11-09T00:05:00+00:00', '--job-id', '2766', '--pool', 'default_pool', '--raw', '--subdir', 'DAGS_FOLDER/02_python_operator.py', '--cfg-path', '/tmp/tmpalfsugqu', '--error-file', '/tmp/tmpngj1ks2s']
[2023-03-01 12:44:27,450] {standard_task_runner.py:77} INFO - Job 2766: Subtask get_name
[2023-03-01 12:44:27,823] {logging_mixin.py:104} INFO - Running <TaskInstance: with_python_operator.get_name 2022-11-09T00:05:00+00:00 [running]> on host abe4c4997ef7
[2023-03-01 12:44:28,264] {taskinstance.py:1283} INFO - Exporting the following env vars:
AIRFLOW_CTX_DAG_OWNER=dataheroes
AIRFLOW_CTX_DAG_ID=with_python_operator
AIRFLOW_CTX_TASK_ID=get_name
AIRFLOW_CTX_EXECUTION_DATE=2022-11-09T00:05:00+00:00
AIRFLOW_CTX_DAG_RUN_ID=scheduled__2022-11-09T00:05:00+00:00
[2023-03-01 12:44:28,437] {python.py:118} INFO - Done. Returned value was: None
[2023-03-01 12:44:28,505] {taskinstance.py:1192} INFO - Marking task as SUCCESS. dag_id=with_python_operator, task_id=get_name, execution_date=20221109T000500, start_date=20230301T124427, end_date=20230301T124428
[2023-03-01 12:44:29,004] {taskinstance.py:1246} INFO - 0 downstream tasks scheduled from follow-on schedule check
[2023-03-01 12:44:29,097] {local_task_job.py:146} INFO - Task exited with return code 0
