[2023-03-01 13:09:57,926] {taskinstance.py:877} INFO - Dependencies all met for <TaskInstance: with_python_operator.greet 2022-12-08T09:05:00+00:00 [queued]>
[2023-03-01 13:09:58,428] {taskinstance.py:877} INFO - Dependencies all met for <TaskInstance: with_python_operator.greet 2022-12-08T09:05:00+00:00 [queued]>
[2023-03-01 13:09:58,436] {taskinstance.py:1068} INFO - 
--------------------------------------------------------------------------------
[2023-03-01 13:09:58,437] {taskinstance.py:1069} INFO - Starting attempt 1 of 2
[2023-03-01 13:09:58,444] {taskinstance.py:1070} INFO - 
--------------------------------------------------------------------------------
[2023-03-01 13:09:58,775] {taskinstance.py:1089} INFO - Executing <Task(PythonOperator): greet> on 2022-12-08T09:05:00+00:00
[2023-03-01 13:09:58,812] {standard_task_runner.py:52} INFO - Started process 20447 to run task
[2023-03-01 13:09:58,874] {standard_task_runner.py:76} INFO - Running: ['airflow', 'tasks', 'run', 'with_python_operator', 'greet', '2022-12-08T09:05:00+00:00', '--job-id', '4901', '--pool', 'default_pool', '--raw', '--subdir', 'DAGS_FOLDER/02_python_operator.py', '--cfg-path', '/tmp/tmp9lylaweo', '--error-file', '/tmp/tmp8lhyfut0']
[2023-03-01 13:09:58,887] {standard_task_runner.py:77} INFO - Job 4901: Subtask greet
[2023-03-01 13:09:59,726] {logging_mixin.py:104} INFO - Running <TaskInstance: with_python_operator.greet 2022-12-08T09:05:00+00:00 [running]> on host abe4c4997ef7
[2023-03-01 13:10:00,389] {taskinstance.py:1283} INFO - Exporting the following env vars:
AIRFLOW_CTX_DAG_OWNER=dataheroes
AIRFLOW_CTX_DAG_ID=with_python_operator
AIRFLOW_CTX_TASK_ID=greet
AIRFLOW_CTX_EXECUTION_DATE=2022-12-08T09:05:00+00:00
AIRFLOW_CTX_DAG_RUN_ID=scheduled__2022-12-08T09:05:00+00:00
[2023-03-01 13:10:00,410] {logging_mixin.py:104} INFO - some dict:  {'a': 1, 'b': 2}
[2023-03-01 13:10:00,750] {logging_mixin.py:104} INFO - Hello World! My name is Reza Primasatya, and I am 17 years old!
[2023-03-01 13:10:00,758] {python.py:118} INFO - Done. Returned value was: None
[2023-03-01 13:10:01,058] {taskinstance.py:1192} INFO - Marking task as SUCCESS. dag_id=with_python_operator, task_id=greet, execution_date=20221208T090500, start_date=20230301T130958, end_date=20230301T131001
[2023-03-01 13:10:01,517] {taskinstance.py:1246} INFO - 0 downstream tasks scheduled from follow-on schedule check
[2023-03-01 13:10:01,596] {local_task_job.py:146} INFO - Task exited with return code 0
