[2023-03-01 12:18:35,505] {taskinstance.py:877} INFO - Dependencies all met for <TaskInstance: with_python_operator.get_age 2022-10-12T06:05:00+00:00 [queued]>
[2023-03-01 12:18:35,623] {taskinstance.py:877} INFO - Dependencies all met for <TaskInstance: with_python_operator.get_age 2022-10-12T06:05:00+00:00 [queued]>
[2023-03-01 12:18:35,626] {taskinstance.py:1068} INFO - 
--------------------------------------------------------------------------------
[2023-03-01 12:18:35,627] {taskinstance.py:1069} INFO - Starting attempt 1 of 2
[2023-03-01 12:18:35,627] {taskinstance.py:1070} INFO - 
--------------------------------------------------------------------------------
[2023-03-01 12:18:35,796] {taskinstance.py:1089} INFO - Executing <Task(PythonOperator): get_age> on 2022-10-12T06:05:00+00:00
[2023-03-01 12:18:35,842] {standard_task_runner.py:52} INFO - Started process 3895 to run task
[2023-03-01 12:18:35,919] {standard_task_runner.py:76} INFO - Running: ['airflow', 'tasks', 'run', 'with_python_operator', 'get_age', '2022-10-12T06:05:00+00:00', '--job-id', '767', '--pool', 'default_pool', '--raw', '--subdir', 'DAGS_FOLDER/02_python_operator.py', '--cfg-path', '/tmp/tmpue8guk2t', '--error-file', '/tmp/tmpr5e44zf3']
[2023-03-01 12:18:35,923] {standard_task_runner.py:77} INFO - Job 767: Subtask get_age
[2023-03-01 12:18:36,508] {logging_mixin.py:104} INFO - Running <TaskInstance: with_python_operator.get_age 2022-10-12T06:05:00+00:00 [running]> on host abe4c4997ef7
[2023-03-01 12:18:37,232] {taskinstance.py:1283} INFO - Exporting the following env vars:
AIRFLOW_CTX_DAG_OWNER=dataheroes
AIRFLOW_CTX_DAG_ID=with_python_operator
AIRFLOW_CTX_TASK_ID=get_age
AIRFLOW_CTX_EXECUTION_DATE=2022-10-12T06:05:00+00:00
AIRFLOW_CTX_DAG_RUN_ID=scheduled__2022-10-12T06:05:00+00:00
[2023-03-01 12:18:37,417] {python.py:118} INFO - Done. Returned value was: None
[2023-03-01 12:18:37,531] {taskinstance.py:1192} INFO - Marking task as SUCCESS. dag_id=with_python_operator, task_id=get_age, execution_date=20221012T060500, start_date=20230301T121835, end_date=20230301T121837
[2023-03-01 12:18:38,569] {taskinstance.py:1246} INFO - 0 downstream tasks scheduled from follow-on schedule check
[2023-03-01 12:18:38,715] {local_task_job.py:146} INFO - Task exited with return code 0
