[2023-03-01 12:54:57,994] {taskinstance.py:877} INFO - Dependencies all met for <TaskInstance: with_python_operator.get_age 2022-11-20T21:05:00+00:00 [queued]>
[2023-03-01 12:54:58,215] {taskinstance.py:877} INFO - Dependencies all met for <TaskInstance: with_python_operator.get_age 2022-11-20T21:05:00+00:00 [queued]>
[2023-03-01 12:54:58,241] {taskinstance.py:1068} INFO - 
--------------------------------------------------------------------------------
[2023-03-01 12:54:58,243] {taskinstance.py:1069} INFO - Starting attempt 1 of 2
[2023-03-01 12:54:58,244] {taskinstance.py:1070} INFO - 
--------------------------------------------------------------------------------
[2023-03-01 12:54:58,410] {taskinstance.py:1089} INFO - Executing <Task(PythonOperator): get_age> on 2022-11-20T21:05:00+00:00
[2023-03-01 12:54:58,463] {standard_task_runner.py:52} INFO - Started process 15319 to run task
[2023-03-01 12:54:58,609] {standard_task_runner.py:76} INFO - Running: ['airflow', 'tasks', 'run', 'with_python_operator', 'get_age', '2022-11-20T21:05:00+00:00', '--job-id', '3622', '--pool', 'default_pool', '--raw', '--subdir', 'DAGS_FOLDER/02_python_operator.py', '--cfg-path', '/tmp/tmpc377d6w1', '--error-file', '/tmp/tmp2t_yuppw']
[2023-03-01 12:54:58,616] {standard_task_runner.py:77} INFO - Job 3622: Subtask get_age
[2023-03-01 12:54:59,318] {logging_mixin.py:104} INFO - Running <TaskInstance: with_python_operator.get_age 2022-11-20T21:05:00+00:00 [running]> on host abe4c4997ef7
[2023-03-01 12:55:00,183] {taskinstance.py:1283} INFO - Exporting the following env vars:
AIRFLOW_CTX_DAG_OWNER=dataheroes
AIRFLOW_CTX_DAG_ID=with_python_operator
AIRFLOW_CTX_TASK_ID=get_age
AIRFLOW_CTX_EXECUTION_DATE=2022-11-20T21:05:00+00:00
AIRFLOW_CTX_DAG_RUN_ID=scheduled__2022-11-20T21:05:00+00:00
[2023-03-01 12:55:00,316] {python.py:118} INFO - Done. Returned value was: None
[2023-03-01 12:55:00,544] {taskinstance.py:1192} INFO - Marking task as SUCCESS. dag_id=with_python_operator, task_id=get_age, execution_date=20221120T210500, start_date=20230301T125458, end_date=20230301T125500
[2023-03-01 12:55:01,593] {taskinstance.py:1246} INFO - 0 downstream tasks scheduled from follow-on schedule check
[2023-03-01 12:55:01,810] {local_task_job.py:146} INFO - Task exited with return code 0
