[2023-03-01 13:03:41,649] {taskinstance.py:877} INFO - Dependencies all met for <TaskInstance: with_python_operator.greet 2022-12-01T06:05:00+00:00 [queued]>
[2023-03-01 13:03:41,766] {taskinstance.py:877} INFO - Dependencies all met for <TaskInstance: with_python_operator.greet 2022-12-01T06:05:00+00:00 [queued]>
[2023-03-01 13:03:41,783] {taskinstance.py:1068} INFO - 
--------------------------------------------------------------------------------
[2023-03-01 13:03:41,792] {taskinstance.py:1069} INFO - Starting attempt 1 of 2
[2023-03-01 13:03:41,798] {taskinstance.py:1070} INFO - 
--------------------------------------------------------------------------------
[2023-03-01 13:03:41,946] {taskinstance.py:1089} INFO - Executing <Task(PythonOperator): greet> on 2022-12-01T06:05:00+00:00
[2023-03-01 13:03:41,961] {standard_task_runner.py:52} INFO - Started process 18449 to run task
[2023-03-01 13:03:41,987] {standard_task_runner.py:76} INFO - Running: ['airflow', 'tasks', 'run', 'with_python_operator', 'greet', '2022-12-01T06:05:00+00:00', '--job-id', '4401', '--pool', 'default_pool', '--raw', '--subdir', 'DAGS_FOLDER/02_python_operator.py', '--cfg-path', '/tmp/tmp19vzq70l', '--error-file', '/tmp/tmp4fz7k2q_']
[2023-03-01 13:03:41,988] {standard_task_runner.py:77} INFO - Job 4401: Subtask greet
[2023-03-01 13:03:42,242] {logging_mixin.py:104} INFO - Running <TaskInstance: with_python_operator.greet 2022-12-01T06:05:00+00:00 [running]> on host abe4c4997ef7
[2023-03-01 13:03:42,540] {taskinstance.py:1283} INFO - Exporting the following env vars:
AIRFLOW_CTX_DAG_OWNER=dataheroes
AIRFLOW_CTX_DAG_ID=with_python_operator
AIRFLOW_CTX_TASK_ID=greet
AIRFLOW_CTX_EXECUTION_DATE=2022-12-01T06:05:00+00:00
AIRFLOW_CTX_DAG_RUN_ID=scheduled__2022-12-01T06:05:00+00:00
[2023-03-01 13:03:42,544] {logging_mixin.py:104} INFO - some dict:  {'a': 1, 'b': 2}
[2023-03-01 13:03:42,664] {logging_mixin.py:104} INFO - Hello World! My name is Reza Primasatya, and I am 17 years old!
[2023-03-01 13:03:42,665] {python.py:118} INFO - Done. Returned value was: None
[2023-03-01 13:03:42,748] {taskinstance.py:1192} INFO - Marking task as SUCCESS. dag_id=with_python_operator, task_id=greet, execution_date=20221201T060500, start_date=20230301T130341, end_date=20230301T130342
[2023-03-01 13:03:43,084] {taskinstance.py:1246} INFO - 0 downstream tasks scheduled from follow-on schedule check
[2023-03-01 13:03:43,287] {local_task_job.py:146} INFO - Task exited with return code 0
