[2023-03-01 13:14:06,822] {taskinstance.py:877} INFO - Dependencies all met for <TaskInstance: with_python_operator.greet 2022-12-13T08:05:00+00:00 [queued]>
[2023-03-01 13:14:07,061] {taskinstance.py:877} INFO - Dependencies all met for <TaskInstance: with_python_operator.greet 2022-12-13T08:05:00+00:00 [queued]>
[2023-03-01 13:14:07,064] {taskinstance.py:1068} INFO - 
--------------------------------------------------------------------------------
[2023-03-01 13:14:07,077] {taskinstance.py:1069} INFO - Starting attempt 1 of 2
[2023-03-01 13:14:07,078] {taskinstance.py:1070} INFO - 
--------------------------------------------------------------------------------
[2023-03-01 13:14:07,214] {taskinstance.py:1089} INFO - Executing <Task(PythonOperator): greet> on 2022-12-13T08:05:00+00:00
[2023-03-01 13:14:07,235] {standard_task_runner.py:52} INFO - Started process 21881 to run task
[2023-03-01 13:14:07,291] {standard_task_runner.py:76} INFO - Running: ['airflow', 'tasks', 'run', 'with_python_operator', 'greet', '2022-12-13T08:05:00+00:00', '--job-id', '5260', '--pool', 'default_pool', '--raw', '--subdir', 'DAGS_FOLDER/02_python_operator.py', '--cfg-path', '/tmp/tmpw95moyxp', '--error-file', '/tmp/tmpa9ls1gcv']
[2023-03-01 13:14:07,299] {standard_task_runner.py:77} INFO - Job 5260: Subtask greet
[2023-03-01 13:14:07,700] {logging_mixin.py:104} INFO - Running <TaskInstance: with_python_operator.greet 2022-12-13T08:05:00+00:00 [running]> on host abe4c4997ef7
[2023-03-01 13:14:08,436] {taskinstance.py:1283} INFO - Exporting the following env vars:
AIRFLOW_CTX_DAG_OWNER=dataheroes
AIRFLOW_CTX_DAG_ID=with_python_operator
AIRFLOW_CTX_TASK_ID=greet
AIRFLOW_CTX_EXECUTION_DATE=2022-12-13T08:05:00+00:00
AIRFLOW_CTX_DAG_RUN_ID=scheduled__2022-12-13T08:05:00+00:00
[2023-03-01 13:14:08,445] {logging_mixin.py:104} INFO - some dict:  {'a': 1, 'b': 2}
[2023-03-01 13:14:08,599] {logging_mixin.py:104} INFO - Hello World! My name is Reza Primasatya, and I am 17 years old!
[2023-03-01 13:14:08,600] {python.py:118} INFO - Done. Returned value was: None
[2023-03-01 13:14:08,649] {taskinstance.py:1192} INFO - Marking task as SUCCESS. dag_id=with_python_operator, task_id=greet, execution_date=20221213T080500, start_date=20230301T131406, end_date=20230301T131408
[2023-03-01 13:14:09,073] {taskinstance.py:1246} INFO - 0 downstream tasks scheduled from follow-on schedule check
[2023-03-01 13:14:09,181] {local_task_job.py:146} INFO - Task exited with return code 0
