[2023-03-01 12:48:50,149] {taskinstance.py:877} INFO - Dependencies all met for <TaskInstance: with_python_operator.get_age 2022-11-14T02:05:00+00:00 [queued]>
[2023-03-01 12:48:50,290] {taskinstance.py:877} INFO - Dependencies all met for <TaskInstance: with_python_operator.get_age 2022-11-14T02:05:00+00:00 [queued]>
[2023-03-01 12:48:50,292] {taskinstance.py:1068} INFO - 
--------------------------------------------------------------------------------
[2023-03-01 12:48:50,294] {taskinstance.py:1069} INFO - Starting attempt 1 of 2
[2023-03-01 12:48:50,295] {taskinstance.py:1070} INFO - 
--------------------------------------------------------------------------------
[2023-03-01 12:48:50,490] {taskinstance.py:1089} INFO - Executing <Task(PythonOperator): get_age> on 2022-11-14T02:05:00+00:00
[2023-03-01 12:48:50,521] {standard_task_runner.py:52} INFO - Started process 13355 to run task
[2023-03-01 12:48:50,603] {standard_task_runner.py:76} INFO - Running: ['airflow', 'tasks', 'run', 'with_python_operator', 'get_age', '2022-11-14T02:05:00+00:00', '--job-id', '3131', '--pool', 'default_pool', '--raw', '--subdir', 'DAGS_FOLDER/02_python_operator.py', '--cfg-path', '/tmp/tmp4q8kolor', '--error-file', '/tmp/tmp4uuqoasu']
[2023-03-01 12:48:50,622] {standard_task_runner.py:77} INFO - Job 3131: Subtask get_age
[2023-03-01 12:48:51,438] {logging_mixin.py:104} INFO - Running <TaskInstance: with_python_operator.get_age 2022-11-14T02:05:00+00:00 [running]> on host abe4c4997ef7
[2023-03-01 12:48:51,963] {taskinstance.py:1283} INFO - Exporting the following env vars:
AIRFLOW_CTX_DAG_OWNER=dataheroes
AIRFLOW_CTX_DAG_ID=with_python_operator
AIRFLOW_CTX_TASK_ID=get_age
AIRFLOW_CTX_EXECUTION_DATE=2022-11-14T02:05:00+00:00
AIRFLOW_CTX_DAG_RUN_ID=scheduled__2022-11-14T02:05:00+00:00
[2023-03-01 12:48:52,066] {python.py:118} INFO - Done. Returned value was: None
[2023-03-01 12:48:52,177] {taskinstance.py:1192} INFO - Marking task as SUCCESS. dag_id=with_python_operator, task_id=get_age, execution_date=20221114T020500, start_date=20230301T124850, end_date=20230301T124852
[2023-03-01 12:48:52,434] {taskinstance.py:1246} INFO - 1 downstream tasks scheduled from follow-on schedule check
[2023-03-01 12:48:52,579] {local_task_job.py:146} INFO - Task exited with return code 0
