[2023-03-01 12:32:20,706] {taskinstance.py:877} INFO - Dependencies all met for <TaskInstance: with_python_operator.get_age 2022-10-26T15:05:00+00:00 [queued]>
[2023-03-01 12:32:20,863] {taskinstance.py:877} INFO - Dependencies all met for <TaskInstance: with_python_operator.get_age 2022-10-26T15:05:00+00:00 [queued]>
[2023-03-01 12:32:20,871] {taskinstance.py:1068} INFO - 
--------------------------------------------------------------------------------
[2023-03-01 12:32:20,872] {taskinstance.py:1069} INFO - Starting attempt 1 of 2
[2023-03-01 12:32:20,876] {taskinstance.py:1070} INFO - 
--------------------------------------------------------------------------------
[2023-03-01 12:32:21,045] {taskinstance.py:1089} INFO - Executing <Task(PythonOperator): get_age> on 2022-10-26T15:05:00+00:00
[2023-03-01 12:32:21,078] {standard_task_runner.py:52} INFO - Started process 8029 to run task
[2023-03-01 12:32:21,144] {standard_task_runner.py:76} INFO - Running: ['airflow', 'tasks', 'run', 'with_python_operator', 'get_age', '2022-10-26T15:05:00+00:00', '--job-id', '1799', '--pool', 'default_pool', '--raw', '--subdir', 'DAGS_FOLDER/02_python_operator.py', '--cfg-path', '/tmp/tmpfbb00z6u', '--error-file', '/tmp/tmpw9ubs0vj']
[2023-03-01 12:32:21,158] {standard_task_runner.py:77} INFO - Job 1799: Subtask get_age
[2023-03-01 12:32:21,815] {logging_mixin.py:104} INFO - Running <TaskInstance: with_python_operator.get_age 2022-10-26T15:05:00+00:00 [running]> on host abe4c4997ef7
[2023-03-01 12:32:22,337] {taskinstance.py:1283} INFO - Exporting the following env vars:
AIRFLOW_CTX_DAG_OWNER=dataheroes
AIRFLOW_CTX_DAG_ID=with_python_operator
AIRFLOW_CTX_TASK_ID=get_age
AIRFLOW_CTX_EXECUTION_DATE=2022-10-26T15:05:00+00:00
AIRFLOW_CTX_DAG_RUN_ID=scheduled__2022-10-26T15:05:00+00:00
[2023-03-01 12:32:22,440] {python.py:118} INFO - Done. Returned value was: None
[2023-03-01 12:32:22,540] {taskinstance.py:1192} INFO - Marking task as SUCCESS. dag_id=with_python_operator, task_id=get_age, execution_date=20221026T150500, start_date=20230301T123220, end_date=20230301T123222
[2023-03-01 12:32:22,801] {taskinstance.py:1246} INFO - 0 downstream tasks scheduled from follow-on schedule check
[2023-03-01 12:32:22,859] {local_task_job.py:146} INFO - Task exited with return code 0
