[2023-03-01 13:01:27,571] {taskinstance.py:877} INFO - Dependencies all met for <TaskInstance: with_python_operator.get_age 2022-11-28T16:05:00+00:00 [queued]>
[2023-03-01 13:01:27,779] {taskinstance.py:877} INFO - Dependencies all met for <TaskInstance: with_python_operator.get_age 2022-11-28T16:05:00+00:00 [queued]>
[2023-03-01 13:01:27,783] {taskinstance.py:1068} INFO - 
--------------------------------------------------------------------------------
[2023-03-01 13:01:27,785] {taskinstance.py:1069} INFO - Starting attempt 1 of 2
[2023-03-01 13:01:27,786] {taskinstance.py:1070} INFO - 
--------------------------------------------------------------------------------
[2023-03-01 13:01:27,964] {taskinstance.py:1089} INFO - Executing <Task(PythonOperator): get_age> on 2022-11-28T16:05:00+00:00
[2023-03-01 13:01:27,994] {standard_task_runner.py:52} INFO - Started process 17560 to run task
[2023-03-01 13:01:28,072] {standard_task_runner.py:76} INFO - Running: ['airflow', 'tasks', 'run', 'with_python_operator', 'get_age', '2022-11-28T16:05:00+00:00', '--job-id', '4179', '--pool', 'default_pool', '--raw', '--subdir', 'DAGS_FOLDER/02_python_operator.py', '--cfg-path', '/tmp/tmpr2nczl18', '--error-file', '/tmp/tmp70mbqjhm']
[2023-03-01 13:01:28,079] {standard_task_runner.py:77} INFO - Job 4179: Subtask get_age
[2023-03-01 13:01:28,625] {logging_mixin.py:104} INFO - Running <TaskInstance: with_python_operator.get_age 2022-11-28T16:05:00+00:00 [running]> on host abe4c4997ef7
[2023-03-01 13:01:29,013] {taskinstance.py:1283} INFO - Exporting the following env vars:
AIRFLOW_CTX_DAG_OWNER=dataheroes
AIRFLOW_CTX_DAG_ID=with_python_operator
AIRFLOW_CTX_TASK_ID=get_age
AIRFLOW_CTX_EXECUTION_DATE=2022-11-28T16:05:00+00:00
AIRFLOW_CTX_DAG_RUN_ID=scheduled__2022-11-28T16:05:00+00:00
[2023-03-01 13:01:29,197] {python.py:118} INFO - Done. Returned value was: None
[2023-03-01 13:01:29,285] {taskinstance.py:1192} INFO - Marking task as SUCCESS. dag_id=with_python_operator, task_id=get_age, execution_date=20221128T160500, start_date=20230301T130127, end_date=20230301T130129
[2023-03-01 13:01:29,610] {taskinstance.py:1246} INFO - 1 downstream tasks scheduled from follow-on schedule check
[2023-03-01 13:01:29,698] {local_task_job.py:146} INFO - Task exited with return code 0
