[2023-03-01 12:32:00,224] {taskinstance.py:877} INFO - Dependencies all met for <TaskInstance: with_python_operator.get_age 2022-10-26T02:05:00+00:00 [queued]>
[2023-03-01 12:32:00,478] {taskinstance.py:877} INFO - Dependencies all met for <TaskInstance: with_python_operator.get_age 2022-10-26T02:05:00+00:00 [queued]>
[2023-03-01 12:32:00,487] {taskinstance.py:1068} INFO - 
--------------------------------------------------------------------------------
[2023-03-01 12:32:00,488] {taskinstance.py:1069} INFO - Starting attempt 1 of 2
[2023-03-01 12:32:00,493] {taskinstance.py:1070} INFO - 
--------------------------------------------------------------------------------
[2023-03-01 12:32:00,581] {taskinstance.py:1089} INFO - Executing <Task(PythonOperator): get_age> on 2022-10-26T02:05:00+00:00
[2023-03-01 12:32:00,600] {standard_task_runner.py:52} INFO - Started process 7891 to run task
[2023-03-01 12:32:00,693] {standard_task_runner.py:76} INFO - Running: ['airflow', 'tasks', 'run', 'with_python_operator', 'get_age', '2022-10-26T02:05:00+00:00', '--job-id', '1765', '--pool', 'default_pool', '--raw', '--subdir', 'DAGS_FOLDER/02_python_operator.py', '--cfg-path', '/tmp/tmp8kpyzvw6', '--error-file', '/tmp/tmp18whfgg9']
[2023-03-01 12:32:00,697] {standard_task_runner.py:77} INFO - Job 1765: Subtask get_age
[2023-03-01 12:32:01,134] {logging_mixin.py:104} INFO - Running <TaskInstance: with_python_operator.get_age 2022-10-26T02:05:00+00:00 [running]> on host abe4c4997ef7
[2023-03-01 12:32:01,568] {taskinstance.py:1283} INFO - Exporting the following env vars:
AIRFLOW_CTX_DAG_OWNER=dataheroes
AIRFLOW_CTX_DAG_ID=with_python_operator
AIRFLOW_CTX_TASK_ID=get_age
AIRFLOW_CTX_EXECUTION_DATE=2022-10-26T02:05:00+00:00
AIRFLOW_CTX_DAG_RUN_ID=scheduled__2022-10-26T02:05:00+00:00
[2023-03-01 12:32:01,717] {python.py:118} INFO - Done. Returned value was: None
[2023-03-01 12:32:01,833] {taskinstance.py:1192} INFO - Marking task as SUCCESS. dag_id=with_python_operator, task_id=get_age, execution_date=20221026T020500, start_date=20230301T123200, end_date=20230301T123201
[2023-03-01 12:32:02,326] {taskinstance.py:1246} INFO - 1 downstream tasks scheduled from follow-on schedule check
[2023-03-01 12:32:02,391] {local_task_job.py:146} INFO - Task exited with return code 0
