[2023-03-01 13:08:11,288] {taskinstance.py:877} INFO - Dependencies all met for <TaskInstance: with_python_operator.greet 2022-12-06T15:05:00+00:00 [queued]>
[2023-03-01 13:08:11,571] {taskinstance.py:877} INFO - Dependencies all met for <TaskInstance: with_python_operator.greet 2022-12-06T15:05:00+00:00 [queued]>
[2023-03-01 13:08:11,576] {taskinstance.py:1068} INFO - 
--------------------------------------------------------------------------------
[2023-03-01 13:08:11,585] {taskinstance.py:1069} INFO - Starting attempt 1 of 2
[2023-03-01 13:08:11,606] {taskinstance.py:1070} INFO - 
--------------------------------------------------------------------------------
[2023-03-01 13:08:11,674] {taskinstance.py:1089} INFO - Executing <Task(PythonOperator): greet> on 2022-12-06T15:05:00+00:00
[2023-03-01 13:08:11,714] {standard_task_runner.py:52} INFO - Started process 19943 to run task
[2023-03-01 13:08:11,786] {standard_task_runner.py:76} INFO - Running: ['airflow', 'tasks', 'run', 'with_python_operator', 'greet', '2022-12-06T15:05:00+00:00', '--job-id', '4774', '--pool', 'default_pool', '--raw', '--subdir', 'DAGS_FOLDER/02_python_operator.py', '--cfg-path', '/tmp/tmpst087vha', '--error-file', '/tmp/tmpkduaoaam']
[2023-03-01 13:08:11,830] {standard_task_runner.py:77} INFO - Job 4774: Subtask greet
[2023-03-01 13:08:12,439] {logging_mixin.py:104} INFO - Running <TaskInstance: with_python_operator.greet 2022-12-06T15:05:00+00:00 [running]> on host abe4c4997ef7
[2023-03-01 13:08:13,075] {taskinstance.py:1283} INFO - Exporting the following env vars:
AIRFLOW_CTX_DAG_OWNER=dataheroes
AIRFLOW_CTX_DAG_ID=with_python_operator
AIRFLOW_CTX_TASK_ID=greet
AIRFLOW_CTX_EXECUTION_DATE=2022-12-06T15:05:00+00:00
AIRFLOW_CTX_DAG_RUN_ID=scheduled__2022-12-06T15:05:00+00:00
[2023-03-01 13:08:13,080] {logging_mixin.py:104} INFO - some dict:  {'a': 1, 'b': 2}
[2023-03-01 13:08:13,253] {logging_mixin.py:104} INFO - Hello World! My name is Reza Primasatya, and I am 17 years old!
[2023-03-01 13:08:13,261] {python.py:118} INFO - Done. Returned value was: None
[2023-03-01 13:08:13,413] {taskinstance.py:1192} INFO - Marking task as SUCCESS. dag_id=with_python_operator, task_id=greet, execution_date=20221206T150500, start_date=20230301T130811, end_date=20230301T130813
[2023-03-01 13:08:13,794] {taskinstance.py:1246} INFO - 0 downstream tasks scheduled from follow-on schedule check
[2023-03-01 13:08:13,909] {local_task_job.py:146} INFO - Task exited with return code 0
