[2023-03-01 15:30:41,628] {taskinstance.py:877} INFO - Dependencies all met for <TaskInstance: upload_to_gcs.upload_file 2023-03-01T15:18:31.057183+00:00 [queued]>
[2023-03-01 15:30:41,672] {taskinstance.py:877} INFO - Dependencies all met for <TaskInstance: upload_to_gcs.upload_file 2023-03-01T15:18:31.057183+00:00 [queued]>
[2023-03-01 15:30:41,674] {taskinstance.py:1068} INFO - 
--------------------------------------------------------------------------------
[2023-03-01 15:30:41,675] {taskinstance.py:1069} INFO - Starting attempt 6 of 6
[2023-03-01 15:30:41,676] {taskinstance.py:1070} INFO - 
--------------------------------------------------------------------------------
[2023-03-01 15:30:41,718] {taskinstance.py:1089} INFO - Executing <Task(PythonOperator): upload_file> on 2023-03-01T15:18:31.057183+00:00
[2023-03-01 15:30:41,725] {standard_task_runner.py:52} INFO - Started process 116 to run task
[2023-03-01 15:30:41,737] {standard_task_runner.py:76} INFO - Running: ['airflow', 'tasks', 'run', 'upload_to_gcs', 'upload_file', '2023-03-01T15:18:31.057183+00:00', '--job-id', '5609', '--pool', 'default_pool', '--raw', '--subdir', 'DAGS_FOLDER/07_gcp.py', '--cfg-path', '/tmp/tmpx249hsbs', '--error-file', '/tmp/tmp3jhh4ooe']
[2023-03-01 15:30:41,744] {standard_task_runner.py:77} INFO - Job 5609: Subtask upload_file
[2023-03-01 15:30:41,915] {logging_mixin.py:104} INFO - Running <TaskInstance: upload_to_gcs.upload_file 2023-03-01T15:18:31.057183+00:00 [running]> on host c1556e8405ac
[2023-03-01 15:30:42,018] {taskinstance.py:1283} INFO - Exporting the following env vars:
AIRFLOW_CTX_DAG_OWNER=airflow
AIRFLOW_CTX_DAG_ID=upload_to_gcs
AIRFLOW_CTX_TASK_ID=upload_file
AIRFLOW_CTX_EXECUTION_DATE=2023-03-01T15:18:31.057183+00:00
AIRFLOW_CTX_DAG_RUN_ID=manual__2023-03-01T15:18:31.057183+00:00
[2023-03-01 15:30:42,057] {logging_mixin.py:104} WARNING - /home/airflow/.local/lib/python3.6/site-packages/airflow/contrib/hooks/gcs_hook.py:39 DeprecationWarning: The google_cloud_storage_conn_id parameter has been deprecated. You should pass the gcp_conn_id parameter.
[2023-03-01 15:30:42,168] {taskinstance.py:1482} ERROR - Task failed with exception
Traceback (most recent call last):
  File "/home/airflow/.local/lib/python3.6/site-packages/airflow/models/taskinstance.py", line 1138, in _run_raw_task
    self._prepare_and_execute_task_with_callbacks(context, task)
  File "/home/airflow/.local/lib/python3.6/site-packages/airflow/models/taskinstance.py", line 1311, in _prepare_and_execute_task_with_callbacks
    result = self._execute_task(context, task_copy)
  File "/home/airflow/.local/lib/python3.6/site-packages/airflow/models/taskinstance.py", line 1341, in _execute_task
    result = task_copy.execute(context=context)
  File "/home/airflow/.local/lib/python3.6/site-packages/airflow/operators/python.py", line 117, in execute
    return_value = self.execute_callable()
  File "/home/airflow/.local/lib/python3.6/site-packages/airflow/operators/python.py", line 128, in execute_callable
    return self.python_callable(*self.op_args, **self.op_kwargs)
  File "/opt/airflow/dags/07_gcp.py", line 15, in upload_file_to_gcs
    hook.upload(bucket_name, file_name, "/usr/local/airflow/dags/rezaprimasatya.txt")
  File "/home/airflow/.local/lib/python3.6/site-packages/airflow/providers/google/cloud/hooks/gcs.py", line 480, in upload
    partial(blob.upload_from_filename, filename=filename, content_type=mime_type, timeout=timeout)
  File "/home/airflow/.local/lib/python3.6/site-packages/airflow/providers/google/cloud/hooks/gcs.py", line 441, in _call_with_retry
    f()
  File "/home/airflow/.local/lib/python3.6/site-packages/google/cloud/storage/blob.py", line 2478, in upload_from_filename
    with open(filename, "rb") as file_obj:
FileNotFoundError: [Errno 2] No such file or directory: '/usr/local/airflow/dags/rezaprimasatya.txt'
[2023-03-01 15:30:42,186] {taskinstance.py:1532} INFO - Marking task as FAILED. dag_id=upload_to_gcs, task_id=upload_file, execution_date=20230301T151831, start_date=20230301T153041, end_date=20230301T153042
[2023-03-01 15:30:42,282] {local_task_job.py:146} INFO - Task exited with return code 1
