[2023-03-01 15:31:30,125] {taskinstance.py:877} INFO - Dependencies all met for <TaskInstance: upload_to_gcs.upload_file 2023-03-01T15:18:31.057183+00:00 [queued]>
[2023-03-01 15:31:30,170] {taskinstance.py:877} INFO - Dependencies all met for <TaskInstance: upload_to_gcs.upload_file 2023-03-01T15:18:31.057183+00:00 [queued]>
[2023-03-01 15:31:30,172] {taskinstance.py:1068} INFO - 
--------------------------------------------------------------------------------
[2023-03-01 15:31:30,173] {taskinstance.py:1069} INFO - Starting attempt 7 of 7
[2023-03-01 15:31:30,174] {taskinstance.py:1070} INFO - 
--------------------------------------------------------------------------------
[2023-03-01 15:31:30,213] {taskinstance.py:1089} INFO - Executing <Task(PythonOperator): upload_file> on 2023-03-01T15:18:31.057183+00:00
[2023-03-01 15:31:30,221] {standard_task_runner.py:52} INFO - Started process 120 to run task
[2023-03-01 15:31:30,233] {standard_task_runner.py:76} INFO - Running: ['airflow', 'tasks', 'run', 'upload_to_gcs', 'upload_file', '2023-03-01T15:18:31.057183+00:00', '--job-id', '5610', '--pool', 'default_pool', '--raw', '--subdir', 'DAGS_FOLDER/07_gcp.py', '--cfg-path', '/tmp/tmpm4ih2ikz', '--error-file', '/tmp/tmp2qcv30k7']
[2023-03-01 15:31:30,240] {standard_task_runner.py:77} INFO - Job 5610: Subtask upload_file
[2023-03-01 15:31:30,340] {logging_mixin.py:104} INFO - Running <TaskInstance: upload_to_gcs.upload_file 2023-03-01T15:18:31.057183+00:00 [running]> on host c1556e8405ac
[2023-03-01 15:31:30,425] {taskinstance.py:1283} INFO - Exporting the following env vars:
AIRFLOW_CTX_DAG_OWNER=airflow
AIRFLOW_CTX_DAG_ID=upload_to_gcs
AIRFLOW_CTX_TASK_ID=upload_file
AIRFLOW_CTX_EXECUTION_DATE=2023-03-01T15:18:31.057183+00:00
AIRFLOW_CTX_DAG_RUN_ID=manual__2023-03-01T15:18:31.057183+00:00
[2023-03-01 15:31:30,463] {logging_mixin.py:104} WARNING - /home/airflow/.local/lib/python3.6/site-packages/airflow/contrib/hooks/gcs_hook.py:39 DeprecationWarning: The google_cloud_storage_conn_id parameter has been deprecated. You should pass the gcp_conn_id parameter.
[2023-03-01 15:31:31,479] {gcs.py:485} INFO - File ./dags/rezaprimasatya.txt uploaded to example_file_2023-03-01T15:31:30.431935.txt in fellowship9 bucket
[2023-03-01 15:31:31,482] {logging_mixin.py:104} INFO - File uploaded to GCS bucket fellowship9 with filename example_file_2023-03-01T15:31:30.431935.txt
[2023-03-01 15:31:31,483] {python.py:118} INFO - Done. Returned value was: None
[2023-03-01 15:31:31,530] {taskinstance.py:1192} INFO - Marking task as SUCCESS. dag_id=upload_to_gcs, task_id=upload_file, execution_date=20230301T151831, start_date=20230301T153130, end_date=20230301T153131
[2023-03-01 15:31:31,592] {taskinstance.py:1246} INFO - 0 downstream tasks scheduled from follow-on schedule check
[2023-03-01 15:31:31,650] {local_task_job.py:146} INFO - Task exited with return code 0
