[2023-03-01 12:58:14,313] {taskinstance.py:877} INFO - Dependencies all met for <TaskInstance: with_python_operator.get_age 2022-11-25T00:05:00+00:00 [queued]>
[2023-03-01 12:58:14,557] {taskinstance.py:877} INFO - Dependencies all met for <TaskInstance: with_python_operator.get_age 2022-11-25T00:05:00+00:00 [queued]>
[2023-03-01 12:58:14,562] {taskinstance.py:1068} INFO - 
--------------------------------------------------------------------------------
[2023-03-01 12:58:14,572] {taskinstance.py:1069} INFO - Starting attempt 1 of 2
[2023-03-01 12:58:14,595] {taskinstance.py:1070} INFO - 
--------------------------------------------------------------------------------
[2023-03-01 12:58:14,863] {taskinstance.py:1089} INFO - Executing <Task(PythonOperator): get_age> on 2022-11-25T00:05:00+00:00
[2023-03-01 12:58:14,982] {standard_task_runner.py:76} INFO - Running: ['airflow', 'tasks', 'run', 'with_python_operator', 'get_age', '2022-11-25T00:05:00+00:00', '--job-id', '3914', '--pool', 'default_pool', '--raw', '--subdir', 'DAGS_FOLDER/02_python_operator.py', '--cfg-path', '/tmp/tmpp75eqjz_', '--error-file', '/tmp/tmp4rut1328']
[2023-03-01 12:58:15,000] {standard_task_runner.py:77} INFO - Job 3914: Subtask get_age
[2023-03-01 12:58:14,902] {standard_task_runner.py:52} INFO - Started process 16493 to run task
[2023-03-01 12:58:15,736] {logging_mixin.py:104} INFO - Running <TaskInstance: with_python_operator.get_age 2022-11-25T00:05:00+00:00 [running]> on host abe4c4997ef7
[2023-03-01 12:58:16,693] {taskinstance.py:1283} INFO - Exporting the following env vars:
AIRFLOW_CTX_DAG_OWNER=dataheroes
AIRFLOW_CTX_DAG_ID=with_python_operator
AIRFLOW_CTX_TASK_ID=get_age
AIRFLOW_CTX_EXECUTION_DATE=2022-11-25T00:05:00+00:00
AIRFLOW_CTX_DAG_RUN_ID=scheduled__2022-11-25T00:05:00+00:00
[2023-03-01 12:58:16,839] {python.py:118} INFO - Done. Returned value was: None
[2023-03-01 12:58:17,026] {taskinstance.py:1192} INFO - Marking task as SUCCESS. dag_id=with_python_operator, task_id=get_age, execution_date=20221125T000500, start_date=20230301T125814, end_date=20230301T125817
[2023-03-01 12:58:17,925] {taskinstance.py:1246} INFO - 0 downstream tasks scheduled from follow-on schedule check
[2023-03-01 12:58:18,084] {local_task_job.py:146} INFO - Task exited with return code 0
