[2023-03-01 12:40:29,896] {taskinstance.py:877} INFO - Dependencies all met for <TaskInstance: with_python_operator.get_age 2022-11-04T20:05:00+00:00 [queued]>
[2023-03-01 12:40:30,131] {taskinstance.py:877} INFO - Dependencies all met for <TaskInstance: with_python_operator.get_age 2022-11-04T20:05:00+00:00 [queued]>
[2023-03-01 12:40:30,141] {taskinstance.py:1068} INFO - 
--------------------------------------------------------------------------------
[2023-03-01 12:40:30,146] {taskinstance.py:1069} INFO - Starting attempt 1 of 2
[2023-03-01 12:40:30,157] {taskinstance.py:1070} INFO - 
--------------------------------------------------------------------------------
[2023-03-01 12:40:30,301] {taskinstance.py:1089} INFO - Executing <Task(PythonOperator): get_age> on 2022-11-04T20:05:00+00:00
[2023-03-01 12:40:30,363] {standard_task_runner.py:52} INFO - Started process 10689 to run task
[2023-03-01 12:40:30,441] {standard_task_runner.py:76} INFO - Running: ['airflow', 'tasks', 'run', 'with_python_operator', 'get_age', '2022-11-04T20:05:00+00:00', '--job-id', '2464', '--pool', 'default_pool', '--raw', '--subdir', 'DAGS_FOLDER/02_python_operator.py', '--cfg-path', '/tmp/tmp_b0p7fp6', '--error-file', '/tmp/tmp97cdursb']
[2023-03-01 12:40:30,443] {standard_task_runner.py:77} INFO - Job 2464: Subtask get_age
[2023-03-01 12:40:31,100] {logging_mixin.py:104} INFO - Running <TaskInstance: with_python_operator.get_age 2022-11-04T20:05:00+00:00 [running]> on host abe4c4997ef7
[2023-03-01 12:40:31,676] {taskinstance.py:1283} INFO - Exporting the following env vars:
AIRFLOW_CTX_DAG_OWNER=dataheroes
AIRFLOW_CTX_DAG_ID=with_python_operator
AIRFLOW_CTX_TASK_ID=get_age
AIRFLOW_CTX_EXECUTION_DATE=2022-11-04T20:05:00+00:00
AIRFLOW_CTX_DAG_RUN_ID=scheduled__2022-11-04T20:05:00+00:00
[2023-03-01 12:40:31,775] {python.py:118} INFO - Done. Returned value was: None
[2023-03-01 12:40:31,927] {taskinstance.py:1192} INFO - Marking task as SUCCESS. dag_id=with_python_operator, task_id=get_age, execution_date=20221104T200500, start_date=20230301T124029, end_date=20230301T124031
[2023-03-01 12:40:32,360] {taskinstance.py:1246} INFO - 0 downstream tasks scheduled from follow-on schedule check
[2023-03-01 12:40:32,444] {local_task_job.py:146} INFO - Task exited with return code 0
