[2023-03-01 12:19:49,682] {taskinstance.py:877} INFO - Dependencies all met for <TaskInstance: with_python_operator.get_name 2022-10-13T15:05:00+00:00 [queued]>
[2023-03-01 12:19:50,015] {taskinstance.py:877} INFO - Dependencies all met for <TaskInstance: with_python_operator.get_name 2022-10-13T15:05:00+00:00 [queued]>
[2023-03-01 12:19:50,032] {taskinstance.py:1068} INFO - 
--------------------------------------------------------------------------------
[2023-03-01 12:19:50,050] {taskinstance.py:1069} INFO - Starting attempt 1 of 2
[2023-03-01 12:19:50,054] {taskinstance.py:1070} INFO - 
--------------------------------------------------------------------------------
[2023-03-01 12:19:50,216] {taskinstance.py:1089} INFO - Executing <Task(PythonOperator): get_name> on 2022-10-13T15:05:00+00:00
[2023-03-01 12:19:50,236] {standard_task_runner.py:52} INFO - Started process 4293 to run task
[2023-03-01 12:19:50,356] {standard_task_runner.py:76} INFO - Running: ['airflow', 'tasks', 'run', 'with_python_operator', 'get_name', '2022-10-13T15:05:00+00:00', '--job-id', '864', '--pool', 'default_pool', '--raw', '--subdir', 'DAGS_FOLDER/02_python_operator.py', '--cfg-path', '/tmp/tmp1enaqm38', '--error-file', '/tmp/tmp_mvhf71w']
[2023-03-01 12:19:50,361] {standard_task_runner.py:77} INFO - Job 864: Subtask get_name
[2023-03-01 12:19:51,251] {logging_mixin.py:104} INFO - Running <TaskInstance: with_python_operator.get_name 2022-10-13T15:05:00+00:00 [running]> on host abe4c4997ef7
[2023-03-01 12:19:52,034] {taskinstance.py:1283} INFO - Exporting the following env vars:
AIRFLOW_CTX_DAG_OWNER=dataheroes
AIRFLOW_CTX_DAG_ID=with_python_operator
AIRFLOW_CTX_TASK_ID=get_name
AIRFLOW_CTX_EXECUTION_DATE=2022-10-13T15:05:00+00:00
AIRFLOW_CTX_DAG_RUN_ID=scheduled__2022-10-13T15:05:00+00:00
[2023-03-01 12:19:52,170] {python.py:118} INFO - Done. Returned value was: None
[2023-03-01 12:19:52,288] {taskinstance.py:1192} INFO - Marking task as SUCCESS. dag_id=with_python_operator, task_id=get_name, execution_date=20221013T150500, start_date=20230301T121949, end_date=20230301T121952
[2023-03-01 12:19:53,194] {taskinstance.py:1246} INFO - 0 downstream tasks scheduled from follow-on schedule check
[2023-03-01 12:19:53,412] {local_task_job.py:146} INFO - Task exited with return code 0
