[2023-03-01 12:23:38,970] {taskinstance.py:877} INFO - Dependencies all met for <TaskInstance: with_python_operator.get_name 2022-10-17T07:05:00+00:00 [queued]>
[2023-03-01 12:23:39,077] {taskinstance.py:877} INFO - Dependencies all met for <TaskInstance: with_python_operator.get_name 2022-10-17T07:05:00+00:00 [queued]>
[2023-03-01 12:23:39,093] {taskinstance.py:1068} INFO - 
--------------------------------------------------------------------------------
[2023-03-01 12:23:39,094] {taskinstance.py:1069} INFO - Starting attempt 1 of 2
[2023-03-01 12:23:39,098] {taskinstance.py:1070} INFO - 
--------------------------------------------------------------------------------
[2023-03-01 12:23:39,200] {taskinstance.py:1089} INFO - Executing <Task(PythonOperator): get_name> on 2022-10-17T07:05:00+00:00
[2023-03-01 12:23:39,205] {standard_task_runner.py:52} INFO - Started process 5353 to run task
[2023-03-01 12:23:39,264] {standard_task_runner.py:76} INFO - Running: ['airflow', 'tasks', 'run', 'with_python_operator', 'get_name', '2022-10-17T07:05:00+00:00', '--job-id', '1132', '--pool', 'default_pool', '--raw', '--subdir', 'DAGS_FOLDER/02_python_operator.py', '--cfg-path', '/tmp/tmp1z_f206s', '--error-file', '/tmp/tmp_bukl731']
[2023-03-01 12:23:39,269] {standard_task_runner.py:77} INFO - Job 1132: Subtask get_name
[2023-03-01 12:23:39,854] {logging_mixin.py:104} INFO - Running <TaskInstance: with_python_operator.get_name 2022-10-17T07:05:00+00:00 [running]> on host abe4c4997ef7
[2023-03-01 12:23:40,408] {taskinstance.py:1283} INFO - Exporting the following env vars:
AIRFLOW_CTX_DAG_OWNER=dataheroes
AIRFLOW_CTX_DAG_ID=with_python_operator
AIRFLOW_CTX_TASK_ID=get_name
AIRFLOW_CTX_EXECUTION_DATE=2022-10-17T07:05:00+00:00
AIRFLOW_CTX_DAG_RUN_ID=scheduled__2022-10-17T07:05:00+00:00
[2023-03-01 12:23:40,634] {python.py:118} INFO - Done. Returned value was: None
[2023-03-01 12:23:40,808] {taskinstance.py:1192} INFO - Marking task as SUCCESS. dag_id=with_python_operator, task_id=get_name, execution_date=20221017T070500, start_date=20230301T122338, end_date=20230301T122340
[2023-03-01 12:23:41,170] {taskinstance.py:1246} INFO - 1 downstream tasks scheduled from follow-on schedule check
[2023-03-01 12:23:41,262] {local_task_job.py:146} INFO - Task exited with return code 0
