[2023-03-01 12:17:56,702] {taskinstance.py:877} INFO - Dependencies all met for <TaskInstance: with_python_operator.get_name 2022-10-11T15:05:00+00:00 [queued]>
[2023-03-01 12:17:56,964] {taskinstance.py:877} INFO - Dependencies all met for <TaskInstance: with_python_operator.get_name 2022-10-11T15:05:00+00:00 [queued]>
[2023-03-01 12:17:56,966] {taskinstance.py:1068} INFO - 
--------------------------------------------------------------------------------
[2023-03-01 12:17:56,968] {taskinstance.py:1069} INFO - Starting attempt 1 of 2
[2023-03-01 12:17:56,970] {taskinstance.py:1070} INFO - 
--------------------------------------------------------------------------------
[2023-03-01 12:17:57,136] {taskinstance.py:1089} INFO - Executing <Task(PythonOperator): get_name> on 2022-10-11T15:05:00+00:00
[2023-03-01 12:17:57,202] {standard_task_runner.py:76} INFO - Running: ['airflow', 'tasks', 'run', 'with_python_operator', 'get_name', '2022-10-11T15:05:00+00:00', '--job-id', '713', '--pool', 'default_pool', '--raw', '--subdir', 'DAGS_FOLDER/02_python_operator.py', '--cfg-path', '/tmp/tmp3awp91pj', '--error-file', '/tmp/tmpo5m9nd00']
[2023-03-01 12:17:57,206] {standard_task_runner.py:77} INFO - Job 713: Subtask get_name
[2023-03-01 12:17:57,151] {standard_task_runner.py:52} INFO - Started process 3682 to run task
[2023-03-01 12:17:57,820] {logging_mixin.py:104} INFO - Running <TaskInstance: with_python_operator.get_name 2022-10-11T15:05:00+00:00 [running]> on host abe4c4997ef7
[2023-03-01 12:17:58,291] {taskinstance.py:1283} INFO - Exporting the following env vars:
AIRFLOW_CTX_DAG_OWNER=dataheroes
AIRFLOW_CTX_DAG_ID=with_python_operator
AIRFLOW_CTX_TASK_ID=get_name
AIRFLOW_CTX_EXECUTION_DATE=2022-10-11T15:05:00+00:00
AIRFLOW_CTX_DAG_RUN_ID=scheduled__2022-10-11T15:05:00+00:00
[2023-03-01 12:17:58,691] {python.py:118} INFO - Done. Returned value was: None
[2023-03-01 12:17:58,856] {taskinstance.py:1192} INFO - Marking task as SUCCESS. dag_id=with_python_operator, task_id=get_name, execution_date=20221011T150500, start_date=20230301T121756, end_date=20230301T121758
[2023-03-01 12:17:59,247] {taskinstance.py:1246} INFO - 1 downstream tasks scheduled from follow-on schedule check
[2023-03-01 12:17:59,304] {local_task_job.py:146} INFO - Task exited with return code 0
