[2023-03-01 13:03:54,562] {taskinstance.py:877} INFO - Dependencies all met for <TaskInstance: with_python_operator.get_name 2022-12-01T19:05:00+00:00 [queued]>
[2023-03-01 13:03:54,740] {taskinstance.py:877} INFO - Dependencies all met for <TaskInstance: with_python_operator.get_name 2022-12-01T19:05:00+00:00 [queued]>
[2023-03-01 13:03:54,742] {taskinstance.py:1068} INFO - 
--------------------------------------------------------------------------------
[2023-03-01 13:03:54,744] {taskinstance.py:1069} INFO - Starting attempt 1 of 2
[2023-03-01 13:03:54,746] {taskinstance.py:1070} INFO - 
--------------------------------------------------------------------------------
[2023-03-01 13:03:54,838] {taskinstance.py:1089} INFO - Executing <Task(PythonOperator): get_name> on 2022-12-01T19:05:00+00:00
[2023-03-01 13:03:54,851] {standard_task_runner.py:52} INFO - Started process 18504 to run task
[2023-03-01 13:03:54,898] {standard_task_runner.py:76} INFO - Running: ['airflow', 'tasks', 'run', 'with_python_operator', 'get_name', '2022-12-01T19:05:00+00:00', '--job-id', '4415', '--pool', 'default_pool', '--raw', '--subdir', 'DAGS_FOLDER/02_python_operator.py', '--cfg-path', '/tmp/tmpkynl3e8z', '--error-file', '/tmp/tmpnhzzae0r']
[2023-03-01 13:03:54,902] {standard_task_runner.py:77} INFO - Job 4415: Subtask get_name
[2023-03-01 13:03:55,269] {logging_mixin.py:104} INFO - Running <TaskInstance: with_python_operator.get_name 2022-12-01T19:05:00+00:00 [running]> on host abe4c4997ef7
[2023-03-01 13:03:55,521] {taskinstance.py:1283} INFO - Exporting the following env vars:
AIRFLOW_CTX_DAG_OWNER=dataheroes
AIRFLOW_CTX_DAG_ID=with_python_operator
AIRFLOW_CTX_TASK_ID=get_name
AIRFLOW_CTX_EXECUTION_DATE=2022-12-01T19:05:00+00:00
AIRFLOW_CTX_DAG_RUN_ID=scheduled__2022-12-01T19:05:00+00:00
[2023-03-01 13:03:55,679] {python.py:118} INFO - Done. Returned value was: None
[2023-03-01 13:03:55,766] {taskinstance.py:1192} INFO - Marking task as SUCCESS. dag_id=with_python_operator, task_id=get_name, execution_date=20221201T190500, start_date=20230301T130354, end_date=20230301T130355
[2023-03-01 13:03:56,007] {taskinstance.py:1246} INFO - 1 downstream tasks scheduled from follow-on schedule check
[2023-03-01 13:03:56,065] {local_task_job.py:146} INFO - Task exited with return code 0
