[2023-03-01 13:08:35,575] {taskinstance.py:877} INFO - Dependencies all met for <TaskInstance: with_python_operator.get_age 2022-12-07T09:05:00+00:00 [queued]>
[2023-03-01 13:08:35,799] {taskinstance.py:877} INFO - Dependencies all met for <TaskInstance: with_python_operator.get_age 2022-12-07T09:05:00+00:00 [queued]>
[2023-03-01 13:08:35,804] {taskinstance.py:1068} INFO - 
--------------------------------------------------------------------------------
[2023-03-01 13:08:35,807] {taskinstance.py:1069} INFO - Starting attempt 1 of 2
[2023-03-01 13:08:35,808] {taskinstance.py:1070} INFO - 
--------------------------------------------------------------------------------
[2023-03-01 13:08:36,016] {taskinstance.py:1089} INFO - Executing <Task(PythonOperator): get_age> on 2022-12-07T09:05:00+00:00
[2023-03-01 13:08:36,072] {standard_task_runner.py:76} INFO - Running: ['airflow', 'tasks', 'run', 'with_python_operator', 'get_age', '2022-12-07T09:05:00+00:00', '--job-id', '4810', '--pool', 'default_pool', '--raw', '--subdir', 'DAGS_FOLDER/02_python_operator.py', '--cfg-path', '/tmp/tmpgj55ncby', '--error-file', '/tmp/tmpc9ot6qur']
[2023-03-01 13:08:36,090] {standard_task_runner.py:77} INFO - Job 4810: Subtask get_age
[2023-03-01 13:08:36,060] {standard_task_runner.py:52} INFO - Started process 20093 to run task
[2023-03-01 13:08:36,957] {logging_mixin.py:104} INFO - Running <TaskInstance: with_python_operator.get_age 2022-12-07T09:05:00+00:00 [running]> on host abe4c4997ef7
[2023-03-01 13:08:37,665] {taskinstance.py:1283} INFO - Exporting the following env vars:
AIRFLOW_CTX_DAG_OWNER=dataheroes
AIRFLOW_CTX_DAG_ID=with_python_operator
AIRFLOW_CTX_TASK_ID=get_age
AIRFLOW_CTX_EXECUTION_DATE=2022-12-07T09:05:00+00:00
AIRFLOW_CTX_DAG_RUN_ID=scheduled__2022-12-07T09:05:00+00:00
[2023-03-01 13:08:37,799] {python.py:118} INFO - Done. Returned value was: None
[2023-03-01 13:08:37,884] {taskinstance.py:1192} INFO - Marking task as SUCCESS. dag_id=with_python_operator, task_id=get_age, execution_date=20221207T090500, start_date=20230301T130835, end_date=20230301T130837
[2023-03-01 13:08:38,287] {taskinstance.py:1246} INFO - 1 downstream tasks scheduled from follow-on schedule check
[2023-03-01 13:08:38,430] {local_task_job.py:146} INFO - Task exited with return code 0
