[2023-03-01 12:45:27,228] {taskinstance.py:877} INFO - Dependencies all met for <TaskInstance: with_python_operator.get_age 2022-11-10T03:05:00+00:00 [queued]>
[2023-03-01 12:45:27,309] {taskinstance.py:877} INFO - Dependencies all met for <TaskInstance: with_python_operator.get_age 2022-11-10T03:05:00+00:00 [queued]>
[2023-03-01 12:45:27,312] {taskinstance.py:1068} INFO - 
--------------------------------------------------------------------------------
[2023-03-01 12:45:27,314] {taskinstance.py:1069} INFO - Starting attempt 1 of 2
[2023-03-01 12:45:27,315] {taskinstance.py:1070} INFO - 
--------------------------------------------------------------------------------
[2023-03-01 12:45:27,433] {taskinstance.py:1089} INFO - Executing <Task(PythonOperator): get_age> on 2022-11-10T03:05:00+00:00
[2023-03-01 12:45:27,450] {standard_task_runner.py:52} INFO - Started process 12221 to run task
[2023-03-01 12:45:27,490] {standard_task_runner.py:76} INFO - Running: ['airflow', 'tasks', 'run', 'with_python_operator', 'get_age', '2022-11-10T03:05:00+00:00', '--job-id', '2849', '--pool', 'default_pool', '--raw', '--subdir', 'DAGS_FOLDER/02_python_operator.py', '--cfg-path', '/tmp/tmpf47jy1tp', '--error-file', '/tmp/tmpmf8y65tu']
[2023-03-01 12:45:27,492] {standard_task_runner.py:77} INFO - Job 2849: Subtask get_age
[2023-03-01 12:45:27,895] {logging_mixin.py:104} INFO - Running <TaskInstance: with_python_operator.get_age 2022-11-10T03:05:00+00:00 [running]> on host abe4c4997ef7
[2023-03-01 12:45:28,250] {taskinstance.py:1283} INFO - Exporting the following env vars:
AIRFLOW_CTX_DAG_OWNER=dataheroes
AIRFLOW_CTX_DAG_ID=with_python_operator
AIRFLOW_CTX_TASK_ID=get_age
AIRFLOW_CTX_EXECUTION_DATE=2022-11-10T03:05:00+00:00
AIRFLOW_CTX_DAG_RUN_ID=scheduled__2022-11-10T03:05:00+00:00
[2023-03-01 12:45:28,315] {python.py:118} INFO - Done. Returned value was: None
[2023-03-01 12:45:28,367] {taskinstance.py:1192} INFO - Marking task as SUCCESS. dag_id=with_python_operator, task_id=get_age, execution_date=20221110T030500, start_date=20230301T124527, end_date=20230301T124528
[2023-03-01 12:45:28,787] {taskinstance.py:1246} INFO - 0 downstream tasks scheduled from follow-on schedule check
[2023-03-01 12:45:28,880] {local_task_job.py:146} INFO - Task exited with return code 0
