[2023-03-01 12:48:42,188] {taskinstance.py:877} INFO - Dependencies all met for <TaskInstance: with_python_operator.greet 2022-11-13T16:05:00+00:00 [queued]>
[2023-03-01 12:48:42,409] {taskinstance.py:877} INFO - Dependencies all met for <TaskInstance: with_python_operator.greet 2022-11-13T16:05:00+00:00 [queued]>
[2023-03-01 12:48:42,415] {taskinstance.py:1068} INFO - 
--------------------------------------------------------------------------------
[2023-03-01 12:48:42,417] {taskinstance.py:1069} INFO - Starting attempt 1 of 2
[2023-03-01 12:48:42,418] {taskinstance.py:1070} INFO - 
--------------------------------------------------------------------------------
[2023-03-01 12:48:42,546] {taskinstance.py:1089} INFO - Executing <Task(PythonOperator): greet> on 2022-11-13T16:05:00+00:00
[2023-03-01 12:48:42,580] {standard_task_runner.py:52} INFO - Started process 13297 to run task
[2023-03-01 12:48:42,653] {standard_task_runner.py:76} INFO - Running: ['airflow', 'tasks', 'run', 'with_python_operator', 'greet', '2022-11-13T16:05:00+00:00', '--job-id', '3116', '--pool', 'default_pool', '--raw', '--subdir', 'DAGS_FOLDER/02_python_operator.py', '--cfg-path', '/tmp/tmp9qtz0wyi', '--error-file', '/tmp/tmpnf559k9p']
[2023-03-01 12:48:42,663] {standard_task_runner.py:77} INFO - Job 3116: Subtask greet
[2023-03-01 12:48:43,330] {logging_mixin.py:104} INFO - Running <TaskInstance: with_python_operator.greet 2022-11-13T16:05:00+00:00 [running]> on host abe4c4997ef7
[2023-03-01 12:48:43,692] {taskinstance.py:1283} INFO - Exporting the following env vars:
AIRFLOW_CTX_DAG_OWNER=dataheroes
AIRFLOW_CTX_DAG_ID=with_python_operator
AIRFLOW_CTX_TASK_ID=greet
AIRFLOW_CTX_EXECUTION_DATE=2022-11-13T16:05:00+00:00
AIRFLOW_CTX_DAG_RUN_ID=scheduled__2022-11-13T16:05:00+00:00
[2023-03-01 12:48:43,698] {logging_mixin.py:104} INFO - some dict:  {'a': 1, 'b': 2}
[2023-03-01 12:48:43,793] {logging_mixin.py:104} INFO - Hello World! My name is Reza Primasatya, and I am 17 years old!
[2023-03-01 12:48:43,795] {python.py:118} INFO - Done. Returned value was: None
[2023-03-01 12:48:43,907] {taskinstance.py:1192} INFO - Marking task as SUCCESS. dag_id=with_python_operator, task_id=greet, execution_date=20221113T160500, start_date=20230301T124842, end_date=20230301T124843
[2023-03-01 12:48:44,191] {taskinstance.py:1246} INFO - 0 downstream tasks scheduled from follow-on schedule check
[2023-03-01 12:48:44,247] {local_task_job.py:146} INFO - Task exited with return code 0
