[2023-03-01 13:05:49,035] {taskinstance.py:877} INFO - Dependencies all met for <TaskInstance: with_python_operator.greet 2022-12-04T00:05:00+00:00 [queued]>
[2023-03-01 13:05:49,101] {taskinstance.py:877} INFO - Dependencies all met for <TaskInstance: with_python_operator.greet 2022-12-04T00:05:00+00:00 [queued]>
[2023-03-01 13:05:49,108] {taskinstance.py:1068} INFO - 
--------------------------------------------------------------------------------
[2023-03-01 13:05:49,108] {taskinstance.py:1069} INFO - Starting attempt 1 of 2
[2023-03-01 13:05:49,109] {taskinstance.py:1070} INFO - 
--------------------------------------------------------------------------------
[2023-03-01 13:05:49,149] {taskinstance.py:1089} INFO - Executing <Task(PythonOperator): greet> on 2022-12-04T00:05:00+00:00
[2023-03-01 13:05:49,160] {standard_task_runner.py:52} INFO - Started process 19181 to run task
[2023-03-01 13:05:49,220] {standard_task_runner.py:76} INFO - Running: ['airflow', 'tasks', 'run', 'with_python_operator', 'greet', '2022-12-04T00:05:00+00:00', '--job-id', '4585', '--pool', 'default_pool', '--raw', '--subdir', 'DAGS_FOLDER/02_python_operator.py', '--cfg-path', '/tmp/tmphl5b8x6r', '--error-file', '/tmp/tmpiu3twbqu']
[2023-03-01 13:05:49,237] {standard_task_runner.py:77} INFO - Job 4585: Subtask greet
[2023-03-01 13:05:49,400] {logging_mixin.py:104} INFO - Running <TaskInstance: with_python_operator.greet 2022-12-04T00:05:00+00:00 [running]> on host abe4c4997ef7
[2023-03-01 13:05:49,605] {taskinstance.py:1283} INFO - Exporting the following env vars:
AIRFLOW_CTX_DAG_OWNER=dataheroes
AIRFLOW_CTX_DAG_ID=with_python_operator
AIRFLOW_CTX_TASK_ID=greet
AIRFLOW_CTX_EXECUTION_DATE=2022-12-04T00:05:00+00:00
AIRFLOW_CTX_DAG_RUN_ID=scheduled__2022-12-04T00:05:00+00:00
[2023-03-01 13:05:49,610] {logging_mixin.py:104} INFO - some dict:  {'a': 1, 'b': 2}
[2023-03-01 13:05:49,705] {logging_mixin.py:104} INFO - Hello World! My name is Reza Primasatya, and I am 17 years old!
[2023-03-01 13:05:49,707] {python.py:118} INFO - Done. Returned value was: None
[2023-03-01 13:05:49,738] {taskinstance.py:1192} INFO - Marking task as SUCCESS. dag_id=with_python_operator, task_id=greet, execution_date=20221204T000500, start_date=20230301T130549, end_date=20230301T130549
[2023-03-01 13:05:50,108] {taskinstance.py:1246} INFO - 0 downstream tasks scheduled from follow-on schedule check
[2023-03-01 13:05:50,183] {local_task_job.py:146} INFO - Task exited with return code 0
