[2023-03-01 13:09:39,207] {taskinstance.py:877} INFO - Dependencies all met for <TaskInstance: with_python_operator.get_name 2022-12-08T07:05:00+00:00 [queued]>
[2023-03-01 13:09:39,553] {taskinstance.py:877} INFO - Dependencies all met for <TaskInstance: with_python_operator.get_name 2022-12-08T07:05:00+00:00 [queued]>
[2023-03-01 13:09:39,570] {taskinstance.py:1068} INFO - 
--------------------------------------------------------------------------------
[2023-03-01 13:09:39,583] {taskinstance.py:1069} INFO - Starting attempt 1 of 2
[2023-03-01 13:09:39,590] {taskinstance.py:1070} INFO - 
--------------------------------------------------------------------------------
[2023-03-01 13:09:40,014] {taskinstance.py:1089} INFO - Executing <Task(PythonOperator): get_name> on 2022-12-08T07:05:00+00:00
[2023-03-01 13:09:40,109] {standard_task_runner.py:76} INFO - Running: ['airflow', 'tasks', 'run', 'with_python_operator', 'get_name', '2022-12-08T07:05:00+00:00', '--job-id', '4875', '--pool', 'default_pool', '--raw', '--subdir', 'DAGS_FOLDER/02_python_operator.py', '--cfg-path', '/tmp/tmp__zew_vx', '--error-file', '/tmp/tmphcgmvqao']
[2023-03-01 13:09:40,140] {standard_task_runner.py:77} INFO - Job 4875: Subtask get_name
[2023-03-01 13:09:40,081] {standard_task_runner.py:52} INFO - Started process 20353 to run task
[2023-03-01 13:09:40,792] {logging_mixin.py:104} INFO - Running <TaskInstance: with_python_operator.get_name 2022-12-08T07:05:00+00:00 [running]> on host abe4c4997ef7
[2023-03-01 13:09:41,517] {taskinstance.py:1283} INFO - Exporting the following env vars:
AIRFLOW_CTX_DAG_OWNER=dataheroes
AIRFLOW_CTX_DAG_ID=with_python_operator
AIRFLOW_CTX_TASK_ID=get_name
AIRFLOW_CTX_EXECUTION_DATE=2022-12-08T07:05:00+00:00
AIRFLOW_CTX_DAG_RUN_ID=scheduled__2022-12-08T07:05:00+00:00
[2023-03-01 13:09:41,740] {python.py:118} INFO - Done. Returned value was: None
[2023-03-01 13:09:42,034] {taskinstance.py:1192} INFO - Marking task as SUCCESS. dag_id=with_python_operator, task_id=get_name, execution_date=20221208T070500, start_date=20230301T130939, end_date=20230301T130942
[2023-03-01 13:09:42,654] {taskinstance.py:1246} INFO - 0 downstream tasks scheduled from follow-on schedule check
[2023-03-01 13:09:42,761] {local_task_job.py:146} INFO - Task exited with return code 0
