[2023-03-01 13:01:59,447] {taskinstance.py:877} INFO - Dependencies all met for <TaskInstance: with_python_operator.get_name 2022-11-29T03:05:00+00:00 [queued]>
[2023-03-01 13:01:59,751] {taskinstance.py:877} INFO - Dependencies all met for <TaskInstance: with_python_operator.get_name 2022-11-29T03:05:00+00:00 [queued]>
[2023-03-01 13:01:59,765] {taskinstance.py:1068} INFO - 
--------------------------------------------------------------------------------
[2023-03-01 13:01:59,766] {taskinstance.py:1069} INFO - Starting attempt 1 of 2
[2023-03-01 13:01:59,768] {taskinstance.py:1070} INFO - 
--------------------------------------------------------------------------------
[2023-03-01 13:01:59,997] {taskinstance.py:1089} INFO - Executing <Task(PythonOperator): get_name> on 2022-11-29T03:05:00+00:00
[2023-03-01 13:02:00,040] {standard_task_runner.py:52} INFO - Started process 17710 to run task
[2023-03-01 13:02:00,103] {standard_task_runner.py:76} INFO - Running: ['airflow', 'tasks', 'run', 'with_python_operator', 'get_name', '2022-11-29T03:05:00+00:00', '--job-id', '4218', '--pool', 'default_pool', '--raw', '--subdir', 'DAGS_FOLDER/02_python_operator.py', '--cfg-path', '/tmp/tmpgrv4s1sh', '--error-file', '/tmp/tmp6voy7hdr']
[2023-03-01 13:02:00,113] {standard_task_runner.py:77} INFO - Job 4218: Subtask get_name
[2023-03-01 13:02:00,606] {logging_mixin.py:104} INFO - Running <TaskInstance: with_python_operator.get_name 2022-11-29T03:05:00+00:00 [running]> on host abe4c4997ef7
[2023-03-01 13:02:00,953] {taskinstance.py:1283} INFO - Exporting the following env vars:
AIRFLOW_CTX_DAG_OWNER=dataheroes
AIRFLOW_CTX_DAG_ID=with_python_operator
AIRFLOW_CTX_TASK_ID=get_name
AIRFLOW_CTX_EXECUTION_DATE=2022-11-29T03:05:00+00:00
AIRFLOW_CTX_DAG_RUN_ID=scheduled__2022-11-29T03:05:00+00:00
[2023-03-01 13:02:01,168] {python.py:118} INFO - Done. Returned value was: None
[2023-03-01 13:02:01,261] {taskinstance.py:1192} INFO - Marking task as SUCCESS. dag_id=with_python_operator, task_id=get_name, execution_date=20221129T030500, start_date=20230301T130159, end_date=20230301T130201
[2023-03-01 13:02:01,730] {taskinstance.py:1246} INFO - 0 downstream tasks scheduled from follow-on schedule check
[2023-03-01 13:02:01,786] {local_task_job.py:146} INFO - Task exited with return code 0
