[2023-03-01 12:38:42,786] {taskinstance.py:877} INFO - Dependencies all met for <TaskInstance: with_python_operator.get_age 2022-11-02T21:05:00+00:00 [queued]>
[2023-03-01 12:38:43,033] {taskinstance.py:877} INFO - Dependencies all met for <TaskInstance: with_python_operator.get_age 2022-11-02T21:05:00+00:00 [queued]>
[2023-03-01 12:38:43,038] {taskinstance.py:1068} INFO - 
--------------------------------------------------------------------------------
[2023-03-01 12:38:43,041] {taskinstance.py:1069} INFO - Starting attempt 1 of 2
[2023-03-01 12:38:43,042] {taskinstance.py:1070} INFO - 
--------------------------------------------------------------------------------
[2023-03-01 12:38:43,272] {taskinstance.py:1089} INFO - Executing <Task(PythonOperator): get_age> on 2022-11-02T21:05:00+00:00
[2023-03-01 12:38:43,296] {standard_task_runner.py:52} INFO - Started process 10111 to run task
[2023-03-01 12:38:43,374] {standard_task_runner.py:76} INFO - Running: ['airflow', 'tasks', 'run', 'with_python_operator', 'get_age', '2022-11-02T21:05:00+00:00', '--job-id', '2319', '--pool', 'default_pool', '--raw', '--subdir', 'DAGS_FOLDER/02_python_operator.py', '--cfg-path', '/tmp/tmp7b1cpp65', '--error-file', '/tmp/tmpgsvcpyfi']
[2023-03-01 12:38:43,388] {standard_task_runner.py:77} INFO - Job 2319: Subtask get_age
[2023-03-01 12:38:43,837] {logging_mixin.py:104} INFO - Running <TaskInstance: with_python_operator.get_age 2022-11-02T21:05:00+00:00 [running]> on host abe4c4997ef7
[2023-03-01 12:38:44,414] {taskinstance.py:1283} INFO - Exporting the following env vars:
AIRFLOW_CTX_DAG_OWNER=dataheroes
AIRFLOW_CTX_DAG_ID=with_python_operator
AIRFLOW_CTX_TASK_ID=get_age
AIRFLOW_CTX_EXECUTION_DATE=2022-11-02T21:05:00+00:00
AIRFLOW_CTX_DAG_RUN_ID=scheduled__2022-11-02T21:05:00+00:00
[2023-03-01 12:38:44,683] {python.py:118} INFO - Done. Returned value was: None
[2023-03-01 12:38:44,946] {taskinstance.py:1192} INFO - Marking task as SUCCESS. dag_id=with_python_operator, task_id=get_age, execution_date=20221102T210500, start_date=20230301T123842, end_date=20230301T123844
[2023-03-01 12:38:45,820] {taskinstance.py:1246} INFO - 0 downstream tasks scheduled from follow-on schedule check
[2023-03-01 12:38:45,963] {local_task_job.py:146} INFO - Task exited with return code 0
