[2023-03-01 12:56:32,701] {taskinstance.py:877} INFO - Dependencies all met for <TaskInstance: with_python_operator.greet 2022-11-22T19:05:00+00:00 [queued]>
[2023-03-01 12:56:32,852] {taskinstance.py:877} INFO - Dependencies all met for <TaskInstance: with_python_operator.greet 2022-11-22T19:05:00+00:00 [queued]>
[2023-03-01 12:56:32,858] {taskinstance.py:1068} INFO - 
--------------------------------------------------------------------------------
[2023-03-01 12:56:32,864] {taskinstance.py:1069} INFO - Starting attempt 1 of 2
[2023-03-01 12:56:32,866] {taskinstance.py:1070} INFO - 
--------------------------------------------------------------------------------
[2023-03-01 12:56:32,966] {taskinstance.py:1089} INFO - Executing <Task(PythonOperator): greet> on 2022-11-22T19:05:00+00:00
[2023-03-01 12:56:32,975] {standard_task_runner.py:52} INFO - Started process 15911 to run task
[2023-03-01 12:56:33,008] {standard_task_runner.py:76} INFO - Running: ['airflow', 'tasks', 'run', 'with_python_operator', 'greet', '2022-11-22T19:05:00+00:00', '--job-id', '3772', '--pool', 'default_pool', '--raw', '--subdir', 'DAGS_FOLDER/02_python_operator.py', '--cfg-path', '/tmp/tmpux5g0i6i', '--error-file', '/tmp/tmpii105par']
[2023-03-01 12:56:33,011] {standard_task_runner.py:77} INFO - Job 3772: Subtask greet
[2023-03-01 12:56:33,331] {logging_mixin.py:104} INFO - Running <TaskInstance: with_python_operator.greet 2022-11-22T19:05:00+00:00 [running]> on host abe4c4997ef7
[2023-03-01 12:56:33,564] {taskinstance.py:1283} INFO - Exporting the following env vars:
AIRFLOW_CTX_DAG_OWNER=dataheroes
AIRFLOW_CTX_DAG_ID=with_python_operator
AIRFLOW_CTX_TASK_ID=greet
AIRFLOW_CTX_EXECUTION_DATE=2022-11-22T19:05:00+00:00
AIRFLOW_CTX_DAG_RUN_ID=scheduled__2022-11-22T19:05:00+00:00
[2023-03-01 12:56:33,568] {logging_mixin.py:104} INFO - some dict:  {'a': 1, 'b': 2}
[2023-03-01 12:56:33,671] {logging_mixin.py:104} INFO - Hello World! My name is Reza Primasatya, and I am 17 years old!
[2023-03-01 12:56:33,673] {python.py:118} INFO - Done. Returned value was: None
[2023-03-01 12:56:33,714] {taskinstance.py:1192} INFO - Marking task as SUCCESS. dag_id=with_python_operator, task_id=greet, execution_date=20221122T190500, start_date=20230301T125632, end_date=20230301T125633
[2023-03-01 12:56:33,790] {taskinstance.py:1246} INFO - 0 downstream tasks scheduled from follow-on schedule check
[2023-03-01 12:56:33,864] {local_task_job.py:146} INFO - Task exited with return code 0
