[2023-03-01 13:09:15,715] {taskinstance.py:877} INFO - Dependencies all met for <TaskInstance: with_python_operator.greet 2022-12-07T17:05:00+00:00 [queued]>
[2023-03-01 13:09:15,900] {taskinstance.py:877} INFO - Dependencies all met for <TaskInstance: with_python_operator.greet 2022-12-07T17:05:00+00:00 [queued]>
[2023-03-01 13:09:15,905] {taskinstance.py:1068} INFO - 
--------------------------------------------------------------------------------
[2023-03-01 13:09:15,908] {taskinstance.py:1069} INFO - Starting attempt 1 of 2
[2023-03-01 13:09:15,912] {taskinstance.py:1070} INFO - 
--------------------------------------------------------------------------------
[2023-03-01 13:09:16,319] {taskinstance.py:1089} INFO - Executing <Task(PythonOperator): greet> on 2022-12-07T17:05:00+00:00
[2023-03-01 13:09:16,335] {standard_task_runner.py:52} INFO - Started process 20261 to run task
[2023-03-01 13:09:16,368] {standard_task_runner.py:76} INFO - Running: ['airflow', 'tasks', 'run', 'with_python_operator', 'greet', '2022-12-07T17:05:00+00:00', '--job-id', '4853', '--pool', 'default_pool', '--raw', '--subdir', 'DAGS_FOLDER/02_python_operator.py', '--cfg-path', '/tmp/tmp79r7oa2c', '--error-file', '/tmp/tmpovaauwit']
[2023-03-01 13:09:16,371] {standard_task_runner.py:77} INFO - Job 4853: Subtask greet
[2023-03-01 13:09:17,250] {logging_mixin.py:104} INFO - Running <TaskInstance: with_python_operator.greet 2022-12-07T17:05:00+00:00 [running]> on host abe4c4997ef7
[2023-03-01 13:09:18,274] {taskinstance.py:1283} INFO - Exporting the following env vars:
AIRFLOW_CTX_DAG_OWNER=dataheroes
AIRFLOW_CTX_DAG_ID=with_python_operator
AIRFLOW_CTX_TASK_ID=greet
AIRFLOW_CTX_EXECUTION_DATE=2022-12-07T17:05:00+00:00
AIRFLOW_CTX_DAG_RUN_ID=scheduled__2022-12-07T17:05:00+00:00
[2023-03-01 13:09:18,279] {logging_mixin.py:104} INFO - some dict:  {'a': 1, 'b': 2}
[2023-03-01 13:09:18,522] {logging_mixin.py:104} INFO - Hello World! My name is Reza Primasatya, and I am 17 years old!
[2023-03-01 13:09:18,525] {python.py:118} INFO - Done. Returned value was: None
[2023-03-01 13:09:18,723] {taskinstance.py:1192} INFO - Marking task as SUCCESS. dag_id=with_python_operator, task_id=greet, execution_date=20221207T170500, start_date=20230301T130915, end_date=20230301T130918
[2023-03-01 13:09:19,493] {taskinstance.py:1246} INFO - 0 downstream tasks scheduled from follow-on schedule check
[2023-03-01 13:09:19,740] {local_task_job.py:146} INFO - Task exited with return code 0
