[2023-03-01 12:19:33,310] {taskinstance.py:877} INFO - Dependencies all met for <TaskInstance: with_python_operator.get_age 2022-10-13T05:05:00+00:00 [queued]>
[2023-03-01 12:19:33,514] {taskinstance.py:877} INFO - Dependencies all met for <TaskInstance: with_python_operator.get_age 2022-10-13T05:05:00+00:00 [queued]>
[2023-03-01 12:19:33,524] {taskinstance.py:1068} INFO - 
--------------------------------------------------------------------------------
[2023-03-01 12:19:33,528] {taskinstance.py:1069} INFO - Starting attempt 1 of 2
[2023-03-01 12:19:33,536] {taskinstance.py:1070} INFO - 
--------------------------------------------------------------------------------
[2023-03-01 12:19:33,664] {taskinstance.py:1089} INFO - Executing <Task(PythonOperator): get_age> on 2022-10-13T05:05:00+00:00
[2023-03-01 12:19:33,702] {standard_task_runner.py:52} INFO - Started process 4175 to run task
[2023-03-01 12:19:33,742] {standard_task_runner.py:76} INFO - Running: ['airflow', 'tasks', 'run', 'with_python_operator', 'get_age', '2022-10-13T05:05:00+00:00', '--job-id', '835', '--pool', 'default_pool', '--raw', '--subdir', 'DAGS_FOLDER/02_python_operator.py', '--cfg-path', '/tmp/tmpuokhi9_2', '--error-file', '/tmp/tmp_8qw3arb']
[2023-03-01 12:19:33,760] {standard_task_runner.py:77} INFO - Job 835: Subtask get_age
[2023-03-01 12:19:34,307] {logging_mixin.py:104} INFO - Running <TaskInstance: with_python_operator.get_age 2022-10-13T05:05:00+00:00 [running]> on host abe4c4997ef7
[2023-03-01 12:19:34,714] {taskinstance.py:1283} INFO - Exporting the following env vars:
AIRFLOW_CTX_DAG_OWNER=dataheroes
AIRFLOW_CTX_DAG_ID=with_python_operator
AIRFLOW_CTX_TASK_ID=get_age
AIRFLOW_CTX_EXECUTION_DATE=2022-10-13T05:05:00+00:00
AIRFLOW_CTX_DAG_RUN_ID=scheduled__2022-10-13T05:05:00+00:00
[2023-03-01 12:19:34,773] {python.py:118} INFO - Done. Returned value was: None
[2023-03-01 12:19:34,863] {taskinstance.py:1192} INFO - Marking task as SUCCESS. dag_id=with_python_operator, task_id=get_age, execution_date=20221013T050500, start_date=20230301T121933, end_date=20230301T121934
[2023-03-01 12:19:35,462] {taskinstance.py:1246} INFO - 0 downstream tasks scheduled from follow-on schedule check
[2023-03-01 12:19:35,617] {local_task_job.py:146} INFO - Task exited with return code 0
