[2023-03-01 13:02:53,822] {taskinstance.py:877} INFO - Dependencies all met for <TaskInstance: with_python_operator.get_age 2022-11-30T10:05:00+00:00 [queued]>
[2023-03-01 13:02:53,957] {taskinstance.py:877} INFO - Dependencies all met for <TaskInstance: with_python_operator.get_age 2022-11-30T10:05:00+00:00 [queued]>
[2023-03-01 13:02:53,963] {taskinstance.py:1068} INFO - 
--------------------------------------------------------------------------------
[2023-03-01 13:02:53,968] {taskinstance.py:1069} INFO - Starting attempt 1 of 2
[2023-03-01 13:02:53,969] {taskinstance.py:1070} INFO - 
--------------------------------------------------------------------------------
[2023-03-01 13:02:54,021] {taskinstance.py:1089} INFO - Executing <Task(PythonOperator): get_age> on 2022-11-30T10:05:00+00:00
[2023-03-01 13:02:54,030] {standard_task_runner.py:52} INFO - Started process 18088 to run task
[2023-03-01 13:02:54,066] {standard_task_runner.py:76} INFO - Running: ['airflow', 'tasks', 'run', 'with_python_operator', 'get_age', '2022-11-30T10:05:00+00:00', '--job-id', '4314', '--pool', 'default_pool', '--raw', '--subdir', 'DAGS_FOLDER/02_python_operator.py', '--cfg-path', '/tmp/tmprclm4xen', '--error-file', '/tmp/tmpf1v998zd']
[2023-03-01 13:02:54,067] {standard_task_runner.py:77} INFO - Job 4314: Subtask get_age
[2023-03-01 13:02:54,268] {logging_mixin.py:104} INFO - Running <TaskInstance: with_python_operator.get_age 2022-11-30T10:05:00+00:00 [running]> on host abe4c4997ef7
[2023-03-01 13:02:54,391] {taskinstance.py:1283} INFO - Exporting the following env vars:
AIRFLOW_CTX_DAG_OWNER=dataheroes
AIRFLOW_CTX_DAG_ID=with_python_operator
AIRFLOW_CTX_TASK_ID=get_age
AIRFLOW_CTX_EXECUTION_DATE=2022-11-30T10:05:00+00:00
AIRFLOW_CTX_DAG_RUN_ID=scheduled__2022-11-30T10:05:00+00:00
[2023-03-01 13:02:54,446] {python.py:118} INFO - Done. Returned value was: None
[2023-03-01 13:02:54,481] {taskinstance.py:1192} INFO - Marking task as SUCCESS. dag_id=with_python_operator, task_id=get_age, execution_date=20221130T100500, start_date=20230301T130253, end_date=20230301T130254
[2023-03-01 13:02:54,601] {taskinstance.py:1246} INFO - 1 downstream tasks scheduled from follow-on schedule check
[2023-03-01 13:02:54,636] {local_task_job.py:146} INFO - Task exited with return code 0
