[2023-03-01 12:12:59,437] {taskinstance.py:877} INFO - Dependencies all met for <TaskInstance: with_python_operator.get_age 2022-10-06T11:05:00+00:00 [queued]>
[2023-03-01 12:12:59,547] {taskinstance.py:877} INFO - Dependencies all met for <TaskInstance: with_python_operator.get_age 2022-10-06T11:05:00+00:00 [queued]>
[2023-03-01 12:12:59,552] {taskinstance.py:1068} INFO - 
--------------------------------------------------------------------------------
[2023-03-01 12:12:59,553] {taskinstance.py:1069} INFO - Starting attempt 1 of 2
[2023-03-01 12:12:59,554] {taskinstance.py:1070} INFO - 
--------------------------------------------------------------------------------
[2023-03-01 12:12:59,852] {taskinstance.py:1089} INFO - Executing <Task(PythonOperator): get_age> on 2022-10-06T11:05:00+00:00
[2023-03-01 12:12:59,970] {standard_task_runner.py:76} INFO - Running: ['airflow', 'tasks', 'run', 'with_python_operator', 'get_age', '2022-10-06T11:05:00+00:00', '--job-id', '271', '--pool', 'default_pool', '--raw', '--subdir', 'DAGS_FOLDER/02_python_operator.py', '--cfg-path', '/tmp/tmp86dxoj15', '--error-file', '/tmp/tmpnclp1m63']
[2023-03-01 12:12:59,987] {standard_task_runner.py:77} INFO - Job 271: Subtask get_age
[2023-03-01 12:12:59,904] {standard_task_runner.py:52} INFO - Started process 1668 to run task
[2023-03-01 12:13:00,908] {logging_mixin.py:104} INFO - Running <TaskInstance: with_python_operator.get_age 2022-10-06T11:05:00+00:00 [running]> on host abe4c4997ef7
[2023-03-01 12:13:02,054] {taskinstance.py:1283} INFO - Exporting the following env vars:
AIRFLOW_CTX_DAG_OWNER=dataheroes
AIRFLOW_CTX_DAG_ID=with_python_operator
AIRFLOW_CTX_TASK_ID=get_age
AIRFLOW_CTX_EXECUTION_DATE=2022-10-06T11:05:00+00:00
AIRFLOW_CTX_DAG_RUN_ID=scheduled__2022-10-06T11:05:00+00:00
[2023-03-01 12:13:02,309] {python.py:118} INFO - Done. Returned value was: None
[2023-03-01 12:13:02,407] {taskinstance.py:1192} INFO - Marking task as SUCCESS. dag_id=with_python_operator, task_id=get_age, execution_date=20221006T110500, start_date=20230301T121259, end_date=20230301T121302
[2023-03-01 12:13:03,166] {taskinstance.py:1246} INFO - 1 downstream tasks scheduled from follow-on schedule check
[2023-03-01 12:13:03,429] {local_task_job.py:146} INFO - Task exited with return code 0
