[2023-03-01 11:39:22,572] {taskinstance.py:877} INFO - Dependencies all met for <TaskInstance: docker_operator_dag.print_current_date 2023-03-01T10:05:00+00:00 [queued]>
[2023-03-01 11:39:22,637] {taskinstance.py:877} INFO - Dependencies all met for <TaskInstance: docker_operator_dag.print_current_date 2023-03-01T10:05:00+00:00 [queued]>
[2023-03-01 11:39:22,639] {taskinstance.py:1068} INFO - 
--------------------------------------------------------------------------------
[2023-03-01 11:39:22,640] {taskinstance.py:1069} INFO - Starting attempt 1 of 2
[2023-03-01 11:39:22,641] {taskinstance.py:1070} INFO - 
--------------------------------------------------------------------------------
[2023-03-01 11:39:22,677] {taskinstance.py:1089} INFO - Executing <Task(BashOperator): print_current_date> on 2023-03-01T10:05:00+00:00
[2023-03-01 11:39:22,684] {standard_task_runner.py:52} INFO - Started process 176 to run task
[2023-03-01 11:39:22,697] {standard_task_runner.py:76} INFO - Running: ['airflow', 'tasks', 'run', 'docker_operator_dag', 'print_current_date', '2023-03-01T10:05:00+00:00', '--job-id', '29', '--pool', 'default_pool', '--raw', '--subdir', 'DAGS_FOLDER/helloairflow/hello.py', '--cfg-path', '/tmp/tmp2e6b887j', '--error-file', '/tmp/tmppp33_qul']
[2023-03-01 11:39:22,701] {standard_task_runner.py:77} INFO - Job 29: Subtask print_current_date
[2023-03-01 11:39:22,846] {logging_mixin.py:104} INFO - Running <TaskInstance: docker_operator_dag.print_current_date 2023-03-01T10:05:00+00:00 [running]> on host d6ae11b410f8
[2023-03-01 11:39:22,959] {taskinstance.py:1283} INFO - Exporting the following env vars:
AIRFLOW_CTX_DAG_OWNER=Nama Masing Masing
AIRFLOW_CTX_DAG_ID=docker_operator_dag
AIRFLOW_CTX_TASK_ID=print_current_date
AIRFLOW_CTX_EXECUTION_DATE=2023-03-01T10:05:00+00:00
AIRFLOW_CTX_DAG_RUN_ID=scheduled__2023-03-01T10:05:00+00:00
[2023-03-01 11:39:22,962] {bash.py:135} INFO - Tmp dir root location: 
 /tmp
[2023-03-01 11:39:22,966] {bash.py:158} INFO - Running command: date
[2023-03-01 11:39:22,986] {bash.py:169} INFO - Output:
[2023-03-01 11:39:23,056] {bash.py:173} INFO - Wed Mar  1 11:39:23 UTC 2023
[2023-03-01 11:39:23,062] {bash.py:177} INFO - Command exited with return code 0
[2023-03-01 11:39:23,186] {taskinstance.py:1192} INFO - Marking task as SUCCESS. dag_id=docker_operator_dag, task_id=print_current_date, execution_date=20230301T100500, start_date=20230301T113922, end_date=20230301T113923
[2023-03-01 11:39:23,548] {taskinstance.py:1246} INFO - 0 downstream tasks scheduled from follow-on schedule check
[2023-03-01 11:39:23,617] {local_task_job.py:146} INFO - Task exited with return code 0
