[2023-03-01 13:05:38,678] {taskinstance.py:877} INFO - Dependencies all met for <TaskInstance: with_python_operator.get_age 2022-12-03T23:05:00+00:00 [queued]>
[2023-03-01 13:05:38,874] {taskinstance.py:877} INFO - Dependencies all met for <TaskInstance: with_python_operator.get_age 2022-12-03T23:05:00+00:00 [queued]>
[2023-03-01 13:05:38,875] {taskinstance.py:1068} INFO - 
--------------------------------------------------------------------------------
[2023-03-01 13:05:38,879] {taskinstance.py:1069} INFO - Starting attempt 1 of 2
[2023-03-01 13:05:38,880] {taskinstance.py:1070} INFO - 
--------------------------------------------------------------------------------
[2023-03-01 13:05:39,049] {taskinstance.py:1089} INFO - Executing <Task(PythonOperator): get_age> on 2022-12-03T23:05:00+00:00
[2023-03-01 13:05:39,069] {standard_task_runner.py:52} INFO - Started process 19119 to run task
[2023-03-01 13:05:39,189] {standard_task_runner.py:76} INFO - Running: ['airflow', 'tasks', 'run', 'with_python_operator', 'get_age', '2022-12-03T23:05:00+00:00', '--job-id', '4567', '--pool', 'default_pool', '--raw', '--subdir', 'DAGS_FOLDER/02_python_operator.py', '--cfg-path', '/tmp/tmp29nsg_hk', '--error-file', '/tmp/tmp3zy8u63a']
[2023-03-01 13:05:39,198] {standard_task_runner.py:77} INFO - Job 4567: Subtask get_age
[2023-03-01 13:05:40,002] {logging_mixin.py:104} INFO - Running <TaskInstance: with_python_operator.get_age 2022-12-03T23:05:00+00:00 [running]> on host abe4c4997ef7
[2023-03-01 13:05:40,337] {taskinstance.py:1283} INFO - Exporting the following env vars:
AIRFLOW_CTX_DAG_OWNER=dataheroes
AIRFLOW_CTX_DAG_ID=with_python_operator
AIRFLOW_CTX_TASK_ID=get_age
AIRFLOW_CTX_EXECUTION_DATE=2022-12-03T23:05:00+00:00
AIRFLOW_CTX_DAG_RUN_ID=scheduled__2022-12-03T23:05:00+00:00
[2023-03-01 13:05:40,496] {python.py:118} INFO - Done. Returned value was: None
[2023-03-01 13:05:40,599] {taskinstance.py:1192} INFO - Marking task as SUCCESS. dag_id=with_python_operator, task_id=get_age, execution_date=20221203T230500, start_date=20230301T130538, end_date=20230301T130540
[2023-03-01 13:05:41,015] {taskinstance.py:1246} INFO - 0 downstream tasks scheduled from follow-on schedule check
[2023-03-01 13:05:41,182] {local_task_job.py:146} INFO - Task exited with return code 0
