[2023-03-01 13:08:20,650] {taskinstance.py:877} INFO - Dependencies all met for <TaskInstance: with_python_operator.greet 2022-12-06T19:05:00+00:00 [queued]>
[2023-03-01 13:08:20,879] {taskinstance.py:877} INFO - Dependencies all met for <TaskInstance: with_python_operator.greet 2022-12-06T19:05:00+00:00 [queued]>
[2023-03-01 13:08:20,881] {taskinstance.py:1068} INFO - 
--------------------------------------------------------------------------------
[2023-03-01 13:08:20,882] {taskinstance.py:1069} INFO - Starting attempt 1 of 2
[2023-03-01 13:08:20,883] {taskinstance.py:1070} INFO - 
--------------------------------------------------------------------------------
[2023-03-01 13:08:21,121] {taskinstance.py:1089} INFO - Executing <Task(PythonOperator): greet> on 2022-12-06T19:05:00+00:00
[2023-03-01 13:08:21,263] {standard_task_runner.py:76} INFO - Running: ['airflow', 'tasks', 'run', 'with_python_operator', 'greet', '2022-12-06T19:05:00+00:00', '--job-id', '4787', '--pool', 'default_pool', '--raw', '--subdir', 'DAGS_FOLDER/02_python_operator.py', '--cfg-path', '/tmp/tmpe59hr7ei', '--error-file', '/tmp/tmpa2gd7tel']
[2023-03-01 13:08:21,273] {standard_task_runner.py:77} INFO - Job 4787: Subtask greet
[2023-03-01 13:08:21,191] {standard_task_runner.py:52} INFO - Started process 19997 to run task
[2023-03-01 13:08:22,238] {logging_mixin.py:104} INFO - Running <TaskInstance: with_python_operator.greet 2022-12-06T19:05:00+00:00 [running]> on host abe4c4997ef7
[2023-03-01 13:08:22,946] {taskinstance.py:1283} INFO - Exporting the following env vars:
AIRFLOW_CTX_DAG_OWNER=dataheroes
AIRFLOW_CTX_DAG_ID=with_python_operator
AIRFLOW_CTX_TASK_ID=greet
AIRFLOW_CTX_EXECUTION_DATE=2022-12-06T19:05:00+00:00
AIRFLOW_CTX_DAG_RUN_ID=scheduled__2022-12-06T19:05:00+00:00
[2023-03-01 13:08:22,957] {logging_mixin.py:104} INFO - some dict:  {'a': 1, 'b': 2}
[2023-03-01 13:08:23,192] {logging_mixin.py:104} INFO - Hello World! My name is Reza Primasatya, and I am 17 years old!
[2023-03-01 13:08:23,193] {python.py:118} INFO - Done. Returned value was: None
[2023-03-01 13:08:23,363] {taskinstance.py:1192} INFO - Marking task as SUCCESS. dag_id=with_python_operator, task_id=greet, execution_date=20221206T190500, start_date=20230301T130820, end_date=20230301T130823
[2023-03-01 13:08:23,898] {taskinstance.py:1246} INFO - 0 downstream tasks scheduled from follow-on schedule check
[2023-03-01 13:08:23,994] {local_task_job.py:146} INFO - Task exited with return code 0
