[2023-03-01 12:17:50,638] {taskinstance.py:877} INFO - Dependencies all met for <TaskInstance: with_python_operator.get_name 2022-10-11T12:05:00+00:00 [queued]>
[2023-03-01 12:17:51,211] {taskinstance.py:877} INFO - Dependencies all met for <TaskInstance: with_python_operator.get_name 2022-10-11T12:05:00+00:00 [queued]>
[2023-03-01 12:17:51,219] {taskinstance.py:1068} INFO - 
--------------------------------------------------------------------------------
[2023-03-01 12:17:51,220] {taskinstance.py:1069} INFO - Starting attempt 1 of 2
[2023-03-01 12:17:51,221] {taskinstance.py:1070} INFO - 
--------------------------------------------------------------------------------
[2023-03-01 12:17:51,473] {taskinstance.py:1089} INFO - Executing <Task(PythonOperator): get_name> on 2022-10-11T12:05:00+00:00
[2023-03-01 12:17:51,613] {standard_task_runner.py:76} INFO - Running: ['airflow', 'tasks', 'run', 'with_python_operator', 'get_name', '2022-10-11T12:05:00+00:00', '--job-id', '706', '--pool', 'default_pool', '--raw', '--subdir', 'DAGS_FOLDER/02_python_operator.py', '--cfg-path', '/tmp/tmph34yncl3', '--error-file', '/tmp/tmpj3ffe6l_']
[2023-03-01 12:17:51,619] {standard_task_runner.py:77} INFO - Job 706: Subtask get_name
[2023-03-01 12:17:51,529] {standard_task_runner.py:52} INFO - Started process 3643 to run task
[2023-03-01 12:17:52,428] {logging_mixin.py:104} INFO - Running <TaskInstance: with_python_operator.get_name 2022-10-11T12:05:00+00:00 [running]> on host abe4c4997ef7
[2023-03-01 12:17:53,184] {taskinstance.py:1283} INFO - Exporting the following env vars:
AIRFLOW_CTX_DAG_OWNER=dataheroes
AIRFLOW_CTX_DAG_ID=with_python_operator
AIRFLOW_CTX_TASK_ID=get_name
AIRFLOW_CTX_EXECUTION_DATE=2022-10-11T12:05:00+00:00
AIRFLOW_CTX_DAG_RUN_ID=scheduled__2022-10-11T12:05:00+00:00
[2023-03-01 12:17:53,578] {python.py:118} INFO - Done. Returned value was: None
[2023-03-01 12:17:53,692] {taskinstance.py:1192} INFO - Marking task as SUCCESS. dag_id=with_python_operator, task_id=get_name, execution_date=20221011T120500, start_date=20230301T121750, end_date=20230301T121753
[2023-03-01 12:17:54,210] {taskinstance.py:1246} INFO - 1 downstream tasks scheduled from follow-on schedule check
[2023-03-01 12:17:54,350] {local_task_job.py:146} INFO - Task exited with return code 0
