[2023-03-01 13:06:16,962] {taskinstance.py:877} INFO - Dependencies all met for <TaskInstance: with_python_operator.get_age 2022-12-04T19:05:00+00:00 [queued]>
[2023-03-01 13:06:17,051] {taskinstance.py:877} INFO - Dependencies all met for <TaskInstance: with_python_operator.get_age 2022-12-04T19:05:00+00:00 [queued]>
[2023-03-01 13:06:17,053] {taskinstance.py:1068} INFO - 
--------------------------------------------------------------------------------
[2023-03-01 13:06:17,056] {taskinstance.py:1069} INFO - Starting attempt 1 of 2
[2023-03-01 13:06:17,060] {taskinstance.py:1070} INFO - 
--------------------------------------------------------------------------------
[2023-03-01 13:06:17,224] {taskinstance.py:1089} INFO - Executing <Task(PythonOperator): get_age> on 2022-12-04T19:05:00+00:00
[2023-03-01 13:06:17,299] {standard_task_runner.py:52} INFO - Started process 19351 to run task
[2023-03-01 13:06:17,386] {standard_task_runner.py:76} INFO - Running: ['airflow', 'tasks', 'run', 'with_python_operator', 'get_age', '2022-12-04T19:05:00+00:00', '--job-id', '4626', '--pool', 'default_pool', '--raw', '--subdir', 'DAGS_FOLDER/02_python_operator.py', '--cfg-path', '/tmp/tmprgqpjzu3', '--error-file', '/tmp/tmpv6om6l4_']
[2023-03-01 13:06:17,397] {standard_task_runner.py:77} INFO - Job 4626: Subtask get_age
[2023-03-01 13:06:18,031] {logging_mixin.py:104} INFO - Running <TaskInstance: with_python_operator.get_age 2022-12-04T19:05:00+00:00 [running]> on host abe4c4997ef7
[2023-03-01 13:06:18,586] {taskinstance.py:1283} INFO - Exporting the following env vars:
AIRFLOW_CTX_DAG_OWNER=dataheroes
AIRFLOW_CTX_DAG_ID=with_python_operator
AIRFLOW_CTX_TASK_ID=get_age
AIRFLOW_CTX_EXECUTION_DATE=2022-12-04T19:05:00+00:00
AIRFLOW_CTX_DAG_RUN_ID=scheduled__2022-12-04T19:05:00+00:00
[2023-03-01 13:06:18,711] {python.py:118} INFO - Done. Returned value was: None
[2023-03-01 13:06:18,787] {taskinstance.py:1192} INFO - Marking task as SUCCESS. dag_id=with_python_operator, task_id=get_age, execution_date=20221204T190500, start_date=20230301T130616, end_date=20230301T130618
[2023-03-01 13:06:19,459] {taskinstance.py:1246} INFO - 0 downstream tasks scheduled from follow-on schedule check
[2023-03-01 13:06:19,566] {local_task_job.py:146} INFO - Task exited with return code 0
