[2023-03-01 13:28:11,746] {taskinstance.py:877} INFO - Dependencies all met for <TaskInstance: postgres_operator.delete_data_from_table 2022-01-16T00:00:00+00:00 [queued]>
[2023-03-01 13:28:11,804] {taskinstance.py:877} INFO - Dependencies all met for <TaskInstance: postgres_operator.delete_data_from_table 2022-01-16T00:00:00+00:00 [queued]>
[2023-03-01 13:28:11,809] {taskinstance.py:1068} INFO - 
--------------------------------------------------------------------------------
[2023-03-01 13:28:11,811] {taskinstance.py:1069} INFO - Starting attempt 1 of 6
[2023-03-01 13:28:11,812] {taskinstance.py:1070} INFO - 
--------------------------------------------------------------------------------
[2023-03-01 13:28:11,852] {taskinstance.py:1089} INFO - Executing <Task(PostgresOperator): delete_data_from_table> on 2022-01-16T00:00:00+00:00
[2023-03-01 13:28:11,859] {standard_task_runner.py:52} INFO - Started process 23129 to run task
[2023-03-01 13:28:11,887] {standard_task_runner.py:76} INFO - Running: ['airflow', 'tasks', 'run', 'postgres_operator', 'delete_data_from_table', '2022-01-16T00:00:00+00:00', '--job-id', '5573', '--pool', 'default_pool', '--raw', '--subdir', 'DAGS_FOLDER/06_postgres_operator.py', '--cfg-path', '/tmp/tmp8oc5zcq_', '--error-file', '/tmp/tmp1qlg_163']
[2023-03-01 13:28:11,890] {standard_task_runner.py:77} INFO - Job 5573: Subtask delete_data_from_table
[2023-03-01 13:28:12,069] {logging_mixin.py:104} INFO - Running <TaskInstance: postgres_operator.delete_data_from_table 2022-01-16T00:00:00+00:00 [running]> on host abe4c4997ef7
[2023-03-01 13:28:12,267] {taskinstance.py:1283} INFO - Exporting the following env vars:
AIRFLOW_CTX_DAG_OWNER=dataheroes
AIRFLOW_CTX_DAG_ID=postgres_operator
AIRFLOW_CTX_TASK_ID=delete_data_from_table
AIRFLOW_CTX_EXECUTION_DATE=2022-01-16T00:00:00+00:00
AIRFLOW_CTX_DAG_RUN_ID=scheduled__2022-01-16T00:00:00+00:00
[2023-03-01 13:28:12,270] {postgres.py:69} INFO - Executing: 
            delete from fellowship_member where id = 5;
        
[2023-03-01 13:28:12,321] {base.py:78} INFO - Using connection to: id: fellowship_postgres. Host: 192.168.32.3, Port: 5432, Schema: fellowship9, Login: airflow, Password: XXXXXXXX, extra: None
[2023-03-01 13:28:12,338] {dbapi.py:180} INFO - Running statement: 
            delete from fellowship_member where id = 5;
        , parameters: None
[2023-03-01 13:28:12,343] {dbapi.py:186} INFO - Rows affected: 0
[2023-03-01 13:28:12,386] {taskinstance.py:1192} INFO - Marking task as SUCCESS. dag_id=postgres_operator, task_id=delete_data_from_table, execution_date=20220116T000000, start_date=20230301T132811, end_date=20230301T132812
[2023-03-01 13:28:12,972] {taskinstance.py:1246} INFO - 0 downstream tasks scheduled from follow-on schedule check
[2023-03-01 13:28:13,025] {local_task_job.py:146} INFO - Task exited with return code 0
