[2023-03-01 12:58:55,272] {taskinstance.py:877} INFO - Dependencies all met for <TaskInstance: with_python_operator.get_age 2022-11-25T16:05:00+00:00 [queued]>
[2023-03-01 12:58:55,485] {taskinstance.py:877} INFO - Dependencies all met for <TaskInstance: with_python_operator.get_age 2022-11-25T16:05:00+00:00 [queued]>
[2023-03-01 12:58:55,486] {taskinstance.py:1068} INFO - 
--------------------------------------------------------------------------------
[2023-03-01 12:58:55,490] {taskinstance.py:1069} INFO - Starting attempt 1 of 2
[2023-03-01 12:58:55,491] {taskinstance.py:1070} INFO - 
--------------------------------------------------------------------------------
[2023-03-01 12:58:55,663] {taskinstance.py:1089} INFO - Executing <Task(PythonOperator): get_age> on 2022-11-25T16:05:00+00:00
[2023-03-01 12:58:55,689] {standard_task_runner.py:52} INFO - Started process 16695 to run task
[2023-03-01 12:58:55,756] {standard_task_runner.py:76} INFO - Running: ['airflow', 'tasks', 'run', 'with_python_operator', 'get_age', '2022-11-25T16:05:00+00:00', '--job-id', '3965', '--pool', 'default_pool', '--raw', '--subdir', 'DAGS_FOLDER/02_python_operator.py', '--cfg-path', '/tmp/tmp3n6r9s2c', '--error-file', '/tmp/tmpnjb1_c1q']
[2023-03-01 12:58:55,760] {standard_task_runner.py:77} INFO - Job 3965: Subtask get_age
[2023-03-01 12:58:56,101] {logging_mixin.py:104} INFO - Running <TaskInstance: with_python_operator.get_age 2022-11-25T16:05:00+00:00 [running]> on host abe4c4997ef7
[2023-03-01 12:58:56,642] {taskinstance.py:1283} INFO - Exporting the following env vars:
AIRFLOW_CTX_DAG_OWNER=dataheroes
AIRFLOW_CTX_DAG_ID=with_python_operator
AIRFLOW_CTX_TASK_ID=get_age
AIRFLOW_CTX_EXECUTION_DATE=2022-11-25T16:05:00+00:00
AIRFLOW_CTX_DAG_RUN_ID=scheduled__2022-11-25T16:05:00+00:00
[2023-03-01 12:58:56,847] {python.py:118} INFO - Done. Returned value was: None
[2023-03-01 12:58:57,005] {taskinstance.py:1192} INFO - Marking task as SUCCESS. dag_id=with_python_operator, task_id=get_age, execution_date=20221125T160500, start_date=20230301T125855, end_date=20230301T125856
[2023-03-01 12:58:57,508] {taskinstance.py:1246} INFO - 0 downstream tasks scheduled from follow-on schedule check
[2023-03-01 12:58:57,584] {local_task_job.py:146} INFO - Task exited with return code 0
