[2023-03-01 12:17:02,845] {taskinstance.py:877} INFO - Dependencies all met for <TaskInstance: with_python_operator.get_name 2022-10-10T17:05:00+00:00 [queued]>
[2023-03-01 12:17:02,991] {taskinstance.py:877} INFO - Dependencies all met for <TaskInstance: with_python_operator.get_name 2022-10-10T17:05:00+00:00 [queued]>
[2023-03-01 12:17:03,000] {taskinstance.py:1068} INFO - 
--------------------------------------------------------------------------------
[2023-03-01 12:17:03,003] {taskinstance.py:1069} INFO - Starting attempt 1 of 2
[2023-03-01 12:17:03,009] {taskinstance.py:1070} INFO - 
--------------------------------------------------------------------------------
[2023-03-01 12:17:03,124] {taskinstance.py:1089} INFO - Executing <Task(PythonOperator): get_name> on 2022-10-10T17:05:00+00:00
[2023-03-01 12:17:03,152] {standard_task_runner.py:52} INFO - Started process 3273 to run task
[2023-03-01 12:17:03,190] {standard_task_runner.py:76} INFO - Running: ['airflow', 'tasks', 'run', 'with_python_operator', 'get_name', '2022-10-10T17:05:00+00:00', '--job-id', '631', '--pool', 'default_pool', '--raw', '--subdir', 'DAGS_FOLDER/02_python_operator.py', '--cfg-path', '/tmp/tmp8gbd75j2', '--error-file', '/tmp/tmp9d3vrfld']
[2023-03-01 12:17:03,194] {standard_task_runner.py:77} INFO - Job 631: Subtask get_name
[2023-03-01 12:17:03,433] {logging_mixin.py:104} INFO - Running <TaskInstance: with_python_operator.get_name 2022-10-10T17:05:00+00:00 [running]> on host abe4c4997ef7
[2023-03-01 12:17:03,645] {taskinstance.py:1283} INFO - Exporting the following env vars:
AIRFLOW_CTX_DAG_OWNER=dataheroes
AIRFLOW_CTX_DAG_ID=with_python_operator
AIRFLOW_CTX_TASK_ID=get_name
AIRFLOW_CTX_EXECUTION_DATE=2022-10-10T17:05:00+00:00
AIRFLOW_CTX_DAG_RUN_ID=scheduled__2022-10-10T17:05:00+00:00
[2023-03-01 12:17:03,744] {python.py:118} INFO - Done. Returned value was: None
[2023-03-01 12:17:03,807] {taskinstance.py:1192} INFO - Marking task as SUCCESS. dag_id=with_python_operator, task_id=get_name, execution_date=20221010T170500, start_date=20230301T121702, end_date=20230301T121703
[2023-03-01 12:17:04,104] {taskinstance.py:1246} INFO - 0 downstream tasks scheduled from follow-on schedule check
[2023-03-01 12:17:04,185] {local_task_job.py:146} INFO - Task exited with return code 0
