[2023-03-01 12:41:22,006] {taskinstance.py:877} INFO - Dependencies all met for <TaskInstance: with_python_operator.get_name 2022-11-05T17:05:00+00:00 [queued]>
[2023-03-01 12:41:22,087] {taskinstance.py:877} INFO - Dependencies all met for <TaskInstance: with_python_operator.get_name 2022-11-05T17:05:00+00:00 [queued]>
[2023-03-01 12:41:22,088] {taskinstance.py:1068} INFO - 
--------------------------------------------------------------------------------
[2023-03-01 12:41:22,092] {taskinstance.py:1069} INFO - Starting attempt 1 of 2
[2023-03-01 12:41:22,093] {taskinstance.py:1070} INFO - 
--------------------------------------------------------------------------------
[2023-03-01 12:41:22,140] {taskinstance.py:1089} INFO - Executing <Task(PythonOperator): get_name> on 2022-11-05T17:05:00+00:00
[2023-03-01 12:41:22,146] {standard_task_runner.py:52} INFO - Started process 10949 to run task
[2023-03-01 12:41:22,165] {standard_task_runner.py:76} INFO - Running: ['airflow', 'tasks', 'run', 'with_python_operator', 'get_name', '2022-11-05T17:05:00+00:00', '--job-id', '2530', '--pool', 'default_pool', '--raw', '--subdir', 'DAGS_FOLDER/02_python_operator.py', '--cfg-path', '/tmp/tmplpi5j7d3', '--error-file', '/tmp/tmpvcpld06a']
[2023-03-01 12:41:22,167] {standard_task_runner.py:77} INFO - Job 2530: Subtask get_name
[2023-03-01 12:41:22,443] {logging_mixin.py:104} INFO - Running <TaskInstance: with_python_operator.get_name 2022-11-05T17:05:00+00:00 [running]> on host abe4c4997ef7
[2023-03-01 12:41:23,038] {taskinstance.py:1283} INFO - Exporting the following env vars:
AIRFLOW_CTX_DAG_OWNER=dataheroes
AIRFLOW_CTX_DAG_ID=with_python_operator
AIRFLOW_CTX_TASK_ID=get_name
AIRFLOW_CTX_EXECUTION_DATE=2022-11-05T17:05:00+00:00
AIRFLOW_CTX_DAG_RUN_ID=scheduled__2022-11-05T17:05:00+00:00
[2023-03-01 12:41:23,356] {python.py:118} INFO - Done. Returned value was: None
[2023-03-01 12:41:23,575] {taskinstance.py:1192} INFO - Marking task as SUCCESS. dag_id=with_python_operator, task_id=get_name, execution_date=20221105T170500, start_date=20230301T124122, end_date=20230301T124123
[2023-03-01 12:41:24,317] {taskinstance.py:1246} INFO - 0 downstream tasks scheduled from follow-on schedule check
[2023-03-01 12:41:24,552] {local_task_job.py:146} INFO - Task exited with return code 0
