[2023-03-01 12:03:28,472] {taskinstance.py:877} INFO - Dependencies all met for <TaskInstance: first_dag.task_1 2021-07-31T00:00:00+00:00 [queued]>
[2023-03-01 12:03:28,515] {taskinstance.py:877} INFO - Dependencies all met for <TaskInstance: first_dag.task_1 2021-07-31T00:00:00+00:00 [queued]>
[2023-03-01 12:03:28,516] {taskinstance.py:1068} INFO - 
--------------------------------------------------------------------------------
[2023-03-01 12:03:28,517] {taskinstance.py:1069} INFO - Starting attempt 3 of 6
[2023-03-01 12:03:28,518] {taskinstance.py:1070} INFO - 
--------------------------------------------------------------------------------
[2023-03-01 12:03:28,565] {taskinstance.py:1089} INFO - Executing <Task(BashOperator): task_1> on 2021-07-31T00:00:00+00:00
[2023-03-01 12:03:28,571] {standard_task_runner.py:52} INFO - Started process 332 to run task
[2023-03-01 12:03:28,602] {standard_task_runner.py:76} INFO - Running: ['airflow', 'tasks', 'run', 'first_dag', 'task_1', '2021-07-31T00:00:00+00:00', '--job-id', '68', '--pool', 'default_pool', '--raw', '--subdir', 'DAGS_FOLDER/01_hello.py', '--cfg-path', '/tmp/tmpxjx6oy1y', '--error-file', '/tmp/tmpv05au1o0']
[2023-03-01 12:03:28,608] {standard_task_runner.py:77} INFO - Job 68: Subtask task_1
[2023-03-01 12:03:28,743] {logging_mixin.py:104} INFO - Running <TaskInstance: first_dag.task_1 2021-07-31T00:00:00+00:00 [running]> on host abe4c4997ef7
[2023-03-01 12:03:28,882] {taskinstance.py:1283} INFO - Exporting the following env vars:
AIRFLOW_CTX_DAG_OWNER=dataheroes
AIRFLOW_CTX_DAG_ID=first_dag
AIRFLOW_CTX_TASK_ID=task_1
AIRFLOW_CTX_EXECUTION_DATE=2021-07-31T00:00:00+00:00
AIRFLOW_CTX_DAG_RUN_ID=scheduled__2021-07-31T00:00:00+00:00
[2023-03-01 12:03:28,885] {bash.py:135} INFO - Tmp dir root location: 
 /tmp
[2023-03-01 12:03:28,888] {bash.py:158} INFO - Running command: Hello Task 1
[2023-03-01 12:03:28,922] {bash.py:169} INFO - Output:
[2023-03-01 12:03:28,967] {bash.py:173} INFO - bash: Hello: command not found
[2023-03-01 12:03:28,969] {bash.py:177} INFO - Command exited with return code 127
[2023-03-01 12:03:29,001] {taskinstance.py:1482} ERROR - Task failed with exception
Traceback (most recent call last):
  File "/home/airflow/.local/lib/python3.6/site-packages/airflow/models/taskinstance.py", line 1138, in _run_raw_task
    self._prepare_and_execute_task_with_callbacks(context, task)
  File "/home/airflow/.local/lib/python3.6/site-packages/airflow/models/taskinstance.py", line 1311, in _prepare_and_execute_task_with_callbacks
    result = self._execute_task(context, task_copy)
  File "/home/airflow/.local/lib/python3.6/site-packages/airflow/models/taskinstance.py", line 1341, in _execute_task
    result = task_copy.execute(context=context)
  File "/home/airflow/.local/lib/python3.6/site-packages/airflow/operators/bash.py", line 180, in execute
    raise AirflowException('Bash command failed. The command returned a non-zero exit code.')
airflow.exceptions.AirflowException: Bash command failed. The command returned a non-zero exit code.
[2023-03-01 12:03:29,010] {taskinstance.py:1532} INFO - Marking task as UP_FOR_RETRY. dag_id=first_dag, task_id=task_1, execution_date=20210731T000000, start_date=20230301T120328, end_date=20230301T120329
[2023-03-01 12:03:29,081] {local_task_job.py:146} INFO - Task exited with return code 1
