[2023-03-01 12:37:28,308] {taskinstance.py:877} INFO - Dependencies all met for <TaskInstance: with_python_operator.get_age 2022-11-01T08:05:00+00:00 [queued]>
[2023-03-01 12:37:28,535] {taskinstance.py:877} INFO - Dependencies all met for <TaskInstance: with_python_operator.get_age 2022-11-01T08:05:00+00:00 [queued]>
[2023-03-01 12:37:28,539] {taskinstance.py:1068} INFO - 
--------------------------------------------------------------------------------
[2023-03-01 12:37:28,541] {taskinstance.py:1069} INFO - Starting attempt 1 of 2
[2023-03-01 12:37:28,547] {taskinstance.py:1070} INFO - 
--------------------------------------------------------------------------------
[2023-03-01 12:37:28,769] {taskinstance.py:1089} INFO - Executing <Task(PythonOperator): get_age> on 2022-11-01T08:05:00+00:00
[2023-03-01 12:37:28,796] {standard_task_runner.py:52} INFO - Started process 9683 to run task
[2023-03-01 12:37:28,893] {standard_task_runner.py:76} INFO - Running: ['airflow', 'tasks', 'run', 'with_python_operator', 'get_age', '2022-11-01T08:05:00+00:00', '--job-id', '2211', '--pool', 'default_pool', '--raw', '--subdir', 'DAGS_FOLDER/02_python_operator.py', '--cfg-path', '/tmp/tmp2w7j6gr1', '--error-file', '/tmp/tmp92ll7aqt']
[2023-03-01 12:37:28,929] {standard_task_runner.py:77} INFO - Job 2211: Subtask get_age
[2023-03-01 12:37:29,702] {logging_mixin.py:104} INFO - Running <TaskInstance: with_python_operator.get_age 2022-11-01T08:05:00+00:00 [running]> on host abe4c4997ef7
[2023-03-01 12:37:30,172] {taskinstance.py:1283} INFO - Exporting the following env vars:
AIRFLOW_CTX_DAG_OWNER=dataheroes
AIRFLOW_CTX_DAG_ID=with_python_operator
AIRFLOW_CTX_TASK_ID=get_age
AIRFLOW_CTX_EXECUTION_DATE=2022-11-01T08:05:00+00:00
AIRFLOW_CTX_DAG_RUN_ID=scheduled__2022-11-01T08:05:00+00:00
[2023-03-01 12:37:30,269] {python.py:118} INFO - Done. Returned value was: None
[2023-03-01 12:37:30,337] {taskinstance.py:1192} INFO - Marking task as SUCCESS. dag_id=with_python_operator, task_id=get_age, execution_date=20221101T080500, start_date=20230301T123728, end_date=20230301T123730
[2023-03-01 12:37:31,067] {taskinstance.py:1246} INFO - 0 downstream tasks scheduled from follow-on schedule check
[2023-03-01 12:37:31,103] {local_task_job.py:146} INFO - Task exited with return code 0
