[2023-03-01 13:04:54,346] {taskinstance.py:877} INFO - Dependencies all met for <TaskInstance: with_python_operator.get_age 2022-12-03T01:05:00+00:00 [queued]>
[2023-03-01 13:04:54,411] {taskinstance.py:877} INFO - Dependencies all met for <TaskInstance: with_python_operator.get_age 2022-12-03T01:05:00+00:00 [queued]>
[2023-03-01 13:04:54,412] {taskinstance.py:1068} INFO - 
--------------------------------------------------------------------------------
[2023-03-01 13:04:54,413] {taskinstance.py:1069} INFO - Starting attempt 1 of 2
[2023-03-01 13:04:54,415] {taskinstance.py:1070} INFO - 
--------------------------------------------------------------------------------
[2023-03-01 13:04:54,455] {taskinstance.py:1089} INFO - Executing <Task(PythonOperator): get_age> on 2022-12-03T01:05:00+00:00
[2023-03-01 13:04:54,462] {standard_task_runner.py:52} INFO - Started process 18863 to run task
[2023-03-01 13:04:54,491] {standard_task_runner.py:76} INFO - Running: ['airflow', 'tasks', 'run', 'with_python_operator', 'get_age', '2022-12-03T01:05:00+00:00', '--job-id', '4506', '--pool', 'default_pool', '--raw', '--subdir', 'DAGS_FOLDER/02_python_operator.py', '--cfg-path', '/tmp/tmprplladse', '--error-file', '/tmp/tmpzl3wei2g']
[2023-03-01 13:04:54,492] {standard_task_runner.py:77} INFO - Job 4506: Subtask get_age
[2023-03-01 13:04:54,677] {logging_mixin.py:104} INFO - Running <TaskInstance: with_python_operator.get_age 2022-12-03T01:05:00+00:00 [running]> on host abe4c4997ef7
[2023-03-01 13:04:54,803] {taskinstance.py:1283} INFO - Exporting the following env vars:
AIRFLOW_CTX_DAG_OWNER=dataheroes
AIRFLOW_CTX_DAG_ID=with_python_operator
AIRFLOW_CTX_TASK_ID=get_age
AIRFLOW_CTX_EXECUTION_DATE=2022-12-03T01:05:00+00:00
AIRFLOW_CTX_DAG_RUN_ID=scheduled__2022-12-03T01:05:00+00:00
[2023-03-01 13:04:54,882] {python.py:118} INFO - Done. Returned value was: None
[2023-03-01 13:04:54,925] {taskinstance.py:1192} INFO - Marking task as SUCCESS. dag_id=with_python_operator, task_id=get_age, execution_date=20221203T010500, start_date=20230301T130454, end_date=20230301T130454
[2023-03-01 13:04:55,162] {taskinstance.py:1246} INFO - 1 downstream tasks scheduled from follow-on schedule check
[2023-03-01 13:04:55,231] {local_task_job.py:146} INFO - Task exited with return code 0
