[2023-03-01 13:05:59,070] {taskinstance.py:877} INFO - Dependencies all met for <TaskInstance: with_python_operator.greet 2022-12-04T05:05:00+00:00 [queued]>
[2023-03-01 13:05:59,247] {taskinstance.py:877} INFO - Dependencies all met for <TaskInstance: with_python_operator.greet 2022-12-04T05:05:00+00:00 [queued]>
[2023-03-01 13:05:59,250] {taskinstance.py:1068} INFO - 
--------------------------------------------------------------------------------
[2023-03-01 13:05:59,252] {taskinstance.py:1069} INFO - Starting attempt 1 of 2
[2023-03-01 13:05:59,253] {taskinstance.py:1070} INFO - 
--------------------------------------------------------------------------------
[2023-03-01 13:05:59,343] {taskinstance.py:1089} INFO - Executing <Task(PythonOperator): greet> on 2022-12-04T05:05:00+00:00
[2023-03-01 13:05:59,349] {standard_task_runner.py:52} INFO - Started process 19235 to run task
[2023-03-01 13:05:59,391] {standard_task_runner.py:76} INFO - Running: ['airflow', 'tasks', 'run', 'with_python_operator', 'greet', '2022-12-04T05:05:00+00:00', '--job-id', '4598', '--pool', 'default_pool', '--raw', '--subdir', 'DAGS_FOLDER/02_python_operator.py', '--cfg-path', '/tmp/tmp0r7lowaz', '--error-file', '/tmp/tmpq76_sf0s']
[2023-03-01 13:05:59,393] {standard_task_runner.py:77} INFO - Job 4598: Subtask greet
[2023-03-01 13:05:59,887] {logging_mixin.py:104} INFO - Running <TaskInstance: with_python_operator.greet 2022-12-04T05:05:00+00:00 [running]> on host abe4c4997ef7
[2023-03-01 13:06:00,323] {taskinstance.py:1283} INFO - Exporting the following env vars:
AIRFLOW_CTX_DAG_OWNER=dataheroes
AIRFLOW_CTX_DAG_ID=with_python_operator
AIRFLOW_CTX_TASK_ID=greet
AIRFLOW_CTX_EXECUTION_DATE=2022-12-04T05:05:00+00:00
AIRFLOW_CTX_DAG_RUN_ID=scheduled__2022-12-04T05:05:00+00:00
[2023-03-01 13:06:00,327] {logging_mixin.py:104} INFO - some dict:  {'a': 1, 'b': 2}
[2023-03-01 13:06:00,591] {logging_mixin.py:104} INFO - Hello World! My name is Reza Primasatya, and I am 17 years old!
[2023-03-01 13:06:00,614] {python.py:118} INFO - Done. Returned value was: None
[2023-03-01 13:06:00,741] {taskinstance.py:1192} INFO - Marking task as SUCCESS. dag_id=with_python_operator, task_id=greet, execution_date=20221204T050500, start_date=20230301T130559, end_date=20230301T130600
[2023-03-01 13:06:01,025] {taskinstance.py:1246} INFO - 0 downstream tasks scheduled from follow-on schedule check
[2023-03-01 13:06:01,110] {local_task_job.py:146} INFO - Task exited with return code 0
