[2023-03-01 12:51:40,228] {taskinstance.py:877} INFO - Dependencies all met for <TaskInstance: with_python_operator.greet 2022-11-16T23:05:00+00:00 [queued]>
[2023-03-01 12:51:40,466] {taskinstance.py:877} INFO - Dependencies all met for <TaskInstance: with_python_operator.greet 2022-11-16T23:05:00+00:00 [queued]>
[2023-03-01 12:51:40,468] {taskinstance.py:1068} INFO - 
--------------------------------------------------------------------------------
[2023-03-01 12:51:40,469] {taskinstance.py:1069} INFO - Starting attempt 1 of 2
[2023-03-01 12:51:40,470] {taskinstance.py:1070} INFO - 
--------------------------------------------------------------------------------
[2023-03-01 12:51:40,628] {taskinstance.py:1089} INFO - Executing <Task(PythonOperator): greet> on 2022-11-16T23:05:00+00:00
[2023-03-01 12:51:40,653] {standard_task_runner.py:52} INFO - Started process 14227 to run task
[2023-03-01 12:51:40,745] {standard_task_runner.py:76} INFO - Running: ['airflow', 'tasks', 'run', 'with_python_operator', 'greet', '2022-11-16T23:05:00+00:00', '--job-id', '3350', '--pool', 'default_pool', '--raw', '--subdir', 'DAGS_FOLDER/02_python_operator.py', '--cfg-path', '/tmp/tmpie8ydvvs', '--error-file', '/tmp/tmp9ac1c9u7']
[2023-03-01 12:51:40,766] {standard_task_runner.py:77} INFO - Job 3350: Subtask greet
[2023-03-01 12:51:41,195] {logging_mixin.py:104} INFO - Running <TaskInstance: with_python_operator.greet 2022-11-16T23:05:00+00:00 [running]> on host abe4c4997ef7
[2023-03-01 12:51:41,558] {taskinstance.py:1283} INFO - Exporting the following env vars:
AIRFLOW_CTX_DAG_OWNER=dataheroes
AIRFLOW_CTX_DAG_ID=with_python_operator
AIRFLOW_CTX_TASK_ID=greet
AIRFLOW_CTX_EXECUTION_DATE=2022-11-16T23:05:00+00:00
AIRFLOW_CTX_DAG_RUN_ID=scheduled__2022-11-16T23:05:00+00:00
[2023-03-01 12:51:41,561] {logging_mixin.py:104} INFO - some dict:  {'a': 1, 'b': 2}
[2023-03-01 12:51:41,675] {logging_mixin.py:104} INFO - Hello World! My name is Reza Primasatya, and I am 17 years old!
[2023-03-01 12:51:41,676] {python.py:118} INFO - Done. Returned value was: None
[2023-03-01 12:51:41,741] {taskinstance.py:1192} INFO - Marking task as SUCCESS. dag_id=with_python_operator, task_id=greet, execution_date=20221116T230500, start_date=20230301T125140, end_date=20230301T125141
[2023-03-01 12:51:41,919] {taskinstance.py:1246} INFO - 0 downstream tasks scheduled from follow-on schedule check
[2023-03-01 12:51:42,026] {local_task_job.py:146} INFO - Task exited with return code 0
