[2023-03-01 12:39:17,730] {taskinstance.py:877} INFO - Dependencies all met for <TaskInstance: with_python_operator.greet 2022-11-03T04:05:00+00:00 [queued]>
[2023-03-01 12:39:17,842] {taskinstance.py:877} INFO - Dependencies all met for <TaskInstance: with_python_operator.greet 2022-11-03T04:05:00+00:00 [queued]>
[2023-03-01 12:39:17,847] {taskinstance.py:1068} INFO - 
--------------------------------------------------------------------------------
[2023-03-01 12:39:17,849] {taskinstance.py:1069} INFO - Starting attempt 1 of 2
[2023-03-01 12:39:17,850] {taskinstance.py:1070} INFO - 
--------------------------------------------------------------------------------
[2023-03-01 12:39:17,969] {taskinstance.py:1089} INFO - Executing <Task(PythonOperator): greet> on 2022-11-03T04:05:00+00:00
[2023-03-01 12:39:18,048] {standard_task_runner.py:76} INFO - Running: ['airflow', 'tasks', 'run', 'with_python_operator', 'greet', '2022-11-03T04:05:00+00:00', '--job-id', '2359', '--pool', 'default_pool', '--raw', '--subdir', 'DAGS_FOLDER/02_python_operator.py', '--cfg-path', '/tmp/tmp17i_05xb', '--error-file', '/tmp/tmppjfirg5d']
[2023-03-01 12:39:18,069] {standard_task_runner.py:77} INFO - Job 2359: Subtask greet
[2023-03-01 12:39:17,977] {standard_task_runner.py:52} INFO - Started process 10267 to run task
[2023-03-01 12:39:18,515] {logging_mixin.py:104} INFO - Running <TaskInstance: with_python_operator.greet 2022-11-03T04:05:00+00:00 [running]> on host abe4c4997ef7
[2023-03-01 12:39:18,781] {taskinstance.py:1283} INFO - Exporting the following env vars:
AIRFLOW_CTX_DAG_OWNER=dataheroes
AIRFLOW_CTX_DAG_ID=with_python_operator
AIRFLOW_CTX_TASK_ID=greet
AIRFLOW_CTX_EXECUTION_DATE=2022-11-03T04:05:00+00:00
AIRFLOW_CTX_DAG_RUN_ID=scheduled__2022-11-03T04:05:00+00:00
[2023-03-01 12:39:18,785] {logging_mixin.py:104} INFO - some dict:  {'a': 1, 'b': 2}
[2023-03-01 12:39:18,963] {logging_mixin.py:104} INFO - Hello World! My name is Reza Primasatya, and I am 17 years old!
[2023-03-01 12:39:18,965] {python.py:118} INFO - Done. Returned value was: None
[2023-03-01 12:39:19,109] {taskinstance.py:1192} INFO - Marking task as SUCCESS. dag_id=with_python_operator, task_id=greet, execution_date=20221103T040500, start_date=20230301T123917, end_date=20230301T123919
[2023-03-01 12:39:19,295] {taskinstance.py:1246} INFO - 0 downstream tasks scheduled from follow-on schedule check
[2023-03-01 12:39:19,416] {local_task_job.py:146} INFO - Task exited with return code 0
