[2023-03-01 12:29:17,876] {taskinstance.py:877} INFO - Dependencies all met for <TaskInstance: with_python_operator.get_age 2022-10-23T12:05:00+00:00 [queued]>
[2023-03-01 12:29:18,336] {taskinstance.py:877} INFO - Dependencies all met for <TaskInstance: with_python_operator.get_age 2022-10-23T12:05:00+00:00 [queued]>
[2023-03-01 12:29:18,342] {taskinstance.py:1068} INFO - 
--------------------------------------------------------------------------------
[2023-03-01 12:29:18,357] {taskinstance.py:1069} INFO - Starting attempt 1 of 2
[2023-03-01 12:29:18,358] {taskinstance.py:1070} INFO - 
--------------------------------------------------------------------------------
[2023-03-01 12:29:18,517] {taskinstance.py:1089} INFO - Executing <Task(PythonOperator): get_age> on 2022-10-23T12:05:00+00:00
[2023-03-01 12:29:18,563] {standard_task_runner.py:52} INFO - Started process 7115 to run task
[2023-03-01 12:29:18,646] {standard_task_runner.py:76} INFO - Running: ['airflow', 'tasks', 'run', 'with_python_operator', 'get_age', '2022-10-23T12:05:00+00:00', '--job-id', '1570', '--pool', 'default_pool', '--raw', '--subdir', 'DAGS_FOLDER/02_python_operator.py', '--cfg-path', '/tmp/tmpxas8nawf', '--error-file', '/tmp/tmpz9wf8tta']
[2023-03-01 12:29:18,668] {standard_task_runner.py:77} INFO - Job 1570: Subtask get_age
[2023-03-01 12:29:19,111] {logging_mixin.py:104} INFO - Running <TaskInstance: with_python_operator.get_age 2022-10-23T12:05:00+00:00 [running]> on host abe4c4997ef7
[2023-03-01 12:29:19,822] {taskinstance.py:1283} INFO - Exporting the following env vars:
AIRFLOW_CTX_DAG_OWNER=dataheroes
AIRFLOW_CTX_DAG_ID=with_python_operator
AIRFLOW_CTX_TASK_ID=get_age
AIRFLOW_CTX_EXECUTION_DATE=2022-10-23T12:05:00+00:00
AIRFLOW_CTX_DAG_RUN_ID=scheduled__2022-10-23T12:05:00+00:00
[2023-03-01 12:29:19,953] {python.py:118} INFO - Done. Returned value was: None
[2023-03-01 12:29:20,052] {taskinstance.py:1192} INFO - Marking task as SUCCESS. dag_id=with_python_operator, task_id=get_age, execution_date=20221023T120500, start_date=20230301T122917, end_date=20230301T122920
[2023-03-01 12:29:20,572] {taskinstance.py:1246} INFO - 0 downstream tasks scheduled from follow-on schedule check
[2023-03-01 12:29:20,760] {local_task_job.py:146} INFO - Task exited with return code 0
