[2023-03-01 13:12:46,595] {taskinstance.py:877} INFO - Dependencies all met for <TaskInstance: with_python_operator.greet 2022-12-11T16:05:00+00:00 [queued]>
[2023-03-01 13:12:46,925] {taskinstance.py:877} INFO - Dependencies all met for <TaskInstance: with_python_operator.greet 2022-12-11T16:05:00+00:00 [queued]>
[2023-03-01 13:12:46,941] {taskinstance.py:1068} INFO - 
--------------------------------------------------------------------------------
[2023-03-01 13:12:46,948] {taskinstance.py:1069} INFO - Starting attempt 1 of 2
[2023-03-01 13:12:46,950] {taskinstance.py:1070} INFO - 
--------------------------------------------------------------------------------
[2023-03-01 13:12:47,128] {taskinstance.py:1089} INFO - Executing <Task(PythonOperator): greet> on 2022-12-11T16:05:00+00:00
[2023-03-01 13:12:47,179] {standard_task_runner.py:76} INFO - Running: ['airflow', 'tasks', 'run', 'with_python_operator', 'greet', '2022-12-11T16:05:00+00:00', '--job-id', '5143', '--pool', 'default_pool', '--raw', '--subdir', 'DAGS_FOLDER/02_python_operator.py', '--cfg-path', '/tmp/tmpimaje6k6', '--error-file', '/tmp/tmp6ieub1h_']
[2023-03-01 13:12:47,184] {standard_task_runner.py:77} INFO - Job 5143: Subtask greet
[2023-03-01 13:12:47,181] {standard_task_runner.py:52} INFO - Started process 21427 to run task
[2023-03-01 13:12:48,001] {logging_mixin.py:104} INFO - Running <TaskInstance: with_python_operator.greet 2022-12-11T16:05:00+00:00 [running]> on host abe4c4997ef7
[2023-03-01 13:12:48,693] {taskinstance.py:1283} INFO - Exporting the following env vars:
AIRFLOW_CTX_DAG_OWNER=dataheroes
AIRFLOW_CTX_DAG_ID=with_python_operator
AIRFLOW_CTX_TASK_ID=greet
AIRFLOW_CTX_EXECUTION_DATE=2022-12-11T16:05:00+00:00
AIRFLOW_CTX_DAG_RUN_ID=scheduled__2022-12-11T16:05:00+00:00
[2023-03-01 13:12:48,699] {logging_mixin.py:104} INFO - some dict:  {'a': 1, 'b': 2}
[2023-03-01 13:12:48,864] {logging_mixin.py:104} INFO - Hello World! My name is Reza Primasatya, and I am 17 years old!
[2023-03-01 13:12:48,865] {python.py:118} INFO - Done. Returned value was: None
[2023-03-01 13:12:48,992] {taskinstance.py:1192} INFO - Marking task as SUCCESS. dag_id=with_python_operator, task_id=greet, execution_date=20221211T160500, start_date=20230301T131246, end_date=20230301T131248
[2023-03-01 13:12:49,542] {taskinstance.py:1246} INFO - 0 downstream tasks scheduled from follow-on schedule check
[2023-03-01 13:12:49,730] {local_task_job.py:146} INFO - Task exited with return code 0
