[2023-03-01 12:20:52,705] {taskinstance.py:877} INFO - Dependencies all met for <TaskInstance: with_python_operator.get_age 2022-10-14T19:05:00+00:00 [queued]>
[2023-03-01 12:20:52,998] {taskinstance.py:877} INFO - Dependencies all met for <TaskInstance: with_python_operator.get_age 2022-10-14T19:05:00+00:00 [queued]>
[2023-03-01 12:20:53,002] {taskinstance.py:1068} INFO - 
--------------------------------------------------------------------------------
[2023-03-01 12:20:53,007] {taskinstance.py:1069} INFO - Starting attempt 1 of 2
[2023-03-01 12:20:53,008] {taskinstance.py:1070} INFO - 
--------------------------------------------------------------------------------
[2023-03-01 12:20:53,176] {taskinstance.py:1089} INFO - Executing <Task(PythonOperator): get_age> on 2022-10-14T19:05:00+00:00
[2023-03-01 12:20:53,222] {standard_task_runner.py:52} INFO - Started process 4615 to run task
[2023-03-01 12:20:53,296] {standard_task_runner.py:76} INFO - Running: ['airflow', 'tasks', 'run', 'with_python_operator', 'get_age', '2022-10-14T19:05:00+00:00', '--job-id', '945', '--pool', 'default_pool', '--raw', '--subdir', 'DAGS_FOLDER/02_python_operator.py', '--cfg-path', '/tmp/tmp1nlkt8ci', '--error-file', '/tmp/tmpgs1e_qbk']
[2023-03-01 12:20:53,308] {standard_task_runner.py:77} INFO - Job 945: Subtask get_age
[2023-03-01 12:20:53,808] {logging_mixin.py:104} INFO - Running <TaskInstance: with_python_operator.get_age 2022-10-14T19:05:00+00:00 [running]> on host abe4c4997ef7
[2023-03-01 12:20:54,373] {taskinstance.py:1283} INFO - Exporting the following env vars:
AIRFLOW_CTX_DAG_OWNER=dataheroes
AIRFLOW_CTX_DAG_ID=with_python_operator
AIRFLOW_CTX_TASK_ID=get_age
AIRFLOW_CTX_EXECUTION_DATE=2022-10-14T19:05:00+00:00
AIRFLOW_CTX_DAG_RUN_ID=scheduled__2022-10-14T19:05:00+00:00
[2023-03-01 12:20:54,583] {python.py:118} INFO - Done. Returned value was: None
[2023-03-01 12:20:54,770] {taskinstance.py:1192} INFO - Marking task as SUCCESS. dag_id=with_python_operator, task_id=get_age, execution_date=20221014T190500, start_date=20230301T122052, end_date=20230301T122054
[2023-03-01 12:20:55,920] {taskinstance.py:1246} INFO - 0 downstream tasks scheduled from follow-on schedule check
[2023-03-01 12:20:56,059] {local_task_job.py:146} INFO - Task exited with return code 0
