[2023-03-01 12:56:59,326] {taskinstance.py:877} INFO - Dependencies all met for <TaskInstance: with_python_operator.get_name 2022-11-23T12:05:00+00:00 [queued]>
[2023-03-01 12:56:59,453] {taskinstance.py:877} INFO - Dependencies all met for <TaskInstance: with_python_operator.get_name 2022-11-23T12:05:00+00:00 [queued]>
[2023-03-01 12:56:59,455] {taskinstance.py:1068} INFO - 
--------------------------------------------------------------------------------
[2023-03-01 12:56:59,458] {taskinstance.py:1069} INFO - Starting attempt 1 of 2
[2023-03-01 12:56:59,461] {taskinstance.py:1070} INFO - 
--------------------------------------------------------------------------------
[2023-03-01 12:56:59,633] {taskinstance.py:1089} INFO - Executing <Task(PythonOperator): get_name> on 2022-11-23T12:05:00+00:00
[2023-03-01 12:56:59,664] {standard_task_runner.py:52} INFO - Started process 16067 to run task
[2023-03-01 12:56:59,719] {standard_task_runner.py:76} INFO - Running: ['airflow', 'tasks', 'run', 'with_python_operator', 'get_name', '2022-11-23T12:05:00+00:00', '--job-id', '3808', '--pool', 'default_pool', '--raw', '--subdir', 'DAGS_FOLDER/02_python_operator.py', '--cfg-path', '/tmp/tmpgjrjwa0v', '--error-file', '/tmp/tmptsdqa0n5']
[2023-03-01 12:56:59,736] {standard_task_runner.py:77} INFO - Job 3808: Subtask get_name
[2023-03-01 12:57:00,564] {logging_mixin.py:104} INFO - Running <TaskInstance: with_python_operator.get_name 2022-11-23T12:05:00+00:00 [running]> on host abe4c4997ef7
[2023-03-01 12:57:01,275] {taskinstance.py:1283} INFO - Exporting the following env vars:
AIRFLOW_CTX_DAG_OWNER=dataheroes
AIRFLOW_CTX_DAG_ID=with_python_operator
AIRFLOW_CTX_TASK_ID=get_name
AIRFLOW_CTX_EXECUTION_DATE=2022-11-23T12:05:00+00:00
AIRFLOW_CTX_DAG_RUN_ID=scheduled__2022-11-23T12:05:00+00:00
[2023-03-01 12:57:01,703] {python.py:118} INFO - Done. Returned value was: None
[2023-03-01 12:57:01,843] {taskinstance.py:1192} INFO - Marking task as SUCCESS. dag_id=with_python_operator, task_id=get_name, execution_date=20221123T120500, start_date=20230301T125659, end_date=20230301T125701
[2023-03-01 12:57:02,523] {taskinstance.py:1246} INFO - 0 downstream tasks scheduled from follow-on schedule check
[2023-03-01 12:57:02,645] {local_task_job.py:146} INFO - Task exited with return code 0
