[2023-03-01 12:54:41,864] {taskinstance.py:877} INFO - Dependencies all met for <TaskInstance: with_python_operator.get_age 2022-11-20T13:05:00+00:00 [queued]>
[2023-03-01 12:54:41,972] {taskinstance.py:877} INFO - Dependencies all met for <TaskInstance: with_python_operator.get_age 2022-11-20T13:05:00+00:00 [queued]>
[2023-03-01 12:54:41,977] {taskinstance.py:1068} INFO - 
--------------------------------------------------------------------------------
[2023-03-01 12:54:41,978] {taskinstance.py:1069} INFO - Starting attempt 1 of 2
[2023-03-01 12:54:41,985] {taskinstance.py:1070} INFO - 
--------------------------------------------------------------------------------
[2023-03-01 12:54:42,195] {taskinstance.py:1089} INFO - Executing <Task(PythonOperator): get_age> on 2022-11-20T13:05:00+00:00
[2023-03-01 12:54:42,206] {standard_task_runner.py:52} INFO - Started process 15213 to run task
[2023-03-01 12:54:42,251] {standard_task_runner.py:76} INFO - Running: ['airflow', 'tasks', 'run', 'with_python_operator', 'get_age', '2022-11-20T13:05:00+00:00', '--job-id', '3597', '--pool', 'default_pool', '--raw', '--subdir', 'DAGS_FOLDER/02_python_operator.py', '--cfg-path', '/tmp/tmpeq28ah0t', '--error-file', '/tmp/tmpar7jc6mh']
[2023-03-01 12:54:42,255] {standard_task_runner.py:77} INFO - Job 3597: Subtask get_age
[2023-03-01 12:54:42,742] {logging_mixin.py:104} INFO - Running <TaskInstance: with_python_operator.get_age 2022-11-20T13:05:00+00:00 [running]> on host abe4c4997ef7
[2023-03-01 12:54:43,097] {taskinstance.py:1283} INFO - Exporting the following env vars:
AIRFLOW_CTX_DAG_OWNER=dataheroes
AIRFLOW_CTX_DAG_ID=with_python_operator
AIRFLOW_CTX_TASK_ID=get_age
AIRFLOW_CTX_EXECUTION_DATE=2022-11-20T13:05:00+00:00
AIRFLOW_CTX_DAG_RUN_ID=scheduled__2022-11-20T13:05:00+00:00
[2023-03-01 12:54:43,184] {python.py:118} INFO - Done. Returned value was: None
[2023-03-01 12:54:43,266] {taskinstance.py:1192} INFO - Marking task as SUCCESS. dag_id=with_python_operator, task_id=get_age, execution_date=20221120T130500, start_date=20230301T125441, end_date=20230301T125443
[2023-03-01 12:54:43,583] {taskinstance.py:1246} INFO - 0 downstream tasks scheduled from follow-on schedule check
[2023-03-01 12:54:43,695] {local_task_job.py:146} INFO - Task exited with return code 0
