[2023-03-01 13:05:25,752] {taskinstance.py:877} INFO - Dependencies all met for <TaskInstance: with_python_operator.get_name 2022-12-03T17:05:00+00:00 [queued]>
[2023-03-01 13:05:26,068] {taskinstance.py:877} INFO - Dependencies all met for <TaskInstance: with_python_operator.get_name 2022-12-03T17:05:00+00:00 [queued]>
[2023-03-01 13:05:26,077] {taskinstance.py:1068} INFO - 
--------------------------------------------------------------------------------
[2023-03-01 13:05:26,086] {taskinstance.py:1069} INFO - Starting attempt 1 of 2
[2023-03-01 13:05:26,097] {taskinstance.py:1070} INFO - 
--------------------------------------------------------------------------------
[2023-03-01 13:05:26,192] {taskinstance.py:1089} INFO - Executing <Task(PythonOperator): get_name> on 2022-12-03T17:05:00+00:00
[2023-03-01 13:05:26,204] {standard_task_runner.py:52} INFO - Started process 19057 to run task
[2023-03-01 13:05:26,242] {standard_task_runner.py:76} INFO - Running: ['airflow', 'tasks', 'run', 'with_python_operator', 'get_name', '2022-12-03T17:05:00+00:00', '--job-id', '4550', '--pool', 'default_pool', '--raw', '--subdir', 'DAGS_FOLDER/02_python_operator.py', '--cfg-path', '/tmp/tmp9_dluywc', '--error-file', '/tmp/tmp7jdr5192']
[2023-03-01 13:05:26,245] {standard_task_runner.py:77} INFO - Job 4550: Subtask get_name
[2023-03-01 13:05:27,169] {logging_mixin.py:104} INFO - Running <TaskInstance: with_python_operator.get_name 2022-12-03T17:05:00+00:00 [running]> on host abe4c4997ef7
[2023-03-01 13:05:27,887] {taskinstance.py:1283} INFO - Exporting the following env vars:
AIRFLOW_CTX_DAG_OWNER=dataheroes
AIRFLOW_CTX_DAG_ID=with_python_operator
AIRFLOW_CTX_TASK_ID=get_name
AIRFLOW_CTX_EXECUTION_DATE=2022-12-03T17:05:00+00:00
AIRFLOW_CTX_DAG_RUN_ID=scheduled__2022-12-03T17:05:00+00:00
[2023-03-01 13:05:28,103] {python.py:118} INFO - Done. Returned value was: None
[2023-03-01 13:05:28,281] {taskinstance.py:1192} INFO - Marking task as SUCCESS. dag_id=with_python_operator, task_id=get_name, execution_date=20221203T170500, start_date=20230301T130525, end_date=20230301T130528
[2023-03-01 13:05:28,788] {taskinstance.py:1246} INFO - 1 downstream tasks scheduled from follow-on schedule check
[2023-03-01 13:05:28,926] {local_task_job.py:146} INFO - Task exited with return code 0
