[2023-03-01 12:49:13,626] {taskinstance.py:877} INFO - Dependencies all met for <TaskInstance: with_python_operator.get_name 2022-11-14T15:05:00+00:00 [queued]>
[2023-03-01 12:49:13,970] {taskinstance.py:877} INFO - Dependencies all met for <TaskInstance: with_python_operator.get_name 2022-11-14T15:05:00+00:00 [queued]>
[2023-03-01 12:49:13,975] {taskinstance.py:1068} INFO - 
--------------------------------------------------------------------------------
[2023-03-01 12:49:13,976] {taskinstance.py:1069} INFO - Starting attempt 1 of 2
[2023-03-01 12:49:13,977] {taskinstance.py:1070} INFO - 
--------------------------------------------------------------------------------
[2023-03-01 12:49:14,093] {taskinstance.py:1089} INFO - Executing <Task(PythonOperator): get_name> on 2022-11-14T15:05:00+00:00
[2023-03-01 12:49:14,111] {standard_task_runner.py:52} INFO - Started process 13495 to run task
[2023-03-01 12:49:14,174] {standard_task_runner.py:76} INFO - Running: ['airflow', 'tasks', 'run', 'with_python_operator', 'get_name', '2022-11-14T15:05:00+00:00', '--job-id', '3165', '--pool', 'default_pool', '--raw', '--subdir', 'DAGS_FOLDER/02_python_operator.py', '--cfg-path', '/tmp/tmp8n4eibpu', '--error-file', '/tmp/tmpk27w93vs']
[2023-03-01 12:49:14,183] {standard_task_runner.py:77} INFO - Job 3165: Subtask get_name
[2023-03-01 12:49:14,604] {logging_mixin.py:104} INFO - Running <TaskInstance: with_python_operator.get_name 2022-11-14T15:05:00+00:00 [running]> on host abe4c4997ef7
[2023-03-01 12:49:14,877] {taskinstance.py:1283} INFO - Exporting the following env vars:
AIRFLOW_CTX_DAG_OWNER=dataheroes
AIRFLOW_CTX_DAG_ID=with_python_operator
AIRFLOW_CTX_TASK_ID=get_name
AIRFLOW_CTX_EXECUTION_DATE=2022-11-14T15:05:00+00:00
AIRFLOW_CTX_DAG_RUN_ID=scheduled__2022-11-14T15:05:00+00:00
[2023-03-01 12:49:15,388] {python.py:118} INFO - Done. Returned value was: None
[2023-03-01 12:49:15,549] {taskinstance.py:1192} INFO - Marking task as SUCCESS. dag_id=with_python_operator, task_id=get_name, execution_date=20221114T150500, start_date=20230301T124913, end_date=20230301T124915
[2023-03-01 12:49:16,291] {taskinstance.py:1246} INFO - 1 downstream tasks scheduled from follow-on schedule check
[2023-03-01 12:49:16,415] {local_task_job.py:146} INFO - Task exited with return code 0
