[2023-03-01 13:09:52,277] {taskinstance.py:877} INFO - Dependencies all met for <TaskInstance: with_python_operator.greet 2022-12-08T01:05:00+00:00 [queued]>
[2023-03-01 13:09:52,558] {taskinstance.py:877} INFO - Dependencies all met for <TaskInstance: with_python_operator.greet 2022-12-08T01:05:00+00:00 [queued]>
[2023-03-01 13:09:52,560] {taskinstance.py:1068} INFO - 
--------------------------------------------------------------------------------
[2023-03-01 13:09:52,562] {taskinstance.py:1069} INFO - Starting attempt 1 of 2
[2023-03-01 13:09:52,563] {taskinstance.py:1070} INFO - 
--------------------------------------------------------------------------------
[2023-03-01 13:09:52,853] {taskinstance.py:1089} INFO - Executing <Task(PythonOperator): greet> on 2022-12-08T01:05:00+00:00
[2023-03-01 13:09:52,894] {standard_task_runner.py:52} INFO - Started process 20419 to run task
[2023-03-01 13:09:53,107] {standard_task_runner.py:76} INFO - Running: ['airflow', 'tasks', 'run', 'with_python_operator', 'greet', '2022-12-08T01:05:00+00:00', '--job-id', '4891', '--pool', 'default_pool', '--raw', '--subdir', 'DAGS_FOLDER/02_python_operator.py', '--cfg-path', '/tmp/tmpxxtgvsdr', '--error-file', '/tmp/tmpf32vuqf4']
[2023-03-01 13:09:53,121] {standard_task_runner.py:77} INFO - Job 4891: Subtask greet
[2023-03-01 13:09:53,994] {logging_mixin.py:104} INFO - Running <TaskInstance: with_python_operator.greet 2022-12-08T01:05:00+00:00 [running]> on host abe4c4997ef7
[2023-03-01 13:09:55,088] {taskinstance.py:1283} INFO - Exporting the following env vars:
AIRFLOW_CTX_DAG_OWNER=dataheroes
AIRFLOW_CTX_DAG_ID=with_python_operator
AIRFLOW_CTX_TASK_ID=greet
AIRFLOW_CTX_EXECUTION_DATE=2022-12-08T01:05:00+00:00
AIRFLOW_CTX_DAG_RUN_ID=scheduled__2022-12-08T01:05:00+00:00
[2023-03-01 13:09:55,112] {logging_mixin.py:104} INFO - some dict:  {'a': 1, 'b': 2}
[2023-03-01 13:09:55,386] {logging_mixin.py:104} INFO - Hello World! My name is Reza Primasatya, and I am 17 years old!
[2023-03-01 13:09:55,392] {python.py:118} INFO - Done. Returned value was: None
[2023-03-01 13:09:55,525] {taskinstance.py:1192} INFO - Marking task as SUCCESS. dag_id=with_python_operator, task_id=greet, execution_date=20221208T010500, start_date=20230301T130952, end_date=20230301T130955
[2023-03-01 13:09:55,709] {taskinstance.py:1246} INFO - 0 downstream tasks scheduled from follow-on schedule check
[2023-03-01 13:09:55,764] {local_task_job.py:146} INFO - Task exited with return code 0
