[2023-03-01 13:06:26,813] {taskinstance.py:877} INFO - Dependencies all met for <TaskInstance: with_python_operator.get_age 2022-12-05T01:05:00+00:00 [queued]>
[2023-03-01 13:06:27,105] {taskinstance.py:877} INFO - Dependencies all met for <TaskInstance: with_python_operator.get_age 2022-12-05T01:05:00+00:00 [queued]>
[2023-03-01 13:06:27,118] {taskinstance.py:1068} INFO - 
--------------------------------------------------------------------------------
[2023-03-01 13:06:27,131] {taskinstance.py:1069} INFO - Starting attempt 1 of 2
[2023-03-01 13:06:27,132] {taskinstance.py:1070} INFO - 
--------------------------------------------------------------------------------
[2023-03-01 13:06:27,338] {taskinstance.py:1089} INFO - Executing <Task(PythonOperator): get_age> on 2022-12-05T01:05:00+00:00
[2023-03-01 13:06:27,383] {standard_task_runner.py:52} INFO - Started process 19421 to run task
[2023-03-01 13:06:27,498] {standard_task_runner.py:76} INFO - Running: ['airflow', 'tasks', 'run', 'with_python_operator', 'get_age', '2022-12-05T01:05:00+00:00', '--job-id', '4642', '--pool', 'default_pool', '--raw', '--subdir', 'DAGS_FOLDER/02_python_operator.py', '--cfg-path', '/tmp/tmpiq2pa49u', '--error-file', '/tmp/tmpzvzmewb7']
[2023-03-01 13:06:27,502] {standard_task_runner.py:77} INFO - Job 4642: Subtask get_age
[2023-03-01 13:06:28,119] {logging_mixin.py:104} INFO - Running <TaskInstance: with_python_operator.get_age 2022-12-05T01:05:00+00:00 [running]> on host abe4c4997ef7
[2023-03-01 13:06:28,889] {taskinstance.py:1283} INFO - Exporting the following env vars:
AIRFLOW_CTX_DAG_OWNER=dataheroes
AIRFLOW_CTX_DAG_ID=with_python_operator
AIRFLOW_CTX_TASK_ID=get_age
AIRFLOW_CTX_EXECUTION_DATE=2022-12-05T01:05:00+00:00
AIRFLOW_CTX_DAG_RUN_ID=scheduled__2022-12-05T01:05:00+00:00
[2023-03-01 13:06:29,022] {python.py:118} INFO - Done. Returned value was: None
[2023-03-01 13:06:29,167] {taskinstance.py:1192} INFO - Marking task as SUCCESS. dag_id=with_python_operator, task_id=get_age, execution_date=20221205T010500, start_date=20230301T130626, end_date=20230301T130629
[2023-03-01 13:06:30,019] {taskinstance.py:1246} INFO - 0 downstream tasks scheduled from follow-on schedule check
[2023-03-01 13:06:30,097] {local_task_job.py:146} INFO - Task exited with return code 0
