[2023-03-01 12:50:00,788] {taskinstance.py:877} INFO - Dependencies all met for <TaskInstance: with_python_operator.get_age 2022-11-15T12:05:00+00:00 [queued]>
[2023-03-01 12:50:01,151] {taskinstance.py:877} INFO - Dependencies all met for <TaskInstance: with_python_operator.get_age 2022-11-15T12:05:00+00:00 [queued]>
[2023-03-01 12:50:01,173] {taskinstance.py:1068} INFO - 
--------------------------------------------------------------------------------
[2023-03-01 12:50:01,177] {taskinstance.py:1069} INFO - Starting attempt 1 of 2
[2023-03-01 12:50:01,178] {taskinstance.py:1070} INFO - 
--------------------------------------------------------------------------------
[2023-03-01 12:50:01,388] {taskinstance.py:1089} INFO - Executing <Task(PythonOperator): get_age> on 2022-11-15T12:05:00+00:00
[2023-03-01 12:50:01,579] {standard_task_runner.py:76} INFO - Running: ['airflow', 'tasks', 'run', 'with_python_operator', 'get_age', '2022-11-15T12:05:00+00:00', '--job-id', '3231', '--pool', 'default_pool', '--raw', '--subdir', 'DAGS_FOLDER/02_python_operator.py', '--cfg-path', '/tmp/tmpfrht8xw9', '--error-file', '/tmp/tmp5k_ae9xc']
[2023-03-01 12:50:01,581] {standard_task_runner.py:77} INFO - Job 3231: Subtask get_age
[2023-03-01 12:50:01,553] {standard_task_runner.py:52} INFO - Started process 13761 to run task
[2023-03-01 12:50:02,246] {logging_mixin.py:104} INFO - Running <TaskInstance: with_python_operator.get_age 2022-11-15T12:05:00+00:00 [running]> on host abe4c4997ef7
[2023-03-01 12:50:02,842] {taskinstance.py:1283} INFO - Exporting the following env vars:
AIRFLOW_CTX_DAG_OWNER=dataheroes
AIRFLOW_CTX_DAG_ID=with_python_operator
AIRFLOW_CTX_TASK_ID=get_age
AIRFLOW_CTX_EXECUTION_DATE=2022-11-15T12:05:00+00:00
AIRFLOW_CTX_DAG_RUN_ID=scheduled__2022-11-15T12:05:00+00:00
[2023-03-01 12:50:03,087] {python.py:118} INFO - Done. Returned value was: None
[2023-03-01 12:50:03,253] {taskinstance.py:1192} INFO - Marking task as SUCCESS. dag_id=with_python_operator, task_id=get_age, execution_date=20221115T120500, start_date=20230301T125000, end_date=20230301T125003
[2023-03-01 12:50:03,974] {taskinstance.py:1246} INFO - 0 downstream tasks scheduled from follow-on schedule check
[2023-03-01 12:50:04,160] {local_task_job.py:146} INFO - Task exited with return code 0
