[2023-03-01 12:26:16,844] {taskinstance.py:877} INFO - Dependencies all met for <TaskInstance: with_python_operator.greet 2022-10-19T21:05:00+00:00 [queued]>
[2023-03-01 12:26:17,089] {taskinstance.py:877} INFO - Dependencies all met for <TaskInstance: with_python_operator.greet 2022-10-19T21:05:00+00:00 [queued]>
[2023-03-01 12:26:17,091] {taskinstance.py:1068} INFO - 
--------------------------------------------------------------------------------
[2023-03-01 12:26:17,094] {taskinstance.py:1069} INFO - Starting attempt 1 of 2
[2023-03-01 12:26:17,097] {taskinstance.py:1070} INFO - 
--------------------------------------------------------------------------------
[2023-03-01 12:26:17,233] {taskinstance.py:1089} INFO - Executing <Task(PythonOperator): greet> on 2022-10-19T21:05:00+00:00
[2023-03-01 12:26:17,262] {standard_task_runner.py:52} INFO - Started process 6199 to run task
[2023-03-01 12:26:17,307] {standard_task_runner.py:76} INFO - Running: ['airflow', 'tasks', 'run', 'with_python_operator', 'greet', '2022-10-19T21:05:00+00:00', '--job-id', '1342', '--pool', 'default_pool', '--raw', '--subdir', 'DAGS_FOLDER/02_python_operator.py', '--cfg-path', '/tmp/tmppw4p002b', '--error-file', '/tmp/tmpo565gwlk']
[2023-03-01 12:26:17,312] {standard_task_runner.py:77} INFO - Job 1342: Subtask greet
[2023-03-01 12:26:17,882] {logging_mixin.py:104} INFO - Running <TaskInstance: with_python_operator.greet 2022-10-19T21:05:00+00:00 [running]> on host abe4c4997ef7
[2023-03-01 12:26:18,419] {taskinstance.py:1283} INFO - Exporting the following env vars:
AIRFLOW_CTX_DAG_OWNER=dataheroes
AIRFLOW_CTX_DAG_ID=with_python_operator
AIRFLOW_CTX_TASK_ID=greet
AIRFLOW_CTX_EXECUTION_DATE=2022-10-19T21:05:00+00:00
AIRFLOW_CTX_DAG_RUN_ID=scheduled__2022-10-19T21:05:00+00:00
[2023-03-01 12:26:18,430] {logging_mixin.py:104} INFO - some dict:  {'a': 1, 'b': 2}
[2023-03-01 12:26:18,595] {logging_mixin.py:104} INFO - Hello World! My name is Reza Primasatya, and I am 17 years old!
[2023-03-01 12:26:18,596] {python.py:118} INFO - Done. Returned value was: None
[2023-03-01 12:26:18,707] {taskinstance.py:1192} INFO - Marking task as SUCCESS. dag_id=with_python_operator, task_id=greet, execution_date=20221019T210500, start_date=20230301T122616, end_date=20230301T122618
[2023-03-01 12:26:18,954] {taskinstance.py:1246} INFO - 0 downstream tasks scheduled from follow-on schedule check
[2023-03-01 12:26:19,023] {local_task_job.py:146} INFO - Task exited with return code 0
