[2023-03-01 12:13:45,622] {taskinstance.py:877} INFO - Dependencies all met for <TaskInstance: with_python_operator.greet 2022-10-06T20:05:00+00:00 [queued]>
[2023-03-01 12:13:45,762] {taskinstance.py:877} INFO - Dependencies all met for <TaskInstance: with_python_operator.greet 2022-10-06T20:05:00+00:00 [queued]>
[2023-03-01 12:13:45,764] {taskinstance.py:1068} INFO - 
--------------------------------------------------------------------------------
[2023-03-01 12:13:45,766] {taskinstance.py:1069} INFO - Starting attempt 1 of 2
[2023-03-01 12:13:45,769] {taskinstance.py:1070} INFO - 
--------------------------------------------------------------------------------
[2023-03-01 12:13:45,853] {taskinstance.py:1089} INFO - Executing <Task(PythonOperator): greet> on 2022-10-06T20:05:00+00:00
[2023-03-01 12:13:45,878] {standard_task_runner.py:52} INFO - Started process 1991 to run task
[2023-03-01 12:13:45,900] {standard_task_runner.py:76} INFO - Running: ['airflow', 'tasks', 'run', 'with_python_operator', 'greet', '2022-10-06T20:05:00+00:00', '--job-id', '335', '--pool', 'default_pool', '--raw', '--subdir', 'DAGS_FOLDER/02_python_operator.py', '--cfg-path', '/tmp/tmpp76cf7i1', '--error-file', '/tmp/tmpvzkfpozl']
[2023-03-01 12:13:45,934] {standard_task_runner.py:77} INFO - Job 335: Subtask greet
[2023-03-01 12:13:46,400] {logging_mixin.py:104} INFO - Running <TaskInstance: with_python_operator.greet 2022-10-06T20:05:00+00:00 [running]> on host abe4c4997ef7
[2023-03-01 12:13:47,064] {taskinstance.py:1283} INFO - Exporting the following env vars:
AIRFLOW_CTX_DAG_OWNER=dataheroes
AIRFLOW_CTX_DAG_ID=with_python_operator
AIRFLOW_CTX_TASK_ID=greet
AIRFLOW_CTX_EXECUTION_DATE=2022-10-06T20:05:00+00:00
AIRFLOW_CTX_DAG_RUN_ID=scheduled__2022-10-06T20:05:00+00:00
[2023-03-01 12:13:47,079] {logging_mixin.py:104} INFO - some dict:  {'a': 1, 'b': 2}
[2023-03-01 12:13:47,213] {logging_mixin.py:104} INFO - Hello World! My name is Reza Primasatya, and I am 17 years old!
[2023-03-01 12:13:47,214] {python.py:118} INFO - Done. Returned value was: None
[2023-03-01 12:13:47,273] {taskinstance.py:1192} INFO - Marking task as SUCCESS. dag_id=with_python_operator, task_id=greet, execution_date=20221006T200500, start_date=20230301T121345, end_date=20230301T121347
[2023-03-01 12:13:47,422] {taskinstance.py:1246} INFO - 0 downstream tasks scheduled from follow-on schedule check
[2023-03-01 12:13:47,501] {local_task_job.py:146} INFO - Task exited with return code 0
