[2023-03-01 13:05:15,697] {taskinstance.py:877} INFO - Dependencies all met for <TaskInstance: with_python_operator.get_age 2022-12-03T12:05:00+00:00 [queued]>
[2023-03-01 13:05:15,834] {taskinstance.py:877} INFO - Dependencies all met for <TaskInstance: with_python_operator.get_age 2022-12-03T12:05:00+00:00 [queued]>
[2023-03-01 13:05:15,838] {taskinstance.py:1068} INFO - 
--------------------------------------------------------------------------------
[2023-03-01 13:05:15,839] {taskinstance.py:1069} INFO - Starting attempt 1 of 2
[2023-03-01 13:05:15,840] {taskinstance.py:1070} INFO - 
--------------------------------------------------------------------------------
[2023-03-01 13:05:15,997] {taskinstance.py:1089} INFO - Executing <Task(PythonOperator): get_age> on 2022-12-03T12:05:00+00:00
[2023-03-01 13:05:16,107] {standard_task_runner.py:76} INFO - Running: ['airflow', 'tasks', 'run', 'with_python_operator', 'get_age', '2022-12-03T12:05:00+00:00', '--job-id', '4535', '--pool', 'default_pool', '--raw', '--subdir', 'DAGS_FOLDER/02_python_operator.py', '--cfg-path', '/tmp/tmp2_w2i4pt', '--error-file', '/tmp/tmp6tmboo3d']
[2023-03-01 13:05:16,120] {standard_task_runner.py:77} INFO - Job 4535: Subtask get_age
[2023-03-01 13:05:16,069] {standard_task_runner.py:52} INFO - Started process 18987 to run task
[2023-03-01 13:05:16,595] {logging_mixin.py:104} INFO - Running <TaskInstance: with_python_operator.get_age 2022-12-03T12:05:00+00:00 [running]> on host abe4c4997ef7
[2023-03-01 13:05:17,220] {taskinstance.py:1283} INFO - Exporting the following env vars:
AIRFLOW_CTX_DAG_OWNER=dataheroes
AIRFLOW_CTX_DAG_ID=with_python_operator
AIRFLOW_CTX_TASK_ID=get_age
AIRFLOW_CTX_EXECUTION_DATE=2022-12-03T12:05:00+00:00
AIRFLOW_CTX_DAG_RUN_ID=scheduled__2022-12-03T12:05:00+00:00
[2023-03-01 13:05:17,352] {python.py:118} INFO - Done. Returned value was: None
[2023-03-01 13:05:17,531] {taskinstance.py:1192} INFO - Marking task as SUCCESS. dag_id=with_python_operator, task_id=get_age, execution_date=20221203T120500, start_date=20230301T130515, end_date=20230301T130517
[2023-03-01 13:05:17,907] {taskinstance.py:1246} INFO - 0 downstream tasks scheduled from follow-on schedule check
[2023-03-01 13:05:18,010] {local_task_job.py:146} INFO - Task exited with return code 0
