[2023-03-01 12:19:51,459] {taskinstance.py:877} INFO - Dependencies all met for <TaskInstance: with_python_operator.greet 2022-10-13T09:05:00+00:00 [queued]>
[2023-03-01 12:19:51,866] {taskinstance.py:877} INFO - Dependencies all met for <TaskInstance: with_python_operator.greet 2022-10-13T09:05:00+00:00 [queued]>
[2023-03-01 12:19:51,874] {taskinstance.py:1068} INFO - 
--------------------------------------------------------------------------------
[2023-03-01 12:19:51,880] {taskinstance.py:1069} INFO - Starting attempt 1 of 2
[2023-03-01 12:19:51,887] {taskinstance.py:1070} INFO - 
--------------------------------------------------------------------------------
[2023-03-01 12:19:52,194] {taskinstance.py:1089} INFO - Executing <Task(PythonOperator): greet> on 2022-10-13T09:05:00+00:00
[2023-03-01 12:19:52,247] {standard_task_runner.py:52} INFO - Started process 4307 to run task
[2023-03-01 12:19:52,370] {standard_task_runner.py:76} INFO - Running: ['airflow', 'tasks', 'run', 'with_python_operator', 'greet', '2022-10-13T09:05:00+00:00', '--job-id', '869', '--pool', 'default_pool', '--raw', '--subdir', 'DAGS_FOLDER/02_python_operator.py', '--cfg-path', '/tmp/tmpxg9gl8u5', '--error-file', '/tmp/tmpisvg59fe']
[2023-03-01 12:19:52,382] {standard_task_runner.py:77} INFO - Job 869: Subtask greet
[2023-03-01 12:19:53,172] {logging_mixin.py:104} INFO - Running <TaskInstance: with_python_operator.greet 2022-10-13T09:05:00+00:00 [running]> on host abe4c4997ef7
[2023-03-01 12:19:53,750] {taskinstance.py:1283} INFO - Exporting the following env vars:
AIRFLOW_CTX_DAG_OWNER=dataheroes
AIRFLOW_CTX_DAG_ID=with_python_operator
AIRFLOW_CTX_TASK_ID=greet
AIRFLOW_CTX_EXECUTION_DATE=2022-10-13T09:05:00+00:00
AIRFLOW_CTX_DAG_RUN_ID=scheduled__2022-10-13T09:05:00+00:00
[2023-03-01 12:19:53,760] {logging_mixin.py:104} INFO - some dict:  {'a': 1, 'b': 2}
[2023-03-01 12:19:53,997] {logging_mixin.py:104} INFO - Hello World! My name is Reza Primasatya, and I am 17 years old!
[2023-03-01 12:19:54,000] {python.py:118} INFO - Done. Returned value was: None
[2023-03-01 12:19:54,122] {taskinstance.py:1192} INFO - Marking task as SUCCESS. dag_id=with_python_operator, task_id=greet, execution_date=20221013T090500, start_date=20230301T121951, end_date=20230301T121954
[2023-03-01 12:19:54,790] {taskinstance.py:1246} INFO - 0 downstream tasks scheduled from follow-on schedule check
[2023-03-01 12:19:54,937] {local_task_job.py:146} INFO - Task exited with return code 0
