[2023-03-01 12:19:00,597] {taskinstance.py:877} INFO - Dependencies all met for <TaskInstance: with_python_operator.get_name 2022-10-12T20:05:00+00:00 [queued]>
[2023-03-01 12:19:00,766] {taskinstance.py:877} INFO - Dependencies all met for <TaskInstance: with_python_operator.get_name 2022-10-12T20:05:00+00:00 [queued]>
[2023-03-01 12:19:00,774] {taskinstance.py:1068} INFO - 
--------------------------------------------------------------------------------
[2023-03-01 12:19:00,776] {taskinstance.py:1069} INFO - Starting attempt 1 of 2
[2023-03-01 12:19:00,777] {taskinstance.py:1070} INFO - 
--------------------------------------------------------------------------------
[2023-03-01 12:19:00,911] {taskinstance.py:1089} INFO - Executing <Task(PythonOperator): get_name> on 2022-10-12T20:05:00+00:00
[2023-03-01 12:19:00,939] {standard_task_runner.py:52} INFO - Started process 4055 to run task
[2023-03-01 12:19:00,983] {standard_task_runner.py:76} INFO - Running: ['airflow', 'tasks', 'run', 'with_python_operator', 'get_name', '2022-10-12T20:05:00+00:00', '--job-id', '808', '--pool', 'default_pool', '--raw', '--subdir', 'DAGS_FOLDER/02_python_operator.py', '--cfg-path', '/tmp/tmpwjti4b90', '--error-file', '/tmp/tmpzikwu5_1']
[2023-03-01 12:19:00,988] {standard_task_runner.py:77} INFO - Job 808: Subtask get_name
[2023-03-01 12:19:01,429] {logging_mixin.py:104} INFO - Running <TaskInstance: with_python_operator.get_name 2022-10-12T20:05:00+00:00 [running]> on host abe4c4997ef7
[2023-03-01 12:19:01,854] {taskinstance.py:1283} INFO - Exporting the following env vars:
AIRFLOW_CTX_DAG_OWNER=dataheroes
AIRFLOW_CTX_DAG_ID=with_python_operator
AIRFLOW_CTX_TASK_ID=get_name
AIRFLOW_CTX_EXECUTION_DATE=2022-10-12T20:05:00+00:00
AIRFLOW_CTX_DAG_RUN_ID=scheduled__2022-10-12T20:05:00+00:00
[2023-03-01 12:19:02,002] {python.py:118} INFO - Done. Returned value was: None
[2023-03-01 12:19:02,133] {taskinstance.py:1192} INFO - Marking task as SUCCESS. dag_id=with_python_operator, task_id=get_name, execution_date=20221012T200500, start_date=20230301T121900, end_date=20230301T121902
[2023-03-01 12:19:02,271] {taskinstance.py:1246} INFO - 1 downstream tasks scheduled from follow-on schedule check
[2023-03-01 12:19:02,309] {local_task_job.py:146} INFO - Task exited with return code 0
