[2023-03-01 13:01:48,721] {taskinstance.py:877} INFO - Dependencies all met for <TaskInstance: with_python_operator.get_name 2022-11-28T19:05:00+00:00 [queued]>
[2023-03-01 13:01:48,790] {taskinstance.py:877} INFO - Dependencies all met for <TaskInstance: with_python_operator.get_name 2022-11-28T19:05:00+00:00 [queued]>
[2023-03-01 13:01:48,791] {taskinstance.py:1068} INFO - 
--------------------------------------------------------------------------------
[2023-03-01 13:01:48,792] {taskinstance.py:1069} INFO - Starting attempt 1 of 2
[2023-03-01 13:01:48,793] {taskinstance.py:1070} INFO - 
--------------------------------------------------------------------------------
[2023-03-01 13:01:48,853] {taskinstance.py:1089} INFO - Executing <Task(PythonOperator): get_name> on 2022-11-28T19:05:00+00:00
[2023-03-01 13:01:48,859] {standard_task_runner.py:52} INFO - Started process 17620 to run task
[2023-03-01 13:01:48,893] {standard_task_runner.py:76} INFO - Running: ['airflow', 'tasks', 'run', 'with_python_operator', 'get_name', '2022-11-28T19:05:00+00:00', '--job-id', '4198', '--pool', 'default_pool', '--raw', '--subdir', 'DAGS_FOLDER/02_python_operator.py', '--cfg-path', '/tmp/tmpbvzlx3a4', '--error-file', '/tmp/tmpkdbsurn7']
[2023-03-01 13:01:48,895] {standard_task_runner.py:77} INFO - Job 4198: Subtask get_name
[2023-03-01 13:01:49,141] {logging_mixin.py:104} INFO - Running <TaskInstance: with_python_operator.get_name 2022-11-28T19:05:00+00:00 [running]> on host abe4c4997ef7
[2023-03-01 13:01:49,328] {taskinstance.py:1283} INFO - Exporting the following env vars:
AIRFLOW_CTX_DAG_OWNER=dataheroes
AIRFLOW_CTX_DAG_ID=with_python_operator
AIRFLOW_CTX_TASK_ID=get_name
AIRFLOW_CTX_EXECUTION_DATE=2022-11-28T19:05:00+00:00
AIRFLOW_CTX_DAG_RUN_ID=scheduled__2022-11-28T19:05:00+00:00
[2023-03-01 13:01:49,449] {python.py:118} INFO - Done. Returned value was: None
[2023-03-01 13:01:49,499] {taskinstance.py:1192} INFO - Marking task as SUCCESS. dag_id=with_python_operator, task_id=get_name, execution_date=20221128T190500, start_date=20230301T130148, end_date=20230301T130149
[2023-03-01 13:01:49,657] {taskinstance.py:1246} INFO - 1 downstream tasks scheduled from follow-on schedule check
[2023-03-01 13:01:49,680] {local_task_job.py:146} INFO - Task exited with return code 0
