[2023-03-01 12:26:07,034] {taskinstance.py:877} INFO - Dependencies all met for <TaskInstance: with_python_operator.get_age 2022-10-20T01:05:00+00:00 [queued]>
[2023-03-01 12:26:07,206] {taskinstance.py:877} INFO - Dependencies all met for <TaskInstance: with_python_operator.get_age 2022-10-20T01:05:00+00:00 [queued]>
[2023-03-01 12:26:07,207] {taskinstance.py:1068} INFO - 
--------------------------------------------------------------------------------
[2023-03-01 12:26:07,208] {taskinstance.py:1069} INFO - Starting attempt 1 of 2
[2023-03-01 12:26:07,209] {taskinstance.py:1070} INFO - 
--------------------------------------------------------------------------------
[2023-03-01 12:26:07,408] {taskinstance.py:1089} INFO - Executing <Task(PythonOperator): get_age> on 2022-10-20T01:05:00+00:00
[2023-03-01 12:26:07,472] {standard_task_runner.py:52} INFO - Started process 6139 to run task
[2023-03-01 12:26:07,553] {standard_task_runner.py:76} INFO - Running: ['airflow', 'tasks', 'run', 'with_python_operator', 'get_age', '2022-10-20T01:05:00+00:00', '--job-id', '1326', '--pool', 'default_pool', '--raw', '--subdir', 'DAGS_FOLDER/02_python_operator.py', '--cfg-path', '/tmp/tmpgijh5to0', '--error-file', '/tmp/tmpd5kagxvb']
[2023-03-01 12:26:07,587] {standard_task_runner.py:77} INFO - Job 1326: Subtask get_age
[2023-03-01 12:26:08,257] {logging_mixin.py:104} INFO - Running <TaskInstance: with_python_operator.get_age 2022-10-20T01:05:00+00:00 [running]> on host abe4c4997ef7
[2023-03-01 12:26:08,758] {taskinstance.py:1283} INFO - Exporting the following env vars:
AIRFLOW_CTX_DAG_OWNER=dataheroes
AIRFLOW_CTX_DAG_ID=with_python_operator
AIRFLOW_CTX_TASK_ID=get_age
AIRFLOW_CTX_EXECUTION_DATE=2022-10-20T01:05:00+00:00
AIRFLOW_CTX_DAG_RUN_ID=scheduled__2022-10-20T01:05:00+00:00
[2023-03-01 12:26:08,910] {python.py:118} INFO - Done. Returned value was: None
[2023-03-01 12:26:09,061] {taskinstance.py:1192} INFO - Marking task as SUCCESS. dag_id=with_python_operator, task_id=get_age, execution_date=20221020T010500, start_date=20230301T122607, end_date=20230301T122609
[2023-03-01 12:26:09,744] {taskinstance.py:1246} INFO - 0 downstream tasks scheduled from follow-on schedule check
[2023-03-01 12:26:09,812] {local_task_job.py:146} INFO - Task exited with return code 0
