[2023-03-01 13:13:54,611] {taskinstance.py:877} INFO - Dependencies all met for <TaskInstance: with_python_operator.get_name 2022-12-13T08:05:00+00:00 [queued]>
[2023-03-01 13:13:54,860] {taskinstance.py:877} INFO - Dependencies all met for <TaskInstance: with_python_operator.get_name 2022-12-13T08:05:00+00:00 [queued]>
[2023-03-01 13:13:54,862] {taskinstance.py:1068} INFO - 
--------------------------------------------------------------------------------
[2023-03-01 13:13:54,865] {taskinstance.py:1069} INFO - Starting attempt 1 of 2
[2023-03-01 13:13:54,866] {taskinstance.py:1070} INFO - 
--------------------------------------------------------------------------------
[2023-03-01 13:13:55,059] {taskinstance.py:1089} INFO - Executing <Task(PythonOperator): get_name> on 2022-12-13T08:05:00+00:00
[2023-03-01 13:13:55,067] {standard_task_runner.py:52} INFO - Started process 21809 to run task
[2023-03-01 13:13:55,130] {standard_task_runner.py:76} INFO - Running: ['airflow', 'tasks', 'run', 'with_python_operator', 'get_name', '2022-12-13T08:05:00+00:00', '--job-id', '5239', '--pool', 'default_pool', '--raw', '--subdir', 'DAGS_FOLDER/02_python_operator.py', '--cfg-path', '/tmp/tmpla9ng5_x', '--error-file', '/tmp/tmptx_ir4xj']
[2023-03-01 13:13:55,134] {standard_task_runner.py:77} INFO - Job 5239: Subtask get_name
[2023-03-01 13:13:55,843] {logging_mixin.py:104} INFO - Running <TaskInstance: with_python_operator.get_name 2022-12-13T08:05:00+00:00 [running]> on host abe4c4997ef7
[2023-03-01 13:13:56,733] {taskinstance.py:1283} INFO - Exporting the following env vars:
AIRFLOW_CTX_DAG_OWNER=dataheroes
AIRFLOW_CTX_DAG_ID=with_python_operator
AIRFLOW_CTX_TASK_ID=get_name
AIRFLOW_CTX_EXECUTION_DATE=2022-12-13T08:05:00+00:00
AIRFLOW_CTX_DAG_RUN_ID=scheduled__2022-12-13T08:05:00+00:00
[2023-03-01 13:13:56,938] {python.py:118} INFO - Done. Returned value was: None
[2023-03-01 13:13:57,076] {taskinstance.py:1192} INFO - Marking task as SUCCESS. dag_id=with_python_operator, task_id=get_name, execution_date=20221213T080500, start_date=20230301T131354, end_date=20230301T131357
[2023-03-01 13:13:58,200] {taskinstance.py:1246} INFO - 0 downstream tasks scheduled from follow-on schedule check
[2023-03-01 13:13:58,439] {local_task_job.py:146} INFO - Task exited with return code 0
