[2023-03-01 12:19:52,479] {taskinstance.py:877} INFO - Dependencies all met for <TaskInstance: with_python_operator.get_age 2022-10-13T17:05:00+00:00 [queued]>
[2023-03-01 12:19:52,985] {taskinstance.py:877} INFO - Dependencies all met for <TaskInstance: with_python_operator.get_age 2022-10-13T17:05:00+00:00 [queued]>
[2023-03-01 12:19:52,986] {taskinstance.py:1068} INFO - 
--------------------------------------------------------------------------------
[2023-03-01 12:19:52,988] {taskinstance.py:1069} INFO - Starting attempt 1 of 2
[2023-03-01 12:19:52,992] {taskinstance.py:1070} INFO - 
--------------------------------------------------------------------------------
[2023-03-01 12:19:53,208] {taskinstance.py:1089} INFO - Executing <Task(PythonOperator): get_age> on 2022-10-13T17:05:00+00:00
[2023-03-01 12:19:53,257] {standard_task_runner.py:52} INFO - Started process 4313 to run task
[2023-03-01 12:19:53,388] {standard_task_runner.py:76} INFO - Running: ['airflow', 'tasks', 'run', 'with_python_operator', 'get_age', '2022-10-13T17:05:00+00:00', '--job-id', '870', '--pool', 'default_pool', '--raw', '--subdir', 'DAGS_FOLDER/02_python_operator.py', '--cfg-path', '/tmp/tmp0av1tvao', '--error-file', '/tmp/tmpjesgd_75']
[2023-03-01 12:19:53,407] {standard_task_runner.py:77} INFO - Job 870: Subtask get_age
[2023-03-01 12:19:54,201] {logging_mixin.py:104} INFO - Running <TaskInstance: with_python_operator.get_age 2022-10-13T17:05:00+00:00 [running]> on host abe4c4997ef7
[2023-03-01 12:19:54,962] {taskinstance.py:1283} INFO - Exporting the following env vars:
AIRFLOW_CTX_DAG_OWNER=dataheroes
AIRFLOW_CTX_DAG_ID=with_python_operator
AIRFLOW_CTX_TASK_ID=get_age
AIRFLOW_CTX_EXECUTION_DATE=2022-10-13T17:05:00+00:00
AIRFLOW_CTX_DAG_RUN_ID=scheduled__2022-10-13T17:05:00+00:00
[2023-03-01 12:19:55,032] {python.py:118} INFO - Done. Returned value was: None
[2023-03-01 12:19:55,244] {taskinstance.py:1192} INFO - Marking task as SUCCESS. dag_id=with_python_operator, task_id=get_age, execution_date=20221013T170500, start_date=20230301T121952, end_date=20230301T121955
[2023-03-01 12:19:55,788] {taskinstance.py:1246} INFO - 1 downstream tasks scheduled from follow-on schedule check
[2023-03-01 12:19:55,886] {local_task_job.py:146} INFO - Task exited with return code 0
