[2023-03-01 12:31:22,155] {taskinstance.py:877} INFO - Dependencies all met for <TaskInstance: with_python_operator.get_age 2022-10-25T16:05:00+00:00 [queued]>
[2023-03-01 12:31:22,393] {taskinstance.py:877} INFO - Dependencies all met for <TaskInstance: with_python_operator.get_age 2022-10-25T16:05:00+00:00 [queued]>
[2023-03-01 12:31:22,402] {taskinstance.py:1068} INFO - 
--------------------------------------------------------------------------------
[2023-03-01 12:31:22,404] {taskinstance.py:1069} INFO - Starting attempt 1 of 2
[2023-03-01 12:31:22,410] {taskinstance.py:1070} INFO - 
--------------------------------------------------------------------------------
[2023-03-01 12:31:22,603] {taskinstance.py:1089} INFO - Executing <Task(PythonOperator): get_age> on 2022-10-25T16:05:00+00:00
[2023-03-01 12:31:22,683] {standard_task_runner.py:76} INFO - Running: ['airflow', 'tasks', 'run', 'with_python_operator', 'get_age', '2022-10-25T16:05:00+00:00', '--job-id', '1728', '--pool', 'default_pool', '--raw', '--subdir', 'DAGS_FOLDER/02_python_operator.py', '--cfg-path', '/tmp/tmpze_v1li3', '--error-file', '/tmp/tmpva5s9g5j']
[2023-03-01 12:31:22,690] {standard_task_runner.py:77} INFO - Job 1728: Subtask get_age
[2023-03-01 12:31:22,635] {standard_task_runner.py:52} INFO - Started process 7741 to run task
[2023-03-01 12:31:23,257] {logging_mixin.py:104} INFO - Running <TaskInstance: with_python_operator.get_age 2022-10-25T16:05:00+00:00 [running]> on host abe4c4997ef7
[2023-03-01 12:31:23,736] {taskinstance.py:1283} INFO - Exporting the following env vars:
AIRFLOW_CTX_DAG_OWNER=dataheroes
AIRFLOW_CTX_DAG_ID=with_python_operator
AIRFLOW_CTX_TASK_ID=get_age
AIRFLOW_CTX_EXECUTION_DATE=2022-10-25T16:05:00+00:00
AIRFLOW_CTX_DAG_RUN_ID=scheduled__2022-10-25T16:05:00+00:00
[2023-03-01 12:31:23,879] {python.py:118} INFO - Done. Returned value was: None
[2023-03-01 12:31:24,014] {taskinstance.py:1192} INFO - Marking task as SUCCESS. dag_id=with_python_operator, task_id=get_age, execution_date=20221025T160500, start_date=20230301T123122, end_date=20230301T123124
[2023-03-01 12:31:24,656] {taskinstance.py:1246} INFO - 1 downstream tasks scheduled from follow-on schedule check
[2023-03-01 12:31:24,864] {local_task_job.py:146} INFO - Task exited with return code 0
