[2023-03-01 12:18:45,681] {taskinstance.py:877} INFO - Dependencies all met for <TaskInstance: with_python_operator.get_name 2022-10-12T13:05:00+00:00 [queued]>
[2023-03-01 12:18:45,904] {taskinstance.py:877} INFO - Dependencies all met for <TaskInstance: with_python_operator.get_name 2022-10-12T13:05:00+00:00 [queued]>
[2023-03-01 12:18:45,906] {taskinstance.py:1068} INFO - 
--------------------------------------------------------------------------------
[2023-03-01 12:18:45,910] {taskinstance.py:1069} INFO - Starting attempt 1 of 2
[2023-03-01 12:18:45,919] {taskinstance.py:1070} INFO - 
--------------------------------------------------------------------------------
[2023-03-01 12:18:46,135] {taskinstance.py:1089} INFO - Executing <Task(PythonOperator): get_name> on 2022-10-12T13:05:00+00:00
[2023-03-01 12:18:46,209] {standard_task_runner.py:52} INFO - Started process 3969 to run task
[2023-03-01 12:18:46,332] {standard_task_runner.py:76} INFO - Running: ['airflow', 'tasks', 'run', 'with_python_operator', 'get_name', '2022-10-12T13:05:00+00:00', '--job-id', '784', '--pool', 'default_pool', '--raw', '--subdir', 'DAGS_FOLDER/02_python_operator.py', '--cfg-path', '/tmp/tmp__ukc_3q', '--error-file', '/tmp/tmp4idrorl_']
[2023-03-01 12:18:46,370] {standard_task_runner.py:77} INFO - Job 784: Subtask get_name
[2023-03-01 12:18:47,024] {logging_mixin.py:104} INFO - Running <TaskInstance: with_python_operator.get_name 2022-10-12T13:05:00+00:00 [running]> on host abe4c4997ef7
[2023-03-01 12:18:47,725] {taskinstance.py:1283} INFO - Exporting the following env vars:
AIRFLOW_CTX_DAG_OWNER=dataheroes
AIRFLOW_CTX_DAG_ID=with_python_operator
AIRFLOW_CTX_TASK_ID=get_name
AIRFLOW_CTX_EXECUTION_DATE=2022-10-12T13:05:00+00:00
AIRFLOW_CTX_DAG_RUN_ID=scheduled__2022-10-12T13:05:00+00:00
[2023-03-01 12:18:48,213] {python.py:118} INFO - Done. Returned value was: None
[2023-03-01 12:18:48,397] {taskinstance.py:1192} INFO - Marking task as SUCCESS. dag_id=with_python_operator, task_id=get_name, execution_date=20221012T130500, start_date=20230301T121845, end_date=20230301T121848
[2023-03-01 12:18:49,053] {taskinstance.py:1246} INFO - 0 downstream tasks scheduled from follow-on schedule check
[2023-03-01 12:18:49,196] {local_task_job.py:146} INFO - Task exited with return code 0
