[2023-03-01 12:37:17,012] {taskinstance.py:877} INFO - Dependencies all met for <TaskInstance: with_python_operator.get_age 2022-11-01T01:05:00+00:00 [queued]>
[2023-03-01 12:37:17,240] {taskinstance.py:877} INFO - Dependencies all met for <TaskInstance: with_python_operator.get_age 2022-11-01T01:05:00+00:00 [queued]>
[2023-03-01 12:37:17,242] {taskinstance.py:1068} INFO - 
--------------------------------------------------------------------------------
[2023-03-01 12:37:17,244] {taskinstance.py:1069} INFO - Starting attempt 1 of 2
[2023-03-01 12:37:17,249] {taskinstance.py:1070} INFO - 
--------------------------------------------------------------------------------
[2023-03-01 12:37:17,388] {taskinstance.py:1089} INFO - Executing <Task(PythonOperator): get_age> on 2022-11-01T01:05:00+00:00
[2023-03-01 12:37:17,420] {standard_task_runner.py:52} INFO - Started process 9604 to run task
[2023-03-01 12:37:17,509] {standard_task_runner.py:76} INFO - Running: ['airflow', 'tasks', 'run', 'with_python_operator', 'get_age', '2022-11-01T01:05:00+00:00', '--job-id', '2194', '--pool', 'default_pool', '--raw', '--subdir', 'DAGS_FOLDER/02_python_operator.py', '--cfg-path', '/tmp/tmpqu6svhca', '--error-file', '/tmp/tmpoc5tinfn']
[2023-03-01 12:37:17,512] {standard_task_runner.py:77} INFO - Job 2194: Subtask get_age
[2023-03-01 12:37:18,256] {logging_mixin.py:104} INFO - Running <TaskInstance: with_python_operator.get_age 2022-11-01T01:05:00+00:00 [running]> on host abe4c4997ef7
[2023-03-01 12:37:18,850] {taskinstance.py:1283} INFO - Exporting the following env vars:
AIRFLOW_CTX_DAG_OWNER=dataheroes
AIRFLOW_CTX_DAG_ID=with_python_operator
AIRFLOW_CTX_TASK_ID=get_age
AIRFLOW_CTX_EXECUTION_DATE=2022-11-01T01:05:00+00:00
AIRFLOW_CTX_DAG_RUN_ID=scheduled__2022-11-01T01:05:00+00:00
[2023-03-01 12:37:18,986] {python.py:118} INFO - Done. Returned value was: None
[2023-03-01 12:37:19,118] {taskinstance.py:1192} INFO - Marking task as SUCCESS. dag_id=with_python_operator, task_id=get_age, execution_date=20221101T010500, start_date=20230301T123717, end_date=20230301T123719
[2023-03-01 12:37:19,548] {taskinstance.py:1246} INFO - 1 downstream tasks scheduled from follow-on schedule check
[2023-03-01 12:37:19,704] {local_task_job.py:146} INFO - Task exited with return code 0
