[2023-03-01 12:44:49,451] {taskinstance.py:877} INFO - Dependencies all met for <TaskInstance: with_python_operator.get_name 2022-11-09T14:05:00+00:00 [queued]>
[2023-03-01 12:44:49,890] {taskinstance.py:877} INFO - Dependencies all met for <TaskInstance: with_python_operator.get_name 2022-11-09T14:05:00+00:00 [queued]>
[2023-03-01 12:44:49,902] {taskinstance.py:1068} INFO - 
--------------------------------------------------------------------------------
[2023-03-01 12:44:49,906] {taskinstance.py:1069} INFO - Starting attempt 1 of 2
[2023-03-01 12:44:49,919] {taskinstance.py:1070} INFO - 
--------------------------------------------------------------------------------
[2023-03-01 12:44:50,085] {taskinstance.py:1089} INFO - Executing <Task(PythonOperator): get_name> on 2022-11-09T14:05:00+00:00
[2023-03-01 12:44:50,115] {standard_task_runner.py:52} INFO - Started process 12053 to run task
[2023-03-01 12:44:50,198] {standard_task_runner.py:76} INFO - Running: ['airflow', 'tasks', 'run', 'with_python_operator', 'get_name', '2022-11-09T14:05:00+00:00', '--job-id', '2805', '--pool', 'default_pool', '--raw', '--subdir', 'DAGS_FOLDER/02_python_operator.py', '--cfg-path', '/tmp/tmp589c31ou', '--error-file', '/tmp/tmprurph5lr']
[2023-03-01 12:44:50,224] {standard_task_runner.py:77} INFO - Job 2805: Subtask get_name
[2023-03-01 12:44:50,916] {logging_mixin.py:104} INFO - Running <TaskInstance: with_python_operator.get_name 2022-11-09T14:05:00+00:00 [running]> on host abe4c4997ef7
[2023-03-01 12:44:51,502] {taskinstance.py:1283} INFO - Exporting the following env vars:
AIRFLOW_CTX_DAG_OWNER=dataheroes
AIRFLOW_CTX_DAG_ID=with_python_operator
AIRFLOW_CTX_TASK_ID=get_name
AIRFLOW_CTX_EXECUTION_DATE=2022-11-09T14:05:00+00:00
AIRFLOW_CTX_DAG_RUN_ID=scheduled__2022-11-09T14:05:00+00:00
[2023-03-01 12:44:51,640] {python.py:118} INFO - Done. Returned value was: None
[2023-03-01 12:44:51,735] {taskinstance.py:1192} INFO - Marking task as SUCCESS. dag_id=with_python_operator, task_id=get_name, execution_date=20221109T140500, start_date=20230301T124449, end_date=20230301T124451
[2023-03-01 12:44:52,390] {taskinstance.py:1246} INFO - 1 downstream tasks scheduled from follow-on schedule check
[2023-03-01 12:44:52,484] {local_task_job.py:146} INFO - Task exited with return code 0
