[2023-03-01 13:06:26,453] {taskinstance.py:877} INFO - Dependencies all met for <TaskInstance: with_python_operator.get_age 2022-12-05T00:05:00+00:00 [queued]>
[2023-03-01 13:06:26,725] {taskinstance.py:877} INFO - Dependencies all met for <TaskInstance: with_python_operator.get_age 2022-12-05T00:05:00+00:00 [queued]>
[2023-03-01 13:06:26,748] {taskinstance.py:1068} INFO - 
--------------------------------------------------------------------------------
[2023-03-01 13:06:26,751] {taskinstance.py:1069} INFO - Starting attempt 1 of 2
[2023-03-01 13:06:26,753] {taskinstance.py:1070} INFO - 
--------------------------------------------------------------------------------
[2023-03-01 13:06:26,972] {taskinstance.py:1089} INFO - Executing <Task(PythonOperator): get_age> on 2022-12-05T00:05:00+00:00
[2023-03-01 13:06:27,023] {standard_task_runner.py:52} INFO - Started process 19417 to run task
[2023-03-01 13:06:27,118] {standard_task_runner.py:76} INFO - Running: ['airflow', 'tasks', 'run', 'with_python_operator', 'get_age', '2022-12-05T00:05:00+00:00', '--job-id', '4640', '--pool', 'default_pool', '--raw', '--subdir', 'DAGS_FOLDER/02_python_operator.py', '--cfg-path', '/tmp/tmpvqizrpks', '--error-file', '/tmp/tmplmor1evs']
[2023-03-01 13:06:27,132] {standard_task_runner.py:77} INFO - Job 4640: Subtask get_age
[2023-03-01 13:06:28,183] {logging_mixin.py:104} INFO - Running <TaskInstance: with_python_operator.get_age 2022-12-05T00:05:00+00:00 [running]> on host abe4c4997ef7
[2023-03-01 13:06:29,152] {taskinstance.py:1283} INFO - Exporting the following env vars:
AIRFLOW_CTX_DAG_OWNER=dataheroes
AIRFLOW_CTX_DAG_ID=with_python_operator
AIRFLOW_CTX_TASK_ID=get_age
AIRFLOW_CTX_EXECUTION_DATE=2022-12-05T00:05:00+00:00
AIRFLOW_CTX_DAG_RUN_ID=scheduled__2022-12-05T00:05:00+00:00
[2023-03-01 13:06:29,344] {python.py:118} INFO - Done. Returned value was: None
[2023-03-01 13:06:29,563] {taskinstance.py:1192} INFO - Marking task as SUCCESS. dag_id=with_python_operator, task_id=get_age, execution_date=20221205T000500, start_date=20230301T130626, end_date=20230301T130629
[2023-03-01 13:06:30,049] {taskinstance.py:1246} INFO - 1 downstream tasks scheduled from follow-on schedule check
[2023-03-01 13:06:30,161] {local_task_job.py:146} INFO - Task exited with return code 0
