[2023-03-01 13:16:16,466] {taskinstance.py:877} INFO - Dependencies all met for <TaskInstance: with_python_operator.get_name 2022-12-15T22:05:00+00:00 [queued]>
[2023-03-01 13:16:16,636] {taskinstance.py:877} INFO - Dependencies all met for <TaskInstance: with_python_operator.get_name 2022-12-15T22:05:00+00:00 [queued]>
[2023-03-01 13:16:16,640] {taskinstance.py:1068} INFO - 
--------------------------------------------------------------------------------
[2023-03-01 13:16:16,641] {taskinstance.py:1069} INFO - Starting attempt 1 of 2
[2023-03-01 13:16:16,642] {taskinstance.py:1070} INFO - 
--------------------------------------------------------------------------------
[2023-03-01 13:16:16,733] {taskinstance.py:1089} INFO - Executing <Task(PythonOperator): get_name> on 2022-12-15T22:05:00+00:00
[2023-03-01 13:16:16,757] {standard_task_runner.py:52} INFO - Started process 22573 to run task
[2023-03-01 13:16:16,815] {standard_task_runner.py:76} INFO - Running: ['airflow', 'tasks', 'run', 'with_python_operator', 'get_name', '2022-12-15T22:05:00+00:00', '--job-id', '5432', '--pool', 'default_pool', '--raw', '--subdir', 'DAGS_FOLDER/02_python_operator.py', '--cfg-path', '/tmp/tmpoi5it2d2', '--error-file', '/tmp/tmp571t9alc']
[2023-03-01 13:16:16,825] {standard_task_runner.py:77} INFO - Job 5432: Subtask get_name
[2023-03-01 13:16:17,277] {logging_mixin.py:104} INFO - Running <TaskInstance: with_python_operator.get_name 2022-12-15T22:05:00+00:00 [running]> on host abe4c4997ef7
[2023-03-01 13:16:17,675] {taskinstance.py:1283} INFO - Exporting the following env vars:
AIRFLOW_CTX_DAG_OWNER=dataheroes
AIRFLOW_CTX_DAG_ID=with_python_operator
AIRFLOW_CTX_TASK_ID=get_name
AIRFLOW_CTX_EXECUTION_DATE=2022-12-15T22:05:00+00:00
AIRFLOW_CTX_DAG_RUN_ID=scheduled__2022-12-15T22:05:00+00:00
[2023-03-01 13:16:17,752] {python.py:118} INFO - Done. Returned value was: None
[2023-03-01 13:16:17,782] {taskinstance.py:1192} INFO - Marking task as SUCCESS. dag_id=with_python_operator, task_id=get_name, execution_date=20221215T220500, start_date=20230301T131616, end_date=20230301T131617
[2023-03-01 13:16:18,200] {taskinstance.py:1246} INFO - 0 downstream tasks scheduled from follow-on schedule check
[2023-03-01 13:16:18,235] {local_task_job.py:146} INFO - Task exited with return code 0
