[2023-03-01 12:14:47,623] {taskinstance.py:877} INFO - Dependencies all met for <TaskInstance: with_python_operator.get_age 2022-10-08T03:05:00+00:00 [queued]>
[2023-03-01 12:14:47,666] {taskinstance.py:877} INFO - Dependencies all met for <TaskInstance: with_python_operator.get_age 2022-10-08T03:05:00+00:00 [queued]>
[2023-03-01 12:14:47,668] {taskinstance.py:1068} INFO - 
--------------------------------------------------------------------------------
[2023-03-01 12:14:47,672] {taskinstance.py:1069} INFO - Starting attempt 1 of 2
[2023-03-01 12:14:47,673] {taskinstance.py:1070} INFO - 
--------------------------------------------------------------------------------
[2023-03-01 12:14:47,740] {taskinstance.py:1089} INFO - Executing <Task(PythonOperator): get_age> on 2022-10-08T03:05:00+00:00
[2023-03-01 12:14:47,746] {standard_task_runner.py:52} INFO - Started process 2290 to run task
[2023-03-01 12:14:47,771] {standard_task_runner.py:76} INFO - Running: ['airflow', 'tasks', 'run', 'with_python_operator', 'get_age', '2022-10-08T03:05:00+00:00', '--job-id', '412', '--pool', 'default_pool', '--raw', '--subdir', 'DAGS_FOLDER/02_python_operator.py', '--cfg-path', '/tmp/tmpjq9yowwu', '--error-file', '/tmp/tmpxjg6snaq']
[2023-03-01 12:14:47,773] {standard_task_runner.py:77} INFO - Job 412: Subtask get_age
[2023-03-01 12:14:48,129] {logging_mixin.py:104} INFO - Running <TaskInstance: with_python_operator.get_age 2022-10-08T03:05:00+00:00 [running]> on host abe4c4997ef7
[2023-03-01 12:14:48,330] {taskinstance.py:1283} INFO - Exporting the following env vars:
AIRFLOW_CTX_DAG_OWNER=dataheroes
AIRFLOW_CTX_DAG_ID=with_python_operator
AIRFLOW_CTX_TASK_ID=get_age
AIRFLOW_CTX_EXECUTION_DATE=2022-10-08T03:05:00+00:00
AIRFLOW_CTX_DAG_RUN_ID=scheduled__2022-10-08T03:05:00+00:00
[2023-03-01 12:14:48,398] {python.py:118} INFO - Done. Returned value was: None
[2023-03-01 12:14:48,450] {taskinstance.py:1192} INFO - Marking task as SUCCESS. dag_id=with_python_operator, task_id=get_age, execution_date=20221008T030500, start_date=20230301T121447, end_date=20230301T121448
[2023-03-01 12:14:49,258] {taskinstance.py:1246} INFO - 1 downstream tasks scheduled from follow-on schedule check
[2023-03-01 12:14:49,349] {local_task_job.py:146} INFO - Task exited with return code 0
