[2023-03-01 12:59:22,543] {taskinstance.py:877} INFO - Dependencies all met for <TaskInstance: with_python_operator.get_age 2022-11-26T08:05:00+00:00 [queued]>
[2023-03-01 12:59:22,814] {taskinstance.py:877} INFO - Dependencies all met for <TaskInstance: with_python_operator.get_age 2022-11-26T08:05:00+00:00 [queued]>
[2023-03-01 12:59:22,823] {taskinstance.py:1068} INFO - 
--------------------------------------------------------------------------------
[2023-03-01 12:59:22,824] {taskinstance.py:1069} INFO - Starting attempt 1 of 2
[2023-03-01 12:59:22,827] {taskinstance.py:1070} INFO - 
--------------------------------------------------------------------------------
[2023-03-01 12:59:22,972] {taskinstance.py:1089} INFO - Executing <Task(PythonOperator): get_age> on 2022-11-26T08:05:00+00:00
[2023-03-01 12:59:22,985] {standard_task_runner.py:52} INFO - Started process 16879 to run task
[2023-03-01 12:59:23,036] {standard_task_runner.py:76} INFO - Running: ['airflow', 'tasks', 'run', 'with_python_operator', 'get_age', '2022-11-26T08:05:00+00:00', '--job-id', '4010', '--pool', 'default_pool', '--raw', '--subdir', 'DAGS_FOLDER/02_python_operator.py', '--cfg-path', '/tmp/tmpuypwcgty', '--error-file', '/tmp/tmp34p07q4x']
[2023-03-01 12:59:23,042] {standard_task_runner.py:77} INFO - Job 4010: Subtask get_age
[2023-03-01 12:59:23,449] {logging_mixin.py:104} INFO - Running <TaskInstance: with_python_operator.get_age 2022-11-26T08:05:00+00:00 [running]> on host abe4c4997ef7
[2023-03-01 12:59:23,923] {taskinstance.py:1283} INFO - Exporting the following env vars:
AIRFLOW_CTX_DAG_OWNER=dataheroes
AIRFLOW_CTX_DAG_ID=with_python_operator
AIRFLOW_CTX_TASK_ID=get_age
AIRFLOW_CTX_EXECUTION_DATE=2022-11-26T08:05:00+00:00
AIRFLOW_CTX_DAG_RUN_ID=scheduled__2022-11-26T08:05:00+00:00
[2023-03-01 12:59:24,068] {python.py:118} INFO - Done. Returned value was: None
[2023-03-01 12:59:24,170] {taskinstance.py:1192} INFO - Marking task as SUCCESS. dag_id=with_python_operator, task_id=get_age, execution_date=20221126T080500, start_date=20230301T125922, end_date=20230301T125924
[2023-03-01 12:59:24,510] {taskinstance.py:1246} INFO - 0 downstream tasks scheduled from follow-on schedule check
[2023-03-01 12:59:24,607] {local_task_job.py:146} INFO - Task exited with return code 0
