[2023-03-01 12:48:44,496] {taskinstance.py:877} INFO - Dependencies all met for <TaskInstance: with_python_operator.greet 2022-11-13T17:05:00+00:00 [queued]>
[2023-03-01 12:48:44,831] {taskinstance.py:877} INFO - Dependencies all met for <TaskInstance: with_python_operator.greet 2022-11-13T17:05:00+00:00 [queued]>
[2023-03-01 12:48:44,832] {taskinstance.py:1068} INFO - 
--------------------------------------------------------------------------------
[2023-03-01 12:48:44,834] {taskinstance.py:1069} INFO - Starting attempt 1 of 2
[2023-03-01 12:48:44,835] {taskinstance.py:1070} INFO - 
--------------------------------------------------------------------------------
[2023-03-01 12:48:44,952] {taskinstance.py:1089} INFO - Executing <Task(PythonOperator): greet> on 2022-11-13T17:05:00+00:00
[2023-03-01 12:48:44,977] {standard_task_runner.py:52} INFO - Started process 13313 to run task
[2023-03-01 12:48:45,053] {standard_task_runner.py:76} INFO - Running: ['airflow', 'tasks', 'run', 'with_python_operator', 'greet', '2022-11-13T17:05:00+00:00', '--job-id', '3120', '--pool', 'default_pool', '--raw', '--subdir', 'DAGS_FOLDER/02_python_operator.py', '--cfg-path', '/tmp/tmpc9smwex9', '--error-file', '/tmp/tmpzpw1m_e2']
[2023-03-01 12:48:45,067] {standard_task_runner.py:77} INFO - Job 3120: Subtask greet
[2023-03-01 12:48:45,917] {logging_mixin.py:104} INFO - Running <TaskInstance: with_python_operator.greet 2022-11-13T17:05:00+00:00 [running]> on host abe4c4997ef7
[2023-03-01 12:48:46,442] {taskinstance.py:1283} INFO - Exporting the following env vars:
AIRFLOW_CTX_DAG_OWNER=dataheroes
AIRFLOW_CTX_DAG_ID=with_python_operator
AIRFLOW_CTX_TASK_ID=greet
AIRFLOW_CTX_EXECUTION_DATE=2022-11-13T17:05:00+00:00
AIRFLOW_CTX_DAG_RUN_ID=scheduled__2022-11-13T17:05:00+00:00
[2023-03-01 12:48:46,458] {logging_mixin.py:104} INFO - some dict:  {'a': 1, 'b': 2}
[2023-03-01 12:48:46,766] {logging_mixin.py:104} INFO - Hello World! My name is Reza Primasatya, and I am 17 years old!
[2023-03-01 12:48:46,800] {python.py:118} INFO - Done. Returned value was: None
[2023-03-01 12:48:46,963] {taskinstance.py:1192} INFO - Marking task as SUCCESS. dag_id=with_python_operator, task_id=greet, execution_date=20221113T170500, start_date=20230301T124844, end_date=20230301T124846
[2023-03-01 12:48:47,204] {taskinstance.py:1246} INFO - 0 downstream tasks scheduled from follow-on schedule check
[2023-03-01 12:48:47,318] {local_task_job.py:146} INFO - Task exited with return code 0
