[2023-03-01 13:12:06,330] {taskinstance.py:877} INFO - Dependencies all met for <TaskInstance: with_python_operator.get_name 2022-12-10T23:05:00+00:00 [queued]>
[2023-03-01 13:12:06,379] {taskinstance.py:877} INFO - Dependencies all met for <TaskInstance: with_python_operator.get_name 2022-12-10T23:05:00+00:00 [queued]>
[2023-03-01 13:12:06,381] {taskinstance.py:1068} INFO - 
--------------------------------------------------------------------------------
[2023-03-01 13:12:06,383] {taskinstance.py:1069} INFO - Starting attempt 1 of 2
[2023-03-01 13:12:06,384] {taskinstance.py:1070} INFO - 
--------------------------------------------------------------------------------
[2023-03-01 13:12:06,427] {taskinstance.py:1089} INFO - Executing <Task(PythonOperator): get_name> on 2022-12-10T23:05:00+00:00
[2023-03-01 13:12:06,437] {standard_task_runner.py:52} INFO - Started process 21143 to run task
[2023-03-01 13:12:06,479] {standard_task_runner.py:76} INFO - Running: ['airflow', 'tasks', 'run', 'with_python_operator', 'get_name', '2022-12-10T23:05:00+00:00', '--job-id', '5076', '--pool', 'default_pool', '--raw', '--subdir', 'DAGS_FOLDER/02_python_operator.py', '--cfg-path', '/tmp/tmpkvhfng6j', '--error-file', '/tmp/tmp9xrnep07']
[2023-03-01 13:12:06,481] {standard_task_runner.py:77} INFO - Job 5076: Subtask get_name
[2023-03-01 13:12:06,686] {logging_mixin.py:104} INFO - Running <TaskInstance: with_python_operator.get_name 2022-12-10T23:05:00+00:00 [running]> on host abe4c4997ef7
[2023-03-01 13:12:06,899] {taskinstance.py:1283} INFO - Exporting the following env vars:
AIRFLOW_CTX_DAG_OWNER=dataheroes
AIRFLOW_CTX_DAG_ID=with_python_operator
AIRFLOW_CTX_TASK_ID=get_name
AIRFLOW_CTX_EXECUTION_DATE=2022-12-10T23:05:00+00:00
AIRFLOW_CTX_DAG_RUN_ID=scheduled__2022-12-10T23:05:00+00:00
[2023-03-01 13:12:07,035] {python.py:118} INFO - Done. Returned value was: None
[2023-03-01 13:12:07,069] {taskinstance.py:1192} INFO - Marking task as SUCCESS. dag_id=with_python_operator, task_id=get_name, execution_date=20221210T230500, start_date=20230301T131206, end_date=20230301T131207
[2023-03-01 13:12:07,217] {taskinstance.py:1246} INFO - 1 downstream tasks scheduled from follow-on schedule check
[2023-03-01 13:12:07,262] {local_task_job.py:146} INFO - Task exited with return code 0
