[2023-03-01 12:54:58,589] {taskinstance.py:877} INFO - Dependencies all met for <TaskInstance: with_python_operator.get_age 2022-11-20T22:05:00+00:00 [queued]>
[2023-03-01 12:54:58,879] {taskinstance.py:877} INFO - Dependencies all met for <TaskInstance: with_python_operator.get_age 2022-11-20T22:05:00+00:00 [queued]>
[2023-03-01 12:54:58,880] {taskinstance.py:1068} INFO - 
--------------------------------------------------------------------------------
[2023-03-01 12:54:58,882] {taskinstance.py:1069} INFO - Starting attempt 1 of 2
[2023-03-01 12:54:58,885] {taskinstance.py:1070} INFO - 
--------------------------------------------------------------------------------
[2023-03-01 12:54:59,011] {taskinstance.py:1089} INFO - Executing <Task(PythonOperator): get_age> on 2022-11-20T22:05:00+00:00
[2023-03-01 12:54:59,031] {standard_task_runner.py:52} INFO - Started process 15329 to run task
[2023-03-01 12:54:59,085] {standard_task_runner.py:76} INFO - Running: ['airflow', 'tasks', 'run', 'with_python_operator', 'get_age', '2022-11-20T22:05:00+00:00', '--job-id', '3623', '--pool', 'default_pool', '--raw', '--subdir', 'DAGS_FOLDER/02_python_operator.py', '--cfg-path', '/tmp/tmpyn7st9k8', '--error-file', '/tmp/tmpr8m3p2dp']
[2023-03-01 12:54:59,090] {standard_task_runner.py:77} INFO - Job 3623: Subtask get_age
[2023-03-01 12:54:59,902] {logging_mixin.py:104} INFO - Running <TaskInstance: with_python_operator.get_age 2022-11-20T22:05:00+00:00 [running]> on host abe4c4997ef7
[2023-03-01 12:55:00,304] {taskinstance.py:1283} INFO - Exporting the following env vars:
AIRFLOW_CTX_DAG_OWNER=dataheroes
AIRFLOW_CTX_DAG_ID=with_python_operator
AIRFLOW_CTX_TASK_ID=get_age
AIRFLOW_CTX_EXECUTION_DATE=2022-11-20T22:05:00+00:00
AIRFLOW_CTX_DAG_RUN_ID=scheduled__2022-11-20T22:05:00+00:00
[2023-03-01 12:55:00,435] {python.py:118} INFO - Done. Returned value was: None
[2023-03-01 12:55:00,528] {taskinstance.py:1192} INFO - Marking task as SUCCESS. dag_id=with_python_operator, task_id=get_age, execution_date=20221120T220500, start_date=20230301T125458, end_date=20230301T125500
[2023-03-01 12:55:01,069] {taskinstance.py:1246} INFO - 0 downstream tasks scheduled from follow-on schedule check
[2023-03-01 12:55:01,211] {local_task_job.py:146} INFO - Task exited with return code 0
