[2023-03-01 12:45:58,634] {taskinstance.py:877} INFO - Dependencies all met for <TaskInstance: with_python_operator.greet 2022-11-10T13:05:00+00:00 [queued]>
[2023-03-01 12:45:58,836] {taskinstance.py:877} INFO - Dependencies all met for <TaskInstance: with_python_operator.greet 2022-11-10T13:05:00+00:00 [queued]>
[2023-03-01 12:45:58,852] {taskinstance.py:1068} INFO - 
--------------------------------------------------------------------------------
[2023-03-01 12:45:58,853] {taskinstance.py:1069} INFO - Starting attempt 1 of 2
[2023-03-01 12:45:58,854] {taskinstance.py:1070} INFO - 
--------------------------------------------------------------------------------
[2023-03-01 12:45:59,075] {taskinstance.py:1089} INFO - Executing <Task(PythonOperator): greet> on 2022-11-10T13:05:00+00:00
[2023-03-01 12:45:59,120] {standard_task_runner.py:52} INFO - Started process 12453 to run task
[2023-03-01 12:45:59,212] {standard_task_runner.py:76} INFO - Running: ['airflow', 'tasks', 'run', 'with_python_operator', 'greet', '2022-11-10T13:05:00+00:00', '--job-id', '2904', '--pool', 'default_pool', '--raw', '--subdir', 'DAGS_FOLDER/02_python_operator.py', '--cfg-path', '/tmp/tmprau9nf3n', '--error-file', '/tmp/tmp4n3khg_2']
[2023-03-01 12:45:59,233] {standard_task_runner.py:77} INFO - Job 2904: Subtask greet
[2023-03-01 12:45:59,940] {logging_mixin.py:104} INFO - Running <TaskInstance: with_python_operator.greet 2022-11-10T13:05:00+00:00 [running]> on host abe4c4997ef7
[2023-03-01 12:46:00,595] {taskinstance.py:1283} INFO - Exporting the following env vars:
AIRFLOW_CTX_DAG_OWNER=dataheroes
AIRFLOW_CTX_DAG_ID=with_python_operator
AIRFLOW_CTX_TASK_ID=greet
AIRFLOW_CTX_EXECUTION_DATE=2022-11-10T13:05:00+00:00
AIRFLOW_CTX_DAG_RUN_ID=scheduled__2022-11-10T13:05:00+00:00
[2023-03-01 12:46:00,600] {logging_mixin.py:104} INFO - some dict:  {'a': 1, 'b': 2}
[2023-03-01 12:46:00,838] {logging_mixin.py:104} INFO - Hello World! My name is Reza Primasatya, and I am 17 years old!
[2023-03-01 12:46:00,848] {python.py:118} INFO - Done. Returned value was: None
[2023-03-01 12:46:01,001] {taskinstance.py:1192} INFO - Marking task as SUCCESS. dag_id=with_python_operator, task_id=greet, execution_date=20221110T130500, start_date=20230301T124558, end_date=20230301T124600
[2023-03-01 12:46:01,538] {taskinstance.py:1246} INFO - 0 downstream tasks scheduled from follow-on schedule check
[2023-03-01 12:46:01,675] {local_task_job.py:146} INFO - Task exited with return code 0
