[2023-03-01 12:37:16,086] {taskinstance.py:877} INFO - Dependencies all met for <TaskInstance: with_python_operator.get_name 2022-11-01T00:05:00+00:00 [queued]>
[2023-03-01 12:37:16,249] {taskinstance.py:877} INFO - Dependencies all met for <TaskInstance: with_python_operator.get_name 2022-11-01T00:05:00+00:00 [queued]>
[2023-03-01 12:37:16,254] {taskinstance.py:1068} INFO - 
--------------------------------------------------------------------------------
[2023-03-01 12:37:16,278] {taskinstance.py:1069} INFO - Starting attempt 1 of 2
[2023-03-01 12:37:16,280] {taskinstance.py:1070} INFO - 
--------------------------------------------------------------------------------
[2023-03-01 12:37:16,410] {taskinstance.py:1089} INFO - Executing <Task(PythonOperator): get_name> on 2022-11-01T00:05:00+00:00
[2023-03-01 12:37:16,433] {standard_task_runner.py:52} INFO - Started process 9591 to run task
[2023-03-01 12:37:16,484] {standard_task_runner.py:76} INFO - Running: ['airflow', 'tasks', 'run', 'with_python_operator', 'get_name', '2022-11-01T00:05:00+00:00', '--job-id', '2190', '--pool', 'default_pool', '--raw', '--subdir', 'DAGS_FOLDER/02_python_operator.py', '--cfg-path', '/tmp/tmp57mai37a', '--error-file', '/tmp/tmp0c1079vw']
[2023-03-01 12:37:16,494] {standard_task_runner.py:77} INFO - Job 2190: Subtask get_name
[2023-03-01 12:37:17,301] {logging_mixin.py:104} INFO - Running <TaskInstance: with_python_operator.get_name 2022-11-01T00:05:00+00:00 [running]> on host abe4c4997ef7
[2023-03-01 12:37:17,726] {taskinstance.py:1283} INFO - Exporting the following env vars:
AIRFLOW_CTX_DAG_OWNER=dataheroes
AIRFLOW_CTX_DAG_ID=with_python_operator
AIRFLOW_CTX_TASK_ID=get_name
AIRFLOW_CTX_EXECUTION_DATE=2022-11-01T00:05:00+00:00
AIRFLOW_CTX_DAG_RUN_ID=scheduled__2022-11-01T00:05:00+00:00
[2023-03-01 12:37:17,971] {python.py:118} INFO - Done. Returned value was: None
[2023-03-01 12:37:18,117] {taskinstance.py:1192} INFO - Marking task as SUCCESS. dag_id=with_python_operator, task_id=get_name, execution_date=20221101T000500, start_date=20230301T123716, end_date=20230301T123718
[2023-03-01 12:37:18,424] {taskinstance.py:1246} INFO - 1 downstream tasks scheduled from follow-on schedule check
[2023-03-01 12:37:18,499] {local_task_job.py:146} INFO - Task exited with return code 0
