[2023-03-01 12:49:39,093] {taskinstance.py:877} INFO - Dependencies all met for <TaskInstance: with_python_operator.get_name 2022-11-15T00:05:00+00:00 [queued]>
[2023-03-01 12:49:39,206] {taskinstance.py:877} INFO - Dependencies all met for <TaskInstance: with_python_operator.get_name 2022-11-15T00:05:00+00:00 [queued]>
[2023-03-01 12:49:39,208] {taskinstance.py:1068} INFO - 
--------------------------------------------------------------------------------
[2023-03-01 12:49:39,209] {taskinstance.py:1069} INFO - Starting attempt 1 of 2
[2023-03-01 12:49:39,210] {taskinstance.py:1070} INFO - 
--------------------------------------------------------------------------------
[2023-03-01 12:49:39,299] {taskinstance.py:1089} INFO - Executing <Task(PythonOperator): get_name> on 2022-11-15T00:05:00+00:00
[2023-03-01 12:49:39,315] {standard_task_runner.py:52} INFO - Started process 13619 to run task
[2023-03-01 12:49:39,361] {standard_task_runner.py:76} INFO - Running: ['airflow', 'tasks', 'run', 'with_python_operator', 'get_name', '2022-11-15T00:05:00+00:00', '--job-id', '3198', '--pool', 'default_pool', '--raw', '--subdir', 'DAGS_FOLDER/02_python_operator.py', '--cfg-path', '/tmp/tmp0_q0fchz', '--error-file', '/tmp/tmp5u6un81n']
[2023-03-01 12:49:39,366] {standard_task_runner.py:77} INFO - Job 3198: Subtask get_name
[2023-03-01 12:49:39,804] {logging_mixin.py:104} INFO - Running <TaskInstance: with_python_operator.get_name 2022-11-15T00:05:00+00:00 [running]> on host abe4c4997ef7
[2023-03-01 12:49:40,219] {taskinstance.py:1283} INFO - Exporting the following env vars:
AIRFLOW_CTX_DAG_OWNER=dataheroes
AIRFLOW_CTX_DAG_ID=with_python_operator
AIRFLOW_CTX_TASK_ID=get_name
AIRFLOW_CTX_EXECUTION_DATE=2022-11-15T00:05:00+00:00
AIRFLOW_CTX_DAG_RUN_ID=scheduled__2022-11-15T00:05:00+00:00
[2023-03-01 12:49:40,647] {python.py:118} INFO - Done. Returned value was: None
[2023-03-01 12:49:40,701] {taskinstance.py:1192} INFO - Marking task as SUCCESS. dag_id=with_python_operator, task_id=get_name, execution_date=20221115T000500, start_date=20230301T124939, end_date=20230301T124940
[2023-03-01 12:49:41,020] {taskinstance.py:1246} INFO - 1 downstream tasks scheduled from follow-on schedule check
[2023-03-01 12:49:41,152] {local_task_job.py:146} INFO - Task exited with return code 0
