[2023-03-01 13:12:21,590] {taskinstance.py:877} INFO - Dependencies all met for <TaskInstance: with_python_operator.get_age 2022-12-11T09:05:00+00:00 [queued]>
[2023-03-01 13:12:21,894] {taskinstance.py:877} INFO - Dependencies all met for <TaskInstance: with_python_operator.get_age 2022-12-11T09:05:00+00:00 [queued]>
[2023-03-01 13:12:21,896] {taskinstance.py:1068} INFO - 
--------------------------------------------------------------------------------
[2023-03-01 13:12:21,896] {taskinstance.py:1069} INFO - Starting attempt 1 of 2
[2023-03-01 13:12:21,902] {taskinstance.py:1070} INFO - 
--------------------------------------------------------------------------------
[2023-03-01 13:12:22,091] {taskinstance.py:1089} INFO - Executing <Task(PythonOperator): get_age> on 2022-12-11T09:05:00+00:00
[2023-03-01 13:12:22,162] {standard_task_runner.py:52} INFO - Started process 21261 to run task
[2023-03-01 13:12:22,256] {standard_task_runner.py:76} INFO - Running: ['airflow', 'tasks', 'run', 'with_python_operator', 'get_age', '2022-12-11T09:05:00+00:00', '--job-id', '5103', '--pool', 'default_pool', '--raw', '--subdir', 'DAGS_FOLDER/02_python_operator.py', '--cfg-path', '/tmp/tmpzo3197p0', '--error-file', '/tmp/tmpj0b33olc']
[2023-03-01 13:12:22,268] {standard_task_runner.py:77} INFO - Job 5103: Subtask get_age
[2023-03-01 13:12:22,760] {logging_mixin.py:104} INFO - Running <TaskInstance: with_python_operator.get_age 2022-12-11T09:05:00+00:00 [running]> on host abe4c4997ef7
[2023-03-01 13:12:23,305] {taskinstance.py:1283} INFO - Exporting the following env vars:
AIRFLOW_CTX_DAG_OWNER=dataheroes
AIRFLOW_CTX_DAG_ID=with_python_operator
AIRFLOW_CTX_TASK_ID=get_age
AIRFLOW_CTX_EXECUTION_DATE=2022-12-11T09:05:00+00:00
AIRFLOW_CTX_DAG_RUN_ID=scheduled__2022-12-11T09:05:00+00:00
[2023-03-01 13:12:23,487] {python.py:118} INFO - Done. Returned value was: None
[2023-03-01 13:12:23,639] {taskinstance.py:1192} INFO - Marking task as SUCCESS. dag_id=with_python_operator, task_id=get_age, execution_date=20221211T090500, start_date=20230301T131221, end_date=20230301T131223
[2023-03-01 13:12:23,927] {taskinstance.py:1246} INFO - 1 downstream tasks scheduled from follow-on schedule check
[2023-03-01 13:12:24,014] {local_task_job.py:146} INFO - Task exited with return code 0
