[2023-03-01 13:04:35,764] {taskinstance.py:877} INFO - Dependencies all met for <TaskInstance: with_python_operator.get_name 2022-12-02T22:05:00+00:00 [queued]>
[2023-03-01 13:04:36,003] {taskinstance.py:877} INFO - Dependencies all met for <TaskInstance: with_python_operator.get_name 2022-12-02T22:05:00+00:00 [queued]>
[2023-03-01 13:04:36,007] {taskinstance.py:1068} INFO - 
--------------------------------------------------------------------------------
[2023-03-01 13:04:36,016] {taskinstance.py:1069} INFO - Starting attempt 1 of 2
[2023-03-01 13:04:36,017] {taskinstance.py:1070} INFO - 
--------------------------------------------------------------------------------
[2023-03-01 13:04:36,157] {taskinstance.py:1089} INFO - Executing <Task(PythonOperator): get_name> on 2022-12-02T22:05:00+00:00
[2023-03-01 13:04:36,224] {standard_task_runner.py:52} INFO - Started process 18811 to run task
[2023-03-01 13:04:36,302] {standard_task_runner.py:76} INFO - Running: ['airflow', 'tasks', 'run', 'with_python_operator', 'get_name', '2022-12-02T22:05:00+00:00', '--job-id', '4488', '--pool', 'default_pool', '--raw', '--subdir', 'DAGS_FOLDER/02_python_operator.py', '--cfg-path', '/tmp/tmp8qiv6mre', '--error-file', '/tmp/tmpvq7su08d']
[2023-03-01 13:04:36,311] {standard_task_runner.py:77} INFO - Job 4488: Subtask get_name
[2023-03-01 13:04:36,677] {logging_mixin.py:104} INFO - Running <TaskInstance: with_python_operator.get_name 2022-12-02T22:05:00+00:00 [running]> on host abe4c4997ef7
[2023-03-01 13:04:37,230] {taskinstance.py:1283} INFO - Exporting the following env vars:
AIRFLOW_CTX_DAG_OWNER=dataheroes
AIRFLOW_CTX_DAG_ID=with_python_operator
AIRFLOW_CTX_TASK_ID=get_name
AIRFLOW_CTX_EXECUTION_DATE=2022-12-02T22:05:00+00:00
AIRFLOW_CTX_DAG_RUN_ID=scheduled__2022-12-02T22:05:00+00:00
[2023-03-01 13:04:37,425] {python.py:118} INFO - Done. Returned value was: None
[2023-03-01 13:04:37,526] {taskinstance.py:1192} INFO - Marking task as SUCCESS. dag_id=with_python_operator, task_id=get_name, execution_date=20221202T220500, start_date=20230301T130435, end_date=20230301T130437
[2023-03-01 13:04:37,948] {taskinstance.py:1246} INFO - 0 downstream tasks scheduled from follow-on schedule check
[2023-03-01 13:04:38,026] {local_task_job.py:146} INFO - Task exited with return code 0
