[2023-03-01 12:25:03,866] {taskinstance.py:877} INFO - Dependencies all met for <TaskInstance: with_python_operator.get_name 2022-10-19T00:05:00+00:00 [queued]>
[2023-03-01 12:25:04,029] {taskinstance.py:877} INFO - Dependencies all met for <TaskInstance: with_python_operator.get_name 2022-10-19T00:05:00+00:00 [queued]>
[2023-03-01 12:25:04,030] {taskinstance.py:1068} INFO - 
--------------------------------------------------------------------------------
[2023-03-01 12:25:04,031] {taskinstance.py:1069} INFO - Starting attempt 1 of 2
[2023-03-01 12:25:04,033] {taskinstance.py:1070} INFO - 
--------------------------------------------------------------------------------
[2023-03-01 12:25:04,196] {taskinstance.py:1089} INFO - Executing <Task(PythonOperator): get_name> on 2022-10-19T00:05:00+00:00
[2023-03-01 12:25:04,226] {standard_task_runner.py:52} INFO - Started process 5827 to run task
[2023-03-01 12:25:04,276] {standard_task_runner.py:76} INFO - Running: ['airflow', 'tasks', 'run', 'with_python_operator', 'get_name', '2022-10-19T00:05:00+00:00', '--job-id', '1248', '--pool', 'default_pool', '--raw', '--subdir', 'DAGS_FOLDER/02_python_operator.py', '--cfg-path', '/tmp/tmpyj7eyo4f', '--error-file', '/tmp/tmpubpigq_b']
[2023-03-01 12:25:04,282] {standard_task_runner.py:77} INFO - Job 1248: Subtask get_name
[2023-03-01 12:25:05,033] {logging_mixin.py:104} INFO - Running <TaskInstance: with_python_operator.get_name 2022-10-19T00:05:00+00:00 [running]> on host abe4c4997ef7
[2023-03-01 12:25:05,676] {taskinstance.py:1283} INFO - Exporting the following env vars:
AIRFLOW_CTX_DAG_OWNER=dataheroes
AIRFLOW_CTX_DAG_ID=with_python_operator
AIRFLOW_CTX_TASK_ID=get_name
AIRFLOW_CTX_EXECUTION_DATE=2022-10-19T00:05:00+00:00
AIRFLOW_CTX_DAG_RUN_ID=scheduled__2022-10-19T00:05:00+00:00
[2023-03-01 12:25:05,952] {python.py:118} INFO - Done. Returned value was: None
[2023-03-01 12:25:06,043] {taskinstance.py:1192} INFO - Marking task as SUCCESS. dag_id=with_python_operator, task_id=get_name, execution_date=20221019T000500, start_date=20230301T122503, end_date=20230301T122506
[2023-03-01 12:25:06,590] {taskinstance.py:1246} INFO - 0 downstream tasks scheduled from follow-on schedule check
[2023-03-01 12:25:06,679] {local_task_job.py:146} INFO - Task exited with return code 0
