[2023-03-01 12:10:50,377] {taskinstance.py:877} INFO - Dependencies all met for <TaskInstance: first_dag.task_1 2021-08-11T00:00:00+00:00 [queued]>
[2023-03-01 12:10:50,608] {taskinstance.py:877} INFO - Dependencies all met for <TaskInstance: first_dag.task_1 2021-08-11T00:00:00+00:00 [queued]>
[2023-03-01 12:10:50,634] {taskinstance.py:1068} INFO - 
--------------------------------------------------------------------------------
[2023-03-01 12:10:50,641] {taskinstance.py:1069} INFO - Starting attempt 6 of 6
[2023-03-01 12:10:50,652] {taskinstance.py:1070} INFO - 
--------------------------------------------------------------------------------
[2023-03-01 12:10:50,934] {taskinstance.py:1089} INFO - Executing <Task(BashOperator): task_1> on 2021-08-11T00:00:00+00:00
[2023-03-01 12:10:50,962] {standard_task_runner.py:52} INFO - Started process 1315 to run task
[2023-03-01 12:10:51,017] {standard_task_runner.py:76} INFO - Running: ['airflow', 'tasks', 'run', 'first_dag', 'task_1', '2021-08-11T00:00:00+00:00', '--job-id', '207', '--pool', 'default_pool', '--raw', '--subdir', 'DAGS_FOLDER/01_hello.py', '--cfg-path', '/tmp/tmpyjtp1qt3', '--error-file', '/tmp/tmpx0sgkr7v']
[2023-03-01 12:10:51,039] {standard_task_runner.py:77} INFO - Job 207: Subtask task_1
[2023-03-01 12:10:51,831] {logging_mixin.py:104} INFO - Running <TaskInstance: first_dag.task_1 2021-08-11T00:00:00+00:00 [running]> on host abe4c4997ef7
[2023-03-01 12:10:52,421] {taskinstance.py:1283} INFO - Exporting the following env vars:
AIRFLOW_CTX_DAG_OWNER=dataheroes
AIRFLOW_CTX_DAG_ID=first_dag
AIRFLOW_CTX_TASK_ID=task_1
AIRFLOW_CTX_EXECUTION_DATE=2021-08-11T00:00:00+00:00
AIRFLOW_CTX_DAG_RUN_ID=scheduled__2021-08-11T00:00:00+00:00
[2023-03-01 12:10:52,432] {bash.py:135} INFO - Tmp dir root location: 
 /tmp
[2023-03-01 12:10:52,457] {bash.py:158} INFO - Running command: Hello Task 1
[2023-03-01 12:10:52,566] {bash.py:169} INFO - Output:
[2023-03-01 12:10:52,899] {bash.py:173} INFO - bash: Hello: command not found
[2023-03-01 12:10:52,931] {bash.py:177} INFO - Command exited with return code 127
[2023-03-01 12:10:53,085] {taskinstance.py:1482} ERROR - Task failed with exception
Traceback (most recent call last):
  File "/home/airflow/.local/lib/python3.6/site-packages/airflow/models/taskinstance.py", line 1138, in _run_raw_task
    self._prepare_and_execute_task_with_callbacks(context, task)
  File "/home/airflow/.local/lib/python3.6/site-packages/airflow/models/taskinstance.py", line 1311, in _prepare_and_execute_task_with_callbacks
    result = self._execute_task(context, task_copy)
  File "/home/airflow/.local/lib/python3.6/site-packages/airflow/models/taskinstance.py", line 1341, in _execute_task
    result = task_copy.execute(context=context)
  File "/home/airflow/.local/lib/python3.6/site-packages/airflow/operators/bash.py", line 180, in execute
    raise AirflowException('Bash command failed. The command returned a non-zero exit code.')
airflow.exceptions.AirflowException: Bash command failed. The command returned a non-zero exit code.
[2023-03-01 12:10:53,110] {taskinstance.py:1532} INFO - Marking task as FAILED. dag_id=first_dag, task_id=task_1, execution_date=20210811T000000, start_date=20230301T121050, end_date=20230301T121053
[2023-03-01 12:10:53,592] {local_task_job.py:146} INFO - Task exited with return code 1
