[2023-03-01 12:08:36,605] {taskinstance.py:877} INFO - Dependencies all met for <TaskInstance: first_dag.task_3 2021-08-02T00:00:00+00:00 [queued]>
[2023-03-01 12:08:36,659] {taskinstance.py:877} INFO - Dependencies all met for <TaskInstance: first_dag.task_3 2021-08-02T00:00:00+00:00 [queued]>
[2023-03-01 12:08:36,660] {taskinstance.py:1068} INFO - 
--------------------------------------------------------------------------------
[2023-03-01 12:08:36,665] {taskinstance.py:1069} INFO - Starting attempt 2 of 6
[2023-03-01 12:08:36,666] {taskinstance.py:1070} INFO - 
--------------------------------------------------------------------------------
[2023-03-01 12:08:36,722] {taskinstance.py:1089} INFO - Executing <Task(BashOperator): task_3> on 2021-08-02T00:00:00+00:00
[2023-03-01 12:08:36,734] {standard_task_runner.py:52} INFO - Started process 901 to run task
[2023-03-01 12:08:36,762] {standard_task_runner.py:76} INFO - Running: ['airflow', 'tasks', 'run', 'first_dag', 'task_3', '2021-08-02T00:00:00+00:00', '--job-id', '150', '--pool', 'default_pool', '--raw', '--subdir', 'DAGS_FOLDER/01_hello.py', '--cfg-path', '/tmp/tmp5b97smj1', '--error-file', '/tmp/tmpzvmvx141']
[2023-03-01 12:08:36,766] {standard_task_runner.py:77} INFO - Job 150: Subtask task_3
[2023-03-01 12:08:36,937] {logging_mixin.py:104} INFO - Running <TaskInstance: first_dag.task_3 2021-08-02T00:00:00+00:00 [running]> on host abe4c4997ef7
[2023-03-01 12:08:37,061] {taskinstance.py:1283} INFO - Exporting the following env vars:
AIRFLOW_CTX_DAG_OWNER=dataheroes
AIRFLOW_CTX_DAG_ID=first_dag
AIRFLOW_CTX_TASK_ID=task_3
AIRFLOW_CTX_EXECUTION_DATE=2021-08-02T00:00:00+00:00
AIRFLOW_CTX_DAG_RUN_ID=scheduled__2021-08-02T00:00:00+00:00
[2023-03-01 12:08:37,063] {bash.py:135} INFO - Tmp dir root location: 
 /tmp
[2023-03-01 12:08:37,066] {bash.py:158} INFO - Running command: Hello Task 3
[2023-03-01 12:08:37,093] {bash.py:169} INFO - Output:
[2023-03-01 12:08:37,146] {bash.py:173} INFO - bash: Hello: command not found
[2023-03-01 12:08:37,149] {bash.py:177} INFO - Command exited with return code 127
[2023-03-01 12:08:37,181] {taskinstance.py:1482} ERROR - Task failed with exception
Traceback (most recent call last):
  File "/home/airflow/.local/lib/python3.6/site-packages/airflow/models/taskinstance.py", line 1138, in _run_raw_task
    self._prepare_and_execute_task_with_callbacks(context, task)
  File "/home/airflow/.local/lib/python3.6/site-packages/airflow/models/taskinstance.py", line 1311, in _prepare_and_execute_task_with_callbacks
    result = self._execute_task(context, task_copy)
  File "/home/airflow/.local/lib/python3.6/site-packages/airflow/models/taskinstance.py", line 1341, in _execute_task
    result = task_copy.execute(context=context)
  File "/home/airflow/.local/lib/python3.6/site-packages/airflow/operators/bash.py", line 180, in execute
    raise AirflowException('Bash command failed. The command returned a non-zero exit code.')
airflow.exceptions.AirflowException: Bash command failed. The command returned a non-zero exit code.
[2023-03-01 12:08:37,189] {taskinstance.py:1532} INFO - Marking task as UP_FOR_RETRY. dag_id=first_dag, task_id=task_3, execution_date=20210802T000000, start_date=20230301T120836, end_date=20230301T120837
[2023-03-01 12:08:37,264] {local_task_job.py:146} INFO - Task exited with return code 1
