[2023-03-01 12:17:24,998] {taskinstance.py:877} INFO - Dependencies all met for <TaskInstance: with_python_operator.greet 2022-10-10T22:05:00+00:00 [queued]>
[2023-03-01 12:17:25,288] {taskinstance.py:877} INFO - Dependencies all met for <TaskInstance: with_python_operator.greet 2022-10-10T22:05:00+00:00 [queued]>
[2023-03-01 12:17:25,299] {taskinstance.py:1068} INFO - 
--------------------------------------------------------------------------------
[2023-03-01 12:17:25,300] {taskinstance.py:1069} INFO - Starting attempt 1 of 2
[2023-03-01 12:17:25,301] {taskinstance.py:1070} INFO - 
--------------------------------------------------------------------------------
[2023-03-01 12:17:25,491] {taskinstance.py:1089} INFO - Executing <Task(PythonOperator): greet> on 2022-10-10T22:05:00+00:00
[2023-03-01 12:17:25,530] {standard_task_runner.py:52} INFO - Started process 3443 to run task
[2023-03-01 12:17:25,575] {standard_task_runner.py:76} INFO - Running: ['airflow', 'tasks', 'run', 'with_python_operator', 'greet', '2022-10-10T22:05:00+00:00', '--job-id', '666', '--pool', 'default_pool', '--raw', '--subdir', 'DAGS_FOLDER/02_python_operator.py', '--cfg-path', '/tmp/tmpqpvifokf', '--error-file', '/tmp/tmpbyn8ip_s']
[2023-03-01 12:17:25,598] {standard_task_runner.py:77} INFO - Job 666: Subtask greet
[2023-03-01 12:17:26,298] {logging_mixin.py:104} INFO - Running <TaskInstance: with_python_operator.greet 2022-10-10T22:05:00+00:00 [running]> on host abe4c4997ef7
[2023-03-01 12:17:27,089] {taskinstance.py:1283} INFO - Exporting the following env vars:
AIRFLOW_CTX_DAG_OWNER=dataheroes
AIRFLOW_CTX_DAG_ID=with_python_operator
AIRFLOW_CTX_TASK_ID=greet
AIRFLOW_CTX_EXECUTION_DATE=2022-10-10T22:05:00+00:00
AIRFLOW_CTX_DAG_RUN_ID=scheduled__2022-10-10T22:05:00+00:00
[2023-03-01 12:17:27,105] {logging_mixin.py:104} INFO - some dict:  {'a': 1, 'b': 2}
[2023-03-01 12:17:27,326] {logging_mixin.py:104} INFO - Hello World! My name is Reza Primasatya, and I am 17 years old!
[2023-03-01 12:17:27,335] {python.py:118} INFO - Done. Returned value was: None
[2023-03-01 12:17:27,521] {taskinstance.py:1192} INFO - Marking task as SUCCESS. dag_id=with_python_operator, task_id=greet, execution_date=20221010T220500, start_date=20230301T121725, end_date=20230301T121727
[2023-03-01 12:17:28,267] {taskinstance.py:1246} INFO - 0 downstream tasks scheduled from follow-on schedule check
[2023-03-01 12:17:28,485] {local_task_job.py:146} INFO - Task exited with return code 0
