[2023-03-01 12:39:49,219] {taskinstance.py:877} INFO - Dependencies all met for <TaskInstance: with_python_operator.greet 2022-11-03T18:05:00+00:00 [queued]>
[2023-03-01 12:39:49,425] {taskinstance.py:877} INFO - Dependencies all met for <TaskInstance: with_python_operator.greet 2022-11-03T18:05:00+00:00 [queued]>
[2023-03-01 12:39:49,446] {taskinstance.py:1068} INFO - 
--------------------------------------------------------------------------------
[2023-03-01 12:39:49,446] {taskinstance.py:1069} INFO - Starting attempt 1 of 2
[2023-03-01 12:39:49,447] {taskinstance.py:1070} INFO - 
--------------------------------------------------------------------------------
[2023-03-01 12:39:49,648] {taskinstance.py:1089} INFO - Executing <Task(PythonOperator): greet> on 2022-11-03T18:05:00+00:00
[2023-03-01 12:39:49,656] {standard_task_runner.py:52} INFO - Started process 10498 to run task
[2023-03-01 12:39:49,712] {standard_task_runner.py:76} INFO - Running: ['airflow', 'tasks', 'run', 'with_python_operator', 'greet', '2022-11-03T18:05:00+00:00', '--job-id', '2415', '--pool', 'default_pool', '--raw', '--subdir', 'DAGS_FOLDER/02_python_operator.py', '--cfg-path', '/tmp/tmpxy7kvvrt', '--error-file', '/tmp/tmpftce6gw1']
[2023-03-01 12:39:49,733] {standard_task_runner.py:77} INFO - Job 2415: Subtask greet
[2023-03-01 12:39:50,199] {logging_mixin.py:104} INFO - Running <TaskInstance: with_python_operator.greet 2022-11-03T18:05:00+00:00 [running]> on host abe4c4997ef7
[2023-03-01 12:39:50,651] {taskinstance.py:1283} INFO - Exporting the following env vars:
AIRFLOW_CTX_DAG_OWNER=dataheroes
AIRFLOW_CTX_DAG_ID=with_python_operator
AIRFLOW_CTX_TASK_ID=greet
AIRFLOW_CTX_EXECUTION_DATE=2022-11-03T18:05:00+00:00
AIRFLOW_CTX_DAG_RUN_ID=scheduled__2022-11-03T18:05:00+00:00
[2023-03-01 12:39:50,657] {logging_mixin.py:104} INFO - some dict:  {'a': 1, 'b': 2}
[2023-03-01 12:39:50,834] {logging_mixin.py:104} INFO - Hello World! My name is Reza Primasatya, and I am 17 years old!
[2023-03-01 12:39:50,836] {python.py:118} INFO - Done. Returned value was: None
[2023-03-01 12:39:50,945] {taskinstance.py:1192} INFO - Marking task as SUCCESS. dag_id=with_python_operator, task_id=greet, execution_date=20221103T180500, start_date=20230301T123949, end_date=20230301T123950
[2023-03-01 12:39:51,165] {taskinstance.py:1246} INFO - 0 downstream tasks scheduled from follow-on schedule check
[2023-03-01 12:39:51,206] {local_task_job.py:146} INFO - Task exited with return code 0
