[2023-03-01 12:32:36,981] {taskinstance.py:877} INFO - Dependencies all met for <TaskInstance: with_python_operator.greet 2022-10-26T20:05:00+00:00 [queued]>
[2023-03-01 12:32:37,048] {taskinstance.py:877} INFO - Dependencies all met for <TaskInstance: with_python_operator.greet 2022-10-26T20:05:00+00:00 [queued]>
[2023-03-01 12:32:37,051] {taskinstance.py:1068} INFO - 
--------------------------------------------------------------------------------
[2023-03-01 12:32:37,052] {taskinstance.py:1069} INFO - Starting attempt 1 of 2
[2023-03-01 12:32:37,054] {taskinstance.py:1070} INFO - 
--------------------------------------------------------------------------------
[2023-03-01 12:32:37,121] {taskinstance.py:1089} INFO - Executing <Task(PythonOperator): greet> on 2022-10-26T20:05:00+00:00
[2023-03-01 12:32:37,130] {standard_task_runner.py:52} INFO - Started process 8129 to run task
[2023-03-01 12:32:37,155] {standard_task_runner.py:76} INFO - Running: ['airflow', 'tasks', 'run', 'with_python_operator', 'greet', '2022-10-26T20:05:00+00:00', '--job-id', '1828', '--pool', 'default_pool', '--raw', '--subdir', 'DAGS_FOLDER/02_python_operator.py', '--cfg-path', '/tmp/tmp62ujbz29', '--error-file', '/tmp/tmp2dgw77kk']
[2023-03-01 12:32:37,157] {standard_task_runner.py:77} INFO - Job 1828: Subtask greet
[2023-03-01 12:32:37,311] {logging_mixin.py:104} INFO - Running <TaskInstance: with_python_operator.greet 2022-10-26T20:05:00+00:00 [running]> on host abe4c4997ef7
[2023-03-01 12:32:37,611] {taskinstance.py:1283} INFO - Exporting the following env vars:
AIRFLOW_CTX_DAG_OWNER=dataheroes
AIRFLOW_CTX_DAG_ID=with_python_operator
AIRFLOW_CTX_TASK_ID=greet
AIRFLOW_CTX_EXECUTION_DATE=2022-10-26T20:05:00+00:00
AIRFLOW_CTX_DAG_RUN_ID=scheduled__2022-10-26T20:05:00+00:00
[2023-03-01 12:32:37,617] {logging_mixin.py:104} INFO - some dict:  {'a': 1, 'b': 2}
[2023-03-01 12:32:37,717] {logging_mixin.py:104} INFO - Hello World! My name is Reza Primasatya, and I am 17 years old!
[2023-03-01 12:32:37,718] {python.py:118} INFO - Done. Returned value was: None
[2023-03-01 12:32:37,770] {taskinstance.py:1192} INFO - Marking task as SUCCESS. dag_id=with_python_operator, task_id=greet, execution_date=20221026T200500, start_date=20230301T123236, end_date=20230301T123237
[2023-03-01 12:32:37,864] {taskinstance.py:1246} INFO - 0 downstream tasks scheduled from follow-on schedule check
[2023-03-01 12:32:37,906] {local_task_job.py:146} INFO - Task exited with return code 0
