[2023-03-01 13:27:37,784] {taskinstance.py:877} INFO - Dependencies all met for <TaskInstance: postgres_operator.delete_data_from_table 2022-01-08T00:00:00+00:00 [queued]>
[2023-03-01 13:27:37,851] {taskinstance.py:877} INFO - Dependencies all met for <TaskInstance: postgres_operator.delete_data_from_table 2022-01-08T00:00:00+00:00 [queued]>
[2023-03-01 13:27:37,852] {taskinstance.py:1068} INFO - 
--------------------------------------------------------------------------------
[2023-03-01 13:27:37,853] {taskinstance.py:1069} INFO - Starting attempt 1 of 6
[2023-03-01 13:27:37,854] {taskinstance.py:1070} INFO - 
--------------------------------------------------------------------------------
[2023-03-01 13:27:37,887] {taskinstance.py:1089} INFO - Executing <Task(PostgresOperator): delete_data_from_table> on 2022-01-08T00:00:00+00:00
[2023-03-01 13:27:37,892] {standard_task_runner.py:52} INFO - Started process 23037 to run task
[2023-03-01 13:27:37,909] {standard_task_runner.py:76} INFO - Running: ['airflow', 'tasks', 'run', 'postgres_operator', 'delete_data_from_table', '2022-01-08T00:00:00+00:00', '--job-id', '5551', '--pool', 'default_pool', '--raw', '--subdir', 'DAGS_FOLDER/06_postgres_operator.py', '--cfg-path', '/tmp/tmpv81388kx', '--error-file', '/tmp/tmpuc41t0rq']
[2023-03-01 13:27:37,910] {standard_task_runner.py:77} INFO - Job 5551: Subtask delete_data_from_table
[2023-03-01 13:27:38,033] {logging_mixin.py:104} INFO - Running <TaskInstance: postgres_operator.delete_data_from_table 2022-01-08T00:00:00+00:00 [running]> on host abe4c4997ef7
[2023-03-01 13:27:38,146] {taskinstance.py:1283} INFO - Exporting the following env vars:
AIRFLOW_CTX_DAG_OWNER=dataheroes
AIRFLOW_CTX_DAG_ID=postgres_operator
AIRFLOW_CTX_TASK_ID=delete_data_from_table
AIRFLOW_CTX_EXECUTION_DATE=2022-01-08T00:00:00+00:00
AIRFLOW_CTX_DAG_RUN_ID=scheduled__2022-01-08T00:00:00+00:00
[2023-03-01 13:27:38,148] {postgres.py:69} INFO - Executing: 
            delete from fellowship_member where id = 5;
        
[2023-03-01 13:27:38,168] {base.py:78} INFO - Using connection to: id: fellowship_postgres. Host: 192.168.32.3, Port: 5432, Schema: fellowship9, Login: airflow, Password: XXXXXXXX, extra: None
[2023-03-01 13:27:38,174] {dbapi.py:180} INFO - Running statement: 
            delete from fellowship_member where id = 5;
        , parameters: None
[2023-03-01 13:27:38,180] {dbapi.py:186} INFO - Rows affected: 0
[2023-03-01 13:27:38,218] {taskinstance.py:1192} INFO - Marking task as SUCCESS. dag_id=postgres_operator, task_id=delete_data_from_table, execution_date=20220108T000000, start_date=20230301T132737, end_date=20230301T132738
[2023-03-01 13:27:38,301] {taskinstance.py:1246} INFO - 1 downstream tasks scheduled from follow-on schedule check
[2023-03-01 13:27:38,318] {local_task_job.py:146} INFO - Task exited with return code 0
