[2023-03-01 12:31:31,302] {taskinstance.py:877} INFO - Dependencies all met for <TaskInstance: with_python_operator.greet 2022-10-25T13:05:00+00:00 [queued]>
[2023-03-01 12:31:31,553] {taskinstance.py:877} INFO - Dependencies all met for <TaskInstance: with_python_operator.greet 2022-10-25T13:05:00+00:00 [queued]>
[2023-03-01 12:31:31,556] {taskinstance.py:1068} INFO - 
--------------------------------------------------------------------------------
[2023-03-01 12:31:31,560] {taskinstance.py:1069} INFO - Starting attempt 1 of 2
[2023-03-01 12:31:31,567] {taskinstance.py:1070} INFO - 
--------------------------------------------------------------------------------
[2023-03-01 12:31:31,676] {taskinstance.py:1089} INFO - Executing <Task(PythonOperator): greet> on 2022-10-25T13:05:00+00:00
[2023-03-01 12:31:31,782] {standard_task_runner.py:76} INFO - Running: ['airflow', 'tasks', 'run', 'with_python_operator', 'greet', '2022-10-25T13:05:00+00:00', '--job-id', '1744', '--pool', 'default_pool', '--raw', '--subdir', 'DAGS_FOLDER/02_python_operator.py', '--cfg-path', '/tmp/tmpu_60vpig', '--error-file', '/tmp/tmp5otj0fjw']
[2023-03-01 12:31:31,785] {standard_task_runner.py:77} INFO - Job 1744: Subtask greet
[2023-03-01 12:31:31,737] {standard_task_runner.py:52} INFO - Started process 7799 to run task
[2023-03-01 12:31:32,318] {logging_mixin.py:104} INFO - Running <TaskInstance: with_python_operator.greet 2022-10-25T13:05:00+00:00 [running]> on host abe4c4997ef7
[2023-03-01 12:31:32,647] {taskinstance.py:1283} INFO - Exporting the following env vars:
AIRFLOW_CTX_DAG_OWNER=dataheroes
AIRFLOW_CTX_DAG_ID=with_python_operator
AIRFLOW_CTX_TASK_ID=greet
AIRFLOW_CTX_EXECUTION_DATE=2022-10-25T13:05:00+00:00
AIRFLOW_CTX_DAG_RUN_ID=scheduled__2022-10-25T13:05:00+00:00
[2023-03-01 12:31:32,651] {logging_mixin.py:104} INFO - some dict:  {'a': 1, 'b': 2}
[2023-03-01 12:31:32,799] {logging_mixin.py:104} INFO - Hello World! My name is Reza Primasatya, and I am 17 years old!
[2023-03-01 12:31:32,803] {python.py:118} INFO - Done. Returned value was: None
[2023-03-01 12:31:32,887] {taskinstance.py:1192} INFO - Marking task as SUCCESS. dag_id=with_python_operator, task_id=greet, execution_date=20221025T130500, start_date=20230301T123131, end_date=20230301T123132
[2023-03-01 12:31:32,981] {taskinstance.py:1246} INFO - 0 downstream tasks scheduled from follow-on schedule check
[2023-03-01 12:31:33,044] {local_task_job.py:146} INFO - Task exited with return code 0
