[2023-03-01 12:36:22,600] {taskinstance.py:877} INFO - Dependencies all met for <TaskInstance: with_python_operator.get_name 2022-10-31T01:05:00+00:00 [queued]>
[2023-03-01 12:36:22,890] {taskinstance.py:877} INFO - Dependencies all met for <TaskInstance: with_python_operator.get_name 2022-10-31T01:05:00+00:00 [queued]>
[2023-03-01 12:36:22,894] {taskinstance.py:1068} INFO - 
--------------------------------------------------------------------------------
[2023-03-01 12:36:22,895] {taskinstance.py:1069} INFO - Starting attempt 1 of 2
[2023-03-01 12:36:22,897] {taskinstance.py:1070} INFO - 
--------------------------------------------------------------------------------
[2023-03-01 12:36:23,072] {taskinstance.py:1089} INFO - Executing <Task(PythonOperator): get_name> on 2022-10-31T01:05:00+00:00
[2023-03-01 12:36:23,109] {standard_task_runner.py:52} INFO - Started process 9315 to run task
[2023-03-01 12:36:23,154] {standard_task_runner.py:76} INFO - Running: ['airflow', 'tasks', 'run', 'with_python_operator', 'get_name', '2022-10-31T01:05:00+00:00', '--job-id', '2120', '--pool', 'default_pool', '--raw', '--subdir', 'DAGS_FOLDER/02_python_operator.py', '--cfg-path', '/tmp/tmpppsvtpai', '--error-file', '/tmp/tmp2t7979on']
[2023-03-01 12:36:23,167] {standard_task_runner.py:77} INFO - Job 2120: Subtask get_name
[2023-03-01 12:36:23,861] {logging_mixin.py:104} INFO - Running <TaskInstance: with_python_operator.get_name 2022-10-31T01:05:00+00:00 [running]> on host abe4c4997ef7
[2023-03-01 12:36:24,488] {taskinstance.py:1283} INFO - Exporting the following env vars:
AIRFLOW_CTX_DAG_OWNER=dataheroes
AIRFLOW_CTX_DAG_ID=with_python_operator
AIRFLOW_CTX_TASK_ID=get_name
AIRFLOW_CTX_EXECUTION_DATE=2022-10-31T01:05:00+00:00
AIRFLOW_CTX_DAG_RUN_ID=scheduled__2022-10-31T01:05:00+00:00
[2023-03-01 12:36:24,753] {python.py:118} INFO - Done. Returned value was: None
[2023-03-01 12:36:24,925] {taskinstance.py:1192} INFO - Marking task as SUCCESS. dag_id=with_python_operator, task_id=get_name, execution_date=20221031T010500, start_date=20230301T123622, end_date=20230301T123624
[2023-03-01 12:36:25,438] {taskinstance.py:1246} INFO - 1 downstream tasks scheduled from follow-on schedule check
[2023-03-01 12:36:25,620] {local_task_job.py:146} INFO - Task exited with return code 0
