[2023-03-01 12:25:56,001] {taskinstance.py:877} INFO - Dependencies all met for <TaskInstance: with_python_operator.get_age 2022-10-19T18:05:00+00:00 [queued]>
[2023-03-01 12:25:56,453] {taskinstance.py:877} INFO - Dependencies all met for <TaskInstance: with_python_operator.get_age 2022-10-19T18:05:00+00:00 [queued]>
[2023-03-01 12:25:56,461] {taskinstance.py:1068} INFO - 
--------------------------------------------------------------------------------
[2023-03-01 12:25:56,463] {taskinstance.py:1069} INFO - Starting attempt 1 of 2
[2023-03-01 12:25:56,488] {taskinstance.py:1070} INFO - 
--------------------------------------------------------------------------------
[2023-03-01 12:25:56,671] {taskinstance.py:1089} INFO - Executing <Task(PythonOperator): get_age> on 2022-10-19T18:05:00+00:00
[2023-03-01 12:25:56,696] {standard_task_runner.py:52} INFO - Started process 6065 to run task
[2023-03-01 12:25:56,811] {standard_task_runner.py:76} INFO - Running: ['airflow', 'tasks', 'run', 'with_python_operator', 'get_age', '2022-10-19T18:05:00+00:00', '--job-id', '1307', '--pool', 'default_pool', '--raw', '--subdir', 'DAGS_FOLDER/02_python_operator.py', '--cfg-path', '/tmp/tmp1pe53qp7', '--error-file', '/tmp/tmp4tct8nfo']
[2023-03-01 12:25:56,823] {standard_task_runner.py:77} INFO - Job 1307: Subtask get_age
[2023-03-01 12:25:57,526] {logging_mixin.py:104} INFO - Running <TaskInstance: with_python_operator.get_age 2022-10-19T18:05:00+00:00 [running]> on host abe4c4997ef7
[2023-03-01 12:25:58,058] {taskinstance.py:1283} INFO - Exporting the following env vars:
AIRFLOW_CTX_DAG_OWNER=dataheroes
AIRFLOW_CTX_DAG_ID=with_python_operator
AIRFLOW_CTX_TASK_ID=get_age
AIRFLOW_CTX_EXECUTION_DATE=2022-10-19T18:05:00+00:00
AIRFLOW_CTX_DAG_RUN_ID=scheduled__2022-10-19T18:05:00+00:00
[2023-03-01 12:25:58,205] {python.py:118} INFO - Done. Returned value was: None
[2023-03-01 12:25:58,294] {taskinstance.py:1192} INFO - Marking task as SUCCESS. dag_id=with_python_operator, task_id=get_age, execution_date=20221019T180500, start_date=20230301T122556, end_date=20230301T122558
[2023-03-01 12:25:58,796] {taskinstance.py:1246} INFO - 1 downstream tasks scheduled from follow-on schedule check
[2023-03-01 12:25:58,867] {local_task_job.py:146} INFO - Task exited with return code 0
