[2023-03-01 12:33:55,645] {taskinstance.py:877} INFO - Dependencies all met for <TaskInstance: with_python_operator.get_age 2022-10-28T02:05:00+00:00 [queued]>
[2023-03-01 12:33:55,696] {taskinstance.py:877} INFO - Dependencies all met for <TaskInstance: with_python_operator.get_age 2022-10-28T02:05:00+00:00 [queued]>
[2023-03-01 12:33:55,698] {taskinstance.py:1068} INFO - 
--------------------------------------------------------------------------------
[2023-03-01 12:33:55,700] {taskinstance.py:1069} INFO - Starting attempt 1 of 2
[2023-03-01 12:33:55,701] {taskinstance.py:1070} INFO - 
--------------------------------------------------------------------------------
[2023-03-01 12:33:55,768] {taskinstance.py:1089} INFO - Executing <Task(PythonOperator): get_age> on 2022-10-28T02:05:00+00:00
[2023-03-01 12:33:55,796] {standard_task_runner.py:76} INFO - Running: ['airflow', 'tasks', 'run', 'with_python_operator', 'get_age', '2022-10-28T02:05:00+00:00', '--job-id', '1911', '--pool', 'default_pool', '--raw', '--subdir', 'DAGS_FOLDER/02_python_operator.py', '--cfg-path', '/tmp/tmp9qho5j15', '--error-file', '/tmp/tmpr4kh9rok']
[2023-03-01 12:33:55,774] {standard_task_runner.py:52} INFO - Started process 8467 to run task
[2023-03-01 12:33:55,801] {standard_task_runner.py:77} INFO - Job 1911: Subtask get_age
[2023-03-01 12:33:56,028] {logging_mixin.py:104} INFO - Running <TaskInstance: with_python_operator.get_age 2022-10-28T02:05:00+00:00 [running]> on host abe4c4997ef7
[2023-03-01 12:33:56,175] {taskinstance.py:1283} INFO - Exporting the following env vars:
AIRFLOW_CTX_DAG_OWNER=dataheroes
AIRFLOW_CTX_DAG_ID=with_python_operator
AIRFLOW_CTX_TASK_ID=get_age
AIRFLOW_CTX_EXECUTION_DATE=2022-10-28T02:05:00+00:00
AIRFLOW_CTX_DAG_RUN_ID=scheduled__2022-10-28T02:05:00+00:00
[2023-03-01 12:33:56,231] {python.py:118} INFO - Done. Returned value was: None
[2023-03-01 12:33:56,278] {taskinstance.py:1192} INFO - Marking task as SUCCESS. dag_id=with_python_operator, task_id=get_age, execution_date=20221028T020500, start_date=20230301T123355, end_date=20230301T123356
[2023-03-01 12:33:56,570] {taskinstance.py:1246} INFO - 0 downstream tasks scheduled from follow-on schedule check
[2023-03-01 12:33:56,656] {local_task_job.py:146} INFO - Task exited with return code 0
