[2023-03-01 12:21:51,507] {taskinstance.py:877} INFO - Dependencies all met for <TaskInstance: with_python_operator.get_age 2022-10-15T18:05:00+00:00 [queued]>
[2023-03-01 12:21:51,822] {taskinstance.py:877} INFO - Dependencies all met for <TaskInstance: with_python_operator.get_age 2022-10-15T18:05:00+00:00 [queued]>
[2023-03-01 12:21:51,826] {taskinstance.py:1068} INFO - 
--------------------------------------------------------------------------------
[2023-03-01 12:21:51,843] {taskinstance.py:1069} INFO - Starting attempt 1 of 2
[2023-03-01 12:21:51,845] {taskinstance.py:1070} INFO - 
--------------------------------------------------------------------------------
[2023-03-01 12:21:52,095] {taskinstance.py:1089} INFO - Executing <Task(PythonOperator): get_age> on 2022-10-15T18:05:00+00:00
[2023-03-01 12:21:52,144] {standard_task_runner.py:52} INFO - Started process 4901 to run task
[2023-03-01 12:21:52,219] {standard_task_runner.py:76} INFO - Running: ['airflow', 'tasks', 'run', 'with_python_operator', 'get_age', '2022-10-15T18:05:00+00:00', '--job-id', '1016', '--pool', 'default_pool', '--raw', '--subdir', 'DAGS_FOLDER/02_python_operator.py', '--cfg-path', '/tmp/tmp518y1ob4', '--error-file', '/tmp/tmpe736d5nl']
[2023-03-01 12:21:52,238] {standard_task_runner.py:77} INFO - Job 1016: Subtask get_age
[2023-03-01 12:21:52,921] {logging_mixin.py:104} INFO - Running <TaskInstance: with_python_operator.get_age 2022-10-15T18:05:00+00:00 [running]> on host abe4c4997ef7
[2023-03-01 12:21:53,897] {taskinstance.py:1283} INFO - Exporting the following env vars:
AIRFLOW_CTX_DAG_OWNER=dataheroes
AIRFLOW_CTX_DAG_ID=with_python_operator
AIRFLOW_CTX_TASK_ID=get_age
AIRFLOW_CTX_EXECUTION_DATE=2022-10-15T18:05:00+00:00
AIRFLOW_CTX_DAG_RUN_ID=scheduled__2022-10-15T18:05:00+00:00
[2023-03-01 12:21:54,068] {python.py:118} INFO - Done. Returned value was: None
[2023-03-01 12:21:54,222] {taskinstance.py:1192} INFO - Marking task as SUCCESS. dag_id=with_python_operator, task_id=get_age, execution_date=20221015T180500, start_date=20230301T122151, end_date=20230301T122154
[2023-03-01 12:21:55,317] {taskinstance.py:1246} INFO - 0 downstream tasks scheduled from follow-on schedule check
[2023-03-01 12:21:55,536] {local_task_job.py:146} INFO - Task exited with return code 0
