[2023-03-01 13:09:46,444] {taskinstance.py:877} INFO - Dependencies all met for <TaskInstance: with_python_operator.get_name 2022-12-08T10:05:00+00:00 [queued]>
[2023-03-01 13:09:46,817] {taskinstance.py:877} INFO - Dependencies all met for <TaskInstance: with_python_operator.get_name 2022-12-08T10:05:00+00:00 [queued]>
[2023-03-01 13:09:46,831] {taskinstance.py:1068} INFO - 
--------------------------------------------------------------------------------
[2023-03-01 13:09:46,833] {taskinstance.py:1069} INFO - Starting attempt 1 of 2
[2023-03-01 13:09:46,838] {taskinstance.py:1070} INFO - 
--------------------------------------------------------------------------------
[2023-03-01 13:09:47,134] {taskinstance.py:1089} INFO - Executing <Task(PythonOperator): get_name> on 2022-12-08T10:05:00+00:00
[2023-03-01 13:09:47,233] {standard_task_runner.py:76} INFO - Running: ['airflow', 'tasks', 'run', 'with_python_operator', 'get_name', '2022-12-08T10:05:00+00:00', '--job-id', '4882', '--pool', 'default_pool', '--raw', '--subdir', 'DAGS_FOLDER/02_python_operator.py', '--cfg-path', '/tmp/tmp6aw_gim3', '--error-file', '/tmp/tmpins25dne']
[2023-03-01 13:09:47,242] {standard_task_runner.py:77} INFO - Job 4882: Subtask get_name
[2023-03-01 13:09:47,202] {standard_task_runner.py:52} INFO - Started process 20383 to run task
[2023-03-01 13:09:48,042] {logging_mixin.py:104} INFO - Running <TaskInstance: with_python_operator.get_name 2022-12-08T10:05:00+00:00 [running]> on host abe4c4997ef7
[2023-03-01 13:09:48,677] {taskinstance.py:1283} INFO - Exporting the following env vars:
AIRFLOW_CTX_DAG_OWNER=dataheroes
AIRFLOW_CTX_DAG_ID=with_python_operator
AIRFLOW_CTX_TASK_ID=get_name
AIRFLOW_CTX_EXECUTION_DATE=2022-12-08T10:05:00+00:00
AIRFLOW_CTX_DAG_RUN_ID=scheduled__2022-12-08T10:05:00+00:00
[2023-03-01 13:09:49,035] {python.py:118} INFO - Done. Returned value was: None
[2023-03-01 13:09:49,188] {taskinstance.py:1192} INFO - Marking task as SUCCESS. dag_id=with_python_operator, task_id=get_name, execution_date=20221208T100500, start_date=20230301T130946, end_date=20230301T130949
[2023-03-01 13:09:50,039] {taskinstance.py:1246} INFO - 1 downstream tasks scheduled from follow-on schedule check
[2023-03-01 13:09:50,161] {local_task_job.py:146} INFO - Task exited with return code 0
