[2023-03-01 13:08:17,152] {taskinstance.py:877} INFO - Dependencies all met for <TaskInstance: with_python_operator.get_age 2022-12-06T22:05:00+00:00 [queued]>
[2023-03-01 13:08:17,562] {taskinstance.py:877} INFO - Dependencies all met for <TaskInstance: with_python_operator.get_age 2022-12-06T22:05:00+00:00 [queued]>
[2023-03-01 13:08:17,579] {taskinstance.py:1068} INFO - 
--------------------------------------------------------------------------------
[2023-03-01 13:08:17,580] {taskinstance.py:1069} INFO - Starting attempt 1 of 2
[2023-03-01 13:08:17,581] {taskinstance.py:1070} INFO - 
--------------------------------------------------------------------------------
[2023-03-01 13:08:17,827] {taskinstance.py:1089} INFO - Executing <Task(PythonOperator): get_age> on 2022-12-06T22:05:00+00:00
[2023-03-01 13:08:17,854] {standard_task_runner.py:52} INFO - Started process 19980 to run task
[2023-03-01 13:08:18,040] {standard_task_runner.py:76} INFO - Running: ['airflow', 'tasks', 'run', 'with_python_operator', 'get_age', '2022-12-06T22:05:00+00:00', '--job-id', '4781', '--pool', 'default_pool', '--raw', '--subdir', 'DAGS_FOLDER/02_python_operator.py', '--cfg-path', '/tmp/tmplqtuhki6', '--error-file', '/tmp/tmp58f9s4ot']
[2023-03-01 13:08:18,052] {standard_task_runner.py:77} INFO - Job 4781: Subtask get_age
[2023-03-01 13:08:18,925] {logging_mixin.py:104} INFO - Running <TaskInstance: with_python_operator.get_age 2022-12-06T22:05:00+00:00 [running]> on host abe4c4997ef7
[2023-03-01 13:08:19,490] {taskinstance.py:1283} INFO - Exporting the following env vars:
AIRFLOW_CTX_DAG_OWNER=dataheroes
AIRFLOW_CTX_DAG_ID=with_python_operator
AIRFLOW_CTX_TASK_ID=get_age
AIRFLOW_CTX_EXECUTION_DATE=2022-12-06T22:05:00+00:00
AIRFLOW_CTX_DAG_RUN_ID=scheduled__2022-12-06T22:05:00+00:00
[2023-03-01 13:08:19,616] {python.py:118} INFO - Done. Returned value was: None
[2023-03-01 13:08:19,791] {taskinstance.py:1192} INFO - Marking task as SUCCESS. dag_id=with_python_operator, task_id=get_age, execution_date=20221206T220500, start_date=20230301T130817, end_date=20230301T130819
[2023-03-01 13:08:20,310] {taskinstance.py:1246} INFO - 1 downstream tasks scheduled from follow-on schedule check
[2023-03-01 13:08:20,401] {local_task_job.py:146} INFO - Task exited with return code 0
