[2023-03-01 12:39:24,088] {taskinstance.py:877} INFO - Dependencies all met for <TaskInstance: with_python_operator.get_name 2022-11-03T12:05:00+00:00 [queued]>
[2023-03-01 12:39:24,384] {taskinstance.py:877} INFO - Dependencies all met for <TaskInstance: with_python_operator.get_name 2022-11-03T12:05:00+00:00 [queued]>
[2023-03-01 12:39:24,392] {taskinstance.py:1068} INFO - 
--------------------------------------------------------------------------------
[2023-03-01 12:39:24,400] {taskinstance.py:1069} INFO - Starting attempt 1 of 2
[2023-03-01 12:39:24,401] {taskinstance.py:1070} INFO - 
--------------------------------------------------------------------------------
[2023-03-01 12:39:24,522] {taskinstance.py:1089} INFO - Executing <Task(PythonOperator): get_name> on 2022-11-03T12:05:00+00:00
[2023-03-01 12:39:24,594] {standard_task_runner.py:52} INFO - Started process 10315 to run task
[2023-03-01 12:39:24,662] {standard_task_runner.py:76} INFO - Running: ['airflow', 'tasks', 'run', 'with_python_operator', 'get_name', '2022-11-03T12:05:00+00:00', '--job-id', '2370', '--pool', 'default_pool', '--raw', '--subdir', 'DAGS_FOLDER/02_python_operator.py', '--cfg-path', '/tmp/tmp0fwiame1', '--error-file', '/tmp/tmpsm9wjy41']
[2023-03-01 12:39:24,686] {standard_task_runner.py:77} INFO - Job 2370: Subtask get_name
[2023-03-01 12:39:25,338] {logging_mixin.py:104} INFO - Running <TaskInstance: with_python_operator.get_name 2022-11-03T12:05:00+00:00 [running]> on host abe4c4997ef7
[2023-03-01 12:39:25,810] {taskinstance.py:1283} INFO - Exporting the following env vars:
AIRFLOW_CTX_DAG_OWNER=dataheroes
AIRFLOW_CTX_DAG_ID=with_python_operator
AIRFLOW_CTX_TASK_ID=get_name
AIRFLOW_CTX_EXECUTION_DATE=2022-11-03T12:05:00+00:00
AIRFLOW_CTX_DAG_RUN_ID=scheduled__2022-11-03T12:05:00+00:00
[2023-03-01 12:39:26,108] {python.py:118} INFO - Done. Returned value was: None
[2023-03-01 12:39:26,238] {taskinstance.py:1192} INFO - Marking task as SUCCESS. dag_id=with_python_operator, task_id=get_name, execution_date=20221103T120500, start_date=20230301T123924, end_date=20230301T123926
[2023-03-01 12:39:26,900] {taskinstance.py:1246} INFO - 0 downstream tasks scheduled from follow-on schedule check
[2023-03-01 12:39:27,093] {local_task_job.py:146} INFO - Task exited with return code 0
