[2023-03-01 12:26:56,786] {taskinstance.py:877} INFO - Dependencies all met for <TaskInstance: with_python_operator.greet 2022-10-20T14:05:00+00:00 [queued]>
[2023-03-01 12:26:57,042] {taskinstance.py:877} INFO - Dependencies all met for <TaskInstance: with_python_operator.greet 2022-10-20T14:05:00+00:00 [queued]>
[2023-03-01 12:26:57,064] {taskinstance.py:1068} INFO - 
--------------------------------------------------------------------------------
[2023-03-01 12:26:57,065] {taskinstance.py:1069} INFO - Starting attempt 1 of 2
[2023-03-01 12:26:57,069] {taskinstance.py:1070} INFO - 
--------------------------------------------------------------------------------
[2023-03-01 12:26:57,161] {taskinstance.py:1089} INFO - Executing <Task(PythonOperator): greet> on 2022-10-20T14:05:00+00:00
[2023-03-01 12:26:57,292] {standard_task_runner.py:76} INFO - Running: ['airflow', 'tasks', 'run', 'with_python_operator', 'greet', '2022-10-20T14:05:00+00:00', '--job-id', '1385', '--pool', 'default_pool', '--raw', '--subdir', 'DAGS_FOLDER/02_python_operator.py', '--cfg-path', '/tmp/tmpr5pmiy9g', '--error-file', '/tmp/tmp8jl8fyc8']
[2023-03-01 12:26:57,302] {standard_task_runner.py:77} INFO - Job 1385: Subtask greet
[2023-03-01 12:26:57,242] {standard_task_runner.py:52} INFO - Started process 6375 to run task
[2023-03-01 12:26:58,073] {logging_mixin.py:104} INFO - Running <TaskInstance: with_python_operator.greet 2022-10-20T14:05:00+00:00 [running]> on host abe4c4997ef7
[2023-03-01 12:26:58,695] {taskinstance.py:1283} INFO - Exporting the following env vars:
AIRFLOW_CTX_DAG_OWNER=dataheroes
AIRFLOW_CTX_DAG_ID=with_python_operator
AIRFLOW_CTX_TASK_ID=greet
AIRFLOW_CTX_EXECUTION_DATE=2022-10-20T14:05:00+00:00
AIRFLOW_CTX_DAG_RUN_ID=scheduled__2022-10-20T14:05:00+00:00
[2023-03-01 12:26:58,702] {logging_mixin.py:104} INFO - some dict:  {'a': 1, 'b': 2}
[2023-03-01 12:26:58,898] {logging_mixin.py:104} INFO - Hello World! My name is Reza Primasatya, and I am 17 years old!
[2023-03-01 12:26:58,916] {python.py:118} INFO - Done. Returned value was: None
[2023-03-01 12:26:59,105] {taskinstance.py:1192} INFO - Marking task as SUCCESS. dag_id=with_python_operator, task_id=greet, execution_date=20221020T140500, start_date=20230301T122656, end_date=20230301T122659
[2023-03-01 12:26:59,478] {taskinstance.py:1246} INFO - 0 downstream tasks scheduled from follow-on schedule check
[2023-03-01 12:26:59,659] {local_task_job.py:146} INFO - Task exited with return code 0
