[2023-03-01 12:35:38,684] {taskinstance.py:877} INFO - Dependencies all met for <TaskInstance: with_python_operator.get_age 2022-10-30T07:05:00+00:00 [queued]>
[2023-03-01 12:35:38,813] {taskinstance.py:877} INFO - Dependencies all met for <TaskInstance: with_python_operator.get_age 2022-10-30T07:05:00+00:00 [queued]>
[2023-03-01 12:35:38,814] {taskinstance.py:1068} INFO - 
--------------------------------------------------------------------------------
[2023-03-01 12:35:38,815] {taskinstance.py:1069} INFO - Starting attempt 1 of 2
[2023-03-01 12:35:38,816] {taskinstance.py:1070} INFO - 
--------------------------------------------------------------------------------
[2023-03-01 12:35:38,992] {taskinstance.py:1089} INFO - Executing <Task(PythonOperator): get_age> on 2022-10-30T07:05:00+00:00
[2023-03-01 12:35:39,063] {standard_task_runner.py:76} INFO - Running: ['airflow', 'tasks', 'run', 'with_python_operator', 'get_age', '2022-10-30T07:05:00+00:00', '--job-id', '2060', '--pool', 'default_pool', '--raw', '--subdir', 'DAGS_FOLDER/02_python_operator.py', '--cfg-path', '/tmp/tmp6dl94gt7', '--error-file', '/tmp/tmpguunbxb1']
[2023-03-01 12:35:39,073] {standard_task_runner.py:77} INFO - Job 2060: Subtask get_age
[2023-03-01 12:35:39,049] {standard_task_runner.py:52} INFO - Started process 9073 to run task
[2023-03-01 12:35:39,684] {logging_mixin.py:104} INFO - Running <TaskInstance: with_python_operator.get_age 2022-10-30T07:05:00+00:00 [running]> on host abe4c4997ef7
[2023-03-01 12:35:40,191] {taskinstance.py:1283} INFO - Exporting the following env vars:
AIRFLOW_CTX_DAG_OWNER=dataheroes
AIRFLOW_CTX_DAG_ID=with_python_operator
AIRFLOW_CTX_TASK_ID=get_age
AIRFLOW_CTX_EXECUTION_DATE=2022-10-30T07:05:00+00:00
AIRFLOW_CTX_DAG_RUN_ID=scheduled__2022-10-30T07:05:00+00:00
[2023-03-01 12:35:40,349] {python.py:118} INFO - Done. Returned value was: None
[2023-03-01 12:35:40,509] {taskinstance.py:1192} INFO - Marking task as SUCCESS. dag_id=with_python_operator, task_id=get_age, execution_date=20221030T070500, start_date=20230301T123538, end_date=20230301T123540
[2023-03-01 12:35:41,093] {taskinstance.py:1246} INFO - 0 downstream tasks scheduled from follow-on schedule check
[2023-03-01 12:35:41,279] {local_task_job.py:146} INFO - Task exited with return code 0
