[2023-03-01 12:20:40,340] {taskinstance.py:877} INFO - Dependencies all met for <TaskInstance: with_python_operator.get_age 2022-10-14T10:05:00+00:00 [queued]>
[2023-03-01 12:20:40,566] {taskinstance.py:877} INFO - Dependencies all met for <TaskInstance: with_python_operator.get_age 2022-10-14T10:05:00+00:00 [queued]>
[2023-03-01 12:20:40,574] {taskinstance.py:1068} INFO - 
--------------------------------------------------------------------------------
[2023-03-01 12:20:40,577] {taskinstance.py:1069} INFO - Starting attempt 1 of 2
[2023-03-01 12:20:40,579] {taskinstance.py:1070} INFO - 
--------------------------------------------------------------------------------
[2023-03-01 12:20:40,940] {taskinstance.py:1089} INFO - Executing <Task(PythonOperator): get_age> on 2022-10-14T10:05:00+00:00
[2023-03-01 12:20:40,985] {standard_task_runner.py:52} INFO - Started process 4533 to run task
[2023-03-01 12:20:41,054] {standard_task_runner.py:76} INFO - Running: ['airflow', 'tasks', 'run', 'with_python_operator', 'get_age', '2022-10-14T10:05:00+00:00', '--job-id', '924', '--pool', 'default_pool', '--raw', '--subdir', 'DAGS_FOLDER/02_python_operator.py', '--cfg-path', '/tmp/tmpx2fdoxn7', '--error-file', '/tmp/tmp8tz7ic_a']
[2023-03-01 12:20:41,063] {standard_task_runner.py:77} INFO - Job 924: Subtask get_age
[2023-03-01 12:20:42,107] {logging_mixin.py:104} INFO - Running <TaskInstance: with_python_operator.get_age 2022-10-14T10:05:00+00:00 [running]> on host abe4c4997ef7
[2023-03-01 12:20:42,729] {taskinstance.py:1283} INFO - Exporting the following env vars:
AIRFLOW_CTX_DAG_OWNER=dataheroes
AIRFLOW_CTX_DAG_ID=with_python_operator
AIRFLOW_CTX_TASK_ID=get_age
AIRFLOW_CTX_EXECUTION_DATE=2022-10-14T10:05:00+00:00
AIRFLOW_CTX_DAG_RUN_ID=scheduled__2022-10-14T10:05:00+00:00
[2023-03-01 12:20:42,897] {python.py:118} INFO - Done. Returned value was: None
[2023-03-01 12:20:43,094] {taskinstance.py:1192} INFO - Marking task as SUCCESS. dag_id=with_python_operator, task_id=get_age, execution_date=20221014T100500, start_date=20230301T122040, end_date=20230301T122043
[2023-03-01 12:20:43,561] {taskinstance.py:1246} INFO - 1 downstream tasks scheduled from follow-on schedule check
[2023-03-01 12:20:43,637] {local_task_job.py:146} INFO - Task exited with return code 0
