[2023-03-01 13:08:09,447] {taskinstance.py:877} INFO - Dependencies all met for <TaskInstance: with_python_operator.greet 2022-12-06T14:05:00+00:00 [queued]>
[2023-03-01 13:08:09,616] {taskinstance.py:877} INFO - Dependencies all met for <TaskInstance: with_python_operator.greet 2022-12-06T14:05:00+00:00 [queued]>
[2023-03-01 13:08:09,617] {taskinstance.py:1068} INFO - 
--------------------------------------------------------------------------------
[2023-03-01 13:08:09,618] {taskinstance.py:1069} INFO - Starting attempt 1 of 2
[2023-03-01 13:08:09,619] {taskinstance.py:1070} INFO - 
--------------------------------------------------------------------------------
[2023-03-01 13:08:09,702] {taskinstance.py:1089} INFO - Executing <Task(PythonOperator): greet> on 2022-12-06T14:05:00+00:00
[2023-03-01 13:08:09,719] {standard_task_runner.py:52} INFO - Started process 19931 to run task
[2023-03-01 13:08:09,761] {standard_task_runner.py:76} INFO - Running: ['airflow', 'tasks', 'run', 'with_python_operator', 'greet', '2022-12-06T14:05:00+00:00', '--job-id', '4770', '--pool', 'default_pool', '--raw', '--subdir', 'DAGS_FOLDER/02_python_operator.py', '--cfg-path', '/tmp/tmpyify9sqb', '--error-file', '/tmp/tmp2rvpzyme']
[2023-03-01 13:08:09,794] {standard_task_runner.py:77} INFO - Job 4770: Subtask greet
[2023-03-01 13:08:10,368] {logging_mixin.py:104} INFO - Running <TaskInstance: with_python_operator.greet 2022-12-06T14:05:00+00:00 [running]> on host abe4c4997ef7
[2023-03-01 13:08:11,032] {taskinstance.py:1283} INFO - Exporting the following env vars:
AIRFLOW_CTX_DAG_OWNER=dataheroes
AIRFLOW_CTX_DAG_ID=with_python_operator
AIRFLOW_CTX_TASK_ID=greet
AIRFLOW_CTX_EXECUTION_DATE=2022-12-06T14:05:00+00:00
AIRFLOW_CTX_DAG_RUN_ID=scheduled__2022-12-06T14:05:00+00:00
[2023-03-01 13:08:11,048] {logging_mixin.py:104} INFO - some dict:  {'a': 1, 'b': 2}
[2023-03-01 13:08:11,233] {logging_mixin.py:104} INFO - Hello World! My name is Reza Primasatya, and I am 17 years old!
[2023-03-01 13:08:11,234] {python.py:118} INFO - Done. Returned value was: None
[2023-03-01 13:08:11,383] {taskinstance.py:1192} INFO - Marking task as SUCCESS. dag_id=with_python_operator, task_id=greet, execution_date=20221206T140500, start_date=20230301T130809, end_date=20230301T130811
[2023-03-01 13:08:11,747] {taskinstance.py:1246} INFO - 0 downstream tasks scheduled from follow-on schedule check
[2023-03-01 13:08:11,977] {local_task_job.py:146} INFO - Task exited with return code 0
