[2023-03-01 12:49:09,498] {taskinstance.py:877} INFO - Dependencies all met for <TaskInstance: with_python_operator.greet 2022-11-14T03:05:00+00:00 [queued]>
[2023-03-01 12:49:09,740] {taskinstance.py:877} INFO - Dependencies all met for <TaskInstance: with_python_operator.greet 2022-11-14T03:05:00+00:00 [queued]>
[2023-03-01 12:49:09,755] {taskinstance.py:1068} INFO - 
--------------------------------------------------------------------------------
[2023-03-01 12:49:09,756] {taskinstance.py:1069} INFO - Starting attempt 1 of 2
[2023-03-01 12:49:09,757] {taskinstance.py:1070} INFO - 
--------------------------------------------------------------------------------
[2023-03-01 12:49:10,114] {taskinstance.py:1089} INFO - Executing <Task(PythonOperator): greet> on 2022-11-14T03:05:00+00:00
[2023-03-01 12:49:10,161] {standard_task_runner.py:76} INFO - Running: ['airflow', 'tasks', 'run', 'with_python_operator', 'greet', '2022-11-14T03:05:00+00:00', '--job-id', '3158', '--pool', 'default_pool', '--raw', '--subdir', 'DAGS_FOLDER/02_python_operator.py', '--cfg-path', '/tmp/tmpn2h3e7hs', '--error-file', '/tmp/tmpfdfwdesv']
[2023-03-01 12:49:10,190] {standard_task_runner.py:77} INFO - Job 3158: Subtask greet
[2023-03-01 12:49:10,137] {standard_task_runner.py:52} INFO - Started process 13463 to run task
[2023-03-01 12:49:10,657] {logging_mixin.py:104} INFO - Running <TaskInstance: with_python_operator.greet 2022-11-14T03:05:00+00:00 [running]> on host abe4c4997ef7
[2023-03-01 12:49:10,929] {taskinstance.py:1283} INFO - Exporting the following env vars:
AIRFLOW_CTX_DAG_OWNER=dataheroes
AIRFLOW_CTX_DAG_ID=with_python_operator
AIRFLOW_CTX_TASK_ID=greet
AIRFLOW_CTX_EXECUTION_DATE=2022-11-14T03:05:00+00:00
AIRFLOW_CTX_DAG_RUN_ID=scheduled__2022-11-14T03:05:00+00:00
[2023-03-01 12:49:10,939] {logging_mixin.py:104} INFO - some dict:  {'a': 1, 'b': 2}
[2023-03-01 12:49:11,198] {logging_mixin.py:104} INFO - Hello World! My name is Reza Primasatya, and I am 17 years old!
[2023-03-01 12:49:11,200] {python.py:118} INFO - Done. Returned value was: None
[2023-03-01 12:49:11,330] {taskinstance.py:1192} INFO - Marking task as SUCCESS. dag_id=with_python_operator, task_id=greet, execution_date=20221114T030500, start_date=20230301T124909, end_date=20230301T124911
[2023-03-01 12:49:11,998] {taskinstance.py:1246} INFO - 0 downstream tasks scheduled from follow-on schedule check
[2023-03-01 12:49:12,083] {local_task_job.py:146} INFO - Task exited with return code 0
