[2023-03-01 13:14:47,987] {taskinstance.py:877} INFO - Dependencies all met for <TaskInstance: with_python_operator.get_age 2022-12-14T15:05:00+00:00 [queued]>
[2023-03-01 13:14:48,161] {taskinstance.py:877} INFO - Dependencies all met for <TaskInstance: with_python_operator.get_age 2022-12-14T15:05:00+00:00 [queued]>
[2023-03-01 13:14:48,164] {taskinstance.py:1068} INFO - 
--------------------------------------------------------------------------------
[2023-03-01 13:14:48,166] {taskinstance.py:1069} INFO - Starting attempt 1 of 2
[2023-03-01 13:14:48,168] {taskinstance.py:1070} INFO - 
--------------------------------------------------------------------------------
[2023-03-01 13:14:48,408] {taskinstance.py:1089} INFO - Executing <Task(PythonOperator): get_age> on 2022-12-14T15:05:00+00:00
[2023-03-01 13:14:48,427] {standard_task_runner.py:52} INFO - Started process 22167 to run task
[2023-03-01 13:14:48,501] {standard_task_runner.py:76} INFO - Running: ['airflow', 'tasks', 'run', 'with_python_operator', 'get_age', '2022-12-14T15:05:00+00:00', '--job-id', '5329', '--pool', 'default_pool', '--raw', '--subdir', 'DAGS_FOLDER/02_python_operator.py', '--cfg-path', '/tmp/tmpdxpse7n7', '--error-file', '/tmp/tmpzyr9_yup']
[2023-03-01 13:14:48,524] {standard_task_runner.py:77} INFO - Job 5329: Subtask get_age
[2023-03-01 13:14:49,172] {logging_mixin.py:104} INFO - Running <TaskInstance: with_python_operator.get_age 2022-12-14T15:05:00+00:00 [running]> on host abe4c4997ef7
[2023-03-01 13:14:49,406] {taskinstance.py:1283} INFO - Exporting the following env vars:
AIRFLOW_CTX_DAG_OWNER=dataheroes
AIRFLOW_CTX_DAG_ID=with_python_operator
AIRFLOW_CTX_TASK_ID=get_age
AIRFLOW_CTX_EXECUTION_DATE=2022-12-14T15:05:00+00:00
AIRFLOW_CTX_DAG_RUN_ID=scheduled__2022-12-14T15:05:00+00:00
[2023-03-01 13:14:49,482] {python.py:118} INFO - Done. Returned value was: None
[2023-03-01 13:14:49,569] {taskinstance.py:1192} INFO - Marking task as SUCCESS. dag_id=with_python_operator, task_id=get_age, execution_date=20221214T150500, start_date=20230301T131448, end_date=20230301T131449
[2023-03-01 13:14:49,870] {taskinstance.py:1246} INFO - 0 downstream tasks scheduled from follow-on schedule check
[2023-03-01 13:14:49,981] {local_task_job.py:146} INFO - Task exited with return code 0
