[2023-03-01 12:50:36,637] {taskinstance.py:877} INFO - Dependencies all met for <TaskInstance: with_python_operator.greet 2022-11-15T20:05:00+00:00 [queued]>
[2023-03-01 12:50:36,736] {taskinstance.py:877} INFO - Dependencies all met for <TaskInstance: with_python_operator.greet 2022-11-15T20:05:00+00:00 [queued]>
[2023-03-01 12:50:36,737] {taskinstance.py:1068} INFO - 
--------------------------------------------------------------------------------
[2023-03-01 12:50:36,739] {taskinstance.py:1069} INFO - Starting attempt 1 of 2
[2023-03-01 12:50:36,740] {taskinstance.py:1070} INFO - 
--------------------------------------------------------------------------------
[2023-03-01 12:50:36,951] {taskinstance.py:1089} INFO - Executing <Task(PythonOperator): greet> on 2022-11-15T20:05:00+00:00
[2023-03-01 12:50:36,971] {standard_task_runner.py:52} INFO - Started process 13901 to run task
[2023-03-01 12:50:37,006] {standard_task_runner.py:76} INFO - Running: ['airflow', 'tasks', 'run', 'with_python_operator', 'greet', '2022-11-15T20:05:00+00:00', '--job-id', '3269', '--pool', 'default_pool', '--raw', '--subdir', 'DAGS_FOLDER/02_python_operator.py', '--cfg-path', '/tmp/tmp9067_l6s', '--error-file', '/tmp/tmp3ds2eb7k']
[2023-03-01 12:50:37,009] {standard_task_runner.py:77} INFO - Job 3269: Subtask greet
[2023-03-01 12:50:37,575] {logging_mixin.py:104} INFO - Running <TaskInstance: with_python_operator.greet 2022-11-15T20:05:00+00:00 [running]> on host abe4c4997ef7
[2023-03-01 12:50:37,956] {taskinstance.py:1283} INFO - Exporting the following env vars:
AIRFLOW_CTX_DAG_OWNER=dataheroes
AIRFLOW_CTX_DAG_ID=with_python_operator
AIRFLOW_CTX_TASK_ID=greet
AIRFLOW_CTX_EXECUTION_DATE=2022-11-15T20:05:00+00:00
AIRFLOW_CTX_DAG_RUN_ID=scheduled__2022-11-15T20:05:00+00:00
[2023-03-01 12:50:37,961] {logging_mixin.py:104} INFO - some dict:  {'a': 1, 'b': 2}
[2023-03-01 12:50:38,114] {logging_mixin.py:104} INFO - Hello World! My name is Reza Primasatya, and I am 17 years old!
[2023-03-01 12:50:38,118] {python.py:118} INFO - Done. Returned value was: None
[2023-03-01 12:50:38,210] {taskinstance.py:1192} INFO - Marking task as SUCCESS. dag_id=with_python_operator, task_id=greet, execution_date=20221115T200500, start_date=20230301T125036, end_date=20230301T125038
[2023-03-01 12:50:38,372] {taskinstance.py:1246} INFO - 0 downstream tasks scheduled from follow-on schedule check
[2023-03-01 12:50:38,472] {local_task_job.py:146} INFO - Task exited with return code 0
