[2023-03-01 12:31:21,756] {taskinstance.py:877} INFO - Dependencies all met for <TaskInstance: with_python_operator.get_name 2022-10-25T16:05:00+00:00 [queued]>
[2023-03-01 12:31:22,093] {taskinstance.py:877} INFO - Dependencies all met for <TaskInstance: with_python_operator.get_name 2022-10-25T16:05:00+00:00 [queued]>
[2023-03-01 12:31:22,101] {taskinstance.py:1068} INFO - 
--------------------------------------------------------------------------------
[2023-03-01 12:31:22,105] {taskinstance.py:1069} INFO - Starting attempt 1 of 2
[2023-03-01 12:31:22,108] {taskinstance.py:1070} INFO - 
--------------------------------------------------------------------------------
[2023-03-01 12:31:22,316] {taskinstance.py:1089} INFO - Executing <Task(PythonOperator): get_name> on 2022-10-25T16:05:00+00:00
[2023-03-01 12:31:22,363] {standard_task_runner.py:52} INFO - Started process 7736 to run task
[2023-03-01 12:31:22,440] {standard_task_runner.py:76} INFO - Running: ['airflow', 'tasks', 'run', 'with_python_operator', 'get_name', '2022-10-25T16:05:00+00:00', '--job-id', '1727', '--pool', 'default_pool', '--raw', '--subdir', 'DAGS_FOLDER/02_python_operator.py', '--cfg-path', '/tmp/tmpfj2kn021', '--error-file', '/tmp/tmpyi5bx8lg']
[2023-03-01 12:31:22,454] {standard_task_runner.py:77} INFO - Job 1727: Subtask get_name
[2023-03-01 12:31:23,208] {logging_mixin.py:104} INFO - Running <TaskInstance: with_python_operator.get_name 2022-10-25T16:05:00+00:00 [running]> on host abe4c4997ef7
[2023-03-01 12:31:23,823] {taskinstance.py:1283} INFO - Exporting the following env vars:
AIRFLOW_CTX_DAG_OWNER=dataheroes
AIRFLOW_CTX_DAG_ID=with_python_operator
AIRFLOW_CTX_TASK_ID=get_name
AIRFLOW_CTX_EXECUTION_DATE=2022-10-25T16:05:00+00:00
AIRFLOW_CTX_DAG_RUN_ID=scheduled__2022-10-25T16:05:00+00:00
[2023-03-01 12:31:24,055] {python.py:118} INFO - Done. Returned value was: None
[2023-03-01 12:31:24,238] {taskinstance.py:1192} INFO - Marking task as SUCCESS. dag_id=with_python_operator, task_id=get_name, execution_date=20221025T160500, start_date=20230301T123121, end_date=20230301T123124
[2023-03-01 12:31:24,818] {taskinstance.py:1246} INFO - 0 downstream tasks scheduled from follow-on schedule check
[2023-03-01 12:31:24,990] {local_task_job.py:146} INFO - Task exited with return code 0
