[2023-03-01 13:05:13,999] {taskinstance.py:877} INFO - Dependencies all met for <TaskInstance: with_python_operator.get_age 2022-12-03T11:05:00+00:00 [queued]>
[2023-03-01 13:05:14,246] {taskinstance.py:877} INFO - Dependencies all met for <TaskInstance: with_python_operator.get_age 2022-12-03T11:05:00+00:00 [queued]>
[2023-03-01 13:05:14,248] {taskinstance.py:1068} INFO - 
--------------------------------------------------------------------------------
[2023-03-01 13:05:14,251] {taskinstance.py:1069} INFO - Starting attempt 1 of 2
[2023-03-01 13:05:14,254] {taskinstance.py:1070} INFO - 
--------------------------------------------------------------------------------
[2023-03-01 13:05:14,496] {taskinstance.py:1089} INFO - Executing <Task(PythonOperator): get_age> on 2022-12-03T11:05:00+00:00
[2023-03-01 13:05:14,519] {standard_task_runner.py:52} INFO - Started process 18975 to run task
[2023-03-01 13:05:14,588] {standard_task_runner.py:76} INFO - Running: ['airflow', 'tasks', 'run', 'with_python_operator', 'get_age', '2022-12-03T11:05:00+00:00', '--job-id', '4532', '--pool', 'default_pool', '--raw', '--subdir', 'DAGS_FOLDER/02_python_operator.py', '--cfg-path', '/tmp/tmpq_h8u0xi', '--error-file', '/tmp/tmpprwfagq6']
[2023-03-01 13:05:14,595] {standard_task_runner.py:77} INFO - Job 4532: Subtask get_age
[2023-03-01 13:05:15,013] {logging_mixin.py:104} INFO - Running <TaskInstance: with_python_operator.get_age 2022-12-03T11:05:00+00:00 [running]> on host abe4c4997ef7
[2023-03-01 13:05:15,693] {taskinstance.py:1283} INFO - Exporting the following env vars:
AIRFLOW_CTX_DAG_OWNER=dataheroes
AIRFLOW_CTX_DAG_ID=with_python_operator
AIRFLOW_CTX_TASK_ID=get_age
AIRFLOW_CTX_EXECUTION_DATE=2022-12-03T11:05:00+00:00
AIRFLOW_CTX_DAG_RUN_ID=scheduled__2022-12-03T11:05:00+00:00
[2023-03-01 13:05:15,867] {python.py:118} INFO - Done. Returned value was: None
[2023-03-01 13:05:15,968] {taskinstance.py:1192} INFO - Marking task as SUCCESS. dag_id=with_python_operator, task_id=get_age, execution_date=20221203T110500, start_date=20230301T130514, end_date=20230301T130515
[2023-03-01 13:05:16,459] {taskinstance.py:1246} INFO - 0 downstream tasks scheduled from follow-on schedule check
[2023-03-01 13:05:16,552] {local_task_job.py:146} INFO - Task exited with return code 0
