[2023-03-01 12:46:42,621] {taskinstance.py:877} INFO - Dependencies all met for <TaskInstance: with_python_operator.get_age 2022-11-11T16:05:00+00:00 [queued]>
[2023-03-01 12:46:42,711] {taskinstance.py:877} INFO - Dependencies all met for <TaskInstance: with_python_operator.get_age 2022-11-11T16:05:00+00:00 [queued]>
[2023-03-01 12:46:42,713] {taskinstance.py:1068} INFO - 
--------------------------------------------------------------------------------
[2023-03-01 12:46:42,713] {taskinstance.py:1069} INFO - Starting attempt 1 of 2
[2023-03-01 12:46:42,714] {taskinstance.py:1070} INFO - 
--------------------------------------------------------------------------------
[2023-03-01 12:46:42,980] {taskinstance.py:1089} INFO - Executing <Task(PythonOperator): get_age> on 2022-11-11T16:05:00+00:00
[2023-03-01 12:46:43,019] {standard_task_runner.py:52} INFO - Started process 12655 to run task
[2023-03-01 12:46:43,081] {standard_task_runner.py:76} INFO - Running: ['airflow', 'tasks', 'run', 'with_python_operator', 'get_age', '2022-11-11T16:05:00+00:00', '--job-id', '2956', '--pool', 'default_pool', '--raw', '--subdir', 'DAGS_FOLDER/02_python_operator.py', '--cfg-path', '/tmp/tmp7acdnsoi', '--error-file', '/tmp/tmpuozlfy57']
[2023-03-01 12:46:43,092] {standard_task_runner.py:77} INFO - Job 2956: Subtask get_age
[2023-03-01 12:46:43,534] {logging_mixin.py:104} INFO - Running <TaskInstance: with_python_operator.get_age 2022-11-11T16:05:00+00:00 [running]> on host abe4c4997ef7
[2023-03-01 12:46:43,961] {taskinstance.py:1283} INFO - Exporting the following env vars:
AIRFLOW_CTX_DAG_OWNER=dataheroes
AIRFLOW_CTX_DAG_ID=with_python_operator
AIRFLOW_CTX_TASK_ID=get_age
AIRFLOW_CTX_EXECUTION_DATE=2022-11-11T16:05:00+00:00
AIRFLOW_CTX_DAG_RUN_ID=scheduled__2022-11-11T16:05:00+00:00
[2023-03-01 12:46:44,043] {python.py:118} INFO - Done. Returned value was: None
[2023-03-01 12:46:44,183] {taskinstance.py:1192} INFO - Marking task as SUCCESS. dag_id=with_python_operator, task_id=get_age, execution_date=20221111T160500, start_date=20230301T124642, end_date=20230301T124644
[2023-03-01 12:46:44,628] {taskinstance.py:1246} INFO - 0 downstream tasks scheduled from follow-on schedule check
[2023-03-01 12:46:44,885] {local_task_job.py:146} INFO - Task exited with return code 0
