[2023-03-01 12:37:43,961] {taskinstance.py:877} INFO - Dependencies all met for <TaskInstance: with_python_operator.greet 2022-11-01T07:05:00+00:00 [queued]>
[2023-03-01 12:37:44,177] {taskinstance.py:877} INFO - Dependencies all met for <TaskInstance: with_python_operator.greet 2022-11-01T07:05:00+00:00 [queued]>
[2023-03-01 12:37:44,181] {taskinstance.py:1068} INFO - 
--------------------------------------------------------------------------------
[2023-03-01 12:37:44,182] {taskinstance.py:1069} INFO - Starting attempt 1 of 2
[2023-03-01 12:37:44,182] {taskinstance.py:1070} INFO - 
--------------------------------------------------------------------------------
[2023-03-01 12:37:44,359] {taskinstance.py:1089} INFO - Executing <Task(PythonOperator): greet> on 2022-11-01T07:05:00+00:00
[2023-03-01 12:37:44,410] {standard_task_runner.py:52} INFO - Started process 9789 to run task
[2023-03-01 12:37:44,506] {standard_task_runner.py:76} INFO - Running: ['airflow', 'tasks', 'run', 'with_python_operator', 'greet', '2022-11-01T07:05:00+00:00', '--job-id', '2239', '--pool', 'default_pool', '--raw', '--subdir', 'DAGS_FOLDER/02_python_operator.py', '--cfg-path', '/tmp/tmpze6yrc_8', '--error-file', '/tmp/tmp1m6bjrht']
[2023-03-01 12:37:44,511] {standard_task_runner.py:77} INFO - Job 2239: Subtask greet
[2023-03-01 12:37:45,085] {logging_mixin.py:104} INFO - Running <TaskInstance: with_python_operator.greet 2022-11-01T07:05:00+00:00 [running]> on host abe4c4997ef7
[2023-03-01 12:37:45,731] {taskinstance.py:1283} INFO - Exporting the following env vars:
AIRFLOW_CTX_DAG_OWNER=dataheroes
AIRFLOW_CTX_DAG_ID=with_python_operator
AIRFLOW_CTX_TASK_ID=greet
AIRFLOW_CTX_EXECUTION_DATE=2022-11-01T07:05:00+00:00
AIRFLOW_CTX_DAG_RUN_ID=scheduled__2022-11-01T07:05:00+00:00
[2023-03-01 12:37:45,749] {logging_mixin.py:104} INFO - some dict:  {'a': 1, 'b': 2}
[2023-03-01 12:37:45,946] {logging_mixin.py:104} INFO - Hello World! My name is Reza Primasatya, and I am 17 years old!
[2023-03-01 12:37:45,948] {python.py:118} INFO - Done. Returned value was: None
[2023-03-01 12:37:46,074] {taskinstance.py:1192} INFO - Marking task as SUCCESS. dag_id=with_python_operator, task_id=greet, execution_date=20221101T070500, start_date=20230301T123743, end_date=20230301T123746
[2023-03-01 12:37:46,451] {taskinstance.py:1246} INFO - 0 downstream tasks scheduled from follow-on schedule check
[2023-03-01 12:37:46,531] {local_task_job.py:146} INFO - Task exited with return code 0
