[2023-03-01 13:04:01,607] {taskinstance.py:877} INFO - Dependencies all met for <TaskInstance: with_python_operator.get_name 2022-12-02T00:05:00+00:00 [queued]>
[2023-03-01 13:04:01,725] {taskinstance.py:877} INFO - Dependencies all met for <TaskInstance: with_python_operator.get_name 2022-12-02T00:05:00+00:00 [queued]>
[2023-03-01 13:04:01,726] {taskinstance.py:1068} INFO - 
--------------------------------------------------------------------------------
[2023-03-01 13:04:01,730] {taskinstance.py:1069} INFO - Starting attempt 1 of 2
[2023-03-01 13:04:01,731] {taskinstance.py:1070} INFO - 
--------------------------------------------------------------------------------
[2023-03-01 13:04:01,906] {taskinstance.py:1089} INFO - Executing <Task(PythonOperator): get_name> on 2022-12-02T00:05:00+00:00
[2023-03-01 13:04:01,947] {standard_task_runner.py:52} INFO - Started process 18559 to run task
[2023-03-01 13:04:02,022] {standard_task_runner.py:76} INFO - Running: ['airflow', 'tasks', 'run', 'with_python_operator', 'get_name', '2022-12-02T00:05:00+00:00', '--job-id', '4429', '--pool', 'default_pool', '--raw', '--subdir', 'DAGS_FOLDER/02_python_operator.py', '--cfg-path', '/tmp/tmpy9g_onhy', '--error-file', '/tmp/tmp80ib7nrt']
[2023-03-01 13:04:02,034] {standard_task_runner.py:77} INFO - Job 4429: Subtask get_name
[2023-03-01 13:04:02,682] {logging_mixin.py:104} INFO - Running <TaskInstance: with_python_operator.get_name 2022-12-02T00:05:00+00:00 [running]> on host abe4c4997ef7
[2023-03-01 13:04:03,284] {taskinstance.py:1283} INFO - Exporting the following env vars:
AIRFLOW_CTX_DAG_OWNER=dataheroes
AIRFLOW_CTX_DAG_ID=with_python_operator
AIRFLOW_CTX_TASK_ID=get_name
AIRFLOW_CTX_EXECUTION_DATE=2022-12-02T00:05:00+00:00
AIRFLOW_CTX_DAG_RUN_ID=scheduled__2022-12-02T00:05:00+00:00
[2023-03-01 13:04:03,529] {python.py:118} INFO - Done. Returned value was: None
[2023-03-01 13:04:03,650] {taskinstance.py:1192} INFO - Marking task as SUCCESS. dag_id=with_python_operator, task_id=get_name, execution_date=20221202T000500, start_date=20230301T130401, end_date=20230301T130403
[2023-03-01 13:04:03,936] {taskinstance.py:1246} INFO - 1 downstream tasks scheduled from follow-on schedule check
[2023-03-01 13:04:04,024] {local_task_job.py:146} INFO - Task exited with return code 0
