[2023-03-01 12:36:19,013] {taskinstance.py:877} INFO - Dependencies all met for <TaskInstance: with_python_operator.get_age 2022-10-30T23:05:00+00:00 [queued]>
[2023-03-01 12:36:19,236] {taskinstance.py:877} INFO - Dependencies all met for <TaskInstance: with_python_operator.get_age 2022-10-30T23:05:00+00:00 [queued]>
[2023-03-01 12:36:19,244] {taskinstance.py:1068} INFO - 
--------------------------------------------------------------------------------
[2023-03-01 12:36:19,291] {taskinstance.py:1069} INFO - Starting attempt 1 of 2
[2023-03-01 12:36:19,293] {taskinstance.py:1070} INFO - 
--------------------------------------------------------------------------------
[2023-03-01 12:36:19,468] {taskinstance.py:1089} INFO - Executing <Task(PythonOperator): get_age> on 2022-10-30T23:05:00+00:00
[2023-03-01 12:36:19,497] {standard_task_runner.py:52} INFO - Started process 9289 to run task
[2023-03-01 12:36:19,568] {standard_task_runner.py:76} INFO - Running: ['airflow', 'tasks', 'run', 'with_python_operator', 'get_age', '2022-10-30T23:05:00+00:00', '--job-id', '2114', '--pool', 'default_pool', '--raw', '--subdir', 'DAGS_FOLDER/02_python_operator.py', '--cfg-path', '/tmp/tmpl59vqci4', '--error-file', '/tmp/tmpj1ukps40']
[2023-03-01 12:36:19,584] {standard_task_runner.py:77} INFO - Job 2114: Subtask get_age
[2023-03-01 12:36:19,852] {logging_mixin.py:104} INFO - Running <TaskInstance: with_python_operator.get_age 2022-10-30T23:05:00+00:00 [running]> on host abe4c4997ef7
[2023-03-01 12:36:20,332] {taskinstance.py:1283} INFO - Exporting the following env vars:
AIRFLOW_CTX_DAG_OWNER=dataheroes
AIRFLOW_CTX_DAG_ID=with_python_operator
AIRFLOW_CTX_TASK_ID=get_age
AIRFLOW_CTX_EXECUTION_DATE=2022-10-30T23:05:00+00:00
AIRFLOW_CTX_DAG_RUN_ID=scheduled__2022-10-30T23:05:00+00:00
[2023-03-01 12:36:20,493] {python.py:118} INFO - Done. Returned value was: None
[2023-03-01 12:36:20,674] {taskinstance.py:1192} INFO - Marking task as SUCCESS. dag_id=with_python_operator, task_id=get_age, execution_date=20221030T230500, start_date=20230301T123619, end_date=20230301T123620
[2023-03-01 12:36:21,227] {taskinstance.py:1246} INFO - 1 downstream tasks scheduled from follow-on schedule check
[2023-03-01 12:36:21,298] {local_task_job.py:146} INFO - Task exited with return code 0
