[2023-03-01 12:32:35,578] {taskinstance.py:877} INFO - Dependencies all met for <TaskInstance: with_python_operator.greet 2022-10-26T17:05:00+00:00 [queued]>
[2023-03-01 12:32:35,869] {taskinstance.py:877} INFO - Dependencies all met for <TaskInstance: with_python_operator.greet 2022-10-26T17:05:00+00:00 [queued]>
[2023-03-01 12:32:35,874] {taskinstance.py:1068} INFO - 
--------------------------------------------------------------------------------
[2023-03-01 12:32:35,876] {taskinstance.py:1069} INFO - Starting attempt 1 of 2
[2023-03-01 12:32:35,880] {taskinstance.py:1070} INFO - 
--------------------------------------------------------------------------------
[2023-03-01 12:32:36,128] {taskinstance.py:1089} INFO - Executing <Task(PythonOperator): greet> on 2022-10-26T17:05:00+00:00
[2023-03-01 12:32:36,173] {standard_task_runner.py:76} INFO - Running: ['airflow', 'tasks', 'run', 'with_python_operator', 'greet', '2022-10-26T17:05:00+00:00', '--job-id', '1824', '--pool', 'default_pool', '--raw', '--subdir', 'DAGS_FOLDER/02_python_operator.py', '--cfg-path', '/tmp/tmpd3hzz1as', '--error-file', '/tmp/tmpb6jlyfpc']
[2023-03-01 12:32:36,180] {standard_task_runner.py:77} INFO - Job 1824: Subtask greet
[2023-03-01 12:32:36,155] {standard_task_runner.py:52} INFO - Started process 8121 to run task
[2023-03-01 12:32:36,591] {logging_mixin.py:104} INFO - Running <TaskInstance: with_python_operator.greet 2022-10-26T17:05:00+00:00 [running]> on host abe4c4997ef7
[2023-03-01 12:32:36,816] {taskinstance.py:1283} INFO - Exporting the following env vars:
AIRFLOW_CTX_DAG_OWNER=dataheroes
AIRFLOW_CTX_DAG_ID=with_python_operator
AIRFLOW_CTX_TASK_ID=greet
AIRFLOW_CTX_EXECUTION_DATE=2022-10-26T17:05:00+00:00
AIRFLOW_CTX_DAG_RUN_ID=scheduled__2022-10-26T17:05:00+00:00
[2023-03-01 12:32:36,822] {logging_mixin.py:104} INFO - some dict:  {'a': 1, 'b': 2}
[2023-03-01 12:32:36,942] {logging_mixin.py:104} INFO - Hello World! My name is Reza Primasatya, and I am 17 years old!
[2023-03-01 12:32:36,944] {python.py:118} INFO - Done. Returned value was: None
[2023-03-01 12:32:36,999] {taskinstance.py:1192} INFO - Marking task as SUCCESS. dag_id=with_python_operator, task_id=greet, execution_date=20221026T170500, start_date=20230301T123235, end_date=20230301T123236
[2023-03-01 12:32:37,171] {taskinstance.py:1246} INFO - 0 downstream tasks scheduled from follow-on schedule check
[2023-03-01 12:32:37,281] {local_task_job.py:146} INFO - Task exited with return code 0
