[2023-03-01 12:17:26,519] {taskinstance.py:877} INFO - Dependencies all met for <TaskInstance: with_python_operator.get_name 2022-10-11T03:05:00+00:00 [queued]>
[2023-03-01 12:17:26,948] {taskinstance.py:877} INFO - Dependencies all met for <TaskInstance: with_python_operator.get_name 2022-10-11T03:05:00+00:00 [queued]>
[2023-03-01 12:17:26,956] {taskinstance.py:1068} INFO - 
--------------------------------------------------------------------------------
[2023-03-01 12:17:26,964] {taskinstance.py:1069} INFO - Starting attempt 1 of 2
[2023-03-01 12:17:26,979] {taskinstance.py:1070} INFO - 
--------------------------------------------------------------------------------
[2023-03-01 12:17:27,227] {taskinstance.py:1089} INFO - Executing <Task(PythonOperator): get_name> on 2022-10-11T03:05:00+00:00
[2023-03-01 12:17:27,294] {standard_task_runner.py:52} INFO - Started process 3455 to run task
[2023-03-01 12:17:27,425] {standard_task_runner.py:76} INFO - Running: ['airflow', 'tasks', 'run', 'with_python_operator', 'get_name', '2022-10-11T03:05:00+00:00', '--job-id', '668', '--pool', 'default_pool', '--raw', '--subdir', 'DAGS_FOLDER/02_python_operator.py', '--cfg-path', '/tmp/tmp37o_999k', '--error-file', '/tmp/tmp7lbhlo4d']
[2023-03-01 12:17:27,430] {standard_task_runner.py:77} INFO - Job 668: Subtask get_name
[2023-03-01 12:17:28,250] {logging_mixin.py:104} INFO - Running <TaskInstance: with_python_operator.get_name 2022-10-11T03:05:00+00:00 [running]> on host abe4c4997ef7
[2023-03-01 12:17:28,794] {taskinstance.py:1283} INFO - Exporting the following env vars:
AIRFLOW_CTX_DAG_OWNER=dataheroes
AIRFLOW_CTX_DAG_ID=with_python_operator
AIRFLOW_CTX_TASK_ID=get_name
AIRFLOW_CTX_EXECUTION_DATE=2022-10-11T03:05:00+00:00
AIRFLOW_CTX_DAG_RUN_ID=scheduled__2022-10-11T03:05:00+00:00
[2023-03-01 12:17:29,048] {python.py:118} INFO - Done. Returned value was: None
[2023-03-01 12:17:29,258] {taskinstance.py:1192} INFO - Marking task as SUCCESS. dag_id=with_python_operator, task_id=get_name, execution_date=20221011T030500, start_date=20230301T121726, end_date=20230301T121729
[2023-03-01 12:17:30,348] {taskinstance.py:1246} INFO - 0 downstream tasks scheduled from follow-on schedule check
[2023-03-01 12:17:30,551] {local_task_job.py:146} INFO - Task exited with return code 0
