[2023-03-01 13:01:16,856] {taskinstance.py:877} INFO - Dependencies all met for <TaskInstance: with_python_operator.get_name 2022-11-28T09:05:00+00:00 [queued]>
[2023-03-01 13:01:16,997] {taskinstance.py:877} INFO - Dependencies all met for <TaskInstance: with_python_operator.get_name 2022-11-28T09:05:00+00:00 [queued]>
[2023-03-01 13:01:17,004] {taskinstance.py:1068} INFO - 
--------------------------------------------------------------------------------
[2023-03-01 13:01:17,005] {taskinstance.py:1069} INFO - Starting attempt 1 of 2
[2023-03-01 13:01:17,009] {taskinstance.py:1070} INFO - 
--------------------------------------------------------------------------------
[2023-03-01 13:01:17,113] {taskinstance.py:1089} INFO - Executing <Task(PythonOperator): get_name> on 2022-11-28T09:05:00+00:00
[2023-03-01 13:01:17,135] {standard_task_runner.py:52} INFO - Started process 17478 to run task
[2023-03-01 13:01:17,212] {standard_task_runner.py:76} INFO - Running: ['airflow', 'tasks', 'run', 'with_python_operator', 'get_name', '2022-11-28T09:05:00+00:00', '--job-id', '4160', '--pool', 'default_pool', '--raw', '--subdir', 'DAGS_FOLDER/02_python_operator.py', '--cfg-path', '/tmp/tmprv8gp80t', '--error-file', '/tmp/tmpv1sbj12o']
[2023-03-01 13:01:17,231] {standard_task_runner.py:77} INFO - Job 4160: Subtask get_name
[2023-03-01 13:01:17,701] {logging_mixin.py:104} INFO - Running <TaskInstance: with_python_operator.get_name 2022-11-28T09:05:00+00:00 [running]> on host abe4c4997ef7
[2023-03-01 13:01:18,194] {taskinstance.py:1283} INFO - Exporting the following env vars:
AIRFLOW_CTX_DAG_OWNER=dataheroes
AIRFLOW_CTX_DAG_ID=with_python_operator
AIRFLOW_CTX_TASK_ID=get_name
AIRFLOW_CTX_EXECUTION_DATE=2022-11-28T09:05:00+00:00
AIRFLOW_CTX_DAG_RUN_ID=scheduled__2022-11-28T09:05:00+00:00
[2023-03-01 13:01:18,339] {python.py:118} INFO - Done. Returned value was: None
[2023-03-01 13:01:18,491] {taskinstance.py:1192} INFO - Marking task as SUCCESS. dag_id=with_python_operator, task_id=get_name, execution_date=20221128T090500, start_date=20230301T130116, end_date=20230301T130118
[2023-03-01 13:01:18,930] {taskinstance.py:1246} INFO - 0 downstream tasks scheduled from follow-on schedule check
[2023-03-01 13:01:19,023] {local_task_job.py:146} INFO - Task exited with return code 0
