[2023-03-01 13:14:39,968] {taskinstance.py:877} INFO - Dependencies all met for <TaskInstance: with_python_operator.greet 2022-12-14T01:05:00+00:00 [queued]>
[2023-03-01 13:14:40,170] {taskinstance.py:877} INFO - Dependencies all met for <TaskInstance: with_python_operator.greet 2022-12-14T01:05:00+00:00 [queued]>
[2023-03-01 13:14:40,171] {taskinstance.py:1068} INFO - 
--------------------------------------------------------------------------------
[2023-03-01 13:14:40,173] {taskinstance.py:1069} INFO - Starting attempt 1 of 2
[2023-03-01 13:14:40,177] {taskinstance.py:1070} INFO - 
--------------------------------------------------------------------------------
[2023-03-01 13:14:40,346] {taskinstance.py:1089} INFO - Executing <Task(PythonOperator): greet> on 2022-12-14T01:05:00+00:00
[2023-03-01 13:14:40,373] {standard_task_runner.py:52} INFO - Started process 22117 to run task
[2023-03-01 13:14:40,417] {standard_task_runner.py:76} INFO - Running: ['airflow', 'tasks', 'run', 'with_python_operator', 'greet', '2022-12-14T01:05:00+00:00', '--job-id', '5316', '--pool', 'default_pool', '--raw', '--subdir', 'DAGS_FOLDER/02_python_operator.py', '--cfg-path', '/tmp/tmpwqf391d0', '--error-file', '/tmp/tmptwpulp65']
[2023-03-01 13:14:40,423] {standard_task_runner.py:77} INFO - Job 5316: Subtask greet
[2023-03-01 13:14:41,288] {logging_mixin.py:104} INFO - Running <TaskInstance: with_python_operator.greet 2022-12-14T01:05:00+00:00 [running]> on host abe4c4997ef7
[2023-03-01 13:14:41,845] {taskinstance.py:1283} INFO - Exporting the following env vars:
AIRFLOW_CTX_DAG_OWNER=dataheroes
AIRFLOW_CTX_DAG_ID=with_python_operator
AIRFLOW_CTX_TASK_ID=greet
AIRFLOW_CTX_EXECUTION_DATE=2022-12-14T01:05:00+00:00
AIRFLOW_CTX_DAG_RUN_ID=scheduled__2022-12-14T01:05:00+00:00
[2023-03-01 13:14:41,850] {logging_mixin.py:104} INFO - some dict:  {'a': 1, 'b': 2}
[2023-03-01 13:14:42,125] {logging_mixin.py:104} INFO - Hello World! My name is Reza Primasatya, and I am 17 years old!
[2023-03-01 13:14:42,129] {python.py:118} INFO - Done. Returned value was: None
[2023-03-01 13:14:42,292] {taskinstance.py:1192} INFO - Marking task as SUCCESS. dag_id=with_python_operator, task_id=greet, execution_date=20221214T010500, start_date=20230301T131440, end_date=20230301T131442
[2023-03-01 13:14:42,654] {taskinstance.py:1246} INFO - 0 downstream tasks scheduled from follow-on schedule check
[2023-03-01 13:14:42,820] {local_task_job.py:146} INFO - Task exited with return code 0
