[2023-03-01 12:39:51,850] {taskinstance.py:877} INFO - Dependencies all met for <TaskInstance: with_python_operator.greet 2022-11-04T01:05:00+00:00 [queued]>
[2023-03-01 12:39:51,966] {taskinstance.py:877} INFO - Dependencies all met for <TaskInstance: with_python_operator.greet 2022-11-04T01:05:00+00:00 [queued]>
[2023-03-01 12:39:51,968] {taskinstance.py:1068} INFO - 
--------------------------------------------------------------------------------
[2023-03-01 12:39:51,969] {taskinstance.py:1069} INFO - Starting attempt 1 of 2
[2023-03-01 12:39:51,970] {taskinstance.py:1070} INFO - 
--------------------------------------------------------------------------------
[2023-03-01 12:39:52,110] {taskinstance.py:1089} INFO - Executing <Task(PythonOperator): greet> on 2022-11-04T01:05:00+00:00
[2023-03-01 12:39:52,127] {standard_task_runner.py:52} INFO - Started process 10513 to run task
[2023-03-01 12:39:52,143] {standard_task_runner.py:76} INFO - Running: ['airflow', 'tasks', 'run', 'with_python_operator', 'greet', '2022-11-04T01:05:00+00:00', '--job-id', '2423', '--pool', 'default_pool', '--raw', '--subdir', 'DAGS_FOLDER/02_python_operator.py', '--cfg-path', '/tmp/tmpozm059bh', '--error-file', '/tmp/tmp0l3fc9_h']
[2023-03-01 12:39:52,145] {standard_task_runner.py:77} INFO - Job 2423: Subtask greet
[2023-03-01 12:39:52,594] {logging_mixin.py:104} INFO - Running <TaskInstance: with_python_operator.greet 2022-11-04T01:05:00+00:00 [running]> on host abe4c4997ef7
[2023-03-01 12:39:52,906] {taskinstance.py:1283} INFO - Exporting the following env vars:
AIRFLOW_CTX_DAG_OWNER=dataheroes
AIRFLOW_CTX_DAG_ID=with_python_operator
AIRFLOW_CTX_TASK_ID=greet
AIRFLOW_CTX_EXECUTION_DATE=2022-11-04T01:05:00+00:00
AIRFLOW_CTX_DAG_RUN_ID=scheduled__2022-11-04T01:05:00+00:00
[2023-03-01 12:39:52,909] {logging_mixin.py:104} INFO - some dict:  {'a': 1, 'b': 2}
[2023-03-01 12:39:53,035] {logging_mixin.py:104} INFO - Hello World! My name is Reza Primasatya, and I am 17 years old!
[2023-03-01 12:39:53,037] {python.py:118} INFO - Done. Returned value was: None
[2023-03-01 12:39:53,141] {taskinstance.py:1192} INFO - Marking task as SUCCESS. dag_id=with_python_operator, task_id=greet, execution_date=20221104T010500, start_date=20230301T123951, end_date=20230301T123953
[2023-03-01 12:39:53,310] {taskinstance.py:1246} INFO - 0 downstream tasks scheduled from follow-on schedule check
[2023-03-01 12:39:53,377] {local_task_job.py:146} INFO - Task exited with return code 0
