[2023-03-01 12:35:36,891] {taskinstance.py:877} INFO - Dependencies all met for <TaskInstance: with_python_operator.get_name 2022-10-30T06:05:00+00:00 [queued]>
[2023-03-01 12:35:37,150] {taskinstance.py:877} INFO - Dependencies all met for <TaskInstance: with_python_operator.get_name 2022-10-30T06:05:00+00:00 [queued]>
[2023-03-01 12:35:37,154] {taskinstance.py:1068} INFO - 
--------------------------------------------------------------------------------
[2023-03-01 12:35:37,155] {taskinstance.py:1069} INFO - Starting attempt 1 of 2
[2023-03-01 12:35:37,156] {taskinstance.py:1070} INFO - 
--------------------------------------------------------------------------------
[2023-03-01 12:35:37,232] {taskinstance.py:1089} INFO - Executing <Task(PythonOperator): get_name> on 2022-10-30T06:05:00+00:00
[2023-03-01 12:35:37,339] {standard_task_runner.py:76} INFO - Running: ['airflow', 'tasks', 'run', 'with_python_operator', 'get_name', '2022-10-30T06:05:00+00:00', '--job-id', '2057', '--pool', 'default_pool', '--raw', '--subdir', 'DAGS_FOLDER/02_python_operator.py', '--cfg-path', '/tmp/tmpflcqhuqk', '--error-file', '/tmp/tmpun17nf46']
[2023-03-01 12:35:37,241] {standard_task_runner.py:52} INFO - Started process 9063 to run task
[2023-03-01 12:35:37,358] {standard_task_runner.py:77} INFO - Job 2057: Subtask get_name
[2023-03-01 12:35:38,226] {logging_mixin.py:104} INFO - Running <TaskInstance: with_python_operator.get_name 2022-10-30T06:05:00+00:00 [running]> on host abe4c4997ef7
[2023-03-01 12:35:38,731] {taskinstance.py:1283} INFO - Exporting the following env vars:
AIRFLOW_CTX_DAG_OWNER=dataheroes
AIRFLOW_CTX_DAG_ID=with_python_operator
AIRFLOW_CTX_TASK_ID=get_name
AIRFLOW_CTX_EXECUTION_DATE=2022-10-30T06:05:00+00:00
AIRFLOW_CTX_DAG_RUN_ID=scheduled__2022-10-30T06:05:00+00:00
[2023-03-01 12:35:39,003] {python.py:118} INFO - Done. Returned value was: None
[2023-03-01 12:35:39,189] {taskinstance.py:1192} INFO - Marking task as SUCCESS. dag_id=with_python_operator, task_id=get_name, execution_date=20221030T060500, start_date=20230301T123536, end_date=20230301T123539
[2023-03-01 12:35:39,703] {taskinstance.py:1246} INFO - 0 downstream tasks scheduled from follow-on schedule check
[2023-03-01 12:35:39,854] {local_task_job.py:146} INFO - Task exited with return code 0
