[2023-03-01 12:52:38,851] {taskinstance.py:877} INFO - Dependencies all met for <TaskInstance: with_python_operator.get_name 2022-11-18T08:05:00+00:00 [queued]>
[2023-03-01 12:52:38,943] {taskinstance.py:877} INFO - Dependencies all met for <TaskInstance: with_python_operator.get_name 2022-11-18T08:05:00+00:00 [queued]>
[2023-03-01 12:52:38,949] {taskinstance.py:1068} INFO - 
--------------------------------------------------------------------------------
[2023-03-01 12:52:38,952] {taskinstance.py:1069} INFO - Starting attempt 1 of 2
[2023-03-01 12:52:38,953] {taskinstance.py:1070} INFO - 
--------------------------------------------------------------------------------
[2023-03-01 12:52:39,000] {taskinstance.py:1089} INFO - Executing <Task(PythonOperator): get_name> on 2022-11-18T08:05:00+00:00
[2023-03-01 12:52:39,013] {standard_task_runner.py:52} INFO - Started process 14575 to run task
[2023-03-01 12:52:39,056] {standard_task_runner.py:76} INFO - Running: ['airflow', 'tasks', 'run', 'with_python_operator', 'get_name', '2022-11-18T08:05:00+00:00', '--job-id', '3438', '--pool', 'default_pool', '--raw', '--subdir', 'DAGS_FOLDER/02_python_operator.py', '--cfg-path', '/tmp/tmpak0ied6r', '--error-file', '/tmp/tmpl1wuu32e']
[2023-03-01 12:52:39,058] {standard_task_runner.py:77} INFO - Job 3438: Subtask get_name
[2023-03-01 12:52:39,435] {logging_mixin.py:104} INFO - Running <TaskInstance: with_python_operator.get_name 2022-11-18T08:05:00+00:00 [running]> on host abe4c4997ef7
[2023-03-01 12:52:39,741] {taskinstance.py:1283} INFO - Exporting the following env vars:
AIRFLOW_CTX_DAG_OWNER=dataheroes
AIRFLOW_CTX_DAG_ID=with_python_operator
AIRFLOW_CTX_TASK_ID=get_name
AIRFLOW_CTX_EXECUTION_DATE=2022-11-18T08:05:00+00:00
AIRFLOW_CTX_DAG_RUN_ID=scheduled__2022-11-18T08:05:00+00:00
[2023-03-01 12:52:39,892] {python.py:118} INFO - Done. Returned value was: None
[2023-03-01 12:52:39,989] {taskinstance.py:1192} INFO - Marking task as SUCCESS. dag_id=with_python_operator, task_id=get_name, execution_date=20221118T080500, start_date=20230301T125238, end_date=20230301T125239
[2023-03-01 12:52:40,323] {taskinstance.py:1246} INFO - 0 downstream tasks scheduled from follow-on schedule check
[2023-03-01 12:52:40,411] {local_task_job.py:146} INFO - Task exited with return code 0
