[2023-03-01 12:20:04,378] {taskinstance.py:877} INFO - Dependencies all met for <TaskInstance: with_python_operator.greet 2022-10-13T16:05:00+00:00 [queued]>
[2023-03-01 12:20:04,462] {taskinstance.py:877} INFO - Dependencies all met for <TaskInstance: with_python_operator.greet 2022-10-13T16:05:00+00:00 [queued]>
[2023-03-01 12:20:04,464] {taskinstance.py:1068} INFO - 
--------------------------------------------------------------------------------
[2023-03-01 12:20:04,465] {taskinstance.py:1069} INFO - Starting attempt 1 of 2
[2023-03-01 12:20:04,466] {taskinstance.py:1070} INFO - 
--------------------------------------------------------------------------------
[2023-03-01 12:20:04,589] {taskinstance.py:1089} INFO - Executing <Task(PythonOperator): greet> on 2022-10-13T16:05:00+00:00
[2023-03-01 12:20:04,607] {standard_task_runner.py:52} INFO - Started process 4387 to run task
[2023-03-01 12:20:04,646] {standard_task_runner.py:76} INFO - Running: ['airflow', 'tasks', 'run', 'with_python_operator', 'greet', '2022-10-13T16:05:00+00:00', '--job-id', '891', '--pool', 'default_pool', '--raw', '--subdir', 'DAGS_FOLDER/02_python_operator.py', '--cfg-path', '/tmp/tmpozajigvk', '--error-file', '/tmp/tmpn028x5ep']
[2023-03-01 12:20:04,648] {standard_task_runner.py:77} INFO - Job 891: Subtask greet
[2023-03-01 12:20:04,980] {logging_mixin.py:104} INFO - Running <TaskInstance: with_python_operator.greet 2022-10-13T16:05:00+00:00 [running]> on host abe4c4997ef7
[2023-03-01 12:20:05,521] {taskinstance.py:1283} INFO - Exporting the following env vars:
AIRFLOW_CTX_DAG_OWNER=dataheroes
AIRFLOW_CTX_DAG_ID=with_python_operator
AIRFLOW_CTX_TASK_ID=greet
AIRFLOW_CTX_EXECUTION_DATE=2022-10-13T16:05:00+00:00
AIRFLOW_CTX_DAG_RUN_ID=scheduled__2022-10-13T16:05:00+00:00
[2023-03-01 12:20:05,526] {logging_mixin.py:104} INFO - some dict:  {'a': 1, 'b': 2}
[2023-03-01 12:20:05,654] {logging_mixin.py:104} INFO - Hello World! My name is Reza Primasatya, and I am 17 years old!
[2023-03-01 12:20:05,655] {python.py:118} INFO - Done. Returned value was: None
[2023-03-01 12:20:05,711] {taskinstance.py:1192} INFO - Marking task as SUCCESS. dag_id=with_python_operator, task_id=greet, execution_date=20221013T160500, start_date=20230301T122004, end_date=20230301T122005
[2023-03-01 12:20:05,900] {taskinstance.py:1246} INFO - 0 downstream tasks scheduled from follow-on schedule check
[2023-03-01 12:20:05,969] {local_task_job.py:146} INFO - Task exited with return code 0
